#
# There is insufficient memory for the Java Runtime Environment to continue.
# Native memory allocation (malloc) failed to allocate 457776 bytes for Chunk::new
# Possible reasons:
#   The system is out of physical RAM or swap space
#   The process is running with CompressedOops enabled, and the Java Heap may be blocking the growth of the native heap
# Possible solutions:
#   Reduce memory load on the system
#   Increase physical memory or swap space
#   Check if swap backing store is full
#   Decrease Java heap size (-Xmx/-Xms)
#   Decrease number of Java threads
#   Decrease Java thread stack sizes (-Xss)
#   Set larger code cache with -XX:ReservedCodeCacheSize=
#   JVM is running with Zero Based Compressed Oops mode in which the Java heap is
#     placed in the first 32GB address space. The Java Heap base address is the
#     maximum limit for the native heap growth. Please use -XX:HeapBaseMinAddress
#     to set the Java Heap base and to place the Java Heap above 32GB virtual address.
# This output file may be truncated or incomplete.
#
#  Out of Memory Error (arena.cpp:189), pid=17664, tid=19308
#
# JRE version: Java(TM) SE Runtime Environment (17.0.11+7) (build 17.0.11+7-LTS-207)
# Java VM: Java HotSpot(TM) 64-Bit Server VM (17.0.11+7-LTS-207, mixed mode, sharing, tiered, compressed oops, compressed class ptrs, g1 gc, windows-amd64)
# No core dump will be written. Minidumps are not enabled by default on client versions of Windows
#

---------------  S U M M A R Y ------------

Command Line: -XX:+ShowCodeDetailsInExceptionMessages zgoo.cpos.CposApplication

Host: 12th Gen Intel(R) Core(TM) i7-1260P, 16 cores, 15G,  Windows 11 , 64 bit Build 26100 (10.0.26100.3323)
Time: Wed Mar 26 16:26:22 2025  Windows 11 , 64 bit Build 26100 (10.0.26100.3323) elapsed time: 17.165504 seconds (0d 0h 0m 17s)

---------------  T H R E A D  ---------------

Current thread (0x00000254e2381c00):  JavaThread "C2 CompilerThread1" daemon [_thread_in_native, id=19308, stack(0x000000d500400000,0x000000d500500000)]


Current CompileTask:
C2:  17165 13110       4       org.antlr.v4.runtime.atn.ATNConfigSet::add (142 bytes)

Stack: [0x000000d500400000,0x000000d500500000]
Native frames: (J=compiled Java code, j=interpreted, Vv=VM code, C=native code)
V  [jvm.dll+0x679cca]
V  [jvm.dll+0x7da13d]
V  [jvm.dll+0x7dba83]
V  [jvm.dll+0x7dc0f3]
V  [jvm.dll+0x2449af]
V  [jvm.dll+0xab83b]
V  [jvm.dll+0xabe1c]
V  [jvm.dll+0x36155f]
V  [jvm.dll+0x1b9dda]
V  [jvm.dll+0x216337]
V  [jvm.dll+0x21560f]
V  [jvm.dll+0x1a2040]
V  [jvm.dll+0x225a2b]
V  [jvm.dll+0x223bcb]
V  [jvm.dll+0x7903ec]
V  [jvm.dll+0x78a85a]
V  [jvm.dll+0x678bb5]
C  [ucrtbase.dll+0x37b0]
C  [KERNEL32.DLL+0x2e8d7]
C  [ntdll.dll+0xbbf6c]


---------------  P R O C E S S  ---------------

Threads class SMR info:
_java_thread_list=0x00000254da9a4dd0, length=39, elements={
0x00000254ff294330, 0x00000254ff294ef0, 0x00000254ff2a9920, 0x00000254ff2aa2e0,
0x00000254ff2aaca0, 0x00000254ff2ab660, 0x00000254ff2b4360, 0x00000254ff2d8320,
0x00000254da091fc0, 0x00000254da214140, 0x00000254da2118c0, 0x00000254e3a74c00,
0x00000254e3a76f70, 0x00000254e3a77ea0, 0x00000254e3a75110, 0x00000254e3a78dd0,
0x00000254e3a792e0, 0x00000254e3a76040, 0x00000254e3a7a720, 0x00000254e3a7ac30,
0x00000254e3a797f0, 0x00000254e3a7bb60, 0x00000254e3a7b140, 0x00000254e3a7b650,
0x00000254e3a7c070, 0x00000254e3a7c580, 0x00000254e3a79d00, 0x00000254e3a7a210,
0x00000254da213c30, 0x00000254e51495b0, 0x00000254e514c850, 0x00000254e2383be0,
0x00000254e2381c00, 0x00000254e2385670, 0x00000254e2385bc0, 0x00000254e2383140,
0x00000254e2384680, 0x00000254e2382bf0, 0x00000254e2386110
}

Java Threads: ( => current thread )
  0x00000254ff294330 JavaThread "Reference Handler" daemon [_thread_blocked, id=9076, stack(0x000000d57fb00000,0x000000d57fc00000)]
  0x00000254ff294ef0 JavaThread "Finalizer" daemon [_thread_blocked, id=15504, stack(0x000000d57fc00000,0x000000d57fd00000)]
  0x00000254ff2a9920 JavaThread "Signal Dispatcher" daemon [_thread_blocked, id=13032, stack(0x000000d57fd00000,0x000000d57fe00000)]
  0x00000254ff2aa2e0 JavaThread "Attach Listener" daemon [_thread_blocked, id=5212, stack(0x000000d57fe00000,0x000000d57ff00000)]
  0x00000254ff2aaca0 JavaThread "Service Thread" daemon [_thread_blocked, id=1156, stack(0x000000d57ff00000,0x000000d580000000)]
  0x00000254ff2ab660 JavaThread "Monitor Deflation Thread" daemon [_thread_blocked, id=16332, stack(0x000000d500000000,0x000000d500100000)]
  0x00000254ff2b4360 JavaThread "C2 CompilerThread0" daemon [_thread_blocked, id=16464, stack(0x000000d500100000,0x000000d500200000)]
  0x00000254ff2d8320 JavaThread "C1 CompilerThread0" daemon [_thread_in_native, id=12768, stack(0x000000d500200000,0x000000d500300000)]
  0x00000254da091fc0 JavaThread "Sweeper thread" daemon [_thread_blocked, id=19100, stack(0x000000d500300000,0x000000d500400000)]
  0x00000254da214140 JavaThread "Notification Thread" daemon [_thread_blocked, id=3256, stack(0x000000d500500000,0x000000d500600000)]
  0x00000254da2118c0 JavaThread "Common-Cleaner" daemon [_thread_blocked, id=21480, stack(0x000000d500700000,0x000000d500800000)]
  0x00000254e3a74c00 JavaThread "mysql-cj-abandoned-connection-cleanup" daemon [_thread_blocked, id=16424, stack(0x000000d502100000,0x000000d502200000)]
  0x00000254e3a76f70 JavaThread "HikariPool-1 housekeeper" daemon [_thread_blocked, id=9972, stack(0x000000d501f00000,0x000000d502000000)]
  0x00000254e3a77ea0 JavaThread "Catalina-utility-1" [_thread_blocked, id=14008, stack(0x000000d502300000,0x000000d502400000)]
  0x00000254e3a75110 JavaThread "Catalina-utility-2" [_thread_blocked, id=18236, stack(0x000000d502400000,0x000000d502500000)]
  0x00000254e3a78dd0 JavaThread "container-0" [_thread_blocked, id=19744, stack(0x000000d502500000,0x000000d502600000)]
  0x00000254e3a792e0 JavaThread "File Watcher" daemon [_thread_in_native, id=14784, stack(0x000000d502800000,0x000000d502900000)]
  0x00000254e3a76040 JavaThread "Live Reload Server" daemon [_thread_in_native, id=14704, stack(0x000000d502a00000,0x000000d502b00000)]
  0x00000254e3a7a720 JavaThread "http-nio-8080-exec-1" daemon [_thread_blocked, id=12708, stack(0x000000d502900000,0x000000d502a00000)]
  0x00000254e3a7ac30 JavaThread "http-nio-8080-exec-2" daemon [_thread_blocked, id=16116, stack(0x000000d502b00000,0x000000d502c00000)]
  0x00000254e3a797f0 JavaThread "http-nio-8080-exec-3" daemon [_thread_blocked, id=21344, stack(0x000000d502c00000,0x000000d502d00000)]
  0x00000254e3a7bb60 JavaThread "http-nio-8080-exec-4" daemon [_thread_blocked, id=1724, stack(0x000000d502d00000,0x000000d502e00000)]
  0x00000254e3a7b140 JavaThread "http-nio-8080-exec-5" daemon [_thread_blocked, id=20764, stack(0x000000d502e00000,0x000000d502f00000)]
  0x00000254e3a7b650 JavaThread "http-nio-8080-exec-6" daemon [_thread_in_Java, id=21048, stack(0x000000d502f00000,0x000000d503000000)]
  0x00000254e3a7c070 JavaThread "http-nio-8080-exec-7" daemon [_thread_blocked, id=13420, stack(0x000000d503000000,0x000000d503100000)]
  0x00000254e3a7c580 JavaThread "http-nio-8080-exec-8" daemon [_thread_blocked, id=16036, stack(0x000000d503100000,0x000000d503200000)]
  0x00000254e3a79d00 JavaThread "http-nio-8080-exec-9" daemon [_thread_blocked, id=17320, stack(0x000000d503200000,0x000000d503300000)]
  0x00000254e3a7a210 JavaThread "http-nio-8080-exec-10" daemon [_thread_blocked, id=4528, stack(0x000000d503300000,0x000000d503400000)]
  0x00000254da213c30 JavaThread "http-nio-8080-Poller" daemon [_thread_in_native, id=21460, stack(0x000000d503400000,0x000000d503500000)]
  0x00000254e51495b0 JavaThread "http-nio-8080-Acceptor" daemon [_thread_in_native, id=21756, stack(0x000000d503500000,0x000000d503600000)]
  0x00000254e514c850 JavaThread "DestroyJavaVM" [_thread_blocked, id=15512, stack(0x000000d57f400000,0x000000d57f500000)]
  0x00000254e2383be0 JavaThread "C1 CompilerThread1" daemon [_thread_in_native, id=8316, stack(0x000000d500800000,0x000000d500900000)]
=>0x00000254e2381c00 JavaThread "C2 CompilerThread1" daemon [_thread_in_native, id=19308, stack(0x000000d500400000,0x000000d500500000)]
  0x00000254e2385670 JavaThread "C2 CompilerThread2" daemon [_thread_in_native, id=16768, stack(0x000000d500900000,0x000000d500a00000)]
  0x00000254e2385bc0 JavaThread "C2 CompilerThread3" daemon [_thread_in_native, id=14016, stack(0x000000d500a00000,0x000000d500b00000)]
  0x00000254e2383140 JavaThread "C2 CompilerThread4" daemon [_thread_blocked, id=17744, stack(0x000000d501000000,0x000000d501100000)]
  0x00000254e2384680 JavaThread "C2 CompilerThread5" daemon [_thread_in_native, id=13724, stack(0x000000d501100000,0x000000d501200000)]
  0x00000254e2382bf0 JavaThread "C1 CompilerThread2" daemon [_thread_blocked, id=11920, stack(0x000000d501200000,0x000000d501300000)]
  0x00000254e2386110 JavaThread "C1 CompilerThread3" daemon [_thread_blocked, id=19732, stack(0x000000d501d00000,0x000000d501e00000)]

Other Threads:
  0x00000254ff28f880 VMThread "VM Thread" [stack: 0x000000d57fa00000,0x000000d57fb00000] [id=19628]
  0x00000254f2e12cc0 WatcherThread [stack: 0x000000d500600000,0x000000d500700000] [id=8124]
  0x00000254f2ddf100 GCTaskThread "GC Thread#0" [stack: 0x000000d57f500000,0x000000d57f600000] [id=11596]
  0x00000254dabb4c40 GCTaskThread "GC Thread#1" [stack: 0x000000d500b00000,0x000000d500c00000] [id=6168]
  0x00000254dabfe830 GCTaskThread "GC Thread#2" [stack: 0x000000d500c00000,0x000000d500d00000] [id=17560]
  0x00000254dabfeaf0 GCTaskThread "GC Thread#3" [stack: 0x000000d500d00000,0x000000d500e00000] [id=20492]
  0x00000254df01bab0 GCTaskThread "GC Thread#4" [stack: 0x000000d500e00000,0x000000d500f00000] [id=15412]
  0x00000254df01bd70 GCTaskThread "GC Thread#5" [stack: 0x000000d500f00000,0x000000d501000000] [id=22316]
  0x00000254df51b5a0 GCTaskThread "GC Thread#6" [stack: 0x000000d501400000,0x000000d501500000] [id=4792]
  0x00000254e069fa00 GCTaskThread "GC Thread#7" [stack: 0x000000d501500000,0x000000d501600000] [id=12500]
  0x00000254e09e5c20 GCTaskThread "GC Thread#8" [stack: 0x000000d501600000,0x000000d501700000] [id=9272]
  0x00000254df562550 GCTaskThread "GC Thread#9" [stack: 0x000000d501700000,0x000000d501800000] [id=6060]
  0x00000254e08a51d0 GCTaskThread "GC Thread#10" [stack: 0x000000d501800000,0x000000d501900000] [id=2896]
  0x00000254dfb18d40 GCTaskThread "GC Thread#11" [stack: 0x000000d501900000,0x000000d501a00000] [id=1400]
  0x00000254e065d620 GCTaskThread "GC Thread#12" [stack: 0x000000d501a00000,0x000000d501b00000] [id=20544]
  0x00000254f2df08b0 ConcurrentGCThread "G1 Main Marker" [stack: 0x000000d57f600000,0x000000d57f700000] [id=17076]
  0x00000254f2df12c0 ConcurrentGCThread "G1 Conc#0" [stack: 0x000000d57f700000,0x000000d57f800000] [id=20284]
  0x00000254e0812960 ConcurrentGCThread "G1 Conc#1" [stack: 0x000000d501b00000,0x000000d501c00000] [id=2448]
  0x00000254e01c5740 ConcurrentGCThread "G1 Conc#2" [stack: 0x000000d501c00000,0x000000d501d00000] [id=20912]
  0x00000254ff1c6110 ConcurrentGCThread "G1 Refine#0" [stack: 0x000000d57f800000,0x000000d57f900000] [id=16208]
  0x00000254ff1c7800 ConcurrentGCThread "G1 Service" [stack: 0x000000d57f900000,0x000000d57fa00000] [id=22128]

Threads with active compile tasks:
C1 CompilerThread1    17200 13205       3       org.hibernate.query.sqm.sql.BaseSqmToSqlAstConverter::getFromClauseAccess (24 bytes)
C2 CompilerThread1    17200 13110       4       org.antlr.v4.runtime.atn.ATNConfigSet::add (142 bytes)
C2 CompilerThread2    17200 13036       4       org.antlr.v4.runtime.atn.ParserATNSimulator::closure_ (343 bytes)
C2 CompilerThread3    17200 13108       4       org.antlr.v4.runtime.atn.PredictionContext::getCachedContext (261 bytes)
C2 CompilerThread5    17200 13109   !   4       org.antlr.v4.runtime.atn.ATNSimulator::getCachedContext (43 bytes)
C1 CompilerThread3    17200 13207       3       org.hibernate.sql.ast.spi.AbstractSqlAstTranslator::hasLimit (23 bytes)

VM state: not at safepoint (normal execution)

VM Mutex/Monitor currently owned by a thread: None

Heap address: 0x0000000704600000, size: 4026 MB, Compressed Oops mode: Zero based, Oop shift amount: 3

CDS archive(s) mapped at: [0x0000025499000000-0x0000025499bd0000-0x0000025499bd0000), size 12386304, SharedBaseAddress: 0x0000025499000000, ArchiveRelocationMode: 1.
Compressed class space mapped at: 0x000002549a000000-0x00000254da000000, reserved size: 1073741824
Narrow klass base: 0x0000025499000000, Narrow klass shift: 0, Narrow klass range: 0x100000000

GC Precious Log:
 CPUs: 16 total, 16 available
 Memory: 16098M
 Large Page Support: Disabled
 NUMA Support: Disabled
 Compressed Oops: Enabled (Zero based)
 Heap Region Size: 2M
 Heap Min Capacity: 8M
 Heap Initial Capacity: 252M
 Heap Max Capacity: 4026M
 Pre-touch: Disabled
 Parallel Workers: 13
 Concurrent Workers: 3
 Concurrent Refinement Workers: 13
 Periodic GC: Disabled

Heap:
 garbage-first heap   total 233472K, used 90661K [0x0000000704600000, 0x0000000800000000)
  region size 2048K, 15 young (30720K), 1 survivors (2048K)
 Metaspace       used 98609K, committed 99712K, reserved 1179648K
  class space    used 13131K, committed 13632K, reserved 1048576K

Heap Regions: E=young(eden), S=young(survivor), O=old, HS=humongous(starts), HC=humongous(continues), CS=collection set, F=free, OA=open archive, CA=closed archive, TAMS=top-at-mark-start (previous, next)
|   0|0x0000000704600000, 0x0000000704800000, 0x0000000704800000|100%| O|  |TAMS 0x0000000704800000, 0x0000000704600000| Untracked 
|   1|0x0000000704800000, 0x0000000704a00000, 0x0000000704a00000|100%| O|  |TAMS 0x0000000704a00000, 0x0000000704800000| Untracked 
|   2|0x0000000704a00000, 0x0000000704c00000, 0x0000000704c00000|100%| O|  |TAMS 0x0000000704c00000, 0x0000000704a00000| Untracked 
|   3|0x0000000704c00000, 0x0000000704e00000, 0x0000000704e00000|100%| O|  |TAMS 0x0000000704e00000, 0x0000000704c00000| Untracked 
|   4|0x0000000704e00000, 0x0000000705000000, 0x0000000705000000|100%| O|  |TAMS 0x0000000705000000, 0x0000000704e00000| Untracked 
|   5|0x0000000705000000, 0x0000000705200000, 0x0000000705200000|100%| O|  |TAMS 0x0000000705200000, 0x0000000705000000| Untracked 
|   6|0x0000000705200000, 0x0000000705400000, 0x0000000705400000|100%| O|  |TAMS 0x0000000705400000, 0x0000000705200000| Untracked 
|   7|0x0000000705400000, 0x0000000705600000, 0x0000000705600000|100%| O|  |TAMS 0x0000000705400000, 0x0000000705400000| Untracked 
|   8|0x0000000705600000, 0x0000000705800000, 0x0000000705800000|100%| O|  |TAMS 0x0000000705600000, 0x0000000705600000| Untracked 
|   9|0x0000000705800000, 0x0000000705a00000, 0x0000000705a00000|100%| O|  |TAMS 0x0000000705a00000, 0x0000000705800000| Untracked 
|  10|0x0000000705a00000, 0x0000000705c00000, 0x0000000705c00000|100%| O|  |TAMS 0x0000000705c00000, 0x0000000705a00000| Untracked 
|  11|0x0000000705c00000, 0x0000000705e00000, 0x0000000705e00000|100%| O|  |TAMS 0x0000000705e00000, 0x0000000705c00000| Untracked 
|  12|0x0000000705e00000, 0x0000000706000000, 0x0000000706000000|100%| O|  |TAMS 0x0000000706000000, 0x0000000705e00000| Untracked 
|  13|0x0000000706000000, 0x0000000706200000, 0x0000000706200000|100%| O|  |TAMS 0x0000000706200000, 0x0000000706000000| Untracked 
|  14|0x0000000706200000, 0x000000070620f600, 0x0000000706400000|  3%| O|  |TAMS 0x0000000706200000, 0x0000000706200000| Untracked 
|  15|0x0000000706400000, 0x0000000706400000, 0x0000000706600000|  0%| F|  |TAMS 0x0000000706400000, 0x0000000706400000| Untracked 
|  16|0x0000000706600000, 0x0000000706800000, 0x0000000706800000|100%| O|  |TAMS 0x0000000706800000, 0x0000000706600000| Untracked 
|  17|0x0000000706800000, 0x0000000706a00000, 0x0000000706a00000|100%| O|  |TAMS 0x0000000706a00000, 0x0000000706800000| Untracked 
|  18|0x0000000706a00000, 0x0000000706c00000, 0x0000000706c00000|100%| O|  |TAMS 0x0000000706c00000, 0x0000000706a00000| Untracked 
|  19|0x0000000706c00000, 0x0000000706e00000, 0x0000000706e00000|100%| O|  |TAMS 0x0000000706e00000, 0x0000000706c00000| Untracked 
|  20|0x0000000706e00000, 0x0000000707000000, 0x0000000707000000|100%| O|  |TAMS 0x0000000707000000, 0x0000000706e00000| Untracked 
|  21|0x0000000707000000, 0x0000000707200000, 0x0000000707200000|100%| O|  |TAMS 0x0000000707200000, 0x0000000707000000| Untracked 
|  22|0x0000000707200000, 0x0000000707400000, 0x0000000707400000|100%| O|  |TAMS 0x0000000707400000, 0x0000000707200000| Untracked 
|  23|0x0000000707400000, 0x0000000707600000, 0x0000000707600000|100%| O|  |TAMS 0x0000000707600000, 0x0000000707400000| Untracked 
|  24|0x0000000707600000, 0x0000000707800000, 0x0000000707800000|100%| O|  |TAMS 0x0000000707800000, 0x0000000707600000| Untracked 
|  25|0x0000000707800000, 0x0000000707a00000, 0x0000000707a00000|100%| O|  |TAMS 0x0000000707a00000, 0x0000000707800000| Untracked 
|  26|0x0000000707a00000, 0x0000000707c00000, 0x0000000707c00000|100%| O|  |TAMS 0x0000000707c00000, 0x0000000707a00000| Untracked 
|  27|0x0000000707c00000, 0x0000000707e00000, 0x0000000707e00000|100%| O|  |TAMS 0x0000000707e00000, 0x0000000707c00000| Untracked 
|  28|0x0000000707e00000, 0x0000000708000000, 0x0000000708000000|100%| O|  |TAMS 0x0000000708000000, 0x0000000707e00000| Untracked 
|  29|0x0000000708000000, 0x0000000708200000, 0x0000000708200000|100%| O|  |TAMS 0x0000000708200000, 0x0000000708000000| Untracked 
|  30|0x0000000708200000, 0x0000000708400000, 0x0000000708400000|100%| O|  |TAMS 0x0000000708400000, 0x0000000708200000| Untracked 
|  31|0x0000000708400000, 0x0000000708600000, 0x0000000708600000|100%| O|  |TAMS 0x0000000708600000, 0x0000000708400000| Untracked 
|  32|0x0000000708600000, 0x0000000708800000, 0x0000000708800000|100%| O|  |TAMS 0x0000000708785800, 0x0000000708600000| Untracked 
|  33|0x0000000708800000, 0x0000000708800000, 0x0000000708a00000|  0%| F|  |TAMS 0x0000000708800000, 0x0000000708800000| Untracked 
|  34|0x0000000708a00000, 0x0000000708a00000, 0x0000000708c00000|  0%| F|  |TAMS 0x0000000708a00000, 0x0000000708a00000| Untracked 
|  35|0x0000000708c00000, 0x0000000708c00000, 0x0000000708e00000|  0%| F|  |TAMS 0x0000000708c00000, 0x0000000708c00000| Untracked 
|  36|0x0000000708e00000, 0x0000000708e00000, 0x0000000709000000|  0%| F|  |TAMS 0x0000000708e00000, 0x0000000708e00000| Untracked 
|  37|0x0000000709000000, 0x0000000709000000, 0x0000000709200000|  0%| F|  |TAMS 0x0000000709000000, 0x0000000709000000| Untracked 
|  38|0x0000000709200000, 0x0000000709200000, 0x0000000709400000|  0%| F|  |TAMS 0x0000000709200000, 0x0000000709200000| Untracked 
|  39|0x0000000709400000, 0x0000000709400000, 0x0000000709600000|  0%| F|  |TAMS 0x0000000709400000, 0x0000000709400000| Untracked 
|  40|0x0000000709600000, 0x0000000709600000, 0x0000000709800000|  0%| F|  |TAMS 0x0000000709600000, 0x0000000709600000| Untracked 
|  41|0x0000000709800000, 0x0000000709800000, 0x0000000709a00000|  0%| F|  |TAMS 0x0000000709800000, 0x0000000709800000| Untracked 
|  42|0x0000000709a00000, 0x0000000709a00000, 0x0000000709c00000|  0%| F|  |TAMS 0x0000000709a00000, 0x0000000709a00000| Untracked 
|  43|0x0000000709c00000, 0x0000000709c00000, 0x0000000709e00000|  0%| F|  |TAMS 0x0000000709c00000, 0x0000000709c00000| Untracked 
|  44|0x0000000709e00000, 0x0000000709e00000, 0x000000070a000000|  0%| F|  |TAMS 0x0000000709e00000, 0x0000000709e00000| Untracked 
|  45|0x000000070a000000, 0x000000070a000000, 0x000000070a200000|  0%| F|  |TAMS 0x000000070a000000, 0x000000070a000000| Untracked 
|  46|0x000000070a200000, 0x000000070a200000, 0x000000070a400000|  0%| F|  |TAMS 0x000000070a200000, 0x000000070a200000| Untracked 
|  47|0x000000070a400000, 0x000000070a400000, 0x000000070a600000|  0%| F|  |TAMS 0x000000070a400000, 0x000000070a400000| Untracked 
|  48|0x000000070a600000, 0x000000070a600000, 0x000000070a800000|  0%| F|  |TAMS 0x000000070a600000, 0x000000070a600000| Untracked 
|  49|0x000000070a800000, 0x000000070a800000, 0x000000070aa00000|  0%| F|  |TAMS 0x000000070a800000, 0x000000070a800000| Untracked 
|  50|0x000000070aa00000, 0x000000070aa00000, 0x000000070ac00000|  0%| F|  |TAMS 0x000000070aa00000, 0x000000070aa00000| Untracked 
|  51|0x000000070ac00000, 0x000000070ac00000, 0x000000070ae00000|  0%| F|  |TAMS 0x000000070ac00000, 0x000000070ac00000| Untracked 
|  52|0x000000070ae00000, 0x000000070ae00000, 0x000000070b000000|  0%| F|  |TAMS 0x000000070ae00000, 0x000000070ae00000| Untracked 
|  53|0x000000070b000000, 0x000000070b000000, 0x000000070b200000|  0%| F|  |TAMS 0x000000070b000000, 0x000000070b000000| Untracked 
|  54|0x000000070b200000, 0x000000070b200000, 0x000000070b400000|  0%| F|  |TAMS 0x000000070b200000, 0x000000070b200000| Untracked 
|  55|0x000000070b400000, 0x000000070b400000, 0x000000070b600000|  0%| F|  |TAMS 0x000000070b400000, 0x000000070b400000| Untracked 
|  56|0x000000070b600000, 0x000000070b600000, 0x000000070b800000|  0%| F|  |TAMS 0x000000070b600000, 0x000000070b600000| Untracked 
|  57|0x000000070b800000, 0x000000070b800000, 0x000000070ba00000|  0%| F|  |TAMS 0x000000070b800000, 0x000000070b800000| Untracked 
|  58|0x000000070ba00000, 0x000000070ba00000, 0x000000070bc00000|  0%| F|  |TAMS 0x000000070ba00000, 0x000000070ba00000| Untracked 
|  59|0x000000070bc00000, 0x000000070bc00000, 0x000000070be00000|  0%| F|  |TAMS 0x000000070bc00000, 0x000000070bc00000| Untracked 
|  60|0x000000070be00000, 0x000000070be00000, 0x000000070c000000|  0%| F|  |TAMS 0x000000070be00000, 0x000000070be00000| Untracked 
|  61|0x000000070c000000, 0x000000070c000000, 0x000000070c200000|  0%| F|  |TAMS 0x000000070c000000, 0x000000070c000000| Untracked 
|  62|0x000000070c200000, 0x000000070c200000, 0x000000070c400000|  0%| F|  |TAMS 0x000000070c200000, 0x000000070c200000| Untracked 
|  63|0x000000070c400000, 0x000000070c400000, 0x000000070c600000|  0%| F|  |TAMS 0x000000070c400000, 0x000000070c400000| Untracked 
|  64|0x000000070c600000, 0x000000070c600000, 0x000000070c800000|  0%| F|  |TAMS 0x000000070c600000, 0x000000070c600000| Untracked 
|  65|0x000000070c800000, 0x000000070c800000, 0x000000070ca00000|  0%| F|  |TAMS 0x000000070c800000, 0x000000070c800000| Untracked 
|  66|0x000000070ca00000, 0x000000070ca00000, 0x000000070cc00000|  0%| F|  |TAMS 0x000000070ca00000, 0x000000070ca00000| Untracked 
|  67|0x000000070cc00000, 0x000000070cc00000, 0x000000070ce00000|  0%| F|  |TAMS 0x000000070cc00000, 0x000000070cc00000| Untracked 
|  68|0x000000070ce00000, 0x000000070ce00000, 0x000000070d000000|  0%| F|  |TAMS 0x000000070ce00000, 0x000000070ce00000| Untracked 
|  69|0x000000070d000000, 0x000000070d000000, 0x000000070d200000|  0%| F|  |TAMS 0x000000070d000000, 0x000000070d000000| Untracked 
|  70|0x000000070d200000, 0x000000070d200000, 0x000000070d400000|  0%| F|  |TAMS 0x000000070d200000, 0x000000070d200000| Untracked 
|  71|0x000000070d400000, 0x000000070d400000, 0x000000070d600000|  0%| F|  |TAMS 0x000000070d400000, 0x000000070d400000| Untracked 
|  72|0x000000070d600000, 0x000000070d600000, 0x000000070d800000|  0%| F|  |TAMS 0x000000070d600000, 0x000000070d600000| Untracked 
|  73|0x000000070d800000, 0x000000070d800000, 0x000000070da00000|  0%| F|  |TAMS 0x000000070d800000, 0x000000070d800000| Untracked 
|  74|0x000000070da00000, 0x000000070da00000, 0x000000070dc00000|  0%| F|  |TAMS 0x000000070da00000, 0x000000070da00000| Untracked 
|  75|0x000000070dc00000, 0x000000070dc00000, 0x000000070de00000|  0%| F|  |TAMS 0x000000070dc00000, 0x000000070dc00000| Untracked 
|  76|0x000000070de00000, 0x000000070de00000, 0x000000070e000000|  0%| F|  |TAMS 0x000000070de00000, 0x000000070de00000| Untracked 
|  77|0x000000070e000000, 0x000000070e000000, 0x000000070e200000|  0%| F|  |TAMS 0x000000070e000000, 0x000000070e000000| Untracked 
|  78|0x000000070e200000, 0x000000070e200000, 0x000000070e400000|  0%| F|  |TAMS 0x000000070e200000, 0x000000070e200000| Untracked 
|  79|0x000000070e400000, 0x000000070e400000, 0x000000070e600000|  0%| F|  |TAMS 0x000000070e400000, 0x000000070e400000| Untracked 
|  80|0x000000070e600000, 0x000000070e600000, 0x000000070e800000|  0%| F|  |TAMS 0x000000070e600000, 0x000000070e600000| Untracked 
|  81|0x000000070e800000, 0x000000070e800000, 0x000000070ea00000|  0%| F|  |TAMS 0x000000070e800000, 0x000000070e800000| Untracked 
|  82|0x000000070ea00000, 0x000000070ea00000, 0x000000070ec00000|  0%| F|  |TAMS 0x000000070ea00000, 0x000000070ea00000| Untracked 
|  83|0x000000070ec00000, 0x000000070ec00000, 0x000000070ee00000|  0%| F|  |TAMS 0x000000070ec00000, 0x000000070ec00000| Untracked 
|  84|0x000000070ee00000, 0x000000070ee00000, 0x000000070f000000|  0%| F|  |TAMS 0x000000070ee00000, 0x000000070ee00000| Untracked 
|  85|0x000000070f000000, 0x000000070f000000, 0x000000070f200000|  0%| F|  |TAMS 0x000000070f000000, 0x000000070f000000| Untracked 
|  86|0x000000070f200000, 0x000000070f200000, 0x000000070f400000|  0%| F|  |TAMS 0x000000070f200000, 0x000000070f200000| Untracked 
|  87|0x000000070f400000, 0x000000070f400000, 0x000000070f600000|  0%| F|  |TAMS 0x000000070f400000, 0x000000070f400000| Untracked 
|  88|0x000000070f600000, 0x000000070f600000, 0x000000070f800000|  0%| F|  |TAMS 0x000000070f600000, 0x000000070f600000| Untracked 
|  89|0x000000070f800000, 0x000000070f800000, 0x000000070fa00000|  0%| F|  |TAMS 0x000000070f800000, 0x000000070f800000| Untracked 
|  90|0x000000070fa00000, 0x000000070fa00000, 0x000000070fc00000|  0%| F|  |TAMS 0x000000070fa00000, 0x000000070fa00000| Untracked 
|  91|0x000000070fc00000, 0x000000070fc00000, 0x000000070fe00000|  0%| F|  |TAMS 0x000000070fc00000, 0x000000070fc00000| Untracked 
|  92|0x000000070fe00000, 0x000000070fe00000, 0x0000000710000000|  0%| F|  |TAMS 0x000000070fe00000, 0x000000070fe00000| Untracked 
|  93|0x0000000710000000, 0x0000000710000000, 0x0000000710200000|  0%| F|  |TAMS 0x0000000710000000, 0x0000000710000000| Untracked 
|  94|0x0000000710200000, 0x0000000710200000, 0x0000000710400000|  0%| F|  |TAMS 0x0000000710200000, 0x0000000710200000| Untracked 
|  95|0x0000000710400000, 0x0000000710400000, 0x0000000710600000|  0%| F|  |TAMS 0x0000000710400000, 0x0000000710400000| Untracked 
|  96|0x0000000710600000, 0x0000000710600000, 0x0000000710800000|  0%| F|  |TAMS 0x0000000710600000, 0x0000000710600000| Untracked 
|  97|0x0000000710800000, 0x0000000710800000, 0x0000000710a00000|  0%| F|  |TAMS 0x0000000710800000, 0x0000000710800000| Untracked 
|  98|0x0000000710a00000, 0x0000000710a00000, 0x0000000710c00000|  0%| F|  |TAMS 0x0000000710a00000, 0x0000000710a00000| Untracked 
|  99|0x0000000710c00000, 0x0000000710d69f58, 0x0000000710e00000| 70%| E|  |TAMS 0x0000000710c00000, 0x0000000710c00000| Complete 
| 100|0x0000000710e00000, 0x0000000711000000, 0x0000000711000000|100%| E|CS|TAMS 0x0000000710e00000, 0x0000000710e00000| Complete 
| 101|0x0000000711000000, 0x0000000711200000, 0x0000000711200000|100%| E|CS|TAMS 0x0000000711000000, 0x0000000711000000| Complete 
| 102|0x0000000711200000, 0x0000000711400000, 0x0000000711400000|100%| E|CS|TAMS 0x0000000711200000, 0x0000000711200000| Complete 
| 103|0x0000000711400000, 0x0000000711600000, 0x0000000711600000|100%| E|CS|TAMS 0x0000000711400000, 0x0000000711400000| Complete 
| 104|0x0000000711600000, 0x0000000711800000, 0x0000000711800000|100%| E|CS|TAMS 0x0000000711600000, 0x0000000711600000| Complete 
| 105|0x0000000711800000, 0x0000000711a00000, 0x0000000711a00000|100%| E|CS|TAMS 0x0000000711800000, 0x0000000711800000| Complete 
| 106|0x0000000711a00000, 0x0000000711c00000, 0x0000000711c00000|100%| E|CS|TAMS 0x0000000711a00000, 0x0000000711a00000| Complete 
| 107|0x0000000711c00000, 0x0000000711e00000, 0x0000000711e00000|100%| E|CS|TAMS 0x0000000711c00000, 0x0000000711c00000| Complete 
| 108|0x0000000711e00000, 0x0000000712000000, 0x0000000712000000|100%| E|CS|TAMS 0x0000000711e00000, 0x0000000711e00000| Complete 
| 121|0x0000000713800000, 0x0000000713a00000, 0x0000000713a00000|100%| E|CS|TAMS 0x0000000713800000, 0x0000000713800000| Complete 
| 122|0x0000000713a00000, 0x0000000713c00000, 0x0000000713c00000|100%| E|CS|TAMS 0x0000000713a00000, 0x0000000713a00000| Complete 
| 123|0x0000000713c00000, 0x0000000713e00000, 0x0000000713e00000|100%| E|CS|TAMS 0x0000000713c00000, 0x0000000713c00000| Complete 
| 124|0x0000000713e00000, 0x0000000713e7a188, 0x0000000714000000| 23%| S|CS|TAMS 0x0000000713e00000, 0x0000000713e00000| Complete 
| 125|0x0000000714000000, 0x0000000714200000, 0x0000000714200000|100%| E|CS|TAMS 0x0000000714000000, 0x0000000714000000| Complete 

Card table byte_map: [0x00000254fd5b0000,0x00000254fdd90000] _byte_map_base: 0x00000254f9d8d000

Marking Bits (Prev, Next): (CMBitMap*) 0x00000254f2ddf720, (CMBitMap*) 0x00000254f2ddf760
 Prev Bits: [0x000002548f000000, 0x0000025492ee8000)
 Next Bits: [0x0000025492ef0000, 0x0000025496dd8000)

Polling page: 0x00000254f2e20000

Metaspace:

Usage:
  Non-class:     83.47 MB used.
      Class:     12.82 MB used.
       Both:     96.30 MB used.

Virtual space:
  Non-class space:      128.00 MB reserved,      84.06 MB ( 66%) committed,  2 nodes.
      Class space:        1.00 GB reserved,      13.31 MB (  1%) committed,  1 nodes.
             Both:        1.12 GB reserved,      97.38 MB (  8%) committed. 

Chunk freelists:
   Non-Class:  11.87 MB
       Class:  2.73 MB
        Both:  14.60 MB

MaxMetaspaceSize: unlimited
CompressedClassSpaceSize: 1.00 GB
Initial GC threshold: 21.00 MB
Current GC threshold: 157.31 MB
CDS: on
MetaspaceReclaimPolicy: balanced
 - commit_granule_bytes: 65536.
 - commit_granule_words: 8192.
 - virtual_space_node_default_size: 8388608.
 - enlarge_chunks_in_place: 1.
 - new_chunks_are_fully_committed: 0.
 - uncommit_free_chunks: 1.
 - use_allocation_guard: 0.
 - handle_deallocations: 1.


Internal statistics:

num_allocs_failed_limit: 11.
num_arena_births: 1806.
num_arena_deaths: 44.
num_vsnodes_births: 3.
num_vsnodes_deaths: 0.
num_space_committed: 1558.
num_space_uncommitted: 0.
num_chunks_returned_to_freelist: 77.
num_chunks_taken_from_freelist: 5799.
num_chunk_merges: 20.
num_chunk_splits: 3978.
num_chunks_enlarged: 2772.
num_inconsistent_stats: 0.

CodeHeap 'non-profiled nmethods': size=119168Kb used=8849Kb max_used=8849Kb free=110318Kb
 bounds [0x0000025487ba0000, 0x0000025488450000, 0x000002548f000000]
CodeHeap 'profiled nmethods': size=119104Kb used=23546Kb max_used=23546Kb free=95557Kb
 bounds [0x0000025480000000, 0x0000025481700000, 0x0000025487450000]
CodeHeap 'non-nmethods': size=7488Kb used=4140Kb max_used=4179Kb free=3348Kb
 bounds [0x0000025487450000, 0x0000025487870000, 0x0000025487ba0000]
 total_blobs=12290 nmethods=11302 adapters=896
 compilation: enabled
              stopped_count=0, restarted_count=0
 full_count=0

Compilation events (20 events):
Event: 15.147 Thread 0x00000254e2383be0 nmethod 13137 0x00000254816cac90 code [0x00000254816cae40, 0x00000254816cb028]
Event: 15.147 Thread 0x00000254e2383be0 13138       1       org.hibernate.query.spi.AbstractCommonQueryContract::getSession (5 bytes)
Event: 15.147 Thread 0x00000254e2383be0 nmethod 13138 0x0000025488439d90 code [0x0000025488439f20, 0x0000025488439ff8]
Event: 15.147 Thread 0x00000254e2383be0 13139       1       org.hibernate.query.sqm.tree.select.AbstractSqmSelectQuery::getQueryPart (5 bytes)
Event: 15.147 Thread 0x00000254e2383be0 nmethod 13139 0x000002548843a090 code [0x000002548843a220, 0x000002548843a2f8]
Event: 15.148 Thread 0x00000254e2383be0 13140       1       org.hibernate.query.sqm.sql.BaseSqmToSqlAstConverter::getCurrentClauseStack (5 bytes)
Event: 15.148 Thread 0x00000254e2383be0 nmethod 13140 0x000002548843a390 code [0x000002548843a520, 0x000002548843a5f8]
Event: 15.148 Thread 0x00000254e2383be0 13141       3       org.hibernate.engine.jdbc.internal.BasicFormatterImpl$FormatProcess::out (44 bytes)
Event: 15.149 Thread 0x00000254e2383be0 nmethod 13141 0x00000254816cb110 code [0x00000254816cb300, 0x00000254816cb6c8]
Event: 15.150 Thread 0x00000254ff2d8320 13142   !   3       com.zaxxer.hikari.pool.HikariProxyResultSet::wasNull (17 bytes)
Event: 15.150 Thread 0x00000254e2386110 13143   !   3       com.mysql.cj.jdbc.result.ResultSetImpl::wasNull (20 bytes)
Event: 15.151 Thread 0x00000254e2383be0 13144       1       org.hibernate.resource.jdbc.spi.PhysicalConnectionHandlingMode::getReleaseMode (5 bytes)
Event: 15.151 Thread 0x00000254e2383be0 nmethod 13144 0x000002548843a690 code [0x000002548843a820, 0x000002548843a8f8]
Event: 15.151 Thread 0x00000254ff2d8320 nmethod 13142 0x00000254816cb910 code [0x00000254816cbac0, 0x00000254816cbd78]
Event: 15.151 Thread 0x00000254e2386110 nmethod 13143 0x00000254816cbf10 code [0x00000254816cc0c0, 0x00000254816cc3c8]
Event: 15.151 Thread 0x00000254e2386110 13145       3       com.querydsl.core.types.ExpressionUtils::extract (45 bytes)
Event: 15.151 Thread 0x00000254ff2d8320 13146       1       com.querydsl.core.types.Template$StaticText::isString (2 bytes)
Event: 15.151 Thread 0x00000254e2386110 nmethod 13145 0x00000254816cc510 code [0x00000254816cc6e0, 0x00000254816ccb48]
Event: 15.151 Thread 0x00000254ff2d8320 nmethod 13146 0x000002548843a990 code [0x000002548843ab20, 0x000002548843abf8]
Event: 15.268 Thread 0x00000254ff2b4360 13147       4       java.io.File::<init> (78 bytes)

GC Heap History (20 events):
Event: 7.912 GC heap before
{Heap before GC invocations=20 (full 0):
 garbage-first heap   total 110592K, used 85041K [0x0000000704600000, 0x0000000800000000)
  region size 2048K, 24 young (49152K), 4 survivors (8192K)
 Metaspace       used 76176K, committed 76800K, reserved 1179648K
  class space    used 9933K, committed 10240K, reserved 1048576K
}
Event: 7.915 GC heap after
{Heap after GC invocations=21 (full 0):
 garbage-first heap   total 110592K, used 47836K [0x0000000704600000, 0x0000000800000000)
  region size 2048K, 2 young (4096K), 2 survivors (4096K)
 Metaspace       used 76176K, committed 76800K, reserved 1179648K
  class space    used 9933K, committed 10240K, reserved 1048576K
}
Event: 8.429 GC heap before
{Heap before GC invocations=21 (full 0):
 garbage-first heap   total 110592K, used 86748K [0x0000000704600000, 0x0000000800000000)
  region size 2048K, 21 young (43008K), 2 survivors (4096K)
 Metaspace       used 81535K, committed 82176K, reserved 1179648K
  class space    used 10855K, committed 11200K, reserved 1048576K
}
Event: 8.431 GC heap after
{Heap after GC invocations=22 (full 0):
 garbage-first heap   total 110592K, used 51583K [0x0000000704600000, 0x0000000800000000)
  region size 2048K, 2 young (4096K), 2 survivors (4096K)
 Metaspace       used 81535K, committed 82176K, reserved 1179648K
  class space    used 10855K, committed 11200K, reserved 1048576K
}
Event: 9.160 GC heap before
{Heap before GC invocations=22 (full 0):
 garbage-first heap   total 110592K, used 86399K [0x0000000704600000, 0x0000000800000000)
  region size 2048K, 19 young (38912K), 2 survivors (4096K)
 Metaspace       used 85010K, committed 85696K, reserved 1179648K
  class space    used 11366K, committed 11712K, reserved 1048576K
}
Event: 9.163 GC heap after
{Heap after GC invocations=23 (full 0):
 garbage-first heap   total 110592K, used 54746K [0x0000000704600000, 0x0000000800000000)
  region size 2048K, 2 young (4096K), 2 survivors (4096K)
 Metaspace       used 85010K, committed 85696K, reserved 1179648K
  class space    used 11366K, committed 11712K, reserved 1048576K
}
Event: 11.598 GC heap before
{Heap before GC invocations=24 (full 0):
 garbage-first heap   total 110592K, used 83418K [0x0000000704600000, 0x0000000800000000)
  region size 2048K, 17 young (34816K), 2 survivors (4096K)
 Metaspace       used 88164K, committed 88960K, reserved 1179648K
  class space    used 11842K, committed 12224K, reserved 1048576K
}
Event: 11.601 GC heap after
{Heap after GC invocations=25 (full 0):
 garbage-first heap   total 110592K, used 56767K [0x0000000704600000, 0x0000000800000000)
  region size 2048K, 3 young (6144K), 3 survivors (6144K)
 Metaspace       used 88164K, committed 88960K, reserved 1179648K
  class space    used 11842K, committed 12224K, reserved 1048576K
}
Event: 14.049 GC heap before
{Heap before GC invocations=25 (full 0):
 garbage-first heap   total 110592K, used 85439K [0x0000000704600000, 0x0000000800000000)
  region size 2048K, 17 young (34816K), 3 survivors (6144K)
 Metaspace       used 91457K, committed 92224K, reserved 1179648K
  class space    used 12254K, committed 12672K, reserved 1048576K
}
Event: 14.052 GC heap after
{Heap after GC invocations=26 (full 0):
 garbage-first heap   total 110592K, used 60665K [0x0000000704600000, 0x0000000800000000)
  region size 2048K, 3 young (6144K), 3 survivors (6144K)
 Metaspace       used 91457K, committed 92224K, reserved 1179648K
  class space    used 12254K, committed 12672K, reserved 1048576K
}
Event: 14.424 GC heap before
{Heap before GC invocations=27 (full 0):
 garbage-first heap   total 112640K, used 85241K [0x0000000704600000, 0x0000000800000000)
  region size 2048K, 16 young (32768K), 3 survivors (6144K)
 Metaspace       used 94060K, committed 94848K, reserved 1179648K
  class space    used 12615K, committed 12992K, reserved 1048576K
}
Event: 14.427 GC heap after
{Heap after GC invocations=28 (full 0):
 garbage-first heap   total 112640K, used 62964K [0x0000000704600000, 0x0000000800000000)
  region size 2048K, 2 young (4096K), 2 survivors (4096K)
 Metaspace       used 94060K, committed 94848K, reserved 1179648K
  class space    used 12615K, committed 12992K, reserved 1048576K
}
Event: 14.434 GC heap before
{Heap before GC invocations=28 (full 0):
 garbage-first heap   total 112640K, used 65012K [0x0000000704600000, 0x0000000800000000)
  region size 2048K, 3 young (6144K), 2 survivors (4096K)
 Metaspace       used 94066K, committed 94848K, reserved 1179648K
  class space    used 12616K, committed 12992K, reserved 1048576K
}
Event: 14.438 GC heap after
{Heap after GC invocations=29 (full 0):
 garbage-first heap   total 112640K, used 61338K [0x0000000704600000, 0x0000000800000000)
  region size 2048K, 1 young (2048K), 1 survivors (2048K)
 Metaspace       used 94066K, committed 94848K, reserved 1179648K
  class space    used 12616K, committed 12992K, reserved 1048576K
}
Event: 14.594 GC heap before
{Heap before GC invocations=29 (full 0):
 garbage-first heap   total 112640K, used 69530K [0x0000000704600000, 0x0000000800000000)
  region size 2048K, 7 young (14336K), 1 survivors (2048K)
 Metaspace       used 95170K, committed 96000K, reserved 1179648K
  class space    used 12778K, committed 13184K, reserved 1048576K
}
Event: 14.595 GC heap after
{Heap after GC invocations=30 (full 0):
 garbage-first heap   total 112640K, used 63429K [0x0000000704600000, 0x0000000800000000)
  region size 2048K, 2 young (4096K), 2 survivors (4096K)
 Metaspace       used 95170K, committed 96000K, reserved 1179648K
  class space    used 12778K, committed 13184K, reserved 1048576K
}
Event: 14.796 GC heap before
{Heap before GC invocations=31 (full 0):
 garbage-first heap   total 116736K, used 90053K [0x0000000704600000, 0x0000000800000000)
  region size 2048K, 14 young (28672K), 2 survivors (4096K)
 Metaspace       used 97167K, committed 98048K, reserved 1179648K
  class space    used 12937K, committed 13376K, reserved 1048576K
}
Event: 14.798 GC heap after
{Heap after GC invocations=32 (full 0):
 garbage-first heap   total 116736K, used 64897K [0x0000000704600000, 0x0000000800000000)
  region size 2048K, 2 young (4096K), 2 survivors (4096K)
 Metaspace       used 97167K, committed 98048K, reserved 1179648K
  class space    used 12937K, committed 13376K, reserved 1048576K
}
Event: 14.834 GC heap before
{Heap before GC invocations=32 (full 0):
 garbage-first heap   total 116736K, used 66945K [0x0000000704600000, 0x0000000800000000)
  region size 2048K, 3 young (6144K), 2 survivors (4096K)
 Metaspace       used 97298K, committed 98176K, reserved 1179648K
  class space    used 12960K, committed 13376K, reserved 1048576K
}
Event: 14.837 GC heap after
{Heap after GC invocations=33 (full 0):
 garbage-first heap   total 233472K, used 64037K [0x0000000704600000, 0x0000000800000000)
  region size 2048K, 1 young (2048K), 1 survivors (2048K)
 Metaspace       used 97298K, committed 98176K, reserved 1179648K
  class space    used 12960K, committed 13376K, reserved 1048576K
}

Deoptimization events (20 events):
Event: 15.098 Thread 0x00000254e3a7b650 Uncommon trap: trap_request=0xffffffbe fr.pc=0x0000025488396898 relative=0x0000000000006138
Event: 15.098 Thread 0x00000254e3a7b650 Uncommon trap: reason=profile_predicate action=maybe_recompile pc=0x0000025488396898 method=org.antlr.v4.runtime.atn.PredictionContext.getCachedContext(Lorg/antlr/v4/runtime/atn/PredictionContext;Lorg/antlr/v4/runtime/atn/PredictionContextCache;Ljava/util
Event: 15.098 Thread 0x00000254e3a7b650 DEOPT PACKING pc=0x0000025488396898 sp=0x000000d502ff75f0
Event: 15.098 Thread 0x00000254e3a7b650 DEOPT UNPACKING pc=0x00000254874a23a3 sp=0x000000d502ff7580 mode 2
Event: 15.098 Thread 0x00000254e3a7b650 Uncommon trap: trap_request=0xffffffbe fr.pc=0x0000025488396898 relative=0x0000000000006138
Event: 15.098 Thread 0x00000254e3a7b650 Uncommon trap: reason=profile_predicate action=maybe_recompile pc=0x0000025488396898 method=org.antlr.v4.runtime.atn.PredictionContext.getCachedContext(Lorg/antlr/v4/runtime/atn/PredictionContext;Lorg/antlr/v4/runtime/atn/PredictionContextCache;Ljava/util
Event: 15.098 Thread 0x00000254e3a7b650 DEOPT PACKING pc=0x0000025488396898 sp=0x000000d502ff75f0
Event: 15.098 Thread 0x00000254e3a7b650 DEOPT UNPACKING pc=0x00000254874a23a3 sp=0x000000d502ff7580 mode 2
Event: 15.098 Thread 0x00000254e3a7b650 Uncommon trap: trap_request=0xffffffbe fr.pc=0x000002548837bc70 relative=0x0000000000005e90
Event: 15.098 Thread 0x00000254e3a7b650 Uncommon trap: reason=profile_predicate action=maybe_recompile pc=0x000002548837bc70 method=org.antlr.v4.runtime.atn.PredictionContext.getCachedContext(Lorg/antlr/v4/runtime/atn/PredictionContext;Lorg/antlr/v4/runtime/atn/PredictionContextCache;Ljava/util
Event: 15.098 Thread 0x00000254e3a7b650 DEOPT PACKING pc=0x000002548837bc70 sp=0x000000d502ff7360
Event: 15.098 Thread 0x00000254e3a7b650 DEOPT UNPACKING pc=0x00000254874a23a3 sp=0x000000d502ff7370 mode 2
Event: 15.098 Thread 0x00000254e3a7b650 Uncommon trap: trap_request=0xffffffbe fr.pc=0x000002548837c05c relative=0x000000000000627c
Event: 15.098 Thread 0x00000254e3a7b650 Uncommon trap: reason=profile_predicate action=maybe_recompile pc=0x000002548837c05c method=org.antlr.v4.runtime.atn.PredictionContext.getCachedContext(Lorg/antlr/v4/runtime/atn/PredictionContext;Lorg/antlr/v4/runtime/atn/PredictionContextCache;Ljava/util
Event: 15.098 Thread 0x00000254e3a7b650 DEOPT PACKING pc=0x000002548837c05c sp=0x000000d502ff7450
Event: 15.098 Thread 0x00000254e3a7b650 DEOPT UNPACKING pc=0x00000254874a23a3 sp=0x000000d502ff73c0 mode 2
Event: 15.098 Thread 0x00000254e3a7b650 Uncommon trap: trap_request=0xffffffbe fr.pc=0x000002548837c05c relative=0x000000000000627c
Event: 15.098 Thread 0x00000254e3a7b650 Uncommon trap: reason=profile_predicate action=maybe_recompile pc=0x000002548837c05c method=org.antlr.v4.runtime.atn.PredictionContext.getCachedContext(Lorg/antlr/v4/runtime/atn/PredictionContext;Lorg/antlr/v4/runtime/atn/PredictionContextCache;Ljava/util
Event: 15.098 Thread 0x00000254e3a7b650 DEOPT PACKING pc=0x000002548837c05c sp=0x000000d502ff7540
Event: 15.098 Thread 0x00000254e3a7b650 DEOPT UNPACKING pc=0x00000254874a23a3 sp=0x000000d502ff74c8 mode 2

Classes unloaded (20 events):
Event: 9.185 Thread 0x00000254ff28f880 Unloading class 0x000002549aa01000 'jdk/internal/reflect/GeneratedSerializationConstructorAccessor14'
Event: 9.185 Thread 0x00000254ff28f880 Unloading class 0x000002549aa00c00 'jdk/internal/reflect/GeneratedSerializationConstructorAccessor13'
Event: 9.185 Thread 0x00000254ff28f880 Unloading class 0x000002549aa00800 'jdk/internal/reflect/GeneratedSerializationConstructorAccessor12'
Event: 9.185 Thread 0x00000254ff28f880 Unloading class 0x000002549aa00400 'jdk/internal/reflect/GeneratedSerializationConstructorAccessor11'
Event: 9.185 Thread 0x00000254ff28f880 Unloading class 0x000002549aa00000 'jdk/internal/reflect/GeneratedSerializationConstructorAccessor10'
Event: 9.185 Thread 0x00000254ff28f880 Unloading class 0x000002549a9d1400 'jdk/internal/reflect/GeneratedSerializationConstructorAccessor9'
Event: 9.185 Thread 0x00000254ff28f880 Unloading class 0x000002549a9d0800 'jdk/internal/reflect/GeneratedSerializationConstructorAccessor8'
Event: 9.185 Thread 0x00000254ff28f880 Unloading class 0x000002549a9c2000 'jdk/internal/reflect/GeneratedSerializationConstructorAccessor7'
Event: 9.185 Thread 0x00000254ff28f880 Unloading class 0x000002549a9c1c00 'jdk/internal/reflect/GeneratedSerializationConstructorAccessor6'
Event: 9.185 Thread 0x00000254ff28f880 Unloading class 0x000002549a9b8c00 'jdk/internal/reflect/GeneratedSerializationConstructorAccessor5'
Event: 9.185 Thread 0x00000254ff28f880 Unloading class 0x000002549a9b8400 'jdk/internal/reflect/GeneratedSerializationConstructorAccessor4'
Event: 9.185 Thread 0x00000254ff28f880 Unloading class 0x000002549a9b8000 'jdk/internal/reflect/GeneratedSerializationConstructorAccessor3'
Event: 9.185 Thread 0x00000254ff28f880 Unloading class 0x000002549a9ac000 'jdk/internal/reflect/GeneratedSerializationConstructorAccessor2'
Event: 9.185 Thread 0x00000254ff28f880 Unloading class 0x000002549a99c000 'jdk/internal/reflect/GeneratedSerializationConstructorAccessor1'
Event: 14.073 Thread 0x00000254ff28f880 Unloading class 0x000002549aae0400 'jdk/internal/reflect/GeneratedSerializationConstructorAccessor20'
Event: 14.073 Thread 0x00000254ff28f880 Unloading class 0x000002549aae0000 'jdk/internal/reflect/GeneratedSerializationConstructorAccessor19'
Event: 14.073 Thread 0x00000254ff28f880 Unloading class 0x000002549aa0d800 'jdk/internal/reflect/GeneratedSerializationConstructorAccessor18'
Event: 14.073 Thread 0x00000254ff28f880 Unloading class 0x000002549aa0cc00 'jdk/internal/reflect/GeneratedSerializationConstructorAccessor17'
Event: 14.618 Thread 0x00000254ff28f880 Unloading class 0x000002549ac3c800 'java/lang/invoke/LambdaForm$DMH+0x000002549ac3c800'
Event: 14.618 Thread 0x00000254ff28f880 Unloading class 0x000002549ac3c400 'java/lang/invoke/LambdaForm$DMH+0x000002549ac3c400'

Classes redefined (0 events):
No events

Internal exceptions (20 events):
Event: 15.015 Thread 0x00000254e3a7c580 Exception <a 'java/lang/ClassNotFoundException'{0x0000000711adfc90}: groovy/lang/GStringBeanInfo> (0x0000000711adfc90) 
thrown [s\open\src\hotspot\share\classfile\systemDictionary.cpp, line 256]
Event: 15.016 Thread 0x00000254e3a7c580 Exception <a 'java/lang/ClassNotFoundException'{0x0000000711af7770}: groovy/lang/GStringCustomizer> (0x0000000711af7770) 
thrown [s\open\src\hotspot\share\classfile\systemDictionary.cpp, line 256]
Event: 15.016 Thread 0x00000254e3a7c580 Exception <a 'java/lang/ClassNotFoundException'{0x0000000711b19a98}: groovy/lang/GString$1Customizer> (0x0000000711b19a98) 
thrown [s\open\src\hotspot\share\classfile\systemDictionary.cpp, line 256]
Event: 15.021 Thread 0x00000254e3a7c580 Exception <a 'java/lang/ClassNotFoundException'{0x00000007118bdc88}: org/codehaus/groovy/runtime/GStringImplBeanInfo> (0x00000007118bdc88) 
thrown [s\open\src\hotspot\share\classfile\systemDictionary.cpp, line 256]
Event: 15.022 Thread 0x00000254e3a7c580 Exception <a 'java/lang/ClassNotFoundException'{0x0000000711624280}: org/codehaus/groovy/runtime/GStringImplCustomizer> (0x0000000711624280) 
thrown [s\open\src\hotspot\share\classfile\systemDictionary.cpp, line 256]
Event: 15.026 Thread 0x00000254e3a7c580 Exception <a 'java/lang/ClassNotFoundException'{0x0000000711665510}: org/thymeleaf/standard/processor/StandardWithTagProcessorBeanInfo> (0x0000000711665510) 
thrown [s\open\src\hotspot\share\classfile\systemDictionary.cpp, line 256]
Event: 15.028 Thread 0x00000254e3a7c580 Exception <a 'java/lang/ClassNotFoundException'{0x0000000711672268}: org/thymeleaf/standard/processor/StandardWithTagProcessorCustomizer> (0x0000000711672268) 
thrown [s\open\src\hotspot\share\classfile\systemDictionary.cpp, line 256]
Event: 15.030 Thread 0x00000254e3a7c580 Exception <a 'java/lang/ClassNotFoundException'{0x0000000711698898}: org/thymeleaf/engine/HTMLAttributeDefinitionBeanInfo> (0x0000000711698898) 
thrown [s\open\src\hotspot\share\classfile\systemDictionary.cpp, line 256]
Event: 15.031 Thread 0x00000254e3a7c580 Exception <a 'java/lang/ClassNotFoundException'{0x00000007116a4b38}: org/thymeleaf/engine/AttributeDefinitionBeanInfo> (0x00000007116a4b38) 
thrown [s\open\src\hotspot\share\classfile\systemDictionary.cpp, line 256]
Event: 15.032 Thread 0x00000254e3a7c580 Exception <a 'java/lang/ClassNotFoundException'{0x00000007116b0e80}: org/thymeleaf/engine/AttributeDefinitionCustomizer> (0x00000007116b0e80) 
thrown [s\open\src\hotspot\share\classfile\systemDictionary.cpp, line 256]
Event: 15.032 Thread 0x00000254e3a7c580 Exception <a 'java/lang/ClassNotFoundException'{0x00000007116c2d10}: org/thymeleaf/engine/HTMLAttributeDefinitionCustomizer> (0x00000007116c2d10) 
thrown [s\open\src\hotspot\share\classfile\systemDictionary.cpp, line 256]
Event: 15.036 Thread 0x00000254e3a7c580 Exception <a 'java/lang/NoSuchMethodError'{0x0000000711734898}: 'java.lang.Object java.lang.invoke.Invokers$Holder.linkToCallSite(java.lang.Object, java.lang.Object, int, java.lang.Object)'> (0x0000000711734898) 
thrown [s\open\src\hotspot\share\interpreter\linkResolver.cpp, line 759]
Event: 15.037 Thread 0x00000254e3a7c580 Exception <a 'java/lang/ClassNotFoundException'{0x000000071174fbf0}: org/thymeleaf/engine/ElementTagStructureHandlerBeanInfo> (0x000000071174fbf0) 
thrown [s\open\src\hotspot\share\classfile\systemDictionary.cpp, line 256]
Event: 15.038 Thread 0x00000254e3a7c580 Exception <a 'java/lang/ClassNotFoundException'{0x000000071175b608}: org/thymeleaf/engine/ElementTagStructureHandlerCustomizer> (0x000000071175b608) 
thrown [s\open\src\hotspot\share\classfile\systemDictionary.cpp, line 256]
Event: 15.039 Thread 0x00000254e3a7c580 Exception <a 'java/lang/NoSuchMethodError'{0x000000071176f1c0}: 'void java.lang.invoke.DirectMethodHandle$Holder.invokeInterface(java.lang.Object, java.lang.Object, java.lang.Object, int)'> (0x000000071176f1c0) 
thrown [s\open\src\hotspot\share\interpreter\linkResolver.cpp, line 759]
Event: 15.039 Thread 0x00000254e3a7c580 Exception <a 'java/lang/NoSuchMethodError'{0x00000007117737a8}: 'void java.lang.invoke.DirectMethodHandle$Holder.invokeSpecial(java.lang.Object, java.lang.Object, java.lang.Object, java.lang.Object, int)'> (0x00000007117737a8) 
thrown [s\open\src\hotspot\share\interpreter\linkResolver.cpp, line 759]
Event: 15.039 Thread 0x00000254e3a7c580 Exception <a 'java/lang/NoSuchMethodError'{0x00000007117776f8}: 'void java.lang.invoke.DelegatingMethodHandle$Holder.reinvoke_L(java.lang.Object, java.lang.Object, java.lang.Object, int)'> (0x00000007117776f8) 
thrown [s\open\src\hotspot\share\interpreter\linkResolver.cpp, line 759]
Event: 15.040 Thread 0x00000254e3a7c580 Exception <a 'java/lang/NoSuchMethodError'{0x0000000711781d40}: 'java.lang.Object java.lang.invoke.DelegatingMethodHandle$Holder.delegate(java.lang.Object, java.lang.Object, java.lang.Object, java.lang.Object, int)'> (0x0000000711781d40) 
thrown [s\open\src\hotspot\share\interpreter\linkResolver.cpp, line 759]
Event: 15.040 Thread 0x00000254e3a7c580 Exception <a 'java/lang/NoSuchMethodError'{0x0000000711791da8}: 'int java.lang.invoke.DirectMethodHandle$Holder.invokeSpecial(java.lang.Object, java.lang.Object, java.lang.Object, java.lang.Object, int)'> (0x0000000711791da8) 
thrown [s\open\src\hotspot\share\interpreter\linkResolver.cpp, line 759]
Event: 15.090 Thread 0x00000254e3a7b650 Exception <a 'java/lang/IncompatibleClassChangeError'{0x0000000711535a58}: Found class java.lang.Object, but interface was expected> (0x0000000711535a58) 
thrown [s\open\src\hotspot\share\interpreter\linkResolver.cpp, line 826]

VM Operations (20 events):
Event: 14.706 Executing VM operation: HandshakeAllThreads done
Event: 14.708 Executing VM operation: HandshakeAllThreads
Event: 14.708 Executing VM operation: HandshakeAllThreads done
Event: 14.711 Executing VM operation: HandshakeAllThreads
Event: 14.711 Executing VM operation: HandshakeAllThreads done
Event: 14.712 Executing VM operation: HandshakeAllThreads
Event: 14.712 Executing VM operation: HandshakeAllThreads done
Event: 14.726 Executing VM operation: HandshakeAllThreads
Event: 14.726 Executing VM operation: HandshakeAllThreads done
Event: 14.740 Executing VM operation: HandshakeAllThreads
Event: 14.740 Executing VM operation: HandshakeAllThreads done
Event: 14.796 Executing VM operation: G1CollectForAllocation
Event: 14.798 Executing VM operation: G1CollectForAllocation done
Event: 14.833 Executing VM operation: G1CollectForAllocation
Event: 14.837 Executing VM operation: G1CollectForAllocation done
Event: 15.082 Executing VM operation: ICBufferFull
Event: 15.082 Executing VM operation: ICBufferFull done
Event: 15.098 Executing VM operation: HandshakeAllThreads
Event: 15.098 Executing VM operation: HandshakeAllThreads done
Event: 16.107 Executing VM operation: Cleanup

Events (20 events):
Event: 14.964 loading class java/util/Collections$UnmodifiableRandomAccessListBeanInfo
Event: 14.964 loading class java/util/Collections$UnmodifiableRandomAccessListBeanInfo done
Event: 14.964 loading class java/util/Collections$UnmodifiableListBeanInfo
Event: 14.964 loading class java/util/Collections$UnmodifiableListBeanInfo done
Event: 14.965 loading class java/util/Collections$UnmodifiableListBeanInfo
Event: 14.965 loading class java/util/Collections$UnmodifiableListBeanInfo done
Event: 14.965 loading class java/util/Collections$UnmodifiableListCustomizer
Event: 14.965 loading class java/util/Collections$UnmodifiableListCustomizer done
Event: 14.965 loading class java/util/Collections$UnmodifiableListCustomizer
Event: 14.965 loading class java/util/Collections$UnmodifiableListCustomizer done
Event: 14.966 loading class java/util/Collections$UnmodifiableRandomAccessListCustomizer
Event: 14.966 loading class java/util/Collections$UnmodifiableRandomAccessListCustomizer done
Event: 14.966 loading class java/util/Collections$UnmodifiableRandomAccessListCustomizer
Event: 14.966 loading class java/util/Collections$UnmodifiableRandomAccessListCustomizer done
Event: 15.061 loading class java/util/concurrent/atomic/Striped64$Cell
Event: 15.061 loading class java/util/concurrent/atomic/Striped64$Cell done
Event: 15.088 loading class jdk/internal/reflect/UnsafeLongFieldAccessorImpl
Event: 15.088 loading class jdk/internal/reflect/UnsafeLongFieldAccessorImpl done
Event: 15.102 Thread 0x00000254da091fc0 flushing nmethod 0x00000254882d4890
Event: 15.107 Thread 0x00000254da091fc0 flushing nmethod 0x000002548069e610


Dynamic libraries:
0x00007ff7e4b20000 - 0x00007ff7e4b30000 	C:\Program Files\Java\jdk-17.0.11\bin\java.exe
0x00007ffe4a500000 - 0x00007ffe4a763000 	C:\WINDOWS\SYSTEM32\ntdll.dll
0x00007ffe48b90000 - 0x00007ffe48c57000 	C:\WINDOWS\System32\KERNEL32.DLL
0x00007ffe478b0000 - 0x00007ffe47c79000 	C:\WINDOWS\System32\KERNELBASE.dll
0x00007ffe48060000 - 0x00007ffe481ac000 	C:\WINDOWS\System32\ucrtbase.dll
0x00007ffe34080000 - 0x00007ffe34099000 	C:\Program Files\Java\jdk-17.0.11\bin\jli.dll
0x00007ffe34060000 - 0x00007ffe3407b000 	C:\Program Files\Java\jdk-17.0.11\bin\VCRUNTIME140.dll
0x00007ffe49580000 - 0x00007ffe49632000 	C:\WINDOWS\System32\ADVAPI32.dll
0x00007ffe48db0000 - 0x00007ffe48e59000 	C:\WINDOWS\System32\msvcrt.dll
0x00007ffe49990000 - 0x00007ffe49a36000 	C:\WINDOWS\System32\sechost.dll
0x00007ffe48c60000 - 0x00007ffe48d76000 	C:\WINDOWS\System32\RPCRT4.dll
0x00007ffe49640000 - 0x00007ffe4980a000 	C:\WINDOWS\System32\USER32.dll
0x00007ffe47880000 - 0x00007ffe478a7000 	C:\WINDOWS\System32\win32u.dll
0x00007ffe49960000 - 0x00007ffe4998a000 	C:\WINDOWS\System32\GDI32.dll
0x00007ffe21070000 - 0x00007ffe21300000 	C:\WINDOWS\WinSxS\amd64_microsoft.windows.common-controls_6595b64144ccf1df_6.0.26100.3323_none_3e088096e3344490\COMCTL32.dll
0x00007ffe47e80000 - 0x00007ffe47fb1000 	C:\WINDOWS\System32\gdi32full.dll
0x00007ffe47c80000 - 0x00007ffe47d23000 	C:\WINDOWS\System32\msvcp_win.dll
0x00007ffe35980000 - 0x00007ffe3598b000 	C:\WINDOWS\SYSTEM32\VERSION.dll
0x00007ffe486b0000 - 0x00007ffe486df000 	C:\WINDOWS\System32\IMM32.DLL
0x00007ffe315e0000 - 0x00007ffe315ec000 	C:\Program Files\Java\jdk-17.0.11\bin\vcruntime140_1.dll
0x00007ffe00570000 - 0x00007ffe005fe000 	C:\Program Files\Java\jdk-17.0.11\bin\msvcp140.dll
0x00007ffd950b0000 - 0x00007ffd95c90000 	C:\Program Files\Java\jdk-17.0.11\bin\server\jvm.dll
0x00007ffe4a4b0000 - 0x00007ffe4a4b8000 	C:\WINDOWS\System32\PSAPI.DLL
0x00007ffe2aad0000 - 0x00007ffe2aada000 	C:\WINDOWS\SYSTEM32\WSOCK32.dll
0x00007ffe3c0e0000 - 0x00007ffe3c116000 	C:\WINDOWS\SYSTEM32\WINMM.dll
0x00007ffe4a2d0000 - 0x00007ffe4a344000 	C:\WINDOWS\System32\WS2_32.dll
0x00007ffe46630000 - 0x00007ffe4664a000 	C:\WINDOWS\SYSTEM32\kernel.appcore.dll
0x00007ffe30020000 - 0x00007ffe3002a000 	C:\Program Files\Java\jdk-17.0.11\bin\jimage.dll
0x00007ffe44f30000 - 0x00007ffe45171000 	C:\WINDOWS\SYSTEM32\DBGHELP.DLL
0x00007ffe48320000 - 0x00007ffe486a2000 	C:\WINDOWS\System32\combase.dll
0x00007ffe48ab0000 - 0x00007ffe48b86000 	C:\WINDOWS\System32\OLEAUT32.dll
0x00007ffe233a0000 - 0x00007ffe233d9000 	C:\WINDOWS\SYSTEM32\dbgcore.DLL
0x00007ffe47fc0000 - 0x00007ffe48059000 	C:\WINDOWS\System32\bcryptPrimitives.dll
0x00007ffe2c030000 - 0x00007ffe2c055000 	C:\Program Files\Java\jdk-17.0.11\bin\java.dll
0x00007ffe00040000 - 0x00007ffe00117000 	C:\Program Files\Java\jdk-17.0.11\bin\jsvml.dll
0x00007ffe48e60000 - 0x00007ffe49575000 	C:\WINDOWS\System32\SHELL32.dll
0x00007ffe481b0000 - 0x00007ffe48318000 	C:\WINDOWS\System32\wintypes.dll
0x00007ffe45420000 - 0x00007ffe45c65000 	C:\WINDOWS\SYSTEM32\windows.storage.dll
0x00007ffe4a350000 - 0x00007ffe4a43b000 	C:\WINDOWS\System32\SHCORE.dll
0x00007ffe48a50000 - 0x00007ffe48aad000 	C:\WINDOWS\System32\shlwapi.dll
0x00007ffe47610000 - 0x00007ffe4763f000 	C:\WINDOWS\SYSTEM32\profapi.dll
0x00007ffe2c010000 - 0x00007ffe2c029000 	C:\Program Files\Java\jdk-17.0.11\bin\net.dll
0x00007ffe3b800000 - 0x00007ffe3b91e000 	C:\WINDOWS\SYSTEM32\WINHTTP.dll
0x00007ffe46b50000 - 0x00007ffe46bba000 	C:\WINDOWS\system32\mswsock.dll
0x00007ffe20b00000 - 0x00007ffe20b16000 	C:\Program Files\Java\jdk-17.0.11\bin\nio.dll
0x00007ffe1ccd0000 - 0x00007ffe1cce8000 	C:\Program Files\Java\jdk-17.0.11\bin\zip.dll
0x00007ffe2f550000 - 0x00007ffe2f55a000 	C:\Program Files\Java\jdk-17.0.11\bin\management.dll
0x00007ffe2cea0000 - 0x00007ffe2ceab000 	C:\Program Files\Java\jdk-17.0.11\bin\management_ext.dll
0x00007ffe2ffe0000 - 0x00007ffe2fff0000 	C:\Program Files\Java\jdk-17.0.11\bin\verify.dll
0x00007ffe20af0000 - 0x00007ffe20afe000 	C:\Program Files\Java\jdk-17.0.11\bin\sunmscapi.dll
0x00007ffe47700000 - 0x00007ffe47877000 	C:\WINDOWS\System32\CRYPT32.dll
0x00007ffe46ff0000 - 0x00007ffe47020000 	C:\WINDOWS\SYSTEM32\ncrypt.dll
0x00007ffe46fa0000 - 0x00007ffe46fdf000 	C:\WINDOWS\SYSTEM32\NTASN1.dll
0x00007ffe46df0000 - 0x00007ffe46e0c000 	C:\WINDOWS\SYSTEM32\CRYPTSP.dll
0x00007ffe46590000 - 0x00007ffe465ca000 	C:\WINDOWS\system32\rsaenh.dll
0x00007ffe46bf0000 - 0x00007ffe46c1b000 	C:\WINDOWS\SYSTEM32\USERENV.dll
0x00007ffe47030000 - 0x00007ffe47056000 	C:\WINDOWS\SYSTEM32\bcrypt.dll
0x00007ffe46e10000 - 0x00007ffe46e1c000 	C:\WINDOWS\SYSTEM32\CRYPTBASE.dll
0x00007ffe460a0000 - 0x00007ffe460d3000 	C:\WINDOWS\SYSTEM32\IPHLPAPI.DLL
0x00007ffe4a4a0000 - 0x00007ffe4a4aa000 	C:\WINDOWS\System32\NSI.dll
0x00007ffe3bc30000 - 0x00007ffe3bc4f000 	C:\WINDOWS\SYSTEM32\dhcpcsvc6.DLL
0x00007ffe3bb40000 - 0x00007ffe3bb65000 	C:\WINDOWS\SYSTEM32\dhcpcsvc.DLL
0x00007ffe460e0000 - 0x00007ffe46205000 	C:\WINDOWS\SYSTEM32\DNSAPI.dll
0x00007ffe22920000 - 0x00007ffe22928000 	C:\WINDOWS\system32\wshunix.dll

dbghelp: loaded successfully - version: 4.0.5 - missing functions: none
symbol engine: initialized successfully - sym options: 0x614 - pdb path: .;C:\Program Files\Java\jdk-17.0.11\bin;C:\WINDOWS\SYSTEM32;C:\WINDOWS\WinSxS\amd64_microsoft.windows.common-controls_6595b64144ccf1df_6.0.26100.3323_none_3e088096e3344490;C:\Program Files\Java\jdk-17.0.11\bin\server

VM Arguments:
jvm_args: -XX:+ShowCodeDetailsInExceptionMessages 
java_command: zgoo.cpos.CposApplication
java_class_path (initial): D:\work\DA\server\project\zgooCpos\bin\main;D:\work\DA\server\project\zgooCpos\bin\test;D:\work\DA\server\project\zgooCpos\bin\default;C:\Users\N-424\.gradle\caches\modules-2\files-2.1\com.querydsl\querydsl-apt\5.0.0\d48657412f2b96d787bbe5ae393e33815c94b4d0\querydsl-apt-5.0.0-jakarta.jar;C:\Users\N-424\.gradle\caches\modules-2\files-2.1\org.springframework.boot\spring-boot-starter-data-jpa\3.3.4\60df2a5bea8752fb215f3c8e1dffeb3554773a49\spring-boot-starter-data-jpa-3.3.4.jar;C:\Users\N-424\.gradle\caches\modules-2\files-2.1\org.hibernate.orm\hibernate-core\6.5.3.Final\1e23c320a5d10f5eaecbd23095fca5c5c83c1fb5\hibernate-core-6.5.3.Final.jar;C:\Users\N-424\.gradle\caches\modules-2\files-2.1\jakarta.persistence\jakarta.persistence-api\3.1.0\66901fa1c373c6aff65c13791cc11da72060a8d6\jakarta.persistence-api-3.1.0.jar;C:\Users\N-424\.gradle\caches\modules-2\files-2.1\org.springframework.data\spring-data-jpa\3.3.4\f92296e4b6d18f5f79c5e6074da96bf0de2006d3\spring-data-jpa-3.3.4.jar;C:\Users\N-424\.gradle\caches\modules-2\files-2.1\org.springframework.boot\spring-boot-starter-thymeleaf\3.3.4\29c4b1acf955b350bf7d8fd201798d30647fb89e\spring-boot-starter-thymeleaf-3.3.4.jar;C:\Users\N-424\.gradle\caches\modules-2\files-2.1\org.springframework.boot\spring-boot-starter-validation\3.3.4\cd5e06f484dc2825a8d9704a2093a72587af2b58\spring-boot-starter-validation-3.3.4.jar;C:\Users\N-424\.gradle\caches\modules-2\files-2.1\org.springframework.boot\spring-boot-starter-web\3.3.4\b43a9fd107611337777b47dc7518e2aca59e58eb\spring-boot-starter-web-3.3.4.jar;C:\Users\N-424\.gradle\caches\modules-2\files-2.1\org.springframework.boot\spring-boot-starter-security\3.3.4\58e8b8decf2116c2e3422368d8f1ebd5bdff117\spring-boot-starter-security-3.3.4.jar;C:\Users\N-424\.gradle\caches\modules-2\files-2.1\org.springframework.boot\spring-boot-starter-aop\3.3.4\4e0fef42facab9dbdbc7784dc4fb7698bf1c6b49\spring-boot-starter-aop-3.3.4.jar;C:\Users\N-424\.gradle\caches\modules-2\files-2.1\o
Launcher Type: SUN_STANDARD

[Global flags]
     intx CICompilerCount                          = 12                                        {product} {ergonomic}
     uint ConcGCThreads                            = 3                                         {product} {ergonomic}
     uint G1ConcRefinementThreads                  = 13                                        {product} {ergonomic}
   size_t G1HeapRegionSize                         = 2097152                                   {product} {ergonomic}
    uintx GCDrainStackTargetSize                   = 64                                        {product} {ergonomic}
   size_t InitialHeapSize                          = 264241152                                 {product} {ergonomic}
   size_t MarkStackSize                            = 4194304                                   {product} {ergonomic}
   size_t MaxHeapSize                              = 4221566976                                {product} {ergonomic}
   size_t MaxNewSize                               = 2531262464                                {product} {ergonomic}
   size_t MinHeapDeltaBytes                        = 2097152                                   {product} {ergonomic}
   size_t MinHeapSize                              = 8388608                                   {product} {ergonomic}
    uintx NonNMethodCodeHeapSize                   = 7602480                                {pd product} {ergonomic}
    uintx NonProfiledCodeHeapSize                  = 122027880                              {pd product} {ergonomic}
    uintx ProfiledCodeHeapSize                     = 122027880                              {pd product} {ergonomic}
    uintx ReservedCodeCacheSize                    = 251658240                              {pd product} {ergonomic}
     bool SegmentedCodeCache                       = true                                      {product} {ergonomic}
     bool ShowCodeDetailsInExceptionMessages       = true                                   {manageable} {command line}
   size_t SoftMaxHeapSize                          = 4221566976                             {manageable} {ergonomic}
     bool UseCompressedClassPointers               = true                           {product lp64_product} {ergonomic}
     bool UseCompressedOops                        = true                           {product lp64_product} {ergonomic}
     bool UseG1GC                                  = true                                      {product} {ergonomic}
     bool UseLargePagesIndividualAllocation        = false                                  {pd product} {ergonomic}

Logging:
Log output configuration:
 #0: stdout all=warning uptime,level,tags
 #1: stderr all=off uptime,level,tags

Environment Variables:
JAVA_HOME=C:\Users\N-424\.jdks\corretto-17.0.11
PATH=C:\Users\N-424\AppData\Roaming\Code\User\globalStorage\pleiades.java-extension-pack-jdk\gradle\latest\bin;C:\Users\N-424\AppData\Roaming\Code\User\globalStorage\pleiades.java-extension-pack-jdk\maven\latest\bin;C:\Users\N-424\.jdks\corretto-17.0.11\bin;C:\Program Files (x86)\VMware\VMware Player\bin\;C:\Program Files (x86)\Common Files\Oracle\Java\java8path;C:\Program Files (x86)\Common Files\Oracle\Java\javapath;C:\Windows\system32;C:\Windows;C:\Windows\System32\Wbem;C:\Windows\System32\WindowsPowerShell\v1.0\;C:\Windows\System32\OpenSSH\;C:\Program Files (x86)\NVIDIA Corporation\PhysX\Common;C:\Program Files\Bandizip\;C:\Program Files\Java\jdk-1.8\bin;C:\Program Files (x86)\Windows Kits\10\Windows Performance Toolkit\;C:\flutter\bin;C:\WINDOWS\system32;C:\WINDOWS;C:\WINDOWS\System32\Wbem;C:\WINDOWS\System32\WindowsPowerShell\v1.0\;C:\WINDOWS\System32\OpenSSH\;C:\ProgramData\chocolatey\bin;C:\ProgramData\chocolatey\lib\maven\apache-maven-3.9.7\bin;C:\Program Files\Java\scripts;C:\Program Files\Git\cmd;C:\Program Files\PuTTY\;c:\Users\N-424\AppData\Local\Programs\cursor\resources\app\bin;C:\Users\N-424\AppData\Local\Programs\Python\Python312\Scripts\;C:\Users\N-424\AppData\Local\Programs\Python\Python312\;C:\Users\N-424\AppData\Local\Microsoft\WindowsApps;D:\Microsoft VS Code\Microsoft VS Code\bin;;C:\Program Files\JetBrains\IntelliJ IDEA Community Edition 2024.1.3\bin;;C:\Users\N-424\AppData\Local\Programs\cursor\resources\app\bin
USERNAME=N-424
LANG=en_US.UTF-8
OS=Windows_NT
PROCESSOR_IDENTIFIER=Intel64 Family 6 Model 154 Stepping 3, GenuineIntel



---------------  S Y S T E M  ---------------

OS:
 Windows 11 , 64 bit Build 26100 (10.0.26100.3323)
OS uptime: 2 days 2:04 hours

CPU: total 16 (initial active 16) (8 cores per cpu, 2 threads per core) family 6 model 154 stepping 3 microcode 0x421, cx8, cmov, fxsr, ht, mmx, 3dnowpref, sse, sse2, sse3, ssse3, sse4.1, sse4.2, popcnt, lzcnt, tsc, tscinvbit, avx, avx2, aes, erms, clmul, bmi1, bmi2, adx, sha, fma, vzeroupper, clflush, clflushopt, clwb

Memory: 4k page, system-wide physical 16098M (3895M free)
TotalPageFile size 18146M (AvailPageFile size 22M)
current process WorkingSet (physical memory assigned to process): 409M, peak: 449M
current process commit charge ("private bytes"): 555M, peak: 567M

vm_info: Java HotSpot(TM) 64-Bit Server VM (17.0.11+7-LTS-207) for windows-amd64 JRE (17.0.11+7-LTS-207), built on Mar 11 2024 19:01:50 by "mach5one" with MS VC++ 17.6 (VS2022)

END.
