#
# There is insufficient memory for the Java Runtime Environment to continue.
# Native memory allocation (malloc) failed to allocate 917696 bytes. Error detail: Chunk::new
# Possible reasons:
#   The system is out of physical RAM or swap space
#   This process is running with CompressedOops enabled, and the Java Heap may be blocking the growth of the native heap
# Possible solutions:
#   Reduce memory load on the system
#   Increase physical memory or swap space
#   Check if swap backing store is full
#   Decrease Java heap size (-Xmx/-Xms)
#   Decrease number of Java threads
#   Decrease Java thread stack sizes (-Xss)
#   Set larger code cache with -XX:ReservedCodeCacheSize=
#   JVM is running with Unscaled Compressed Oops mode in which the Java heap is
#     placed in the first 4GB address space. The Java Heap base address is the
#     maximum limit for the native heap growth. Please use -XX:HeapBaseMinAddress
#     to set the Java Heap base and to place the Java Heap above 4GB virtual address.
# This output file may be truncated or incomplete.
#
#  Out of Memory Error (arena.cpp:168), pid=22552, tid=20144
#
# JRE version: OpenJDK Runtime Environment Temurin-21.0.6+7 (21.0.6+7) (build 21.0.6+7-LTS)
# Java VM: OpenJDK 64-Bit Server VM Temurin-21.0.6+7 (21.0.6+7-LTS, mixed mode, sharing, tiered, compressed oops, compressed class ptrs, parallel gc, windows-amd64)
# No core dump will be written. Minidumps are not enabled by default on client versions of Windows
#

---------------  S U M M A R Y ------------

Command Line: --add-modules=ALL-SYSTEM --add-opens=java.base/java.util=ALL-UNNAMED --add-opens=java.base/java.lang=ALL-UNNAMED --add-opens=java.base/sun.nio.fs=ALL-UNNAMED -Declipse.application=org.eclipse.jdt.ls.core.id1 -Dosgi.bundles.defaultStartLevel=4 -Declipse.product=org.eclipse.jdt.ls.core.product -Djava.import.generatesMetadataFilesAtProjectRoot=false -DDetectVMInstallationsJob.disabled=true -Dfile.encoding=utf8 -XX:+UseParallelGC -XX:GCTimeRatio=4 -XX:AdaptiveSizePolicyWeight=90 -Dsun.zip.disableMemoryMapping=true -Xmx1G -Xms100m -Xlog:disable -javaagent:c:\Users\N-424\.cursor\extensions\redhat.java-1.40.0-win32-x64\lombok\lombok-1.18.36.jar -XX:+HeapDumpOnOutOfMemoryError -XX:HeapDumpPath=c:\Users\N-424\AppData\Roaming\Cursor\User\workspaceStorage\1e711bddc8d52f7b321ba71ed2f3adfd\redhat.java -Daether.dependencyCollector.impl=bf c:\Users\N-424\.cursor\extensions\redhat.java-1.40.0-win32-x64\server\plugins\org.eclipse.equinox.launcher_1.6.1000.v20250131-0606.jar -configuration c:\Users\N-424\AppData\Roaming\Cursor\User\globalStorage\redhat.java\1.40.0\config_win -data c:\Users\N-424\AppData\Roaming\Cursor\User\workspaceStorage\1e711bddc8d52f7b321ba71ed2f3adfd\redhat.java\jdt_ws --pipe=\\.\pipe\lsp-d62bfddf6d339bbc53c1e11ca0c2e2e9-sock

Host: 12th Gen Intel(R) Core(TM) i7-1260P, 16 cores, 15G,  Windows 11 , 64 bit Build 26100 (10.0.26100.3037)
Time: Tue Mar 11 13:13:58 2025  Windows 11 , 64 bit Build 26100 (10.0.26100.3037) elapsed time: 18.708635 seconds (0d 0h 0m 18s)

---------------  T H R E A D  ---------------

Current thread (0x00000205ed9b43e0):  JavaThread "C2 CompilerThread0" daemon [_thread_in_native, id=20144, stack(0x0000007132f00000,0x0000007133000000) (1024K)]


Current CompileTask:
C2:18708 9167   !   4       org.eclipse.jdt.internal.core.search.indexing.BinaryIndexer::indexDocument (1204 bytes)

Stack: [0x0000007132f00000,0x0000007133000000]
Native frames: (J=compiled Java code, j=interpreted, Vv=VM code, C=native code)
V  [jvm.dll+0x6cdee9]
V  [jvm.dll+0x8a83d1]
V  [jvm.dll+0x8aa8fe]
V  [jvm.dll+0x8aafe3]
V  [jvm.dll+0x27f706]
V  [jvm.dll+0xc500d]
V  [jvm.dll+0xc5543]
V  [jvm.dll+0x2f2acd]
V  [jvm.dll+0x5f6a2a]
V  [jvm.dll+0x250bb2]
V  [jvm.dll+0x250f6f]
V  [jvm.dll+0x249834]
V  [jvm.dll+0x246ec4]
V  [jvm.dll+0x1c75ee]
V  [jvm.dll+0x25685a]
V  [jvm.dll+0x254dfa]
V  [jvm.dll+0x3f0256]
V  [jvm.dll+0x851f8b]
V  [jvm.dll+0x6cc5ed]
C  [ucrtbase.dll+0x37b0]
C  [KERNEL32.DLL+0x2e8d7]
C  [ntdll.dll+0xbbf2c]


---------------  P R O C E S S  ---------------

Threads class SMR info:
_java_thread_list=0x00000205cfe78ed0, length=47, elements={
0x00000205eb61b520, 0x00000205ffceb540, 0x00000205ffcede10, 0x00000205ed9a1a60,
0x00000205ed9a2a60, 0x00000205ed9a8a10, 0x00000205ed9ade40, 0x00000205ed9b43e0,
0x00000205ed9b72c0, 0x00000205c4430150, 0x00000205c4625db0, 0x00000205ca7a0270,
0x00000205ca798b80, 0x00000205ca6b9e60, 0x00000205ca7975e0, 0x00000205cab9c140,
0x00000205cb27ff00, 0x00000205cab69070, 0x00000205cab67630, 0x00000205cab67cc0,
0x00000205cab68350, 0x00000205cab65bf0, 0x00000205cab66280, 0x00000205cab66910,
0x00000205cb43a400, 0x00000205cb43b120, 0x00000205cb43b7b0, 0x00000205cb43be40,
0x00000205cb439d70, 0x00000205cb43c4d0, 0x00000205cb439050, 0x00000205cb4396e0,
0x00000205cb43cb60, 0x00000205cb43d1f0, 0x00000205cb43df10, 0x00000205cb43d880,
0x00000205cb43aa90, 0x00000205cb43e5a0, 0x00000205cb440670, 0x00000205cb43ec30,
0x00000205cb43ffe0, 0x00000205cb43f950, 0x00000205cb43f2c0, 0x00000205cf144260,
0x00000205cf145610, 0x00000205cf145ca0, 0x00000205ca20d0c0
}

Java Threads: ( => current thread )
  0x00000205eb61b520 JavaThread "main"                              [_thread_blocked, id=7404, stack(0x0000007132500000,0x0000007132600000) (1024K)]
  0x00000205ffceb540 JavaThread "Reference Handler"          daemon [_thread_blocked, id=15916, stack(0x0000007132900000,0x0000007132a00000) (1024K)]
  0x00000205ffcede10 JavaThread "Finalizer"                  daemon [_thread_blocked, id=19448, stack(0x0000007132a00000,0x0000007132b00000) (1024K)]
  0x00000205ed9a1a60 JavaThread "Signal Dispatcher"          daemon [_thread_blocked, id=464, stack(0x0000007132b00000,0x0000007132c00000) (1024K)]
  0x00000205ed9a2a60 JavaThread "Attach Listener"            daemon [_thread_blocked, id=10236, stack(0x0000007132c00000,0x0000007132d00000) (1024K)]
  0x00000205ed9a8a10 JavaThread "Service Thread"             daemon [_thread_blocked, id=15960, stack(0x0000007132d00000,0x0000007132e00000) (1024K)]
  0x00000205ed9ade40 JavaThread "Monitor Deflation Thread"   daemon [_thread_blocked, id=10760, stack(0x0000007132e00000,0x0000007132f00000) (1024K)]
=>0x00000205ed9b43e0 JavaThread "C2 CompilerThread0"         daemon [_thread_in_native, id=20144, stack(0x0000007132f00000,0x0000007133000000) (1024K)]
  0x00000205ed9b72c0 JavaThread "C1 CompilerThread0"         daemon [_thread_blocked, id=23116, stack(0x0000007133000000,0x0000007133100000) (1024K)]
  0x00000205c4430150 JavaThread "Common-Cleaner"             daemon [_thread_blocked, id=2148, stack(0x0000007133200000,0x0000007133300000) (1024K)]
  0x00000205c4625db0 JavaThread "Notification Thread"        daemon [_thread_blocked, id=14208, stack(0x0000007133700000,0x0000007133800000) (1024K)]
  0x00000205ca7a0270 JavaThread "Active Thread: Equinox Container: d9503500-3ec3-49f3-b72b-b6401489afdd"        [_thread_blocked, id=21592, stack(0x0000007133f00000,0x0000007134000000) (1024K)]
  0x00000205ca798b80 JavaThread "Refresh Thread: Equinox Container: d9503500-3ec3-49f3-b72b-b6401489afdd" daemon [_thread_blocked, id=3660, stack(0x0000007134200000,0x0000007134300000) (1024K)]
  0x00000205ca6b9e60 JavaThread "Framework Event Dispatcher: Equinox Container: d9503500-3ec3-49f3-b72b-b6401489afdd" daemon [_thread_blocked, id=21748, stack(0x0000007134300000,0x0000007134400000) (1024K)]
  0x00000205ca7975e0 JavaThread "Start Level: Equinox Container: d9503500-3ec3-49f3-b72b-b6401489afdd" daemon [_thread_blocked, id=12076, stack(0x0000007134400000,0x0000007134500000) (1024K)]
  0x00000205cab9c140 JavaThread "Bundle File Closer"         daemon [_thread_blocked, id=14304, stack(0x0000007134500000,0x0000007134600000) (1024K)]
  0x00000205cb27ff00 JavaThread "SCR Component Actor"        daemon [_thread_blocked, id=19296, stack(0x0000007134900000,0x0000007134a00000) (1024K)]
  0x00000205cab69070 JavaThread "Worker-JM"                         [_thread_blocked, id=3116, stack(0x0000007134d00000,0x0000007134e00000) (1024K)]
  0x00000205cab67630 JavaThread "JNA Cleaner"                daemon [_thread_blocked, id=11580, stack(0x0000007134e00000,0x0000007134f00000) (1024K)]
  0x00000205cab67cc0 JavaThread "Worker-0: Initialize workspace"        [_thread_blocked, id=2448, stack(0x0000007134f00000,0x0000007135000000) (1024K)]
  0x00000205cab68350 JavaThread "Worker-1"                          [_thread_blocked, id=18136, stack(0x0000007135000000,0x0000007135100000) (1024K)]
  0x00000205cab65bf0 JavaThread "Java indexing"              daemon [_thread_in_Java, id=19868, stack(0x0000007135100000,0x0000007135200000) (1024K)]
  0x00000205cab66280 JavaThread "Worker-2: Java indexing... "        [_thread_blocked, id=9268, stack(0x0000007135500000,0x0000007135600000) (1024K)]
  0x00000205cab66910 JavaThread "Worker-3: Initialize Workspace"        [_thread_blocked, id=17492, stack(0x0000007135600000,0x0000007135700000) (1024K)]
  0x00000205cb43a400 JavaThread "Thread-2"                   daemon [_thread_in_native, id=18104, stack(0x0000007135700000,0x0000007135800000) (1024K)]
  0x00000205cb43b120 JavaThread "Thread-3"                   daemon [_thread_in_native, id=11492, stack(0x0000007135800000,0x0000007135900000) (1024K)]
  0x00000205cb43b7b0 JavaThread "Thread-4"                   daemon [_thread_in_native, id=23144, stack(0x0000007135900000,0x0000007135a00000) (1024K)]
  0x00000205cb43be40 JavaThread "Thread-5"                   daemon [_thread_in_native, id=6048, stack(0x0000007135a00000,0x0000007135b00000) (1024K)]
  0x00000205cb439d70 JavaThread "Thread-6"                   daemon [_thread_in_native, id=11692, stack(0x0000007135b00000,0x0000007135c00000) (1024K)]
  0x00000205cb43c4d0 JavaThread "Thread-7"                   daemon [_thread_in_native, id=22068, stack(0x0000007135c00000,0x0000007135d00000) (1024K)]
  0x00000205cb439050 JavaThread "Thread-8"                   daemon [_thread_in_native, id=18456, stack(0x0000007135d00000,0x0000007135e00000) (1024K)]
  0x00000205cb4396e0 JavaThread "Thread-9"                   daemon [_thread_in_native, id=14376, stack(0x0000007135e00000,0x0000007135f00000) (1024K)]
  0x00000205cb43cb60 JavaThread "Thread-10"                  daemon [_thread_in_native, id=9944, stack(0x0000007135f00000,0x0000007136000000) (1024K)]
  0x00000205cb43d1f0 JavaThread "Thread-11"                  daemon [_thread_in_native, id=21312, stack(0x0000007136000000,0x0000007136100000) (1024K)]
  0x00000205cb43df10 JavaThread "Thread-12"                  daemon [_thread_in_native, id=16560, stack(0x0000007136100000,0x0000007136200000) (1024K)]
  0x00000205cb43d880 JavaThread "Thread-13"                  daemon [_thread_in_native, id=3172, stack(0x0000007136200000,0x0000007136300000) (1024K)]
  0x00000205cb43aa90 JavaThread "Thread-14"                  daemon [_thread_in_native, id=4928, stack(0x0000007136300000,0x0000007136400000) (1024K)]
  0x00000205cb43e5a0 JavaThread "Thread-15"                  daemon [_thread_in_native, id=10632, stack(0x0000007136400000,0x0000007136500000) (1024K)]
  0x00000205cb440670 JavaThread "Thread-16"                  daemon [_thread_in_native, id=18312, stack(0x0000007136500000,0x0000007136600000) (1024K)]
  0x00000205cb43ec30 JavaThread "Thread-17"                  daemon [_thread_in_native, id=9120, stack(0x0000007136600000,0x0000007136700000) (1024K)]
  0x00000205cb43ffe0 JavaThread "Thread-18"                  daemon [_thread_in_native, id=8292, stack(0x0000007136700000,0x0000007136800000) (1024K)]
  0x00000205cb43f950 JavaThread "pool-2-thread-1"                   [_thread_blocked, id=7936, stack(0x0000007136800000,0x0000007136900000) (1024K)]
  0x00000205cb43f2c0 JavaThread "WorkspaceEventsHandler"            [_thread_blocked, id=16004, stack(0x0000007136c00000,0x0000007136d00000) (1024K)]
  0x00000205cf144260 JavaThread "pool-1-thread-1"                   [_thread_blocked, id=3196, stack(0x0000007136d00000,0x0000007136e00000) (1024K)]
  0x00000205cf145610 JavaThread "Worker-4"                          [_thread_blocked, id=9072, stack(0x0000007136b00000,0x0000007136c00000) (1024K)]
  0x00000205cf145ca0 JavaThread "Worker-5"                          [_thread_blocked, id=3272, stack(0x0000007136e00000,0x0000007136f00000) (1024K)]
  0x00000205ca20d0c0 JavaThread "C2 CompilerThread1"         daemon [_thread_in_native, id=20132, stack(0x0000007133100000,0x0000007133200000) (1024K)]
Total: 47

Other Threads:
  0x00000205ffcd5180 VMThread "VM Thread"                           [id=17928, stack(0x0000007132800000,0x0000007132900000) (1024K)]
  0x00000205ffbcca10 WatcherThread "VM Periodic Task Thread"        [id=5824, stack(0x0000007132700000,0x0000007132800000) (1024K)]
  0x00000205ed91c8e0 WorkerThread "GC Thread#0"                     [id=1836, stack(0x0000007132600000,0x0000007132700000) (1024K)]
  0x00000205ca80fa60 WorkerThread "GC Thread#1"                     [id=20580, stack(0x0000007133900000,0x0000007133a00000) (1024K)]
  0x00000205cac13680 WorkerThread "GC Thread#2"                     [id=21116, stack(0x0000007133a00000,0x0000007133b00000) (1024K)]
  0x00000205cac13a20 WorkerThread "GC Thread#3"                     [id=20640, stack(0x0000007133b00000,0x0000007133c00000) (1024K)]
  0x00000205ca8a1000 WorkerThread "GC Thread#4"                     [id=16124, stack(0x0000007133c00000,0x0000007133d00000) (1024K)]
  0x00000205ca8a13a0 WorkerThread "GC Thread#5"                     [id=3996, stack(0x0000007133d00000,0x0000007133e00000) (1024K)]
  0x00000205cac08460 WorkerThread "GC Thread#6"                     [id=17920, stack(0x0000007134000000,0x0000007134100000) (1024K)]
  0x00000205cab28680 WorkerThread "GC Thread#7"                     [id=1384, stack(0x0000007134100000,0x0000007134200000) (1024K)]
  0x00000205cb021d20 WorkerThread "GC Thread#8"                     [id=21264, stack(0x0000007134600000,0x0000007134700000) (1024K)]
  0x00000205caf1e140 WorkerThread "GC Thread#9"                     [id=12840, stack(0x0000007134700000,0x0000007134800000) (1024K)]
  0x00000205caf1da00 WorkerThread "GC Thread#10"                    [id=21004, stack(0x0000007134800000,0x0000007134900000) (1024K)]
  0x00000205caf1d660 WorkerThread "GC Thread#11"                    [id=22792, stack(0x0000007134b00000,0x0000007134c00000) (1024K)]
  0x00000205caf1c7e0 WorkerThread "GC Thread#12"                    [id=1724, stack(0x0000007134c00000,0x0000007134d00000) (1024K)]
Total: 15

Threads with active compile tasks:
C2 CompilerThread0  18729 9167   !   4       org.eclipse.jdt.internal.core.search.indexing.BinaryIndexer::indexDocument (1204 bytes)
C2 CompilerThread1  18729 9175 % !   4       org.eclipse.jdt.internal.compiler.classfmt.ClassFileReader::<init> @ 81 (2135 bytes)
Total: 2

VM state: not at safepoint (normal execution)

VM Mutex/Monitor currently owned by a thread: None

Heap address: 0x00000000c0000000, size: 1024 MB, Compressed Oops mode: 32-bit

CDS archive(s) mapped at: [0x0000020582000000-0x0000020582ba0000-0x0000020582ba0000), size 12189696, SharedBaseAddress: 0x0000020582000000, ArchiveRelocationMode: 1.
Compressed class space mapped at: 0x0000020583000000-0x00000205c3000000, reserved size: 1073741824
Narrow klass base: 0x0000020582000000, Narrow klass shift: 0, Narrow klass range: 0x100000000

GC Precious Log:
 CardTable entry size: 512
 CPUs: 16 total, 16 available
 Memory: 16098M
 Large Page Support: Disabled
 NUMA Support: Disabled
 Compressed Oops: Enabled (32-bit)
 Alignments: Space 512K, Generation 512K, Heap 2M
 Heap Min Capacity: 100M
 Heap Initial Capacity: 100M
 Heap Max Capacity: 1G
 Pre-touch: Disabled
 Parallel Workers: 13

Heap:
 PSYoungGen      total 3584K, used 2974K [0x00000000eab00000, 0x00000000eaf80000, 0x0000000100000000)
  eden space 2560K, 94% used [0x00000000eab00000,0x00000000ead5f9e8,0x00000000ead80000)
  from space 1024K, 53% used [0x00000000eae80000,0x00000000eaf08000,0x00000000eaf80000)
  to   space 1024K, 0% used [0x00000000ead80000,0x00000000ead80000,0x00000000eae80000)
 ParOldGen       total 412672K, used 412363K [0x00000000c0000000, 0x00000000d9300000, 0x00000000eab00000)
  object space 412672K, 99% used [0x00000000c0000000,0x00000000d92b2fa0,0x00000000d9300000)
 Metaspace       used 49996K, committed 51136K, reserved 1114112K
  class space    used 5204K, committed 5696K, reserved 1048576K

Card table byte_map: [0x00000205ed2d0000,0x00000205ed4e0000] _byte_map_base: 0x00000205eccd0000

Marking Bits: (ParMarkBitMap*) 0x00007ff8ecdb3260
 Begin Bits: [0x0000020580000000, 0x0000020581000000)
 End Bits:   [0x0000020581000000, 0x0000020582000000)

Polling page: 0x00000205ed0c0000

Metaspace:

Usage:
  Non-class:     43.74 MB used.
      Class:      5.08 MB used.
       Both:     48.83 MB used.

Virtual space:
  Non-class space:       64.00 MB reserved,      44.38 MB ( 69%) committed,  1 nodes.
      Class space:        1.00 GB reserved,       5.56 MB ( <1%) committed,  1 nodes.
             Both:        1.06 GB reserved,      49.94 MB (  5%) committed. 

Chunk freelists:
   Non-Class:  3.19 MB
       Class:  10.45 MB
        Both:  13.64 MB

MaxMetaspaceSize: unlimited
CompressedClassSpaceSize: 1.00 GB
Initial GC threshold: 21.00 MB
Current GC threshold: 58.38 MB
CDS: on
 - commit_granule_bytes: 65536.
 - commit_granule_words: 8192.
 - virtual_space_node_default_size: 8388608.
 - enlarge_chunks_in_place: 1.
 - use_allocation_guard: 0.


Internal statistics:

num_allocs_failed_limit: 6.
num_arena_births: 860.
num_arena_deaths: 14.
num_vsnodes_births: 2.
num_vsnodes_deaths: 0.
num_space_committed: 799.
num_space_uncommitted: 0.
num_chunks_returned_to_freelist: 20.
num_chunks_taken_from_freelist: 3019.
num_chunk_merges: 10.
num_chunk_splits: 1935.
num_chunks_enlarged: 1188.
num_inconsistent_stats: 0.

CodeHeap 'non-profiled nmethods': size=119168Kb used=7605Kb max_used=7605Kb free=111562Kb
 bounds [0x00000205f8690000, 0x00000205f8e00000, 0x00000205ffaf0000]
CodeHeap 'profiled nmethods': size=119104Kb used=18531Kb max_used=18531Kb free=100573Kb
 bounds [0x00000205f0af0000, 0x00000205f1d10000, 0x00000205f7f40000]
CodeHeap 'non-nmethods': size=7488Kb used=1391Kb max_used=3157Kb free=6096Kb
 bounds [0x00000205f7f40000, 0x00000205f8260000, 0x00000205f8690000]
 total_blobs=9248 nmethods=8553 adapters=601
 compilation: enabled
              stopped_count=0, restarted_count=0
 full_count=0

Compilation events (20 events):
Event: 15.550 Thread 0x00000205ed9b72c0 nmethod 9161 0x00000205f1ce3f10 code [0x00000205f1ce40e0, 0x00000205f1ce4638]
Event: 15.550 Thread 0x00000205ed9b72c0 9162 % !   3       org.eclipse.jdt.internal.compiler.classfmt.ClassFileReader::<init> @ 81 (2135 bytes)
Event: 15.552 Thread 0x00000205ed9b43e0 9164       4       org.eclipse.jdt.internal.compiler.classfmt.AnnotationInfo::scanElementValue (256 bytes)
Event: 15.557 Thread 0x00000205ed9b72c0 nmethod 9162% 0x00000205f1ce4890 code [0x00000205f1ce53a0, 0x00000205f1cef048]
Event: 15.557 Thread 0x00000205ed9b72c0 9163       3       org.eclipse.jdt.internal.compiler.classfmt.MethodInfo::decodeParamAnnotations (125 bytes)
Event: 15.557 Thread 0x00000205ed9b43e0 nmethod 9164 0x00000205f8dfc010 code [0x00000205f8dfc1e0, 0x00000205f8dfc568]
Event: 15.557 Thread 0x00000205ed9b43e0 9165       4       org.eclipse.jdt.internal.compiler.classfmt.ClassFileStruct::utf8At (171 bytes)
Event: 15.557 Thread 0x00000205ed9b72c0 nmethod 9163 0x00000205f1cf5710 code [0x00000205f1cf5920, 0x00000205f1cf6138]
Event: 15.558 Thread 0x00000205ed9b72c0 9166   !   3       org.eclipse.jdt.internal.compiler.classfmt.ClassFileReader::<init> (2135 bytes)
Event: 15.563 Thread 0x00000205ed9b72c0 nmethod 9166 0x00000205f1cf6510 code [0x00000205f1cf7000, 0x00000205f1d000f0]
Event: 15.564 Thread 0x00000205ed9b43e0 nmethod 9165 0x00000205f8dfc810 code [0x00000205f8dfc9c0, 0x00000205f8dfd0a8]
Event: 15.569 Thread 0x00000205ed9b43e0 9167   !   4       org.eclipse.jdt.internal.core.search.indexing.BinaryIndexer::indexDocument (1204 bytes)
Event: 15.601 Thread 0x00000205ed9b72c0 9169       3       java.lang.ThreadLocal::<init> (12 bytes)
Event: 15.601 Thread 0x00000205ed9b72c0 nmethod 9169 0x00000205f1d06690 code [0x00000205f1d06840, 0x00000205f1d06a58]
Event: 15.601 Thread 0x00000205ed9b72c0 9170       3       java.lang.ThreadLocal::nextHashCode (9 bytes)
Event: 15.601 Thread 0x00000205ed9b72c0 nmethod 9170 0x00000205f1d06b90 code [0x00000205f1d06d40, 0x00000205f1d06e70]
Event: 15.613 Thread 0x00000205ed9b72c0 9172       3       sun.nio.fs.WindowsPath::getPathForWin32Calls (6 bytes)
Event: 15.613 Thread 0x00000205ed9b72c0 nmethod 9172 0x00000205f1d06f10 code [0x00000205f1d070c0, 0x00000205f1d07200]
Event: 15.672 Thread 0x00000205ed9b72c0 9174  s    1       org.eclipse.jdt.internal.core.search.processing.JobManager::getProcessingThread (5 bytes)
Event: 15.672 Thread 0x00000205ed9b72c0 nmethod 9174 0x00000205f8dfd310 code [0x00000205f8dfd4a0, 0x00000205f8dfd628]

GC Heap History (20 events):
Event: 15.543 GC heap before
{Heap before GC invocations=299 (full 2):
 PSYoungGen      total 3584K, used 3244K [0x00000000eab00000, 0x00000000eaf80000, 0x0000000100000000)
  eden space 2560K, 100% used [0x00000000eab00000,0x00000000ead80000,0x00000000ead80000)
  from space 1024K, 66% used [0x00000000eae80000,0x00000000eaf2b008,0x00000000eaf80000)
  to   space 1024K, 0% used [0x00000000ead80000,0x00000000ead80000,0x00000000eae80000)
 ParOldGen       total 408064K, used 407803K [0x00000000c0000000, 0x00000000d8e80000, 0x00000000eab00000)
  object space 408064K, 99% used [0x00000000c0000000,0x00000000d8e3ed60,0x00000000d8e80000)
 Metaspace       used 49996K, committed 51136K, reserved 1114112K
  class space    used 5204K, committed 5696K, reserved 1048576K
}
Event: 15.544 GC heap after
{Heap after GC invocations=299 (full 2):
 PSYoungGen      total 3584K, used 480K [0x00000000eab00000, 0x00000000eaf80000, 0x0000000100000000)
  eden space 2560K, 0% used [0x00000000eab00000,0x00000000eab00000,0x00000000ead80000)
  from space 1024K, 46% used [0x00000000ead80000,0x00000000eadf8000,0x00000000eae80000)
  to   space 1024K, 0% used [0x00000000eae80000,0x00000000eae80000,0x00000000eaf80000)
 ParOldGen       total 408576K, used 408287K [0x00000000c0000000, 0x00000000d8f00000, 0x00000000eab00000)
  object space 408576K, 99% used [0x00000000c0000000,0x00000000d8eb7d68,0x00000000d8f00000)
 Metaspace       used 49996K, committed 51136K, reserved 1114112K
  class space    used 5204K, committed 5696K, reserved 1048576K
}
Event: 15.550 GC heap before
{Heap before GC invocations=300 (full 2):
 PSYoungGen      total 3584K, used 3025K [0x00000000eab00000, 0x00000000eaf80000, 0x0000000100000000)
  eden space 2560K, 99% used [0x00000000eab00000,0x00000000ead7c620,0x00000000ead80000)
  from space 1024K, 46% used [0x00000000ead80000,0x00000000eadf8000,0x00000000eae80000)
  to   space 1024K, 0% used [0x00000000eae80000,0x00000000eae80000,0x00000000eaf80000)
 ParOldGen       total 408576K, used 408287K [0x00000000c0000000, 0x00000000d8f00000, 0x00000000eab00000)
  object space 408576K, 99% used [0x00000000c0000000,0x00000000d8eb7d68,0x00000000d8f00000)
 Metaspace       used 49996K, committed 51136K, reserved 1114112K
  class space    used 5204K, committed 5696K, reserved 1048576K
}
Event: 15.551 GC heap after
{Heap after GC invocations=300 (full 2):
 PSYoungGen      total 3072K, used 473K [0x00000000eab00000, 0x00000000eaf00000, 0x0000000100000000)
  eden space 2560K, 0% used [0x00000000eab00000,0x00000000eab00000,0x00000000ead80000)
  from space 512K, 92% used [0x00000000eae80000,0x00000000eaef6548,0x00000000eaf00000)
  to   space 512K, 0% used [0x00000000eae00000,0x00000000eae00000,0x00000000eae80000)
 ParOldGen       total 409088K, used 408631K [0x00000000c0000000, 0x00000000d8f80000, 0x00000000eab00000)
  object space 409088K, 99% used [0x00000000c0000000,0x00000000d8f0dd68,0x00000000d8f80000)
 Metaspace       used 49996K, committed 51136K, reserved 1114112K
  class space    used 5204K, committed 5696K, reserved 1048576K
}
Event: 15.555 GC heap before
{Heap before GC invocations=301 (full 2):
 PSYoungGen      total 3072K, used 3033K [0x00000000eab00000, 0x00000000eaf00000, 0x0000000100000000)
  eden space 2560K, 100% used [0x00000000eab00000,0x00000000ead80000,0x00000000ead80000)
  from space 512K, 92% used [0x00000000eae80000,0x00000000eaef6548,0x00000000eaf00000)
  to   space 512K, 0% used [0x00000000eae00000,0x00000000eae00000,0x00000000eae80000)
 ParOldGen       total 409088K, used 408631K [0x00000000c0000000, 0x00000000d8f80000, 0x00000000eab00000)
  object space 409088K, 99% used [0x00000000c0000000,0x00000000d8f0dd68,0x00000000d8f80000)
 Metaspace       used 49996K, committed 51136K, reserved 1114112K
  class space    used 5204K, committed 5696K, reserved 1048576K
}
Event: 15.556 GC heap after
{Heap after GC invocations=301 (full 2):
 PSYoungGen      total 3072K, used 480K [0x00000000eab00000, 0x00000000eaf00000, 0x0000000100000000)
  eden space 2560K, 0% used [0x00000000eab00000,0x00000000eab00000,0x00000000ead80000)
  from space 512K, 93% used [0x00000000eae00000,0x00000000eae78000,0x00000000eae80000)
  to   space 512K, 0% used [0x00000000eae80000,0x00000000eae80000,0x00000000eaf00000)
 ParOldGen       total 409088K, used 408943K [0x00000000c0000000, 0x00000000d8f80000, 0x00000000eab00000)
  object space 409088K, 99% used [0x00000000c0000000,0x00000000d8f5bd68,0x00000000d8f80000)
 Metaspace       used 49996K, committed 51136K, reserved 1114112K
  class space    used 5204K, committed 5696K, reserved 1048576K
}
Event: 15.561 GC heap before
{Heap before GC invocations=302 (full 2):
 PSYoungGen      total 3072K, used 3040K [0x00000000eab00000, 0x00000000eaf00000, 0x0000000100000000)
  eden space 2560K, 100% used [0x00000000eab00000,0x00000000ead80000,0x00000000ead80000)
  from space 512K, 93% used [0x00000000eae00000,0x00000000eae78000,0x00000000eae80000)
  to   space 512K, 0% used [0x00000000eae80000,0x00000000eae80000,0x00000000eaf00000)
 ParOldGen       total 409088K, used 408943K [0x00000000c0000000, 0x00000000d8f80000, 0x00000000eab00000)
  object space 409088K, 99% used [0x00000000c0000000,0x00000000d8f5bd68,0x00000000d8f80000)
 Metaspace       used 49996K, committed 51136K, reserved 1114112K
  class space    used 5204K, committed 5696K, reserved 1048576K
}
Event: 15.562 GC heap after
{Heap after GC invocations=302 (full 2):
 PSYoungGen      total 3072K, used 448K [0x00000000eab00000, 0x00000000eaf00000, 0x0000000100000000)
  eden space 2560K, 0% used [0x00000000eab00000,0x00000000eab00000,0x00000000ead80000)
  from space 512K, 87% used [0x00000000eae80000,0x00000000eaef0000,0x00000000eaf00000)
  to   space 512K, 0% used [0x00000000eae00000,0x00000000eae00000,0x00000000eae80000)
 ParOldGen       total 409600K, used 409239K [0x00000000c0000000, 0x00000000d9000000, 0x00000000eab00000)
  object space 409600K, 99% used [0x00000000c0000000,0x00000000d8fa5d68,0x00000000d9000000)
 Metaspace       used 49996K, committed 51136K, reserved 1114112K
  class space    used 5204K, committed 5696K, reserved 1048576K
}
Event: 15.567 GC heap before
{Heap before GC invocations=303 (full 2):
 PSYoungGen      total 3072K, used 3008K [0x00000000eab00000, 0x00000000eaf00000, 0x0000000100000000)
  eden space 2560K, 100% used [0x00000000eab00000,0x00000000ead80000,0x00000000ead80000)
  from space 512K, 87% used [0x00000000eae80000,0x00000000eaef0000,0x00000000eaf00000)
  to   space 512K, 0% used [0x00000000eae00000,0x00000000eae00000,0x00000000eae80000)
 ParOldGen       total 409600K, used 409239K [0x00000000c0000000, 0x00000000d9000000, 0x00000000eab00000)
  object space 409600K, 99% used [0x00000000c0000000,0x00000000d8fa5d68,0x00000000d9000000)
 Metaspace       used 49996K, committed 51136K, reserved 1114112K
  class space    used 5204K, committed 5696K, reserved 1048576K
}
Event: 15.567 GC heap after
{Heap after GC invocations=303 (full 2):
 PSYoungGen      total 3072K, used 485K [0x00000000eab00000, 0x00000000eaf80000, 0x0000000100000000)
  eden space 2560K, 0% used [0x00000000eab00000,0x00000000eab00000,0x00000000ead80000)
  from space 512K, 94% used [0x00000000eae00000,0x00000000eae79668,0x00000000eae80000)
  to   space 1024K, 0% used [0x00000000eae80000,0x00000000eae80000,0x00000000eaf80000)
 ParOldGen       total 409600K, used 409551K [0x00000000c0000000, 0x00000000d9000000, 0x00000000eab00000)
  object space 409600K, 99% used [0x00000000c0000000,0x00000000d8ff3d68,0x00000000d9000000)
 Metaspace       used 49996K, committed 51136K, reserved 1114112K
  class space    used 5204K, committed 5696K, reserved 1048576K
}
Event: 15.571 GC heap before
{Heap before GC invocations=304 (full 2):
 PSYoungGen      total 3072K, used 3045K [0x00000000eab00000, 0x00000000eaf80000, 0x0000000100000000)
  eden space 2560K, 100% used [0x00000000eab00000,0x00000000ead80000,0x00000000ead80000)
  from space 512K, 94% used [0x00000000eae00000,0x00000000eae79668,0x00000000eae80000)
  to   space 1024K, 0% used [0x00000000eae80000,0x00000000eae80000,0x00000000eaf80000)
 ParOldGen       total 409600K, used 409551K [0x00000000c0000000, 0x00000000d9000000, 0x00000000eab00000)
  object space 409600K, 99% used [0x00000000c0000000,0x00000000d8ff3d68,0x00000000d9000000)
 Metaspace       used 49996K, committed 51136K, reserved 1114112K
  class space    used 5204K, committed 5696K, reserved 1048576K
}
Event: 15.572 GC heap after
{Heap after GC invocations=304 (full 2):
 PSYoungGen      total 3584K, used 448K [0x00000000eab00000, 0x00000000eaf80000, 0x0000000100000000)
  eden space 2560K, 0% used [0x00000000eab00000,0x00000000eab00000,0x00000000ead80000)
  from space 1024K, 43% used [0x00000000eae80000,0x00000000eaef0000,0x00000000eaf80000)
  to   space 1024K, 0% used [0x00000000ead80000,0x00000000ead80000,0x00000000eae80000)
 ParOldGen       total 410112K, used 409855K [0x00000000c0000000, 0x00000000d9080000, 0x00000000eab00000)
  object space 410112K, 99% used [0x00000000c0000000,0x00000000d903fd68,0x00000000d9080000)
 Metaspace       used 49996K, committed 51136K, reserved 1114112K
  class space    used 5204K, committed 5696K, reserved 1048576K
}
Event: 15.576 GC heap before
{Heap before GC invocations=305 (full 2):
 PSYoungGen      total 3584K, used 3003K [0x00000000eab00000, 0x00000000eaf80000, 0x0000000100000000)
  eden space 2560K, 99% used [0x00000000eab00000,0x00000000ead7ed60,0x00000000ead80000)
  from space 1024K, 43% used [0x00000000eae80000,0x00000000eaef0000,0x00000000eaf80000)
  to   space 1024K, 0% used [0x00000000ead80000,0x00000000ead80000,0x00000000eae80000)
 ParOldGen       total 410112K, used 409855K [0x00000000c0000000, 0x00000000d9080000, 0x00000000eab00000)
  object space 410112K, 99% used [0x00000000c0000000,0x00000000d903fd68,0x00000000d9080000)
 Metaspace       used 49996K, committed 51136K, reserved 1114112K
  class space    used 5204K, committed 5696K, reserved 1048576K
}
Event: 15.577 GC heap after
{Heap after GC invocations=305 (full 2):
 PSYoungGen      total 3584K, used 560K [0x00000000eab00000, 0x00000000eaf80000, 0x0000000100000000)
  eden space 2560K, 0% used [0x00000000eab00000,0x00000000eab00000,0x00000000ead80000)
  from space 1024K, 54% used [0x00000000ead80000,0x00000000eae0c010,0x00000000eae80000)
  to   space 1024K, 0% used [0x00000000eae80000,0x00000000eae80000,0x00000000eaf80000)
 ParOldGen       total 410624K, used 410143K [0x00000000c0000000, 0x00000000d9100000, 0x00000000eab00000)
  object space 410624K, 99% used [0x00000000c0000000,0x00000000d9087d68,0x00000000d9100000)
 Metaspace       used 49996K, committed 51136K, reserved 1114112K
  class space    used 5204K, committed 5696K, reserved 1048576K
}
Event: 15.602 GC heap before
{Heap before GC invocations=306 (full 2):
 PSYoungGen      total 3584K, used 3120K [0x00000000eab00000, 0x00000000eaf80000, 0x0000000100000000)
  eden space 2560K, 100% used [0x00000000eab00000,0x00000000ead80000,0x00000000ead80000)
  from space 1024K, 54% used [0x00000000ead80000,0x00000000eae0c010,0x00000000eae80000)
  to   space 1024K, 0% used [0x00000000eae80000,0x00000000eae80000,0x00000000eaf80000)
 ParOldGen       total 410624K, used 410143K [0x00000000c0000000, 0x00000000d9100000, 0x00000000eab00000)
  object space 410624K, 99% used [0x00000000c0000000,0x00000000d9087d68,0x00000000d9100000)
 Metaspace       used 49996K, committed 51136K, reserved 1114112K
  class space    used 5204K, committed 5696K, reserved 1048576K
}
Event: 15.603 GC heap after
{Heap after GC invocations=306 (full 2):
 PSYoungGen      total 3072K, used 384K [0x00000000eab00000, 0x00000000eaf00000, 0x0000000100000000)
  eden space 2560K, 0% used [0x00000000eab00000,0x00000000eab00000,0x00000000ead80000)
  from space 512K, 75% used [0x00000000eae80000,0x00000000eaee0000,0x00000000eaf00000)
  to   space 512K, 0% used [0x00000000eae00000,0x00000000eae00000,0x00000000eae80000)
 ParOldGen       total 410624K, used 410470K [0x00000000c0000000, 0x00000000d9100000, 0x00000000eab00000)
  object space 410624K, 99% used [0x00000000c0000000,0x00000000d90d9870,0x00000000d9100000)
 Metaspace       used 49996K, committed 51136K, reserved 1114112K
  class space    used 5204K, committed 5696K, reserved 1048576K
}
Event: 15.620 GC heap before
{Heap before GC invocations=307 (full 2):
 PSYoungGen      total 3072K, used 2944K [0x00000000eab00000, 0x00000000eaf00000, 0x0000000100000000)
  eden space 2560K, 100% used [0x00000000eab00000,0x00000000ead80000,0x00000000ead80000)
  from space 512K, 75% used [0x00000000eae80000,0x00000000eaee0000,0x00000000eaf00000)
  to   space 512K, 0% used [0x00000000eae00000,0x00000000eae00000,0x00000000eae80000)
 ParOldGen       total 410624K, used 410470K [0x00000000c0000000, 0x00000000d9100000, 0x00000000eab00000)
  object space 410624K, 99% used [0x00000000c0000000,0x00000000d90d9870,0x00000000d9100000)
 Metaspace       used 49996K, committed 51136K, reserved 1114112K
  class space    used 5204K, committed 5696K, reserved 1048576K
}
Event: 15.620 GC heap after
{Heap after GC invocations=307 (full 2):
 PSYoungGen      total 3072K, used 508K [0x00000000eab00000, 0x00000000eaf80000, 0x0000000100000000)
  eden space 2560K, 0% used [0x00000000eab00000,0x00000000eab00000,0x00000000ead80000)
  from space 512K, 99% used [0x00000000eae00000,0x00000000eae7f298,0x00000000eae80000)
  to   space 1024K, 0% used [0x00000000eae80000,0x00000000eae80000,0x00000000eaf80000)
 ParOldGen       total 410624K, used 410566K [0x00000000c0000000, 0x00000000d9100000, 0x00000000eab00000)
  object space 410624K, 99% used [0x00000000c0000000,0x00000000d90f1870,0x00000000d9100000)
 Metaspace       used 49996K, committed 51136K, reserved 1114112K
  class space    used 5204K, committed 5696K, reserved 1048576K
}
Event: 15.626 GC heap before
{Heap before GC invocations=308 (full 2):
 PSYoungGen      total 3072K, used 3058K [0x00000000eab00000, 0x00000000eaf80000, 0x0000000100000000)
  eden space 2560K, 99% used [0x00000000eab00000,0x00000000ead7d5c0,0x00000000ead80000)
  from space 512K, 99% used [0x00000000eae00000,0x00000000eae7f298,0x00000000eae80000)
  to   space 1024K, 0% used [0x00000000eae80000,0x00000000eae80000,0x00000000eaf80000)
 ParOldGen       total 410624K, used 410566K [0x00000000c0000000, 0x00000000d9100000, 0x00000000eab00000)
  object space 410624K, 99% used [0x00000000c0000000,0x00000000d90f1870,0x00000000d9100000)
 Metaspace       used 49996K, committed 51136K, reserved 1114112K
  class space    used 5204K, committed 5696K, reserved 1048576K
}
Event: 15.672 GC heap after
{Heap after GC invocations=308 (full 2):
 PSYoungGen      total 3584K, used 576K [0x00000000eab00000, 0x00000000eb000000, 0x0000000100000000)
  eden space 2560K, 0% used [0x00000000eab00000,0x00000000eab00000,0x00000000ead80000)
  from space 1024K, 56% used [0x00000000eae80000,0x00000000eaf10000,0x00000000eaf80000)
  to   space 1024K, 0% used [0x00000000ead80000,0x00000000ead80000,0x00000000eae80000)
 ParOldGen       total 411136K, used 410917K [0x00000000c0000000, 0x00000000d9180000, 0x00000000eab00000)
  object space 411136K, 99% used [0x00000000c0000000,0x00000000d9149798,0x00000000d9180000)
 Metaspace       used 49996K, committed 51136K, reserved 1114112K
  class space    used 5204K, committed 5696K, reserved 1048576K
}

Dll operation events (10 events):
Event: 0.009 Loaded shared library c:\Users\N-424\.cursor\extensions\redhat.java-1.40.0-win32-x64\jre\21.0.6-win32-x86_64\bin\java.dll
Event: 0.026 Loaded shared library c:\Users\N-424\.cursor\extensions\redhat.java-1.40.0-win32-x64\jre\21.0.6-win32-x86_64\bin\zip.dll
Event: 0.062 Loaded shared library C:\Users\N-424\.cursor\extensions\redhat.java-1.40.0-win32-x64\jre\21.0.6-win32-x86_64\bin\instrument.dll
Event: 0.065 Loaded shared library C:\Users\N-424\.cursor\extensions\redhat.java-1.40.0-win32-x64\jre\21.0.6-win32-x86_64\bin\net.dll
Event: 0.066 Loaded shared library C:\Users\N-424\.cursor\extensions\redhat.java-1.40.0-win32-x64\jre\21.0.6-win32-x86_64\bin\nio.dll
Event: 0.068 Loaded shared library C:\Users\N-424\.cursor\extensions\redhat.java-1.40.0-win32-x64\jre\21.0.6-win32-x86_64\bin\zip.dll
Event: 0.078 Loaded shared library C:\Users\N-424\.cursor\extensions\redhat.java-1.40.0-win32-x64\jre\21.0.6-win32-x86_64\bin\jimage.dll
Event: 0.121 Loaded shared library c:\Users\N-424\.cursor\extensions\redhat.java-1.40.0-win32-x64\jre\21.0.6-win32-x86_64\bin\verify.dll
Event: 0.808 Loaded shared library C:\Users\N-424\AppData\Roaming\Cursor\User\globalStorage\redhat.java\1.40.0\config_win\org.eclipse.equinox.launcher\org.eclipse.equinox.launcher.win32.win32.x86_64_1.2.1200.v20250212-0927\eclipse_11909.dll
Event: 1.671 Loaded shared library C:\Users\N-424\AppData\Local\Temp\jna-73426807\jna17103708717972709882.dll

Deoptimization events (20 events):
Event: 15.361 Thread 0x00000205cab65bf0 DEOPT PACKING pc=0x00000205f8dda97c sp=0x00000071351fea90
Event: 15.361 Thread 0x00000205cab65bf0 DEOPT UNPACKING pc=0x00000205f7f93aa2 sp=0x00000071351fea50 mode 2
Event: 15.437 Thread 0x00000205cab65bf0 Uncommon trap: trap_request=0xffffff45 fr.pc=0x00000205f8def554 relative=0x0000000000002334
Event: 15.437 Thread 0x00000205cab65bf0 Uncommon trap: reason=unstable_if action=reinterpret pc=0x00000205f8def554 method=org.eclipse.jdt.internal.compiler.parser.Scanner.internalScanIdentifierOrKeyword(II[C)I @ 2956 c2
Event: 15.437 Thread 0x00000205cab65bf0 DEOPT PACKING pc=0x00000205f8def554 sp=0x00000071351fed20
Event: 15.437 Thread 0x00000205cab65bf0 DEOPT UNPACKING pc=0x00000205f7f93aa2 sp=0x00000071351fecb0 mode 2
Event: 15.549 Thread 0x00000205cab65bf0 Uncommon trap: trap_request=0xffffff45 fr.pc=0x00000205f8ccea14 relative=0x00000000000065b4
Event: 15.549 Thread 0x00000205cab65bf0 Uncommon trap: reason=unstable_if action=reinterpret pc=0x00000205f8ccea14 method=org.eclipse.jdt.internal.compiler.classfmt.ClassFileReader.<init>([B[CZ)V @ 1364 c2
Event: 15.549 Thread 0x00000205cab65bf0 DEOPT PACKING pc=0x00000205f8ccea14 sp=0x00000071351fe9f0
Event: 15.549 Thread 0x00000205cab65bf0 DEOPT UNPACKING pc=0x00000205f7f93aa2 sp=0x00000071351fe9a0 mode 2
Event: 15.549 Thread 0x00000205cab65bf0 Uncommon trap: trap_request=0xffffff45 fr.pc=0x00000205f8b446cc relative=0x000000000000028c
Event: 15.549 Thread 0x00000205cab65bf0 Uncommon trap: reason=unstable_if action=reinterpret pc=0x00000205f8b446cc method=org.eclipse.jdt.internal.compiler.classfmt.ClassFileStruct.utf8At(II)[C @ 46 c2
Event: 15.549 Thread 0x00000205cab65bf0 DEOPT PACKING pc=0x00000205f8b446cc sp=0x00000071351fe760
Event: 15.549 Thread 0x00000205cab65bf0 DEOPT UNPACKING pc=0x00000205f7f93aa2 sp=0x00000071351fe6e0 mode 2
Event: 15.616 Thread 0x00000205cab65bf0 DEOPT PACKING pc=0x00000205f180f267 sp=0x00000071351fe870
Event: 15.616 Thread 0x00000205cab65bf0 DEOPT UNPACKING pc=0x00000205f7f94242 sp=0x00000071351fdde0 mode 0
Event: 15.622 Thread 0x00000205cab65bf0 Uncommon trap: trap_request=0xffffff45 fr.pc=0x00000205f8d792b0 relative=0x0000000000000fd0
Event: 15.622 Thread 0x00000205cab65bf0 Uncommon trap: reason=unstable_if action=reinterpret pc=0x00000205f8d792b0 method=org.eclipse.jdt.internal.compiler.classfmt.AnnotationInfo.scanAnnotation(IZZ)I @ 188 c2
Event: 15.622 Thread 0x00000205cab65bf0 DEOPT PACKING pc=0x00000205f8d792b0 sp=0x00000071351fe700
Event: 15.622 Thread 0x00000205cab65bf0 DEOPT UNPACKING pc=0x00000205f7f93aa2 sp=0x00000071351fe698 mode 2

Classes loaded (20 events):
Event: 7.248 Loading class sun/nio/fs/WindowsFileSystem$2
Event: 7.248 Loading class java/nio/file/PathMatcher
Event: 7.248 Loading class java/nio/file/PathMatcher done
Event: 7.248 Loading class sun/nio/fs/WindowsFileSystem$2 done
Event: 7.277 Loading class java/nio/file/FileChannelLinesSpliterator
Event: 7.277 Loading class java/nio/file/FileChannelLinesSpliterator done
Event: 7.279 Loading class java/util/stream/Streams$1
Event: 7.279 Loading class java/util/stream/Streams$1 done
Event: 7.279 Loading class java/nio/file/FileChannelLinesSpliterator$1
Event: 7.279 Loading class java/nio/file/FileChannelLinesSpliterator$1 done
Event: 7.279 Loading class java/util/Collections$SynchronizedRandomAccessList
Event: 7.280 Loading class java/util/Collections$SynchronizedList
Event: 7.280 Loading class java/util/Collections$SynchronizedList done
Event: 7.280 Loading class java/util/Collections$SynchronizedRandomAccessList done
Event: 7.281 Loading class java/security/DigestInputStream
Event: 7.281 Loading class java/security/DigestInputStream done
Event: 7.287 Loading class java/util/concurrent/CompletableFuture$Signaller
Event: 7.288 Loading class java/util/concurrent/CompletableFuture$Signaller done
Event: 11.521 Loading class sun/nio/fs/WindowsFileCopy
Event: 11.522 Loading class sun/nio/fs/WindowsFileCopy done

Classes unloaded (7 events):
Event: 1.969 Thread 0x00000205ffcd5180 Unloading class 0x000002058319c000 'java/lang/invoke/LambdaForm$MH+0x000002058319c000'
Event: 1.969 Thread 0x00000205ffcd5180 Unloading class 0x000002058319bc00 'java/lang/invoke/LambdaForm$MH+0x000002058319bc00'
Event: 1.969 Thread 0x00000205ffcd5180 Unloading class 0x000002058319b800 'java/lang/invoke/LambdaForm$MH+0x000002058319b800'
Event: 1.969 Thread 0x00000205ffcd5180 Unloading class 0x000002058319b400 'java/lang/invoke/LambdaForm$MH+0x000002058319b400'
Event: 1.969 Thread 0x00000205ffcd5180 Unloading class 0x000002058319b000 'java/lang/invoke/LambdaForm$BMH+0x000002058319b000'
Event: 1.969 Thread 0x00000205ffcd5180 Unloading class 0x000002058319ac00 'java/lang/invoke/LambdaForm$DMH+0x000002058319ac00'
Event: 1.969 Thread 0x00000205ffcd5180 Unloading class 0x0000020583199c00 'java/lang/invoke/LambdaForm$DMH+0x0000020583199c00'

Classes redefined (0 events):
No events

Internal exceptions (20 events):
Event: 15.083 Thread 0x00000205cab65bf0 Exception <a 'sun/nio/fs/WindowsException'{0x00000000eadfe650}> (0x00000000eadfe650) 
thrown [s\src\hotspot\share\prims\jni.cpp, line 520]
Event: 15.111 Thread 0x00000205cab65bf0 Exception <a 'sun/nio/fs/WindowsException'{0x00000000eadd5d30}> (0x00000000eadd5d30) 
thrown [s\src\hotspot\share\prims\jni.cpp, line 520]
Event: 15.251 Thread 0x00000205cab65bf0 Exception <a 'sun/nio/fs/WindowsException'{0x00000000eabe6bd0}> (0x00000000eabe6bd0) 
thrown [s\src\hotspot\share\prims\jni.cpp, line 520]
Event: 15.258 Thread 0x00000205cab65bf0 Exception <a 'sun/nio/fs/WindowsException'{0x00000000eabf76a0}> (0x00000000eabf76a0) 
thrown [s\src\hotspot\share\prims\jni.cpp, line 520]
Event: 15.266 Thread 0x00000205cab65bf0 Exception <a 'sun/nio/fs/WindowsException'{0x00000000eac08278}> (0x00000000eac08278) 
thrown [s\src\hotspot\share\prims\jni.cpp, line 520]
Event: 15.272 Thread 0x00000205cab65bf0 Exception <a 'sun/nio/fs/WindowsException'{0x00000000eac18d78}> (0x00000000eac18d78) 
thrown [s\src\hotspot\share\prims\jni.cpp, line 520]
Event: 15.279 Thread 0x00000205cab65bf0 Exception <a 'sun/nio/fs/WindowsException'{0x00000000eac29a18}> (0x00000000eac29a18) 
thrown [s\src\hotspot\share\prims\jni.cpp, line 520]
Event: 15.284 Thread 0x00000205cab65bf0 Exception <a 'sun/nio/fs/WindowsException'{0x00000000eac3a560}> (0x00000000eac3a560) 
thrown [s\src\hotspot\share\prims\jni.cpp, line 520]
Event: 15.290 Thread 0x00000205cab65bf0 Exception <a 'sun/nio/fs/WindowsException'{0x00000000eac4af08}> (0x00000000eac4af08) 
thrown [s\src\hotspot\share\prims\jni.cpp, line 520]
Event: 15.295 Thread 0x00000205cab65bf0 Exception <a 'sun/nio/fs/WindowsException'{0x00000000eac5c7e8}> (0x00000000eac5c7e8) 
thrown [s\src\hotspot\share\prims\jni.cpp, line 520]
Event: 15.300 Thread 0x00000205cab65bf0 Exception <a 'sun/nio/fs/WindowsException'{0x00000000eac6d0e0}> (0x00000000eac6d0e0) 
thrown [s\src\hotspot\share\prims\jni.cpp, line 520]
Event: 15.306 Thread 0x00000205cab65bf0 Exception <a 'sun/nio/fs/WindowsException'{0x00000000eac7dd38}> (0x00000000eac7dd38) 
thrown [s\src\hotspot\share\prims\jni.cpp, line 520]
Event: 15.313 Thread 0x00000205cab65bf0 Exception <a 'sun/nio/fs/WindowsException'{0x00000000ead180e0}> (0x00000000ead180e0) 
thrown [s\src\hotspot\share\prims\jni.cpp, line 520]
Event: 15.338 Thread 0x00000205cab65bf0 Exception <a 'sun/nio/fs/WindowsException'{0x00000000eabfb440}> (0x00000000eabfb440) 
thrown [s\src\hotspot\share\prims\jni.cpp, line 520]
Event: 15.345 Thread 0x00000205cab65bf0 Exception <a 'sun/nio/fs/WindowsException'{0x00000000eac0b798}> (0x00000000eac0b798) 
thrown [s\src\hotspot\share\prims\jni.cpp, line 520]
Event: 15.366 Thread 0x00000205cab65bf0 Exception <a 'sun/nio/fs/WindowsException'{0x00000000eac221f0}> (0x00000000eac221f0) 
thrown [s\src\hotspot\share\prims\jni.cpp, line 520]
Event: 15.385 Thread 0x00000205cab65bf0 Exception <a 'sun/nio/fs/WindowsException'{0x00000000eac8ffd8}> (0x00000000eac8ffd8) 
thrown [s\src\hotspot\share\prims\jni.cpp, line 520]
Event: 15.469 Thread 0x00000205cab65bf0 Exception <a 'sun/nio/fs/WindowsException'{0x00000000ead4f978}> (0x00000000ead4f978) 
thrown [s\src\hotspot\share\prims\jni.cpp, line 520]
Event: 15.599 Thread 0x00000205cab65bf0 Exception <a 'sun/nio/fs/WindowsException'{0x00000000ead79310}> (0x00000000ead79310) 
thrown [s\src\hotspot\share\prims\jni.cpp, line 520]
Event: 15.613 Thread 0x00000205cab65bf0 Exception <a 'sun/nio/fs/WindowsException'{0x00000000eac59bc0}> (0x00000000eac59bc0) 
thrown [s\src\hotspot\share\prims\jni.cpp, line 520]

ZGC Phase Switch (0 events):
No events

VM Operations (20 events):
Event: 15.543 Executing VM operation: ParallelGCFailedAllocation (Allocation Failure)
Event: 15.544 Executing VM operation: ParallelGCFailedAllocation (Allocation Failure) done
Event: 15.550 Executing VM operation: ParallelGCFailedAllocation (Allocation Failure)
Event: 15.551 Executing VM operation: ParallelGCFailedAllocation (Allocation Failure) done
Event: 15.555 Executing VM operation: ParallelGCFailedAllocation (Allocation Failure)
Event: 15.556 Executing VM operation: ParallelGCFailedAllocation (Allocation Failure) done
Event: 15.561 Executing VM operation: ParallelGCFailedAllocation (Allocation Failure)
Event: 15.562 Executing VM operation: ParallelGCFailedAllocation (Allocation Failure) done
Event: 15.567 Executing VM operation: ParallelGCFailedAllocation (Allocation Failure)
Event: 15.567 Executing VM operation: ParallelGCFailedAllocation (Allocation Failure) done
Event: 15.571 Executing VM operation: ParallelGCFailedAllocation (Allocation Failure)
Event: 15.572 Executing VM operation: ParallelGCFailedAllocation (Allocation Failure) done
Event: 15.576 Executing VM operation: ParallelGCFailedAllocation (Allocation Failure)
Event: 15.577 Executing VM operation: ParallelGCFailedAllocation (Allocation Failure) done
Event: 15.602 Executing VM operation: ParallelGCFailedAllocation (Allocation Failure)
Event: 15.603 Executing VM operation: ParallelGCFailedAllocation (Allocation Failure) done
Event: 15.620 Executing VM operation: ParallelGCFailedAllocation (Allocation Failure)
Event: 15.620 Executing VM operation: ParallelGCFailedAllocation (Allocation Failure) done
Event: 15.626 Executing VM operation: ParallelGCFailedAllocation (Allocation Failure)
Event: 15.672 Executing VM operation: ParallelGCFailedAllocation (Allocation Failure) done

Memory protections (0 events):
No events

Nmethod flushes (20 events):
Event: 2.891 Thread 0x00000205ffcd5180 flushing  nmethod 0x00000205f11daf90
Event: 2.891 Thread 0x00000205ffcd5180 flushing  nmethod 0x00000205f11f2890
Event: 2.891 Thread 0x00000205ffcd5180 flushing  nmethod 0x00000205f1217110
Event: 2.891 Thread 0x00000205ffcd5180 flushing  nmethod 0x00000205f121a890
Event: 2.891 Thread 0x00000205ffcd5180 flushing  nmethod 0x00000205f121b190
Event: 2.891 Thread 0x00000205ffcd5180 flushing  nmethod 0x00000205f121c390
Event: 2.891 Thread 0x00000205ffcd5180 flushing  nmethod 0x00000205f121cb90
Event: 2.891 Thread 0x00000205ffcd5180 flushing  nmethod 0x00000205f121dc90
Event: 2.891 Thread 0x00000205ffcd5180 flushing  nmethod 0x00000205f121ed90
Event: 2.891 Thread 0x00000205ffcd5180 flushing  nmethod 0x00000205f121f690
Event: 2.891 Thread 0x00000205ffcd5180 flushing  nmethod 0x00000205f121fb10
Event: 2.891 Thread 0x00000205ffcd5180 flushing  nmethod 0x00000205f1220a90
Event: 2.891 Thread 0x00000205ffcd5180 flushing  nmethod 0x00000205f1223310
Event: 2.891 Thread 0x00000205ffcd5180 flushing  nmethod 0x00000205f1225b10
Event: 2.891 Thread 0x00000205ffcd5180 flushing  nmethod 0x00000205f122a290
Event: 2.891 Thread 0x00000205ffcd5180 flushing  nmethod 0x00000205f1267590
Event: 2.891 Thread 0x00000205ffcd5180 flushing  nmethod 0x00000205f1278010
Event: 2.891 Thread 0x00000205ffcd5180 flushing  nmethod 0x00000205f1278410
Event: 2.891 Thread 0x00000205ffcd5180 flushing  nmethod 0x00000205f1323390
Event: 2.891 Thread 0x00000205ffcd5180 flushing  nmethod 0x00000205f1350e10

Events (20 events):
Event: 7.918 Thread 0x00000205d007e350 Thread exited: 0x00000205d007e350
Event: 8.283 Thread 0x00000205d007fe90 Thread exited: 0x00000205d007fe90
Event: 8.441 Thread 0x00000205d007f7c0 Thread exited: 0x00000205d007f7c0
Event: 9.530 Thread 0x00000205d007ea20 Thread exited: 0x00000205d007ea20
Event: 9.530 Thread 0x00000205c45eb190 Thread exited: 0x00000205c45eb190
Event: 10.647 Thread 0x00000205c4439480 Thread exited: 0x00000205c4439480
Event: 10.647 Thread 0x00000205d007dc80 Thread exited: 0x00000205d007dc80
Event: 10.648 Thread 0x00000205c437fc40 Thread exited: 0x00000205c437fc40
Event: 11.542 Thread 0x00000205ed9b72c0 Thread added: 0x00000205ca20d0c0
Event: 11.542 Thread 0x00000205ed9b72c0 Thread added: 0x00000205ca20d790
Event: 11.542 Thread 0x00000205ed9b72c0 Thread added: 0x00000205ca20de60
Event: 11.549 Thread 0x00000205ed9b72c0 Thread added: 0x00000205ca20a7e0
Event: 12.200 Thread 0x00000205ca20a7e0 Thread exited: 0x00000205ca20a7e0
Event: 12.355 Thread 0x00000205ca20de60 Thread exited: 0x00000205ca20de60
Event: 14.665 Thread 0x00000205ca20d790 Thread exited: 0x00000205ca20d790
Event: 14.739 Thread 0x00000205ca20d0c0 Thread exited: 0x00000205ca20d0c0
Event: 14.766 Thread 0x00000205ed9b72c0 Thread added: 0x00000205ca20d0c0
Event: 14.776 Thread 0x00000205ca20d0c0 Thread added: 0x00000205ca20d790
Event: 15.177 Thread 0x00000205ca20d790 Thread exited: 0x00000205ca20d790
Event: 15.293 Thread 0x00000205ca20d0c0 Thread exited: 0x00000205ca20d0c0


Dynamic libraries:
0x00007ff6c4210000 - 0x00007ff6c421e000 	c:\Users\N-424\.cursor\extensions\redhat.java-1.40.0-win32-x64\jre\21.0.6-win32-x86_64\bin\java.exe
0x00007ff9972e0000 - 0x00007ff997543000 	C:\WINDOWS\SYSTEM32\ntdll.dll
0x00007ff995120000 - 0x00007ff9951e7000 	C:\WINDOWS\System32\KERNEL32.DLL
0x00007ff994d50000 - 0x00007ff995117000 	C:\WINDOWS\System32\KERNELBASE.dll
0x00007ff994930000 - 0x00007ff994a7c000 	C:\WINDOWS\System32\ucrtbase.dll
0x00007ff972c70000 - 0x00007ff972c88000 	c:\Users\N-424\.cursor\extensions\redhat.java-1.40.0-win32-x64\jre\21.0.6-win32-x86_64\bin\jli.dll
0x00007ff978c40000 - 0x00007ff978c5e000 	c:\Users\N-424\.cursor\extensions\redhat.java-1.40.0-win32-x64\jre\21.0.6-win32-x86_64\bin\VCRUNTIME140.dll
0x00007ff996820000 - 0x00007ff9969e9000 	C:\WINDOWS\System32\USER32.dll
0x00007ff994d20000 - 0x00007ff994d47000 	C:\WINDOWS\System32\win32u.dll
0x00007ff973540000 - 0x00007ff9737d0000 	C:\WINDOWS\WinSxS\amd64_microsoft.windows.common-controls_6595b64144ccf1df_6.0.26100.3037_none_3e09262ce333c378\COMCTL32.dll
0x00007ff996660000 - 0x00007ff99668a000 	C:\WINDOWS\System32\GDI32.dll
0x00007ff995220000 - 0x00007ff9952c9000 	C:\WINDOWS\System32\msvcrt.dll
0x00007ff994b30000 - 0x00007ff994c5b000 	C:\WINDOWS\System32\gdi32full.dll
0x00007ff994a80000 - 0x00007ff994b23000 	C:\WINDOWS\System32\msvcp_win.dll
0x00007ff996410000 - 0x00007ff99643f000 	C:\WINDOWS\System32\IMM32.DLL
0x00007ff98dc70000 - 0x00007ff98dc7c000 	c:\Users\N-424\.cursor\extensions\redhat.java-1.40.0-win32-x64\jre\21.0.6-win32-x86_64\bin\vcruntime140_1.dll
0x00007ff957f80000 - 0x00007ff95800d000 	c:\Users\N-424\.cursor\extensions\redhat.java-1.40.0-win32-x64\jre\21.0.6-win32-x86_64\bin\msvcp140.dll
0x00007ff8ec100000 - 0x00007ff8ece90000 	c:\Users\N-424\.cursor\extensions\redhat.java-1.40.0-win32-x64\jre\21.0.6-win32-x86_64\bin\server\jvm.dll
0x00007ff9960a0000 - 0x00007ff996154000 	C:\WINDOWS\System32\ADVAPI32.dll
0x00007ff9966f0000 - 0x00007ff996796000 	C:\WINDOWS\System32\sechost.dll
0x00007ff997170000 - 0x00007ff997286000 	C:\WINDOWS\System32\RPCRT4.dll
0x00007ff9961f0000 - 0x00007ff996264000 	C:\WINDOWS\System32\WS2_32.dll
0x00007ff988be0000 - 0x00007ff988c16000 	C:\WINDOWS\SYSTEM32\WINMM.dll
0x00007ff993340000 - 0x00007ff99338e000 	C:\WINDOWS\SYSTEM32\POWRPROF.dll
0x00007ff981460000 - 0x00007ff98146b000 	C:\WINDOWS\SYSTEM32\VERSION.dll
0x00007ff993320000 - 0x00007ff993334000 	C:\WINDOWS\SYSTEM32\UMPDC.dll
0x00007ff9935c0000 - 0x00007ff9935da000 	C:\WINDOWS\SYSTEM32\kernel.appcore.dll
0x00007ff98c410000 - 0x00007ff98c41a000 	c:\Users\N-424\.cursor\extensions\redhat.java-1.40.0-win32-x64\jre\21.0.6-win32-x86_64\bin\jimage.dll
0x00007ff991ed0000 - 0x00007ff992111000 	C:\WINDOWS\SYSTEM32\DBGHELP.DLL
0x00007ff995ad0000 - 0x00007ff995e4e000 	C:\WINDOWS\System32\combase.dll
0x00007ff995e60000 - 0x00007ff995f36000 	C:\WINDOWS\System32\OLEAUT32.dll
0x00007ff9757a0000 - 0x00007ff9757d9000 	C:\WINDOWS\SYSTEM32\dbgcore.DLL
0x00007ff994890000 - 0x00007ff994929000 	C:\WINDOWS\System32\bcryptPrimitives.dll
0x00007ff96e3a0000 - 0x00007ff96e3af000 	c:\Users\N-424\.cursor\extensions\redhat.java-1.40.0-win32-x64\jre\21.0.6-win32-x86_64\bin\instrument.dll
0x00007ff96b9e0000 - 0x00007ff96b9ff000 	c:\Users\N-424\.cursor\extensions\redhat.java-1.40.0-win32-x64\jre\21.0.6-win32-x86_64\bin\java.dll
0x00007ff9952d0000 - 0x00007ff9959d4000 	C:\WINDOWS\System32\SHELL32.dll
0x00007ff9923c0000 - 0x00007ff992bf7000 	C:\WINDOWS\SYSTEM32\windows.storage.dll
0x00007ff9959e0000 - 0x00007ff995ac9000 	C:\WINDOWS\System32\SHCORE.dll
0x00007ff996690000 - 0x00007ff9966ed000 	C:\WINDOWS\System32\shlwapi.dll
0x00007ff994590000 - 0x00007ff9945be000 	C:\WINDOWS\SYSTEM32\profapi.dll
0x00007ff968550000 - 0x00007ff968568000 	c:\Users\N-424\.cursor\extensions\redhat.java-1.40.0-win32-x64\jre\21.0.6-win32-x86_64\bin\zip.dll
0x00007ff9836e0000 - 0x00007ff9836f0000 	C:\Users\N-424\.cursor\extensions\redhat.java-1.40.0-win32-x64\jre\21.0.6-win32-x86_64\bin\net.dll
0x00007ff988ab0000 - 0x00007ff988bce000 	C:\WINDOWS\SYSTEM32\WINHTTP.dll
0x00007ff993ad0000 - 0x00007ff993b3a000 	C:\WINDOWS\system32\mswsock.dll
0x00007ff964b80000 - 0x00007ff964b96000 	C:\Users\N-424\.cursor\extensions\redhat.java-1.40.0-win32-x64\jre\21.0.6-win32-x86_64\bin\nio.dll
0x00007ff9642b0000 - 0x00007ff9642c0000 	c:\Users\N-424\.cursor\extensions\redhat.java-1.40.0-win32-x64\jre\21.0.6-win32-x86_64\bin\verify.dll
0x00007ff957f30000 - 0x00007ff957f75000 	C:\Users\N-424\AppData\Roaming\Cursor\User\globalStorage\redhat.java\1.40.0\config_win\org.eclipse.equinox.launcher\org.eclipse.equinox.launcher.win32.win32.x86_64_1.2.1200.v20250212-0927\eclipse_11909.dll
0x00007ff996270000 - 0x00007ff996405000 	C:\WINDOWS\System32\ole32.dll
0x00007ff993d80000 - 0x00007ff993d9c000 	C:\WINDOWS\SYSTEM32\CRYPTSP.dll
0x00007ff993520000 - 0x00007ff993558000 	C:\WINDOWS\system32\rsaenh.dll
0x00007ff993b70000 - 0x00007ff993b9b000 	C:\WINDOWS\SYSTEM32\USERENV.dll
0x00007ff993fb0000 - 0x00007ff993fd6000 	C:\WINDOWS\SYSTEM32\bcrypt.dll
0x00007ff993d70000 - 0x00007ff993d7c000 	C:\WINDOWS\SYSTEM32\CRYPTBASE.dll
0x00007ff993030000 - 0x00007ff993062000 	C:\WINDOWS\SYSTEM32\IPHLPAPI.DLL
0x00007ff996cd0000 - 0x00007ff996cda000 	C:\WINDOWS\System32\NSI.dll
0x00007ff957ee0000 - 0x00007ff957f29000 	C:\Users\N-424\AppData\Local\Temp\jna-73426807\jna17103708717972709882.dll
0x00007ff997290000 - 0x00007ff997298000 	C:\WINDOWS\System32\PSAPI.DLL
0x00007ff98a9d0000 - 0x00007ff98a9ef000 	C:\WINDOWS\SYSTEM32\dhcpcsvc6.DLL
0x00007ff98a970000 - 0x00007ff98a995000 	C:\WINDOWS\SYSTEM32\dhcpcsvc.DLL

dbghelp: loaded successfully - version: 4.0.5 - missing functions: none
symbol engine: initialized successfully - sym options: 0x614 - pdb path: .;c:\Users\N-424\.cursor\extensions\redhat.java-1.40.0-win32-x64\jre\21.0.6-win32-x86_64\bin;C:\WINDOWS\SYSTEM32;C:\WINDOWS\WinSxS\amd64_microsoft.windows.common-controls_6595b64144ccf1df_6.0.26100.3037_none_3e09262ce333c378;c:\Users\N-424\.cursor\extensions\redhat.java-1.40.0-win32-x64\jre\21.0.6-win32-x86_64\bin\server;C:\Users\N-424\AppData\Roaming\Cursor\User\globalStorage\redhat.java\1.40.0\config_win\org.eclipse.equinox.launcher\org.eclipse.equinox.launcher.win32.win32.x86_64_1.2.1200.v20250212-0927;C:\Users\N-424\AppData\Local\Temp\jna-73426807

VM Arguments:
jvm_args: --add-modules=ALL-SYSTEM --add-opens=java.base/java.util=ALL-UNNAMED --add-opens=java.base/java.lang=ALL-UNNAMED --add-opens=java.base/sun.nio.fs=ALL-UNNAMED -Declipse.application=org.eclipse.jdt.ls.core.id1 -Dosgi.bundles.defaultStartLevel=4 -Declipse.product=org.eclipse.jdt.ls.core.product -Djava.import.generatesMetadataFilesAtProjectRoot=false -DDetectVMInstallationsJob.disabled=true -Dfile.encoding=utf8 -XX:+UseParallelGC -XX:GCTimeRatio=4 -XX:AdaptiveSizePolicyWeight=90 -Dsun.zip.disableMemoryMapping=true -Xmx1G -Xms100m -Xlog:disable -javaagent:c:\Users\N-424\.cursor\extensions\redhat.java-1.40.0-win32-x64\lombok\lombok-1.18.36.jar -XX:+HeapDumpOnOutOfMemoryError -XX:HeapDumpPath=c:\Users\N-424\AppData\Roaming\Cursor\User\workspaceStorage\1e711bddc8d52f7b321ba71ed2f3adfd\redhat.java -Daether.dependencyCollector.impl=bf 
java_command: c:\Users\N-424\.cursor\extensions\redhat.java-1.40.0-win32-x64\server\plugins\org.eclipse.equinox.launcher_1.6.1000.v20250131-0606.jar -configuration c:\Users\N-424\AppData\Roaming\Cursor\User\globalStorage\redhat.java\1.40.0\config_win -data c:\Users\N-424\AppData\Roaming\Cursor\User\workspaceStorage\1e711bddc8d52f7b321ba71ed2f3adfd\redhat.java\jdt_ws --pipe=\\.\pipe\lsp-d62bfddf6d339bbc53c1e11ca0c2e2e9-sock
java_class_path (initial): c:\Users\N-424\.cursor\extensions\redhat.java-1.40.0-win32-x64\server\plugins\org.eclipse.equinox.launcher_1.6.1000.v20250131-0606.jar
Launcher Type: SUN_STANDARD

[Global flags]
    uintx AdaptiveSizePolicyWeight                 = 90                                        {product} {command line}
     intx CICompilerCount                          = 12                                        {product} {ergonomic}
    uintx GCTimeRatio                              = 4                                         {product} {command line}
     bool HeapDumpOnOutOfMemoryError               = true                                   {manageable} {command line}
    ccstr HeapDumpPath                             = c:\Users\N-424\AppData\Roaming\Cursor\User\workspaceStorage\1e711bddc8d52f7b321ba71ed2f3adfd\redhat.java         {manageable} {command line}
   size_t InitialHeapSize                          = 104857600                                 {product} {command line}
   size_t MaxHeapSize                              = 1073741824                                {product} {command line}
   size_t MaxNewSize                               = 357564416                                 {product} {ergonomic}
   size_t MinHeapDeltaBytes                        = 524288                                    {product} {ergonomic}
   size_t MinHeapSize                              = 104857600                                 {product} {command line}
   size_t NewSize                                  = 34603008                                  {product} {ergonomic}
    uintx NonNMethodCodeHeapSize                   = 7602480                                {pd product} {ergonomic}
    uintx NonProfiledCodeHeapSize                  = 122027880                              {pd product} {ergonomic}
   size_t OldSize                                  = 70254592                                  {product} {ergonomic}
    uintx ProfiledCodeHeapSize                     = 122027880                              {pd product} {ergonomic}
    uintx ReservedCodeCacheSize                    = 251658240                              {pd product} {ergonomic}
     bool SegmentedCodeCache                       = true                                      {product} {ergonomic}
   size_t SoftMaxHeapSize                          = 1073741824                             {manageable} {ergonomic}
     bool UseCompressedOops                        = true                           {product lp64_product} {ergonomic}
     bool UseLargePagesIndividualAllocation        = false                                  {pd product} {ergonomic}
     bool UseParallelGC                            = true                                      {product} {command line}

Logging:
Log output configuration:
 #0: stdout all=off uptime,level,tags foldmultilines=false
 #1: stderr all=off uptime,level,tags foldmultilines=false

Environment Variables:
JAVA_HOME=C:\Program Files\Java\jdk-1.8
PATH=C:\Program Files (x86)\VMware\VMware Player\bin\;C:\Program Files (x86)\Common Files\Oracle\Java\java8path;C:\Program Files (x86)\Common Files\Oracle\Java\javapath;C:\Windows\system32;C:\Windows;C:\Windows\System32\Wbem;C:\Windows\System32\WindowsPowerShell\v1.0\;C:\Windows\System32\OpenSSH\;C:\Program Files (x86)\NVIDIA Corporation\PhysX\Common;C:\Program Files\Bandizip\;C:\Program Files\Java\jdk-1.8\bin;C:\Program Files (x86)\Windows Kits\10\Windows Performance Toolkit\;C:\flutter\bin;C:\WINDOWS\system32;C:\WINDOWS;C:\WINDOWS\System32\Wbem;C:\WINDOWS\System32\WindowsPowerShell\v1.0\;C:\WINDOWS\System32\OpenSSH\;C:\ProgramData\chocolatey\bin;C:\ProgramData\chocolatey\lib\maven\apache-maven-3.9.7\bin;C:\Program Files\Java\scripts;C:\Program Files\Git\cmd;C:\Program Files\PuTTY\;c:\Users\N-424\AppData\Local\Programs\cursor\resources\app\bin;C:\Users\N-424\AppData\Local\Programs\Python\Python312\Scripts\;C:\Users\N-424\AppData\Local\Programs\Python\Python312\;C:\Users\N-424\AppData\Local\Microsoft\WindowsApps;D:\Microsoft VS Code\Microsoft VS Code\bin;;C:\Program Files\JetBrains\IntelliJ IDEA Community Edition 2024.1.3\bin;;C:\Users\N-424\AppData\Local\Programs\cursor\resources\app\bin
USERNAME=N-424
OS=Windows_NT
PROCESSOR_IDENTIFIER=Intel64 Family 6 Model 154 Stepping 3, GenuineIntel
TMP=C:\Users\N-424\AppData\Local\Temp
TEMP=C:\Users\N-424\AppData\Local\Temp




Periodic native trim disabled

---------------  S Y S T E M  ---------------

OS:
 Windows 11 , 64 bit Build 26100 (10.0.26100.3037)
OS uptime: 6 days 2:12 hours

CPU: total 16 (initial active 16) (8 cores per cpu, 2 threads per core) family 6 model 154 stepping 3 microcode 0x421, cx8, cmov, fxsr, ht, mmx, 3dnowpref, sse, sse2, sse3, ssse3, sse4.1, sse4.2, popcnt, lzcnt, tsc, tscinvbit, avx, avx2, aes, erms, clmul, bmi1, bmi2, adx, sha, fma, vzeroupper, clflush, clflushopt, clwb, serialize, rdtscp, rdpid, fsrm, f16c, pku, cet_ibt, cet_ss
Processor Information for the first 16 processors :
  Max Mhz: 2100, Current Mhz: 2100, Mhz Limit: 2100

Memory: 4k page, system-wide physical 16098M (3710M free)
TotalPageFile size 18146M (AvailPageFile size 158M)
current process WorkingSet (physical memory assigned to process): 714M, peak: 737M
current process commit charge ("private bytes"): 657M, peak: 678M

vm_info: OpenJDK 64-Bit Server VM (21.0.6+7-LTS) for windows-amd64 JRE (21.0.6+7-LTS), built on 2025-01-21T00:00:00Z by "admin" with MS VC++ 17.7 (VS2022)

END.
