#
# There is insufficient memory for the Java Runtime Environment to continue.
# Native memory allocation (malloc) failed to allocate 2281504 bytes. Error detail: Chunk::new
# Possible reasons:
#   The system is out of physical RAM or swap space
#   This process is running with CompressedOops enabled, and the Java Heap may be blocking the growth of the native heap
# Possible solutions:
#   Reduce memory load on the system
#   Increase physical memory or swap space
#   Check if swap backing store is full
#   Decrease Java heap size (-Xmx/-Xms)
#   Decrease number of Java threads
#   Decrease Java thread stack sizes (-Xss)
#   Set larger code cache with -XX:ReservedCodeCacheSize=
#   JVM is running with Unscaled Compressed Oops mode in which the Java heap is
#     placed in the first 4GB address space. The Java Heap base address is the
#     maximum limit for the native heap growth. Please use -XX:HeapBaseMinAddress
#     to set the Java Heap base and to place the Java Heap above 4GB virtual address.
# This output file may be truncated or incomplete.
#
#  Out of Memory Error (arena.cpp:168), pid=13624, tid=4604
#
# JRE version: OpenJDK Runtime Environment Temurin-21.0.6+7 (21.0.6+7) (build 21.0.6+7-LTS)
# Java VM: OpenJDK 64-Bit Server VM Temurin-21.0.6+7 (21.0.6+7-LTS, mixed mode, sharing, tiered, compressed oops, compressed class ptrs, parallel gc, windows-amd64)
# No core dump will be written. Minidumps are not enabled by default on client versions of Windows
#

---------------  S U M M A R Y ------------

Command Line: --add-modules=ALL-SYSTEM --add-opens=java.base/java.util=ALL-UNNAMED --add-opens=java.base/java.lang=ALL-UNNAMED --add-opens=java.base/sun.nio.fs=ALL-UNNAMED -Declipse.application=org.eclipse.jdt.ls.core.id1 -Dosgi.bundles.defaultStartLevel=4 -Declipse.product=org.eclipse.jdt.ls.core.product -Djava.import.generatesMetadataFilesAtProjectRoot=false -DDetectVMInstallationsJob.disabled=true -Dfile.encoding=utf8 -XX:+UseParallelGC -XX:GCTimeRatio=4 -XX:AdaptiveSizePolicyWeight=90 -Dsun.zip.disableMemoryMapping=true -Xmx1G -Xms100m -Xlog:disable -javaagent:c:\Users\N-424\.cursor\extensions\redhat.java-1.40.0-win32-x64\lombok\lombok-1.18.36.jar -XX:+HeapDumpOnOutOfMemoryError -XX:HeapDumpPath=c:\Users\N-424\AppData\Roaming\Cursor\User\workspaceStorage\1e711bddc8d52f7b321ba71ed2f3adfd\redhat.java -Daether.dependencyCollector.impl=bf c:\Users\N-424\.cursor\extensions\redhat.java-1.40.0-win32-x64\server\plugins\org.eclipse.equinox.launcher_1.6.1000.v20250131-0606.jar -configuration c:\Users\N-424\AppData\Roaming\Cursor\User\globalStorage\redhat.java\1.40.0\config_win -data c:\Users\N-424\AppData\Roaming\Cursor\User\workspaceStorage\1e711bddc8d52f7b321ba71ed2f3adfd\redhat.java\jdt_ws --pipe=\\.\pipe\lsp-beaf01a65114a7185b3bdf52690173b0-sock

Host: 12th Gen Intel(R) Core(TM) i7-1260P, 16 cores, 15G,  Windows 11 , 64 bit Build 26100 (10.0.26100.3323)
Time: Mon Mar 17 13:06:01 2025  Windows 11 , 64 bit Build 26100 (10.0.26100.3323) elapsed time: 33.873248 seconds (0d 0h 0m 33s)

---------------  T H R E A D  ---------------

Current thread (0x0000025d6f6d1200):  JavaThread "C2 CompilerThread0" daemon [_thread_in_native, id=4604, stack(0x000000ce4bd00000,0x000000ce4be00000) (1024K)]


Current CompileTask:
C2:33873 10127       4       java.lang.invoke.MethodHandleImpl::makePairwiseConvertByEditor (617 bytes)

Stack: [0x000000ce4bd00000,0x000000ce4be00000]
Native frames: (J=compiled Java code, j=interpreted, Vv=VM code, C=native code)
V  [jvm.dll+0x6cdee9]
V  [jvm.dll+0x8a83d1]
V  [jvm.dll+0x8aa8fe]
V  [jvm.dll+0x8aafe3]
V  [jvm.dll+0x27f706]
V  [jvm.dll+0xc500d]
V  [jvm.dll+0xc5543]
V  [jvm.dll+0x3b678c]
V  [jvm.dll+0x1e0009]
V  [jvm.dll+0x247b42]
V  [jvm.dll+0x246fcf]
V  [jvm.dll+0x1c75ee]
V  [jvm.dll+0x25685a]
V  [jvm.dll+0x254dfa]
V  [jvm.dll+0x3f0256]
V  [jvm.dll+0x851f8b]
V  [jvm.dll+0x6cc5ed]
C  [ucrtbase.dll+0x37b0]
C  [KERNEL32.DLL+0x2e8d7]
C  [ntdll.dll+0xbbf6c]


---------------  P R O C E S S  ---------------

Threads class SMR info:
_java_thread_list=0x0000025d5b653820, length=70, elements={
0x0000025d6d2dc350, 0x0000025d74a08840, 0x0000025d74a09540, 0x0000025d6f6c39f0,
0x0000025d6f6c49f0, 0x0000025d74a0ab00, 0x0000025d74a0e4b0, 0x0000025d6f6d1200,
0x0000025d6f6d6140, 0x0000025d76038a50, 0x0000025d778140c0, 0x0000025d7c2d36b0,
0x0000025d7c076190, 0x0000025d7c3932d0, 0x0000025d77d684c0, 0x0000025d7ca943a0,
0x0000025d7ca9d630, 0x0000025d7c9985a0, 0x0000025d7c997f10, 0x0000025d7c995e40,
0x0000025d7c998c30, 0x0000025d7c9964d0, 0x0000025d7c996b60, 0x0000025d7c9971f0,
0x0000025d7e33ef30, 0x0000025d7e33e8a0, 0x0000025d7e33e210, 0x0000025d7e3402e0,
0x0000025d7e33fc50, 0x0000025d7e33f5c0, 0x0000025d7e33ce60, 0x0000025d7e33d4f0,
0x0000025d7e340970, 0x0000025d7e341000, 0x0000025d7e33db80, 0x0000025d7e343df0,
0x0000025d7e3430d0, 0x0000025d7e341690, 0x0000025d7e341d20, 0x0000025d7e344480,
0x0000025d7e3423b0, 0x0000025d7e342a40, 0x0000025d7e343760, 0x0000025d7f311ba0,
0x0000025d7f310e80, 0x0000025d7f3128c0, 0x0000025d7e7c9d30, 0x0000025d7f3135e0,
0x0000025d7e7caad0, 0x0000025d7e7ca400, 0x0000025d7e7cb870, 0x0000025d7e7c9660,
0x0000025d7f310160, 0x0000025d7f3107f0, 0x0000025d7f311510, 0x0000025d7c997880,
0x0000025d5202a250, 0x0000025d5202a8e0, 0x0000025d52028ea0, 0x0000025d5202c320,
0x0000025d5202bc90, 0x0000025d5202af70, 0x0000025d52029bc0, 0x0000025d5202b600,
0x0000025d5202c9b0, 0x0000025d52029530, 0x0000025d7e7cda80, 0x0000025d520304c0,
0x0000025d7e7ce150, 0x0000025d7e7ce820
}

Java Threads: ( => current thread )
  0x0000025d6d2dc350 JavaThread "main"                              [_thread_blocked, id=5780, stack(0x000000ce4b300000,0x000000ce4b400000) (1024K)]
  0x0000025d74a08840 JavaThread "Reference Handler"          daemon [_thread_blocked, id=16288, stack(0x000000ce4b700000,0x000000ce4b800000) (1024K)]
  0x0000025d74a09540 JavaThread "Finalizer"                  daemon [_thread_blocked, id=2724, stack(0x000000ce4b800000,0x000000ce4b900000) (1024K)]
  0x0000025d6f6c39f0 JavaThread "Signal Dispatcher"          daemon [_thread_blocked, id=7840, stack(0x000000ce4b900000,0x000000ce4ba00000) (1024K)]
  0x0000025d6f6c49f0 JavaThread "Attach Listener"            daemon [_thread_blocked, id=1220, stack(0x000000ce4ba00000,0x000000ce4bb00000) (1024K)]
  0x0000025d74a0ab00 JavaThread "Service Thread"             daemon [_thread_blocked, id=3772, stack(0x000000ce4bb00000,0x000000ce4bc00000) (1024K)]
  0x0000025d74a0e4b0 JavaThread "Monitor Deflation Thread"   daemon [_thread_blocked, id=10692, stack(0x000000ce4bc00000,0x000000ce4bd00000) (1024K)]
=>0x0000025d6f6d1200 JavaThread "C2 CompilerThread0"         daemon [_thread_in_native, id=4604, stack(0x000000ce4bd00000,0x000000ce4be00000) (1024K)]
  0x0000025d6f6d6140 JavaThread "C1 CompilerThread0"         daemon [_thread_blocked, id=3288, stack(0x000000ce4be00000,0x000000ce4bf00000) (1024K)]
  0x0000025d76038a50 JavaThread "Common-Cleaner"             daemon [_thread_blocked, id=10148, stack(0x000000ce4c000000,0x000000ce4c100000) (1024K)]
  0x0000025d778140c0 JavaThread "Notification Thread"        daemon [_thread_blocked, id=8948, stack(0x000000ce4c500000,0x000000ce4c600000) (1024K)]
  0x0000025d7c2d36b0 JavaThread "Active Thread: Equinox Container: 01c2efd3-54d4-4cf6-affe-54eb4b584791"        [_thread_blocked, id=12268, stack(0x000000ce4cd00000,0x000000ce4ce00000) (1024K)]
  0x0000025d7c076190 JavaThread "Refresh Thread: Equinox Container: 01c2efd3-54d4-4cf6-affe-54eb4b584791" daemon [_thread_blocked, id=15676, stack(0x000000ce4c600000,0x000000ce4c700000) (1024K)]
  0x0000025d7c3932d0 JavaThread "Framework Event Dispatcher: Equinox Container: 01c2efd3-54d4-4cf6-affe-54eb4b584791" daemon [_thread_blocked, id=2668, stack(0x000000ce4cc00000,0x000000ce4cd00000) (1024K)]
  0x0000025d77d684c0 JavaThread "Start Level: Equinox Container: 01c2efd3-54d4-4cf6-affe-54eb4b584791" daemon [_thread_blocked, id=17916, stack(0x000000ce4ce00000,0x000000ce4cf00000) (1024K)]
  0x0000025d7ca943a0 JavaThread "Bundle File Closer"         daemon [_thread_blocked, id=18388, stack(0x000000ce4d200000,0x000000ce4d300000) (1024K)]
  0x0000025d7ca9d630 JavaThread "SCR Component Actor"        daemon [_thread_blocked, id=19152, stack(0x000000ce4d300000,0x000000ce4d400000) (1024K)]
  0x0000025d7c9985a0 JavaThread "Worker-JM"                         [_thread_blocked, id=7076, stack(0x000000ce4d900000,0x000000ce4da00000) (1024K)]
  0x0000025d7c997f10 JavaThread "JNA Cleaner"                daemon [_thread_blocked, id=14608, stack(0x000000ce4dc00000,0x000000ce4dd00000) (1024K)]
  0x0000025d7c995e40 JavaThread "Worker-0: Initialize workspace"        [_thread_blocked, id=17520, stack(0x000000ce4dd00000,0x000000ce4de00000) (1024K)]
  0x0000025d7c998c30 JavaThread "Worker-1"                          [_thread_blocked, id=22212, stack(0x000000ce4de00000,0x000000ce4df00000) (1024K)]
  0x0000025d7c9964d0 JavaThread "Java indexing"              daemon [_thread_blocked, id=21920, stack(0x000000ce4db00000,0x000000ce4dc00000) (1024K)]
  0x0000025d7c996b60 JavaThread "Worker-2"                          [_thread_blocked, id=13340, stack(0x000000ce4e200000,0x000000ce4e300000) (1024K)]
  0x0000025d7c9971f0 JavaThread "Worker-3"                          [_thread_blocked, id=15348, stack(0x000000ce4e300000,0x000000ce4e400000) (1024K)]
  0x0000025d7e33ef30 JavaThread "Thread-2"                   daemon [_thread_in_native, id=19292, stack(0x000000ce4e400000,0x000000ce4e500000) (1024K)]
  0x0000025d7e33e8a0 JavaThread "Thread-3"                   daemon [_thread_in_native, id=20468, stack(0x000000ce4e500000,0x000000ce4e600000) (1024K)]
  0x0000025d7e33e210 JavaThread "Thread-4"                   daemon [_thread_in_native, id=6640, stack(0x000000ce4e600000,0x000000ce4e700000) (1024K)]
  0x0000025d7e3402e0 JavaThread "Thread-5"                   daemon [_thread_in_native, id=21480, stack(0x000000ce4e700000,0x000000ce4e800000) (1024K)]
  0x0000025d7e33fc50 JavaThread "Thread-6"                   daemon [_thread_in_native, id=16232, stack(0x000000ce4e800000,0x000000ce4e900000) (1024K)]
  0x0000025d7e33f5c0 JavaThread "Thread-7"                   daemon [_thread_in_native, id=16404, stack(0x000000ce4e900000,0x000000ce4ea00000) (1024K)]
  0x0000025d7e33ce60 JavaThread "Thread-8"                   daemon [_thread_in_native, id=8000, stack(0x000000ce4ea00000,0x000000ce4eb00000) (1024K)]
  0x0000025d7e33d4f0 JavaThread "Thread-9"                   daemon [_thread_in_native, id=13844, stack(0x000000ce4eb00000,0x000000ce4ec00000) (1024K)]
  0x0000025d7e340970 JavaThread "Thread-10"                  daemon [_thread_in_native, id=14084, stack(0x000000ce4ec00000,0x000000ce4ed00000) (1024K)]
  0x0000025d7e341000 JavaThread "Thread-11"                  daemon [_thread_in_native, id=20204, stack(0x000000ce4ed00000,0x000000ce4ee00000) (1024K)]
  0x0000025d7e33db80 JavaThread "Thread-12"                  daemon [_thread_in_native, id=13212, stack(0x000000ce4ee00000,0x000000ce4ef00000) (1024K)]
  0x0000025d7e343df0 JavaThread "Thread-13"                  daemon [_thread_in_native, id=19912, stack(0x000000ce4ef00000,0x000000ce4f000000) (1024K)]
  0x0000025d7e3430d0 JavaThread "Thread-14"                  daemon [_thread_in_native, id=22480, stack(0x000000ce4f000000,0x000000ce4f100000) (1024K)]
  0x0000025d7e341690 JavaThread "Thread-15"                  daemon [_thread_in_native, id=21600, stack(0x000000ce4f100000,0x000000ce4f200000) (1024K)]
  0x0000025d7e341d20 JavaThread "Thread-16"                  daemon [_thread_in_native, id=21632, stack(0x000000ce4f200000,0x000000ce4f300000) (1024K)]
  0x0000025d7e344480 JavaThread "Thread-17"                  daemon [_thread_in_native, id=656, stack(0x000000ce4f300000,0x000000ce4f400000) (1024K)]
  0x0000025d7e3423b0 JavaThread "Thread-18"                  daemon [_thread_in_native, id=2752, stack(0x000000ce4f400000,0x000000ce4f500000) (1024K)]
  0x0000025d7e342a40 JavaThread "pool-2-thread-1"                   [_thread_blocked, id=8432, stack(0x000000ce4f500000,0x000000ce4f600000) (1024K)]
  0x0000025d7e343760 JavaThread "Worker-4"                          [_thread_blocked, id=1456, stack(0x000000ce4fb00000,0x000000ce4fc00000) (1024K)]
  0x0000025d7f311ba0 JavaThread "WorkspaceEventsHandler"            [_thread_blocked, id=21780, stack(0x000000ce4fc00000,0x000000ce4fd00000) (1024K)]
  0x0000025d7f310e80 JavaThread "pool-1-thread-1"                   [_thread_blocked, id=21752, stack(0x000000ce4fd00000,0x000000ce4fe00000) (1024K)]
  0x0000025d7f3128c0 JavaThread "Worker-5"                          [_thread_blocked, id=17824, stack(0x000000ce4f800000,0x000000ce4f900000) (1024K)]
  0x0000025d7e7c9d30 JavaThread "C1 CompilerThread1"         daemon [_thread_blocked, id=22444, stack(0x000000ce4bf00000,0x000000ce4c000000) (1024K)]
  0x0000025d7f3135e0 JavaThread "ForkJoinPool.commonPool-worker-1" daemon [_thread_blocked, id=20508, stack(0x000000ce4c400000,0x000000ce4c500000) (1024K)]
  0x0000025d7e7caad0 JavaThread "C2 CompilerThread1"         daemon [_thread_in_native, id=18024, stack(0x000000ce4c100000,0x000000ce4c200000) (1024K)]
  0x0000025d7e7ca400 JavaThread "C1 CompilerThread2"         daemon [_thread_blocked, id=2184, stack(0x000000ce4d400000,0x000000ce4d500000) (1024K)]
  0x0000025d7e7cb870 JavaThread "C1 CompilerThread3"         daemon [_thread_blocked, id=19972, stack(0x000000ce4d500000,0x000000ce4d600000) (1024K)]
  0x0000025d7e7c9660 JavaThread "C2 CompilerThread2"         daemon [_thread_in_native, id=19356, stack(0x000000ce4d800000,0x000000ce4d900000) (1024K)]
  0x0000025d7f310160 JavaThread "ForkJoinPool.commonPool-worker-2" daemon [_thread_blocked, id=11180, stack(0x000000ce4da00000,0x000000ce4db00000) (1024K)]
  0x0000025d7f3107f0 JavaThread "ForkJoinPool.commonPool-worker-3" daemon [_thread_blocked, id=1348, stack(0x000000ce4f600000,0x000000ce4f700000) (1024K)]
  0x0000025d7f311510 JavaThread "ForkJoinPool.commonPool-worker-4" daemon [_thread_blocked, id=17272, stack(0x000000ce4f700000,0x000000ce4f800000) (1024K)]
  0x0000025d7c997880 JavaThread "ForkJoinPool.commonPool-worker-5" daemon [_thread_blocked, id=9648, stack(0x000000ce4f900000,0x000000ce4fa00000) (1024K)]
  0x0000025d5202a250 JavaThread "ForkJoinPool.commonPool-worker-6" daemon [_thread_blocked, id=6444, stack(0x000000ce4fe00000,0x000000ce4ff00000) (1024K)]
  0x0000025d5202a8e0 JavaThread "ForkJoinPool.commonPool-worker-7" daemon [_thread_blocked, id=14360, stack(0x000000ce4ff00000,0x000000ce50000000) (1024K)]
  0x0000025d52028ea0 JavaThread "ForkJoinPool.commonPool-worker-8" daemon [_thread_blocked, id=20768, stack(0x000000ce50000000,0x000000ce50100000) (1024K)]
  0x0000025d5202c320 JavaThread "ForkJoinPool.commonPool-worker-9" daemon [_thread_blocked, id=11844, stack(0x000000ce50100000,0x000000ce50200000) (1024K)]
  0x0000025d5202bc90 JavaThread "ForkJoinPool.commonPool-worker-10" daemon [_thread_blocked, id=21164, stack(0x000000ce50200000,0x000000ce50300000) (1024K)]
  0x0000025d5202af70 JavaThread "ForkJoinPool.commonPool-worker-11" daemon [_thread_blocked, id=11700, stack(0x000000ce50300000,0x000000ce50400000) (1024K)]
  0x0000025d52029bc0 JavaThread "ForkJoinPool.commonPool-worker-12" daemon [_thread_blocked, id=1892, stack(0x000000ce50400000,0x000000ce50500000) (1024K)]
  0x0000025d5202b600 JavaThread "ForkJoinPool.commonPool-worker-13" daemon [_thread_blocked, id=20380, stack(0x000000ce50500000,0x000000ce50600000) (1024K)]
  0x0000025d5202c9b0 JavaThread "ForkJoinPool.commonPool-worker-14" daemon [_thread_blocked, id=18828, stack(0x000000ce50600000,0x000000ce50700000) (1024K)]
  0x0000025d52029530 JavaThread "ForkJoinPool.commonPool-worker-15" daemon [_thread_blocked, id=21240, stack(0x000000ce50700000,0x000000ce50800000) (1024K)]
  0x0000025d7e7cda80 JavaThread "C2 CompilerThread3"         daemon [_thread_in_native, id=6148, stack(0x000000ce50800000,0x000000ce50900000) (1024K)]
  0x0000025d520304c0 JavaThread "Thread-19"                  daemon [_thread_in_vm, id=5688, stack(0x000000ce50900000,0x000000ce50a00000) (1024K)]
  0x0000025d7e7ce150 JavaThread "C2 CompilerThread4"         daemon [_thread_in_native, id=21816, stack(0x000000ce50a00000,0x000000ce50b00000) (1024K)]
  0x0000025d7e7ce820 JavaThread "C2 CompilerThread5"         daemon [_thread_in_native, id=8200, stack(0x000000ce50b00000,0x000000ce50c00000) (1024K)]
Total: 70

Other Threads:
  0x0000025d6f6bfa30 VMThread "VM Thread"                           [id=15056, stack(0x000000ce4b600000,0x000000ce4b700000) (1024K)]
  0x0000025d748eca10 WatcherThread "VM Periodic Task Thread"        [id=3264, stack(0x000000ce4b500000,0x000000ce4b600000) (1024K)]
  0x0000025d6f63cdb0 WorkerThread "GC Thread#0"                     [id=16868, stack(0x000000ce4b400000,0x000000ce4b500000) (1024K)]
  0x0000025d7c07e5e0 WorkerThread "GC Thread#1"                     [id=12388, stack(0x000000ce4c700000,0x000000ce4c800000) (1024K)]
  0x0000025d7c07d3c0 WorkerThread "GC Thread#2"                     [id=3336, stack(0x000000ce4c800000,0x000000ce4c900000) (1024K)]
  0x0000025d7c07cc80 WorkerThread "GC Thread#3"                     [id=11232, stack(0x000000ce4c900000,0x000000ce4ca00000) (1024K)]
  0x0000025d7c07d020 WorkerThread "GC Thread#4"                     [id=12516, stack(0x000000ce4ca00000,0x000000ce4cb00000) (1024K)]
  0x0000025d7c07dea0 WorkerThread "GC Thread#5"                     [id=2520, stack(0x000000ce4cb00000,0x000000ce4cc00000) (1024K)]
  0x0000025d7c07d760 WorkerThread "GC Thread#6"                     [id=16552, stack(0x000000ce4c200000,0x000000ce4c300000) (1024K)]
  0x0000025d7c07db00 WorkerThread "GC Thread#7"                     [id=15764, stack(0x000000ce4c300000,0x000000ce4c400000) (1024K)]
  0x0000025d7c6dc680 WorkerThread "GC Thread#8"                     [id=15340, stack(0x000000ce4cf00000,0x000000ce4d000000) (1024K)]
  0x0000025d7c6ddc40 WorkerThread "GC Thread#9"                     [id=11532, stack(0x000000ce4d000000,0x000000ce4d100000) (1024K)]
  0x0000025d7c6dca20 WorkerThread "GC Thread#10"                    [id=16452, stack(0x000000ce4d100000,0x000000ce4d200000) (1024K)]
  0x0000025d7c6dd500 WorkerThread "GC Thread#11"                    [id=1704, stack(0x000000ce4d600000,0x000000ce4d700000) (1024K)]
  0x0000025d7c6dcdc0 WorkerThread "GC Thread#12"                    [id=9656, stack(0x000000ce4d700000,0x000000ce4d800000) (1024K)]
Total: 15

Threads with active compile tasks:
C2 CompilerThread0  33922 10127       4       java.lang.invoke.MethodHandleImpl::makePairwiseConvertByEditor (617 bytes)
C2 CompilerThread1  33922 10495       4       java.lang.reflect.Field::get (39 bytes)
C2 CompilerThread2  33922 10720       4       sun.nio.fs.WindowsPathParser::parse (504 bytes)
C2 CompilerThread3  33922 10742       4       java.util.zip.GZIPInputStream::read (65 bytes)
C2 CompilerThread4  33922 10745       4       org.lombokweb.asm.MethodVisitor::visitMethodInsn (80 bytes)
C2 CompilerThread5  33922 10727       4       org.eclipse.jdt.internal.core.JarPackageFragmentRoot::initRawPackageInfo (292 bytes)
Total: 6

VM state: not at safepoint (normal execution)

VM Mutex/Monitor currently owned by a thread:  ([mutex/lock_event])
[0x00007ffcb261e480] Heap_lock - owner thread: 0x0000025d520304c0
[0x00007ffcb261e900] PSOldGenExpand_lock - owner thread: 0x0000025d520304c0

Heap address: 0x00000000c0000000, size: 1024 MB, Compressed Oops mode: 32-bit

CDS archive(s) mapped at: [0x0000025d0f000000-0x0000025d0fba0000-0x0000025d0fba0000), size 12189696, SharedBaseAddress: 0x0000025d0f000000, ArchiveRelocationMode: 1.
Compressed class space mapped at: 0x0000025d10000000-0x0000025d50000000, reserved size: 1073741824
Narrow klass base: 0x0000025d0f000000, Narrow klass shift: 0, Narrow klass range: 0x100000000

GC Precious Log:
 CardTable entry size: 512
 CPUs: 16 total, 16 available
 Memory: 16098M
 Large Page Support: Disabled
 NUMA Support: Disabled
 Compressed Oops: Enabled (32-bit)
 Alignments: Space 512K, Generation 512K, Heap 2M
 Heap Min Capacity: 100M
 Heap Initial Capacity: 100M
 Heap Max Capacity: 1G
 Pre-touch: Disabled
 Parallel Workers: 13

Heap:
 PSYoungGen      total 3072K, used 2944K [0x00000000eab00000, 0x00000000eaf00000, 0x0000000100000000)
  eden space 2560K, 100% used [0x00000000eab00000,0x00000000ead80000,0x00000000ead80000)
  from space 512K, 75% used [0x00000000eae80000,0x00000000eaee0000,0x00000000eaf00000)
  to   space 512K, 0% used [0x00000000ead80000,0x00000000ead80000,0x00000000eae00000)
 ParOldGen       total 476672K, used 476315K [0x00000000c0000000, 0x00000000dd180000, 0x00000000eab00000)
  object space 476672K, 99% used [0x00000000c0000000,0x00000000dd126ec0,0x00000000dd180000)
 Metaspace       used 62581K, committed 63936K, reserved 1114112K
  class space    used 6563K, committed 7104K, reserved 1048576K

Card table byte_map: [0x0000025d6efc0000,0x0000025d6f1d0000] _byte_map_base: 0x0000025d6e9c0000

Marking Bits: (ParMarkBitMap*) 0x00007ffcb2623260
 Begin Bits: [0x0000025d72810000, 0x0000025d73810000)
 End Bits:   [0x0000025d73810000, 0x0000025d74810000)

Polling page: 0x0000025d6d5b0000

Metaspace:

Usage:
  Non-class:     54.71 MB used.
      Class:      6.41 MB used.
       Both:     61.11 MB used.

Virtual space:
  Non-class space:       64.00 MB reserved,      55.50 MB ( 87%) committed,  1 nodes.
      Class space:        1.00 GB reserved,       6.94 MB ( <1%) committed,  1 nodes.
             Both:        1.06 GB reserved,      62.44 MB (  6%) committed. 

Chunk freelists:
   Non-Class:  8.16 MB
       Class:  8.95 MB
        Both:  17.11 MB

MaxMetaspaceSize: unlimited
CompressedClassSpaceSize: 1.00 GB
Initial GC threshold: 21.00 MB
Current GC threshold: 91.06 MB
CDS: on
 - commit_granule_bytes: 65536.
 - commit_granule_words: 8192.
 - virtual_space_node_default_size: 8388608.
 - enlarge_chunks_in_place: 1.
 - use_allocation_guard: 0.


Internal statistics:

num_allocs_failed_limit: 6.
num_arena_births: 1016.
num_arena_deaths: 14.
num_vsnodes_births: 2.
num_vsnodes_deaths: 0.
num_space_committed: 999.
num_space_uncommitted: 0.
num_chunks_returned_to_freelist: 20.
num_chunks_taken_from_freelist: 3612.
num_chunk_merges: 7.
num_chunk_splits: 2296.
num_chunks_enlarged: 1381.
num_inconsistent_stats: 0.

CodeHeap 'non-profiled nmethods': size=119168Kb used=9173Kb max_used=9173Kb free=109994Kb
 bounds [0x0000025d07ba0000, 0x0000025d084a0000, 0x0000025d0f000000]
CodeHeap 'profiled nmethods': size=119104Kb used=22526Kb max_used=22526Kb free=96577Kb
 bounds [0x0000025d00000000, 0x0000025d01600000, 0x0000025d07450000]
CodeHeap 'non-nmethods': size=7488Kb used=3177Kb max_used=3205Kb free=4311Kb
 bounds [0x0000025d07450000, 0x0000025d07780000, 0x0000025d07ba0000]
 total_blobs=10653 nmethods=9879 adapters=675
 compilation: enabled
              stopped_count=0, restarted_count=0
 full_count=0

Compilation events (20 events):
Event: 33.739 Thread 0x0000025d6f6d6140 10737       3       java.util.UUID::toString (17 bytes)
Event: 33.739 Thread 0x0000025d6f6d6140 nmethod 10737 0x0000025d015fb710 code [0x0000025d015fb8c0, 0x0000025d015fba80]
Event: 33.740 Thread 0x0000025d7e7ca400 10738       1       com.google.gson.FormattingStyle::usesSpaceAfterSeparators (5 bytes)
Event: 33.740 Thread 0x0000025d7e7ca400 nmethod 10738 0x0000025d08487b10 code [0x0000025d08487ca0, 0x0000025d08487d70]
Event: 33.740 Thread 0x0000025d6f6d6140 10739       1       com.google.gson.FormattingStyle::getIndent (5 bytes)
Event: 33.740 Thread 0x0000025d6f6d6140 nmethod 10739 0x0000025d08487e10 code [0x0000025d08487fa0, 0x0000025d08488068]
Event: 33.741 Thread 0x0000025d7e7cb870 10740       1       org.eclipse.lsp4j.jsonrpc.messages.Message::getJsonrpc (5 bytes)
Event: 33.741 Thread 0x0000025d7e7cb870 nmethod 10740 0x0000025d08488110 code [0x0000025d084882a0, 0x0000025d08488368]
Event: 33.763 Thread 0x0000025d7e7ce150 nmethod 10722 0x0000025d08488410 code [0x0000025d08488780, 0x0000025d0848a068]
Event: 33.763 Thread 0x0000025d7e7ce150 10735       4       java.util.ArrayList::equalsRange (85 bytes)
Event: 33.774 Thread 0x0000025d7e7cda80 nmethod 10711 0x0000025d0848b290 code [0x0000025d0848b660, 0x0000025d0848d518]
Event: 33.774 Thread 0x0000025d7e7cda80 10743       4       sun.nio.fs.WindowsPathParser::nextNonSlash (24 bytes)
Event: 33.778 Thread 0x0000025d7e7cda80 nmethod 10743 0x0000025d0848ed90 code [0x0000025d0848ef20, 0x0000025d0848f0b0]
Event: 33.778 Thread 0x0000025d7e7cda80 10734       4       sun.nio.fs.WindowsFileSystem::getPath (106 bytes)
Event: 33.783 Thread 0x0000025d6f6d6140 10744       1       org.eclipse.jdt.internal.core.PackageFragmentRoot::isArchive (2 bytes)
Event: 33.783 Thread 0x0000025d6f6d6140 nmethod 10744 0x0000025d0848f290 code [0x0000025d0848f420, 0x0000025d0848f4e8]
Event: 33.793 Thread 0x0000025d7e7ce150 nmethod 10735 0x0000025d0848f590 code [0x0000025d0848f7c0, 0x0000025d08490080]
Event: 33.793 Thread 0x0000025d7e7ca400 10746       3       sun.nio.fs.WindowsPath::normalize (365 bytes)
Event: 33.795 Thread 0x0000025d7e7ce150 10741       4       java.io.FilterInputStream::read (9 bytes)
Event: 33.797 Thread 0x0000025d7e7ca400 nmethod 10746 0x0000025d015fbb90 code [0x0000025d015fc080, 0x0000025d015fe9b8]

GC Heap History (20 events):
Event: 33.678 GC heap before
{Heap before GC invocations=2305 (full 3):
 PSYoungGen      total 3072K, used 2961K [0x00000000eab00000, 0x00000000eaf00000, 0x0000000100000000)
  eden space 2560K, 99% used [0x00000000eab00000,0x00000000ead7fd88,0x00000000ead80000)
  from space 512K, 78% used [0x00000000eae80000,0x00000000eaee47e0,0x00000000eaf00000)
  to   space 512K, 0% used [0x00000000ead80000,0x00000000ead80000,0x00000000eae00000)
 ParOldGen       total 433152K, used 433043K [0x00000000c0000000, 0x00000000da700000, 0x00000000eab00000)
  object space 433152K, 99% used [0x00000000c0000000,0x00000000da6e4e10,0x00000000da700000)
 Metaspace       used 62173K, committed 63488K, reserved 1114112K
  class space    used 6521K, committed 7040K, reserved 1048576K
}
Event: 33.679 GC heap after
{Heap after GC invocations=2305 (full 3):
 PSYoungGen      total 3072K, used 320K [0x00000000eab00000, 0x00000000eaf00000, 0x0000000100000000)
  eden space 2560K, 0% used [0x00000000eab00000,0x00000000eab00000,0x00000000ead80000)
  from space 512K, 62% used [0x00000000ead80000,0x00000000eadd0000,0x00000000eae00000)
  to   space 512K, 0% used [0x00000000eae80000,0x00000000eae80000,0x00000000eaf00000)
 ParOldGen       total 433664K, used 433251K [0x00000000c0000000, 0x00000000da780000, 0x00000000eab00000)
  object space 433664K, 99% used [0x00000000c0000000,0x00000000da718e30,0x00000000da780000)
 Metaspace       used 62173K, committed 63488K, reserved 1114112K
  class space    used 6521K, committed 7040K, reserved 1048576K
}
Event: 33.690 GC heap before
{Heap before GC invocations=2306 (full 3):
 PSYoungGen      total 3072K, used 2880K [0x00000000eab00000, 0x00000000eaf00000, 0x0000000100000000)
  eden space 2560K, 100% used [0x00000000eab00000,0x00000000ead80000,0x00000000ead80000)
  from space 512K, 62% used [0x00000000ead80000,0x00000000eadd0000,0x00000000eae00000)
  to   space 512K, 0% used [0x00000000eae80000,0x00000000eae80000,0x00000000eaf00000)
 ParOldGen       total 435200K, used 434573K [0x00000000c0000000, 0x00000000da900000, 0x00000000eab00000)
  object space 435200K, 99% used [0x00000000c0000000,0x00000000da8635b0,0x00000000da900000)
 Metaspace       used 62205K, committed 63552K, reserved 1114112K
  class space    used 6522K, committed 7040K, reserved 1048576K
}
Event: 33.691 GC heap after
{Heap after GC invocations=2306 (full 3):
 PSYoungGen      total 3072K, used 352K [0x00000000eab00000, 0x00000000eaf00000, 0x0000000100000000)
  eden space 2560K, 0% used [0x00000000eab00000,0x00000000eab00000,0x00000000ead80000)
  from space 512K, 68% used [0x00000000eae80000,0x00000000eaed8000,0x00000000eaf00000)
  to   space 512K, 0% used [0x00000000ead80000,0x00000000ead80000,0x00000000eae00000)
 ParOldGen       total 435200K, used 434677K [0x00000000c0000000, 0x00000000da900000, 0x00000000eab00000)
  object space 435200K, 99% used [0x00000000c0000000,0x00000000da87d5b0,0x00000000da900000)
 Metaspace       used 62205K, committed 63552K, reserved 1114112K
  class space    used 6522K, committed 7040K, reserved 1048576K
}
Event: 33.695 GC heap before
{Heap before GC invocations=2307 (full 3):
 PSYoungGen      total 3072K, used 2505K [0x00000000eab00000, 0x00000000eaf00000, 0x0000000100000000)
  eden space 2560K, 84% used [0x00000000eab00000,0x00000000ead1a520,0x00000000ead80000)
  from space 512K, 68% used [0x00000000eae80000,0x00000000eaed8000,0x00000000eaf00000)
  to   space 512K, 0% used [0x00000000ead80000,0x00000000ead80000,0x00000000eae00000)
 ParOldGen       total 435200K, used 434677K [0x00000000c0000000, 0x00000000da900000, 0x00000000eab00000)
  object space 435200K, 99% used [0x00000000c0000000,0x00000000da87d5b0,0x00000000da900000)
 Metaspace       used 62219K, committed 63552K, reserved 1114112K
  class space    used 6522K, committed 7040K, reserved 1048576K
}
Event: 33.696 GC heap after
{Heap after GC invocations=2307 (full 3):
 PSYoungGen      total 3072K, used 488K [0x00000000eab00000, 0x00000000eaf80000, 0x0000000100000000)
  eden space 2560K, 0% used [0x00000000eab00000,0x00000000eab00000,0x00000000ead80000)
  from space 512K, 95% used [0x00000000ead80000,0x00000000eadfa010,0x00000000eae00000)
  to   space 1024K, 0% used [0x00000000eae80000,0x00000000eae80000,0x00000000eaf80000)
 ParOldGen       total 436224K, used 435730K [0x00000000c0000000, 0x00000000daa00000, 0x00000000eab00000)
  object space 436224K, 99% used [0x00000000c0000000,0x00000000da984bd0,0x00000000daa00000)
 Metaspace       used 62219K, committed 63552K, reserved 1114112K
  class space    used 6522K, committed 7040K, reserved 1048576K
}
Event: 33.709 GC heap before
{Heap before GC invocations=2308 (full 3):
 PSYoungGen      total 3072K, used 3048K [0x00000000eab00000, 0x00000000eaf80000, 0x0000000100000000)
  eden space 2560K, 100% used [0x00000000eab00000,0x00000000ead80000,0x00000000ead80000)
  from space 512K, 95% used [0x00000000ead80000,0x00000000eadfa010,0x00000000eae00000)
  to   space 1024K, 0% used [0x00000000eae80000,0x00000000eae80000,0x00000000eaf80000)
 ParOldGen       total 442368K, used 441480K [0x00000000c0000000, 0x00000000db000000, 0x00000000eab00000)
  object space 442368K, 99% used [0x00000000c0000000,0x00000000daf22180,0x00000000db000000)
 Metaspace       used 62267K, committed 63616K, reserved 1114112K
  class space    used 6525K, committed 7040K, reserved 1048576K
}
Event: 33.710 GC heap after
{Heap after GC invocations=2308 (full 3):
 PSYoungGen      total 3072K, used 484K [0x00000000eab00000, 0x00000000eaf00000, 0x0000000100000000)
  eden space 2560K, 0% used [0x00000000eab00000,0x00000000eab00000,0x00000000ead80000)
  from space 512K, 94% used [0x00000000eae80000,0x00000000eaef9070,0x00000000eaf00000)
  to   space 512K, 0% used [0x00000000ead80000,0x00000000ead80000,0x00000000eae00000)
 ParOldGen       total 442368K, used 441616K [0x00000000c0000000, 0x00000000db000000, 0x00000000eab00000)
  object space 442368K, 99% used [0x00000000c0000000,0x00000000daf44190,0x00000000db000000)
 Metaspace       used 62267K, committed 63616K, reserved 1114112K
  class space    used 6525K, committed 7040K, reserved 1048576K
}
Event: 33.725 GC heap before
{Heap before GC invocations=2309 (full 3):
 PSYoungGen      total 3072K, used 3044K [0x00000000eab00000, 0x00000000eaf00000, 0x0000000100000000)
  eden space 2560K, 100% used [0x00000000eab00000,0x00000000ead80000,0x00000000ead80000)
  from space 512K, 94% used [0x00000000eae80000,0x00000000eaef9070,0x00000000eaf00000)
  to   space 512K, 0% used [0x00000000ead80000,0x00000000ead80000,0x00000000eae00000)
 ParOldGen       total 442368K, used 441616K [0x00000000c0000000, 0x00000000db000000, 0x00000000eab00000)
  object space 442368K, 99% used [0x00000000c0000000,0x00000000daf44190,0x00000000db000000)
 Metaspace       used 62295K, committed 63616K, reserved 1114112K
  class space    used 6532K, committed 7040K, reserved 1048576K
}
Event: 33.729 GC heap after
{Heap after GC invocations=2309 (full 3):
 PSYoungGen      total 3072K, used 288K [0x00000000eab00000, 0x00000000eaf00000, 0x0000000100000000)
  eden space 2560K, 0% used [0x00000000eab00000,0x00000000eab00000,0x00000000ead80000)
  from space 512K, 56% used [0x00000000ead80000,0x00000000eadc8000,0x00000000eae00000)
  to   space 512K, 0% used [0x00000000eae80000,0x00000000eae80000,0x00000000eaf00000)
 ParOldGen       total 442368K, used 441764K [0x00000000c0000000, 0x00000000db000000, 0x00000000eab00000)
  object space 442368K, 99% used [0x00000000c0000000,0x00000000daf69200,0x00000000db000000)
 Metaspace       used 62295K, committed 63616K, reserved 1114112K
  class space    used 6532K, committed 7040K, reserved 1048576K
}
Event: 33.744 GC heap before
{Heap before GC invocations=2310 (full 3):
 PSYoungGen      total 3072K, used 2848K [0x00000000eab00000, 0x00000000eaf00000, 0x0000000100000000)
  eden space 2560K, 100% used [0x00000000eab00000,0x00000000ead80000,0x00000000ead80000)
  from space 512K, 56% used [0x00000000ead80000,0x00000000eadc8000,0x00000000eae00000)
  to   space 512K, 0% used [0x00000000eae80000,0x00000000eae80000,0x00000000eaf00000)
 ParOldGen       total 450048K, used 449424K [0x00000000c0000000, 0x00000000db780000, 0x00000000eab00000)
  object space 450048K, 99% used [0x00000000c0000000,0x00000000db6e42c8,0x00000000db780000)
 Metaspace       used 62340K, committed 63616K, reserved 1114112K
  class space    used 6536K, committed 7040K, reserved 1048576K
}
Event: 33.745 GC heap after
{Heap after GC invocations=2310 (full 3):
 PSYoungGen      total 3072K, used 320K [0x00000000eab00000, 0x00000000eaf00000, 0x0000000100000000)
  eden space 2560K, 0% used [0x00000000eab00000,0x00000000eab00000,0x00000000ead80000)
  from space 512K, 62% used [0x00000000eae80000,0x00000000eaed0000,0x00000000eaf00000)
  to   space 512K, 0% used [0x00000000ead80000,0x00000000ead80000,0x00000000eae00000)
 ParOldGen       total 450048K, used 449536K [0x00000000c0000000, 0x00000000db780000, 0x00000000eab00000)
  object space 450048K, 99% used [0x00000000c0000000,0x00000000db7002c8,0x00000000db780000)
 Metaspace       used 62340K, committed 63616K, reserved 1114112K
  class space    used 6536K, committed 7040K, reserved 1048576K
}
Event: 33.756 GC heap before
{Heap before GC invocations=2311 (full 3):
 PSYoungGen      total 3072K, used 2880K [0x00000000eab00000, 0x00000000eaf00000, 0x0000000100000000)
  eden space 2560K, 100% used [0x00000000eab00000,0x00000000ead80000,0x00000000ead80000)
  from space 512K, 62% used [0x00000000eae80000,0x00000000eaed0000,0x00000000eaf00000)
  to   space 512K, 0% used [0x00000000ead80000,0x00000000ead80000,0x00000000eae00000)
 ParOldGen       total 450048K, used 449539K [0x00000000c0000000, 0x00000000db780000, 0x00000000eab00000)
  object space 450048K, 99% used [0x00000000c0000000,0x00000000db700dd8,0x00000000db780000)
 Metaspace       used 62438K, committed 63808K, reserved 1114112K
  class space    used 6545K, committed 7104K, reserved 1048576K
}
Event: 33.757 GC heap after
{Heap after GC invocations=2311 (full 3):
 PSYoungGen      total 3072K, used 288K [0x00000000eab00000, 0x00000000eaf00000, 0x0000000100000000)
  eden space 2560K, 0% used [0x00000000eab00000,0x00000000eab00000,0x00000000ead80000)
  from space 512K, 56% used [0x00000000ead80000,0x00000000eadc8000,0x00000000eae00000)
  to   space 512K, 0% used [0x00000000eae80000,0x00000000eae80000,0x00000000eaf00000)
 ParOldGen       total 450048K, used 449683K [0x00000000c0000000, 0x00000000db780000, 0x00000000eab00000)
  object space 450048K, 99% used [0x00000000c0000000,0x00000000db724dd8,0x00000000db780000)
 Metaspace       used 62438K, committed 63808K, reserved 1114112K
  class space    used 6545K, committed 7104K, reserved 1048576K
}
Event: 33.770 GC heap before
{Heap before GC invocations=2312 (full 3):
 PSYoungGen      total 3072K, used 2848K [0x00000000eab00000, 0x00000000eaf00000, 0x0000000100000000)
  eden space 2560K, 100% used [0x00000000eab00000,0x00000000ead80000,0x00000000ead80000)
  from space 512K, 56% used [0x00000000ead80000,0x00000000eadc8000,0x00000000eae00000)
  to   space 512K, 0% used [0x00000000eae80000,0x00000000eae80000,0x00000000eaf00000)
 ParOldGen       total 465408K, used 465022K [0x00000000c0000000, 0x00000000dc680000, 0x00000000eab00000)
  object space 465408K, 99% used [0x00000000c0000000,0x00000000dc61faa8,0x00000000dc680000)
 Metaspace       used 62508K, committed 63872K, reserved 1114112K
  class space    used 6554K, committed 7104K, reserved 1048576K
}
Event: 33.772 GC heap after
{Heap after GC invocations=2312 (full 3):
 PSYoungGen      total 3072K, used 288K [0x00000000eab00000, 0x00000000eaf00000, 0x0000000100000000)
  eden space 2560K, 0% used [0x00000000eab00000,0x00000000eab00000,0x00000000ead80000)
  from space 512K, 56% used [0x00000000eae80000,0x00000000eaec8000,0x00000000eaf00000)
  to   space 512K, 0% used [0x00000000ead80000,0x00000000ead80000,0x00000000eae00000)
 ParOldGen       total 465408K, used 465102K [0x00000000c0000000, 0x00000000dc680000, 0x00000000eab00000)
  object space 465408K, 99% used [0x00000000c0000000,0x00000000dc633aa8,0x00000000dc680000)
 Metaspace       used 62508K, committed 63872K, reserved 1114112K
  class space    used 6554K, committed 7104K, reserved 1048576K
}
Event: 33.779 GC heap before
{Heap before GC invocations=2313 (full 3):
 PSYoungGen      total 3072K, used 2848K [0x00000000eab00000, 0x00000000eaf00000, 0x0000000100000000)
  eden space 2560K, 100% used [0x00000000eab00000,0x00000000ead80000,0x00000000ead80000)
  from space 512K, 56% used [0x00000000eae80000,0x00000000eaec8000,0x00000000eaf00000)
  to   space 512K, 0% used [0x00000000ead80000,0x00000000ead80000,0x00000000eae00000)
 ParOldGen       total 465408K, used 465104K [0x00000000c0000000, 0x00000000dc680000, 0x00000000eab00000)
  object space 465408K, 99% used [0x00000000c0000000,0x00000000dc634088,0x00000000dc680000)
 Metaspace       used 62543K, committed 63872K, reserved 1114112K
  class space    used 6559K, committed 7104K, reserved 1048576K
}
Event: 33.781 GC heap after
{Heap after GC invocations=2313 (full 3):
 PSYoungGen      total 3072K, used 320K [0x00000000eab00000, 0x00000000eaf00000, 0x0000000100000000)
  eden space 2560K, 0% used [0x00000000eab00000,0x00000000eab00000,0x00000000ead80000)
  from space 512K, 62% used [0x00000000ead80000,0x00000000eadd0000,0x00000000eae00000)
  to   space 512K, 0% used [0x00000000eae80000,0x00000000eae80000,0x00000000eaf00000)
 ParOldGen       total 465408K, used 465216K [0x00000000c0000000, 0x00000000dc680000, 0x00000000eab00000)
  object space 465408K, 99% used [0x00000000c0000000,0x00000000dc650088,0x00000000dc680000)
 Metaspace       used 62543K, committed 63872K, reserved 1114112K
  class space    used 6559K, committed 7104K, reserved 1048576K
}
Event: 33.790 GC heap before
{Heap before GC invocations=2314 (full 3):
 PSYoungGen      total 3072K, used 2880K [0x00000000eab00000, 0x00000000eaf00000, 0x0000000100000000)
  eden space 2560K, 100% used [0x00000000eab00000,0x00000000ead80000,0x00000000ead80000)
  from space 512K, 62% used [0x00000000ead80000,0x00000000eadd0000,0x00000000eae00000)
  to   space 512K, 0% used [0x00000000eae80000,0x00000000eae80000,0x00000000eaf00000)
 ParOldGen       total 476672K, used 476227K [0x00000000c0000000, 0x00000000dd180000, 0x00000000eab00000)
  object space 476672K, 99% used [0x00000000c0000000,0x00000000dd110ec0,0x00000000dd180000)
 Metaspace       used 62566K, committed 63872K, reserved 1114112K
  class space    used 6562K, committed 7104K, reserved 1048576K
}
Event: 33.792 GC heap after
{Heap after GC invocations=2314 (full 3):
 PSYoungGen      total 3072K, used 384K [0x00000000eab00000, 0x00000000eaf00000, 0x0000000100000000)
  eden space 2560K, 0% used [0x00000000eab00000,0x00000000eab00000,0x00000000ead80000)
  from space 512K, 75% used [0x00000000eae80000,0x00000000eaee0000,0x00000000eaf00000)
  to   space 512K, 0% used [0x00000000ead80000,0x00000000ead80000,0x00000000eae00000)
 ParOldGen       total 476672K, used 476315K [0x00000000c0000000, 0x00000000dd180000, 0x00000000eab00000)
  object space 476672K, 99% used [0x00000000c0000000,0x00000000dd126ec0,0x00000000dd180000)
 Metaspace       used 62566K, committed 63872K, reserved 1114112K
  class space    used 6562K, committed 7104K, reserved 1048576K
}

Dll operation events (12 events):
Event: 0.033 Loaded shared library c:\Users\N-424\.cursor\extensions\redhat.java-1.40.0-win32-x64\jre\21.0.6-win32-x86_64\bin\java.dll
Event: 0.054 Loaded shared library c:\Users\N-424\.cursor\extensions\redhat.java-1.40.0-win32-x64\jre\21.0.6-win32-x86_64\bin\zip.dll
Event: 0.086 Loaded shared library C:\Users\N-424\.cursor\extensions\redhat.java-1.40.0-win32-x64\jre\21.0.6-win32-x86_64\bin\instrument.dll
Event: 0.088 Loaded shared library C:\Users\N-424\.cursor\extensions\redhat.java-1.40.0-win32-x64\jre\21.0.6-win32-x86_64\bin\net.dll
Event: 0.090 Loaded shared library C:\Users\N-424\.cursor\extensions\redhat.java-1.40.0-win32-x64\jre\21.0.6-win32-x86_64\bin\nio.dll
Event: 0.092 Loaded shared library C:\Users\N-424\.cursor\extensions\redhat.java-1.40.0-win32-x64\jre\21.0.6-win32-x86_64\bin\zip.dll
Event: 0.102 Loaded shared library C:\Users\N-424\.cursor\extensions\redhat.java-1.40.0-win32-x64\jre\21.0.6-win32-x86_64\bin\jimage.dll
Event: 0.152 Loaded shared library c:\Users\N-424\.cursor\extensions\redhat.java-1.40.0-win32-x64\jre\21.0.6-win32-x86_64\bin\verify.dll
Event: 1.849 Loaded shared library C:\Users\N-424\AppData\Roaming\Cursor\User\globalStorage\redhat.java\1.40.0\config_win\org.eclipse.equinox.launcher\org.eclipse.equinox.launcher.win32.win32.x86_64_1.2.1200.v20250212-0927\eclipse_11909.dll
Event: 3.917 Loaded shared library C:\Users\N-424\AppData\Local\Temp\jna-73426807\jna3542656877867294294.dll
Event: 4.863 Loaded shared library C:\Users\N-424\.cursor\extensions\redhat.java-1.40.0-win32-x64\jre\21.0.6-win32-x86_64\bin\sunmscapi.dll
Event: 5.154 Loaded shared library C:\Users\N-424\.cursor\extensions\redhat.java-1.40.0-win32-x64\jre\21.0.6-win32-x86_64\bin\extnet.dll

Deoptimization events (20 events):
Event: 33.769 Thread 0x0000025d7c995e40 DEOPT PACKING pc=0x0000025d015704ce sp=0x000000ce4ddfe520
Event: 33.769 Thread 0x0000025d7c995e40 DEOPT UNPACKING pc=0x0000025d074a4242 sp=0x000000ce4ddfdaa0 mode 0
Event: 33.772 Thread 0x0000025d7c995e40 DEOPT PACKING pc=0x0000025d015704ce sp=0x000000ce4ddfe520
Event: 33.772 Thread 0x0000025d7c995e40 DEOPT UNPACKING pc=0x0000025d074a4242 sp=0x000000ce4ddfdaa0 mode 0
Event: 33.773 Thread 0x0000025d7c995e40 DEOPT PACKING pc=0x0000025d015704ce sp=0x000000ce4ddfe520
Event: 33.773 Thread 0x0000025d7c995e40 DEOPT UNPACKING pc=0x0000025d074a4242 sp=0x000000ce4ddfdaa0 mode 0
Event: 33.773 Thread 0x0000025d7c995e40 DEOPT PACKING pc=0x0000025d015704ce sp=0x000000ce4ddfe520
Event: 33.773 Thread 0x0000025d7c995e40 DEOPT UNPACKING pc=0x0000025d074a4242 sp=0x000000ce4ddfdaa0 mode 0
Event: 33.783 Thread 0x0000025d5202c9b0 Uncommon trap: trap_request=0xffffff45 fr.pc=0x0000025d07fba69c relative=0x00000000000009dc
Event: 33.783 Thread 0x0000025d5202c9b0 Uncommon trap: reason=unstable_if action=reinterpret pc=0x0000025d07fba69c method=org.eclipse.jdt.internal.core.util.WeakHashSet.cleanupGarbageCollectedValues()V @ 140 c2
Event: 33.783 Thread 0x0000025d5202c9b0 DEOPT PACKING pc=0x0000025d07fba69c sp=0x000000ce506fe320
Event: 33.783 Thread 0x0000025d5202c9b0 DEOPT UNPACKING pc=0x0000025d074a3aa2 sp=0x000000ce506fe228 mode 2
Event: 33.785 Thread 0x0000025d5202c9b0 Uncommon trap: trap_request=0xffffffcc fr.pc=0x0000025d083eb454 relative=0x00000000000022b4
Event: 33.785 Thread 0x0000025d5202c9b0 Uncommon trap: reason=intrinsic_or_type_checked_inlining action=make_not_entrant pc=0x0000025d083eb454 method=java.util.ArrayList$SubList.toArray([Ljava/lang/Object;)[Ljava/lang/Object; @ 58 c2
Event: 33.785 Thread 0x0000025d5202c9b0 DEOPT PACKING pc=0x0000025d083eb454 sp=0x000000ce506fb870
Event: 33.785 Thread 0x0000025d5202c9b0 DEOPT UNPACKING pc=0x0000025d074a3aa2 sp=0x000000ce506fb620 mode 2
Event: 33.792 Thread 0x0000025d7c995e40 Uncommon trap: trap_request=0xffffff45 fr.pc=0x0000025d081406d8 relative=0x0000000000000238
Event: 33.793 Thread 0x0000025d7c995e40 Uncommon trap: reason=unstable_if action=reinterpret pc=0x0000025d081406d8 method=sun.nio.fs.WindowsPath.normalize()Lsun/nio/fs/WindowsPath; @ 63 c2
Event: 33.793 Thread 0x0000025d7c995e40 DEOPT PACKING pc=0x0000025d081406d8 sp=0x000000ce4ddfe890
Event: 33.793 Thread 0x0000025d7c995e40 DEOPT UNPACKING pc=0x0000025d074a3aa2 sp=0x000000ce4ddfe828 mode 2

Classes loaded (20 events):
Event: 33.466 Loading class java/nio/charset/CharacterCodingException
Event: 33.466 Loading class java/nio/charset/CharacterCodingException done
Event: 33.466 Loading class java/io/SequenceInputStream
Event: 33.466 Loading class java/io/SequenceInputStream done
Event: 33.559 Loading class java/util/Hashtable$KeySet
Event: 33.559 Loading class java/util/Hashtable$KeySet done
Event: 33.595 Loading class java/util/stream/DistinctOps
Event: 33.595 Loading class java/util/stream/DistinctOps done
Event: 33.595 Loading class java/util/stream/DistinctOps$1
Event: 33.595 Loading class java/util/stream/DistinctOps$1 done
Event: 33.598 Loading class java/util/stream/DistinctOps$1$2
Event: 33.599 Loading class java/util/stream/DistinctOps$1$2 done
Event: 33.635 Loading class jdk/internal/event/SecurityPropertyModificationEvent
Event: 33.635 Loading class jdk/internal/event/SecurityPropertyModificationEvent done
Event: 33.690 Loading class java/util/zip/CheckedInputStream
Event: 33.690 Loading class java/util/zip/CheckedInputStream done
Event: 33.724 Loading class java/util/concurrent/ForkJoinTask$AdaptedCallable
Event: 33.724 Loading class java/util/concurrent/ForkJoinTask$AdaptedCallable done
Event: 33.783 Loading class java/util/zip/GZIPInputStream$1
Event: 33.783 Loading class java/util/zip/GZIPInputStream$1 done

Classes unloaded (7 events):
Event: 4.205 Thread 0x0000025d6f6bfa30 Unloading class 0x0000025d1019a000 'java/lang/invoke/LambdaForm$MH+0x0000025d1019a000'
Event: 4.205 Thread 0x0000025d6f6bfa30 Unloading class 0x0000025d10199c00 'java/lang/invoke/LambdaForm$MH+0x0000025d10199c00'
Event: 4.205 Thread 0x0000025d6f6bfa30 Unloading class 0x0000025d10199800 'java/lang/invoke/LambdaForm$MH+0x0000025d10199800'
Event: 4.205 Thread 0x0000025d6f6bfa30 Unloading class 0x0000025d10199400 'java/lang/invoke/LambdaForm$MH+0x0000025d10199400'
Event: 4.205 Thread 0x0000025d6f6bfa30 Unloading class 0x0000025d10199000 'java/lang/invoke/LambdaForm$BMH+0x0000025d10199000'
Event: 4.205 Thread 0x0000025d6f6bfa30 Unloading class 0x0000025d10198c00 'java/lang/invoke/LambdaForm$DMH+0x0000025d10198c00'
Event: 4.205 Thread 0x0000025d6f6bfa30 Unloading class 0x0000025d10193c00 'java/lang/invoke/LambdaForm$DMH+0x0000025d10193c00'

Classes redefined (0 events):
No events

Internal exceptions (20 events):
Event: 33.590 Thread 0x0000025d7c995e40 Exception <a 'sun/nio/fs/WindowsException'{0x00000000eaba30f0}> (0x00000000eaba30f0) 
thrown [s\src\hotspot\share\prims\jni.cpp, line 520]
Event: 33.590 Thread 0x0000025d7c995e40 Exception <a 'sun/nio/fs/WindowsException'{0x00000000eabadcc8}> (0x00000000eabadcc8) 
thrown [s\src\hotspot\share\prims\jni.cpp, line 520]
Event: 33.629 Thread 0x0000025d7c998c30 Exception <a 'sun/nio/fs/WindowsException'{0x00000000eac78d28}> (0x00000000eac78d28) 
thrown [s\src\hotspot\share\prims\jni.cpp, line 520]
Event: 33.629 Thread 0x0000025d7c998c30 Exception <a 'sun/nio/fs/WindowsException'{0x00000000eaca21d8}> (0x00000000eaca21d8) 
thrown [s\src\hotspot\share\prims\jni.cpp, line 520]
Event: 33.636 Thread 0x0000025d5202b600 Exception <a 'sun/nio/fs/WindowsException'{0x00000000eac93928}> (0x00000000eac93928) 
thrown [s\src\hotspot\share\prims\jni.cpp, line 520]
Event: 33.636 Thread 0x0000025d5202b600 Exception <a 'sun/nio/fs/WindowsException'{0x00000000eac9f730}> (0x00000000eac9f730) 
thrown [s\src\hotspot\share\prims\jni.cpp, line 520]
Event: 33.636 Thread 0x0000025d7f3128c0 Exception <a 'sun/nio/fs/WindowsException'{0x00000000eaca6e98}> (0x00000000eaca6e98) 
thrown [s\src\hotspot\share\prims\jni.cpp, line 520]
Event: 33.636 Thread 0x0000025d7f3128c0 Exception <a 'sun/nio/fs/WindowsException'{0x00000000eaca7498}> (0x00000000eaca7498) 
thrown [s\src\hotspot\share\prims\jni.cpp, line 520]
Event: 33.637 Thread 0x0000025d5202b600 Exception <a 'sun/nio/fs/WindowsException'{0x00000000eaca80b8}> (0x00000000eaca80b8) 
thrown [s\src\hotspot\share\prims\jni.cpp, line 520]
Event: 33.637 Thread 0x0000025d5202b600 Exception <a 'sun/nio/fs/WindowsException'{0x00000000eacc64d8}> (0x00000000eacc64d8) 
thrown [s\src\hotspot\share\prims\jni.cpp, line 520]
Event: 33.640 Thread 0x0000025d5202b600 Exception <a 'sun/nio/fs/WindowsException'{0x00000000eab1dea8}> (0x00000000eab1dea8) 
thrown [s\src\hotspot\share\prims\jni.cpp, line 520]
Event: 33.640 Thread 0x0000025d5202b600 Exception <a 'sun/nio/fs/WindowsException'{0x00000000eab333d0}> (0x00000000eab333d0) 
thrown [s\src\hotspot\share\prims\jni.cpp, line 520]
Event: 33.651 Thread 0x0000025d5202c9b0 Exception <a 'sun/nio/fs/WindowsException'{0x00000000eab00a80}> (0x00000000eab00a80) 
thrown [s\src\hotspot\share\prims\jni.cpp, line 520]
Event: 33.652 Thread 0x0000025d5202c9b0 Exception <a 'sun/nio/fs/WindowsException'{0x00000000eab66e80}> (0x00000000eab66e80) 
thrown [s\src\hotspot\share\prims\jni.cpp, line 520]
Event: 33.652 Thread 0x0000025d5202c9b0 Exception <a 'sun/nio/fs/WindowsException'{0x00000000eab86070}> (0x00000000eab86070) 
thrown [s\src\hotspot\share\prims\jni.cpp, line 520]
Event: 33.652 Thread 0x0000025d5202c9b0 Exception <a 'sun/nio/fs/WindowsException'{0x00000000eab86970}> (0x00000000eab86970) 
thrown [s\src\hotspot\share\prims\jni.cpp, line 520]
Event: 33.654 Thread 0x0000025d5202c9b0 Exception <a 'sun/nio/fs/WindowsException'{0x00000000eabcfa20}> (0x00000000eabcfa20) 
thrown [s\src\hotspot\share\prims\jni.cpp, line 520]
Event: 33.654 Thread 0x0000025d5202c9b0 Exception <a 'sun/nio/fs/WindowsException'{0x00000000eabe70a8}> (0x00000000eabe70a8) 
thrown [s\src\hotspot\share\prims\jni.cpp, line 520]
Event: 33.717 Thread 0x0000025d5202c9b0 Exception <a 'java/io/FileNotFoundException'{0x00000000eabefdb8}> (0x00000000eabefdb8) 
thrown [s\src\hotspot\share\prims\jni.cpp, line 520]
Event: 33.717 Thread 0x0000025d5202c9b0 Exception <a 'java/io/FileNotFoundException'{0x00000000eac11580}> (0x00000000eac11580) 
thrown [s\src\hotspot\share\prims\jni.cpp, line 520]

ZGC Phase Switch (0 events):
No events

VM Operations (20 events):
Event: 33.744 Executing VM operation: ParallelGCFailedAllocation (Allocation Failure)
Event: 33.744 Executing VM operation: ParallelGCFailedAllocation (Allocation Failure) done
Event: 33.744 Executing VM operation: ParallelGCSystemGC (GCLocker Initiated GC)
Event: 33.745 Executing VM operation: ParallelGCSystemGC (GCLocker Initiated GC) done
Event: 33.756 Executing VM operation: ParallelGCFailedAllocation (Allocation Failure)
Event: 33.756 Executing VM operation: ParallelGCFailedAllocation (Allocation Failure) done
Event: 33.756 Executing VM operation: ParallelGCSystemGC (GCLocker Initiated GC)
Event: 33.757 Executing VM operation: ParallelGCSystemGC (GCLocker Initiated GC) done
Event: 33.769 Executing VM operation: HandshakeAllThreads (Deoptimize)
Event: 33.769 Executing VM operation: HandshakeAllThreads (Deoptimize) done
Event: 33.770 Executing VM operation: ParallelGCFailedAllocation (Allocation Failure)
Event: 33.770 Executing VM operation: ParallelGCFailedAllocation (Allocation Failure) done
Event: 33.770 Executing VM operation: ParallelGCSystemGC (GCLocker Initiated GC)
Event: 33.772 Executing VM operation: ParallelGCSystemGC (GCLocker Initiated GC) done
Event: 33.779 Executing VM operation: ParallelGCFailedAllocation (Allocation Failure)
Event: 33.779 Executing VM operation: ParallelGCFailedAllocation (Allocation Failure) done
Event: 33.779 Executing VM operation: ParallelGCSystemGC (GCLocker Initiated GC)
Event: 33.781 Executing VM operation: ParallelGCSystemGC (GCLocker Initiated GC) done
Event: 33.787 Executing VM operation: ParallelGCFailedAllocation (Allocation Failure)
Event: 33.792 Executing VM operation: ParallelGCFailedAllocation (Allocation Failure) done

Memory protections (0 events):
No events

Nmethod flushes (20 events):
Event: 23.799 Thread 0x0000025d6f6bfa30 flushing  nmethod 0x0000025d00990b90
Event: 23.799 Thread 0x0000025d6f6bfa30 flushing  nmethod 0x0000025d00992d90
Event: 23.799 Thread 0x0000025d6f6bfa30 flushing  nmethod 0x0000025d00995090
Event: 23.799 Thread 0x0000025d6f6bfa30 flushing  nmethod 0x0000025d009abb10
Event: 23.799 Thread 0x0000025d6f6bfa30 flushing  nmethod 0x0000025d009b2110
Event: 23.799 Thread 0x0000025d6f6bfa30 flushing  nmethod 0x0000025d009b9e10
Event: 23.799 Thread 0x0000025d6f6bfa30 flushing  nmethod 0x0000025d009bdf10
Event: 23.799 Thread 0x0000025d6f6bfa30 flushing  nmethod 0x0000025d009d0e10
Event: 23.799 Thread 0x0000025d6f6bfa30 flushing  nmethod 0x0000025d009e6d10
Event: 23.799 Thread 0x0000025d6f6bfa30 flushing  nmethod 0x0000025d009e7b10
Event: 23.799 Thread 0x0000025d6f6bfa30 flushing  nmethod 0x0000025d009e9490
Event: 23.799 Thread 0x0000025d6f6bfa30 flushing  nmethod 0x0000025d009eba10
Event: 23.799 Thread 0x0000025d6f6bfa30 flushing  nmethod 0x0000025d009ecb90
Event: 23.799 Thread 0x0000025d6f6bfa30 flushing  nmethod 0x0000025d00a42710
Event: 23.799 Thread 0x0000025d6f6bfa30 flushing  nmethod 0x0000025d00a92a10
Event: 23.799 Thread 0x0000025d6f6bfa30 flushing  nmethod 0x0000025d00a9a910
Event: 23.799 Thread 0x0000025d6f6bfa30 flushing  nmethod 0x0000025d00a9d790
Event: 23.799 Thread 0x0000025d6f6bfa30 flushing  nmethod 0x0000025d00a9db90
Event: 23.799 Thread 0x0000025d6f6bfa30 flushing  nmethod 0x0000025d00a9f610
Event: 23.799 Thread 0x0000025d6f6bfa30 flushing  nmethod 0x0000025d00aea210

Events (20 events):
Event: 33.343 Thread 0x0000025d7e7c9d30 Thread added: 0x0000025d7e7cb870
Event: 33.495 Thread 0x0000025d7e7c9d30 Thread added: 0x0000025d7e7c9660
Event: 33.543 Thread 0x0000025d7f310e80 Thread added: 0x0000025d7f310160
Event: 33.545 Thread 0x0000025d7f310e80 Thread added: 0x0000025d7f3107f0
Event: 33.549 Thread 0x0000025d7f310e80 Thread added: 0x0000025d7f311510
Event: 33.553 Thread 0x0000025d7f310e80 Thread added: 0x0000025d7c997880
Event: 33.554 Thread 0x0000025d7f310e80 Thread added: 0x0000025d5202a250
Event: 33.555 Thread 0x0000025d5202a250 Thread added: 0x0000025d5202a8e0
Event: 33.556 Thread 0x0000025d5202a8e0 Thread added: 0x0000025d52028ea0
Event: 33.620 Thread 0x0000025d7f310e80 Thread added: 0x0000025d5202c320
Event: 33.623 Thread 0x0000025d5202c320 Thread added: 0x0000025d5202bc90
Event: 33.624 Thread 0x0000025d5202bc90 Thread added: 0x0000025d5202af70
Event: 33.625 Thread 0x0000025d5202af70 Thread added: 0x0000025d52029bc0
Event: 33.626 Thread 0x0000025d52029bc0 Thread added: 0x0000025d5202b600
Event: 33.627 Thread 0x0000025d5202b600 Thread added: 0x0000025d5202c9b0
Event: 33.628 Thread 0x0000025d5202c9b0 Thread added: 0x0000025d52029530
Event: 33.640 Thread 0x0000025d7e7cb870 Thread added: 0x0000025d7e7cda80
Event: 33.641 Thread 0x0000025d52029bc0 Thread added: 0x0000025d520304c0
Event: 33.648 Thread 0x0000025d7e7ca400 Thread added: 0x0000025d7e7ce150
Event: 33.673 Thread 0x0000025d7e7cb870 Thread added: 0x0000025d7e7ce820


Dynamic libraries:
0x00007ff71a420000 - 0x00007ff71a42e000 	c:\Users\N-424\.cursor\extensions\redhat.java-1.40.0-win32-x64\jre\21.0.6-win32-x86_64\bin\java.exe
0x00007ffd73aa0000 - 0x00007ffd73d03000 	C:\WINDOWS\SYSTEM32\ntdll.dll
0x00007ffd72450000 - 0x00007ffd72517000 	C:\WINDOWS\System32\KERNEL32.DLL
0x00007ffd710b0000 - 0x00007ffd71479000 	C:\WINDOWS\System32\KERNELBASE.dll
0x00007ffd71480000 - 0x00007ffd715cc000 	C:\WINDOWS\System32\ucrtbase.dll
0x00007ffd5ae40000 - 0x00007ffd5ae58000 	c:\Users\N-424\.cursor\extensions\redhat.java-1.40.0-win32-x64\jre\21.0.6-win32-x86_64\bin\jli.dll
0x00007ffd58d70000 - 0x00007ffd58d8e000 	c:\Users\N-424\.cursor\extensions\redhat.java-1.40.0-win32-x64\jre\21.0.6-win32-x86_64\bin\VCRUNTIME140.dll
0x00007ffd73860000 - 0x00007ffd73a2a000 	C:\WINDOWS\System32\USER32.dll
0x00007ffd71690000 - 0x00007ffd716b7000 	C:\WINDOWS\System32\win32u.dll
0x00007ffd71e10000 - 0x00007ffd71e3a000 	C:\WINDOWS\System32\GDI32.dll
0x00007ffd70df0000 - 0x00007ffd70f21000 	C:\WINDOWS\System32\gdi32full.dll
0x00007ffd70ca0000 - 0x00007ffd70d43000 	C:\WINDOWS\System32\msvcp_win.dll
0x00007ffd48da0000 - 0x00007ffd49030000 	C:\WINDOWS\WinSxS\amd64_microsoft.windows.common-controls_6595b64144ccf1df_6.0.26100.3323_none_3e088096e3344490\COMCTL32.dll
0x00007ffd72520000 - 0x00007ffd725c9000 	C:\WINDOWS\System32\msvcrt.dll
0x00007ffd736f0000 - 0x00007ffd7371f000 	C:\WINDOWS\System32\IMM32.DLL
0x00007ffd68bd0000 - 0x00007ffd68bdc000 	c:\Users\N-424\.cursor\extensions\redhat.java-1.40.0-win32-x64\jre\21.0.6-win32-x86_64\bin\vcruntime140_1.dll
0x00007ffd3f010000 - 0x00007ffd3f09d000 	c:\Users\N-424\.cursor\extensions\redhat.java-1.40.0-win32-x64\jre\21.0.6-win32-x86_64\bin\msvcp140.dll
0x00007ffcb1970000 - 0x00007ffcb2700000 	c:\Users\N-424\.cursor\extensions\redhat.java-1.40.0-win32-x64\jre\21.0.6-win32-x86_64\bin\server\jvm.dll
0x00007ffd72b50000 - 0x00007ffd72c02000 	C:\WINDOWS\System32\ADVAPI32.dll
0x00007ffd73730000 - 0x00007ffd737d6000 	C:\WINDOWS\System32\sechost.dll
0x00007ffd71cf0000 - 0x00007ffd71e06000 	C:\WINDOWS\System32\RPCRT4.dll
0x00007ffd72dd0000 - 0x00007ffd72e44000 	C:\WINDOWS\System32\WS2_32.dll
0x00007ffd65160000 - 0x00007ffd65196000 	C:\WINDOWS\SYSTEM32\WINMM.dll
0x00007ffd6f950000 - 0x00007ffd6f99e000 	C:\WINDOWS\SYSTEM32\POWRPROF.dll
0x00007ffd5eb50000 - 0x00007ffd5eb5b000 	C:\WINDOWS\SYSTEM32\VERSION.dll
0x00007ffd6f930000 - 0x00007ffd6f944000 	C:\WINDOWS\SYSTEM32\UMPDC.dll
0x00007ffd6fbd0000 - 0x00007ffd6fbea000 	C:\WINDOWS\SYSTEM32\kernel.appcore.dll
0x00007ffd68b00000 - 0x00007ffd68b0a000 	c:\Users\N-424\.cursor\extensions\redhat.java-1.40.0-win32-x64\jre\21.0.6-win32-x86_64\bin\jimage.dll
0x00007ffd6e510000 - 0x00007ffd6e751000 	C:\WINDOWS\SYSTEM32\DBGHELP.DLL
0x00007ffd72070000 - 0x00007ffd723f2000 	C:\WINDOWS\System32\combase.dll
0x00007ffd73610000 - 0x00007ffd736e6000 	C:\WINDOWS\System32\OLEAUT32.dll
0x00007ffd4f670000 - 0x00007ffd4f6a9000 	C:\WINDOWS\SYSTEM32\dbgcore.DLL
0x00007ffd70d50000 - 0x00007ffd70de9000 	C:\WINDOWS\System32\bcryptPrimitives.dll
0x00007ffd5d060000 - 0x00007ffd5d06f000 	c:\Users\N-424\.cursor\extensions\redhat.java-1.40.0-win32-x64\jre\21.0.6-win32-x86_64\bin\instrument.dll
0x00007ffd58d50000 - 0x00007ffd58d6f000 	c:\Users\N-424\.cursor\extensions\redhat.java-1.40.0-win32-x64\jre\21.0.6-win32-x86_64\bin\java.dll
0x00007ffd72ef0000 - 0x00007ffd73605000 	C:\WINDOWS\System32\SHELL32.dll
0x00007ffd716c0000 - 0x00007ffd71828000 	C:\WINDOWS\System32\wintypes.dll
0x00007ffd6e9c0000 - 0x00007ffd6f205000 	C:\WINDOWS\SYSTEM32\windows.storage.dll
0x00007ffd72a60000 - 0x00007ffd72b4b000 	C:\WINDOWS\System32\SHCORE.dll
0x00007ffd72d70000 - 0x00007ffd72dcd000 	C:\WINDOWS\System32\shlwapi.dll
0x00007ffd70bb0000 - 0x00007ffd70bdf000 	C:\WINDOWS\SYSTEM32\profapi.dll
0x00007ffd588d0000 - 0x00007ffd588e8000 	c:\Users\N-424\.cursor\extensions\redhat.java-1.40.0-win32-x64\jre\21.0.6-win32-x86_64\bin\zip.dll
0x00007ffd5d190000 - 0x00007ffd5d1a0000 	C:\Users\N-424\.cursor\extensions\redhat.java-1.40.0-win32-x64\jre\21.0.6-win32-x86_64\bin\net.dll
0x00007ffd64e50000 - 0x00007ffd64f6e000 	C:\WINDOWS\SYSTEM32\WINHTTP.dll
0x00007ffd700f0000 - 0x00007ffd7015a000 	C:\WINDOWS\system32\mswsock.dll
0x00007ffd383a0000 - 0x00007ffd383b6000 	C:\Users\N-424\.cursor\extensions\redhat.java-1.40.0-win32-x64\jre\21.0.6-win32-x86_64\bin\nio.dll
0x00007ffd5d050000 - 0x00007ffd5d060000 	c:\Users\N-424\.cursor\extensions\redhat.java-1.40.0-win32-x64\jre\21.0.6-win32-x86_64\bin\verify.dll
0x00007ffd55580000 - 0x00007ffd555c5000 	C:\Users\N-424\AppData\Roaming\Cursor\User\globalStorage\redhat.java\1.40.0\config_win\org.eclipse.equinox.launcher\org.eclipse.equinox.launcher.win32.win32.x86_64_1.2.1200.v20250212-0927\eclipse_11909.dll
0x00007ffd71ed0000 - 0x00007ffd72065000 	C:\WINDOWS\System32\ole32.dll
0x00007ffd70390000 - 0x00007ffd703ac000 	C:\WINDOWS\SYSTEM32\CRYPTSP.dll
0x00007ffd6fb30000 - 0x00007ffd6fb6a000 	C:\WINDOWS\system32\rsaenh.dll
0x00007ffd70190000 - 0x00007ffd701bb000 	C:\WINDOWS\SYSTEM32\USERENV.dll
0x00007ffd705d0000 - 0x00007ffd705f6000 	C:\WINDOWS\SYSTEM32\bcrypt.dll
0x00007ffd703b0000 - 0x00007ffd703bc000 	C:\WINDOWS\SYSTEM32\CRYPTBASE.dll
0x00007ffd6f590000 - 0x00007ffd6f5c3000 	C:\WINDOWS\SYSTEM32\IPHLPAPI.DLL
0x00007ffd71ea0000 - 0x00007ffd71eaa000 	C:\WINDOWS\System32\NSI.dll
0x00007ffd49360000 - 0x00007ffd493a9000 	C:\Users\N-424\AppData\Local\Temp\jna-73426807\jna3542656877867294294.dll
0x00007ffd72e50000 - 0x00007ffd72e58000 	C:\WINDOWS\System32\PSAPI.DLL
0x00007ffd651d0000 - 0x00007ffd651ef000 	C:\WINDOWS\SYSTEM32\dhcpcsvc6.DLL
0x00007ffd651a0000 - 0x00007ffd651c5000 	C:\WINDOWS\SYSTEM32\dhcpcsvc.DLL
0x00007ffd58d20000 - 0x00007ffd58d2e000 	C:\Users\N-424\.cursor\extensions\redhat.java-1.40.0-win32-x64\jre\21.0.6-win32-x86_64\bin\sunmscapi.dll
0x00007ffd70f30000 - 0x00007ffd710a7000 	C:\WINDOWS\System32\CRYPT32.dll
0x00007ffd70590000 - 0x00007ffd705c0000 	C:\WINDOWS\SYSTEM32\ncrypt.dll
0x00007ffd70540000 - 0x00007ffd7057f000 	C:\WINDOWS\SYSTEM32\NTASN1.dll
0x00007ffd6f620000 - 0x00007ffd6f745000 	C:\WINDOWS\SYSTEM32\DNSAPI.dll
0x00007ffd5f170000 - 0x00007ffd5f17b000 	C:\Windows\System32\rasadhlp.dll
0x00007ffd671b0000 - 0x00007ffd67235000 	C:\WINDOWS\System32\fwpuclnt.dll
0x00007ffd588c0000 - 0x00007ffd588c9000 	C:\Users\N-424\.cursor\extensions\redhat.java-1.40.0-win32-x64\jre\21.0.6-win32-x86_64\bin\extnet.dll

dbghelp: loaded successfully - version: 4.0.5 - missing functions: none
symbol engine: initialized successfully - sym options: 0x614 - pdb path: .;c:\Users\N-424\.cursor\extensions\redhat.java-1.40.0-win32-x64\jre\21.0.6-win32-x86_64\bin;C:\WINDOWS\SYSTEM32;C:\WINDOWS\WinSxS\amd64_microsoft.windows.common-controls_6595b64144ccf1df_6.0.26100.3323_none_3e088096e3344490;c:\Users\N-424\.cursor\extensions\redhat.java-1.40.0-win32-x64\jre\21.0.6-win32-x86_64\bin\server;C:\Users\N-424\AppData\Roaming\Cursor\User\globalStorage\redhat.java\1.40.0\config_win\org.eclipse.equinox.launcher\org.eclipse.equinox.launcher.win32.win32.x86_64_1.2.1200.v20250212-0927;C:\Users\N-424\AppData\Local\Temp\jna-73426807

VM Arguments:
jvm_args: --add-modules=ALL-SYSTEM --add-opens=java.base/java.util=ALL-UNNAMED --add-opens=java.base/java.lang=ALL-UNNAMED --add-opens=java.base/sun.nio.fs=ALL-UNNAMED -Declipse.application=org.eclipse.jdt.ls.core.id1 -Dosgi.bundles.defaultStartLevel=4 -Declipse.product=org.eclipse.jdt.ls.core.product -Djava.import.generatesMetadataFilesAtProjectRoot=false -DDetectVMInstallationsJob.disabled=true -Dfile.encoding=utf8 -XX:+UseParallelGC -XX:GCTimeRatio=4 -XX:AdaptiveSizePolicyWeight=90 -Dsun.zip.disableMemoryMapping=true -Xmx1G -Xms100m -Xlog:disable -javaagent:c:\Users\N-424\.cursor\extensions\redhat.java-1.40.0-win32-x64\lombok\lombok-1.18.36.jar -XX:+HeapDumpOnOutOfMemoryError -XX:HeapDumpPath=c:\Users\N-424\AppData\Roaming\Cursor\User\workspaceStorage\1e711bddc8d52f7b321ba71ed2f3adfd\redhat.java -Daether.dependencyCollector.impl=bf 
java_command: c:\Users\N-424\.cursor\extensions\redhat.java-1.40.0-win32-x64\server\plugins\org.eclipse.equinox.launcher_1.6.1000.v20250131-0606.jar -configuration c:\Users\N-424\AppData\Roaming\Cursor\User\globalStorage\redhat.java\1.40.0\config_win -data c:\Users\N-424\AppData\Roaming\Cursor\User\workspaceStorage\1e711bddc8d52f7b321ba71ed2f3adfd\redhat.java\jdt_ws --pipe=\\.\pipe\lsp-beaf01a65114a7185b3bdf52690173b0-sock
java_class_path (initial): c:\Users\N-424\.cursor\extensions\redhat.java-1.40.0-win32-x64\server\plugins\org.eclipse.equinox.launcher_1.6.1000.v20250131-0606.jar
Launcher Type: SUN_STANDARD

[Global flags]
    uintx AdaptiveSizePolicyWeight                 = 90                                        {product} {command line}
     intx CICompilerCount                          = 12                                        {product} {ergonomic}
    uintx GCTimeRatio                              = 4                                         {product} {command line}
     bool HeapDumpOnOutOfMemoryError               = true                                   {manageable} {command line}
    ccstr HeapDumpPath                             = c:\Users\N-424\AppData\Roaming\Cursor\User\workspaceStorage\1e711bddc8d52f7b321ba71ed2f3adfd\redhat.java         {manageable} {command line}
   size_t InitialHeapSize                          = 104857600                                 {product} {command line}
   size_t MaxHeapSize                              = 1073741824                                {product} {command line}
   size_t MaxNewSize                               = 357564416                                 {product} {ergonomic}
   size_t MinHeapDeltaBytes                        = 524288                                    {product} {ergonomic}
   size_t MinHeapSize                              = 104857600                                 {product} {command line}
   size_t NewSize                                  = 34603008                                  {product} {ergonomic}
    uintx NonNMethodCodeHeapSize                   = 7602480                                {pd product} {ergonomic}
    uintx NonProfiledCodeHeapSize                  = 122027880                              {pd product} {ergonomic}
   size_t OldSize                                  = 70254592                                  {product} {ergonomic}
    uintx ProfiledCodeHeapSize                     = 122027880                              {pd product} {ergonomic}
    uintx ReservedCodeCacheSize                    = 251658240                              {pd product} {ergonomic}
     bool SegmentedCodeCache                       = true                                      {product} {ergonomic}
   size_t SoftMaxHeapSize                          = 1073741824                             {manageable} {ergonomic}
     bool UseCompressedOops                        = true                           {product lp64_product} {ergonomic}
     bool UseLargePagesIndividualAllocation        = false                                  {pd product} {ergonomic}
     bool UseParallelGC                            = true                                      {product} {command line}

Logging:
Log output configuration:
 #0: stdout all=off uptime,level,tags foldmultilines=false
 #1: stderr all=off uptime,level,tags foldmultilines=false

Environment Variables:
JAVA_HOME=C:\Program Files\Java\jdk-1.8
PATH=C:\Program Files (x86)\VMware\VMware Player\bin\;C:\Program Files (x86)\Common Files\Oracle\Java\java8path;C:\Program Files (x86)\Common Files\Oracle\Java\javapath;C:\Windows\system32;C:\Windows;C:\Windows\System32\Wbem;C:\Windows\System32\WindowsPowerShell\v1.0\;C:\Windows\System32\OpenSSH\;C:\Program Files (x86)\NVIDIA Corporation\PhysX\Common;C:\Program Files\Bandizip\;C:\Program Files\Java\jdk-1.8\bin;C:\Program Files (x86)\Windows Kits\10\Windows Performance Toolkit\;C:\flutter\bin;C:\WINDOWS\system32;C:\WINDOWS;C:\WINDOWS\System32\Wbem;C:\WINDOWS\System32\WindowsPowerShell\v1.0\;C:\WINDOWS\System32\OpenSSH\;C:\ProgramData\chocolatey\bin;C:\ProgramData\chocolatey\lib\maven\apache-maven-3.9.7\bin;C:\Program Files\Java\scripts;C:\Program Files\Git\cmd;C:\Program Files\PuTTY\;c:\Users\N-424\AppData\Local\Programs\cursor\resources\app\bin;C:\Users\N-424\AppData\Local\Programs\Python\Python312\Scripts\;C:\Users\N-424\AppData\Local\Programs\Python\Python312\;C:\Users\N-424\AppData\Local\Microsoft\WindowsApps;D:\Microsoft VS Code\Microsoft VS Code\bin;;C:\Program Files\JetBrains\IntelliJ IDEA Community Edition 2024.1.3\bin;;C:\Users\N-424\AppData\Local\Programs\cursor\resources\app\bin
USERNAME=N-424
OS=Windows_NT
PROCESSOR_IDENTIFIER=Intel64 Family 6 Model 154 Stepping 3, GenuineIntel
TMP=C:\Users\N-424\AppData\Local\Temp
TEMP=C:\Users\N-424\AppData\Local\Temp




Periodic native trim disabled

---------------  S Y S T E M  ---------------

OS:
 Windows 11 , 64 bit Build 26100 (10.0.26100.3323)
OS uptime: 4 days 5:13 hours

CPU: total 16 (initial active 16) (8 cores per cpu, 2 threads per core) family 6 model 154 stepping 3 microcode 0x421, cx8, cmov, fxsr, ht, mmx, 3dnowpref, sse, sse2, sse3, ssse3, sse4.1, sse4.2, popcnt, lzcnt, tsc, tscinvbit, avx, avx2, aes, erms, clmul, bmi1, bmi2, adx, sha, fma, vzeroupper, clflush, clflushopt, clwb, serialize, rdtscp, rdpid, fsrm, f16c, pku, cet_ibt, cet_ss
Processor Information for the first 16 processors :
  Max Mhz: 2100, Current Mhz: 2100, Mhz Limit: 2100

Memory: 4k page, system-wide physical 16098M (2838M free)
TotalPageFile size 18146M (AvailPageFile size 1M)
current process WorkingSet (physical memory assigned to process): 876M, peak: 1012M
current process commit charge ("private bytes"): 805M, peak: 934M

vm_info: OpenJDK 64-Bit Server VM (21.0.6+7-LTS) for windows-amd64 JRE (21.0.6+7-LTS), built on 2025-01-21T00:00:00Z by "admin" with MS VC++ 17.7 (VS2022)

END.
