#
# There is insufficient memory for the Java Runtime Environment to continue.
# Native memory allocation (mmap) failed to map 264241152 bytes for G1 virtual space
# Possible reasons:
#   The system is out of physical RAM or swap space
#   The process is running with CompressedOops enabled, and the Java Heap may be blocking the growth of the native heap
# Possible solutions:
#   Reduce memory load on the system
#   Increase physical memory or swap space
#   Check if swap backing store is full
#   Decrease Java heap size (-Xmx/-Xms)
#   Decrease number of Java threads
#   Decrease Java thread stack sizes (-Xss)
#   Set larger code cache with -XX:ReservedCodeCacheSize=
#   JVM is running with Zero Based Compressed Oops mode in which the Java heap is
#     placed in the first 32GB address space. The Java Heap base address is the
#     maximum limit for the native heap growth. Please use -XX:HeapBaseMinAddress
#     to set the Java Heap base and to place the Java Heap above 32GB virtual address.
# This output file may be truncated or incomplete.
#
#  Out of Memory Error (os_windows.cpp:3548), pid=20272, tid=820
#
# JRE version:  (17.0.11+7) (build )
# Java VM: Java HotSpot(TM) 64-Bit Server VM (17.0.11+7-LTS-207, mixed mode, sharing, tiered, compressed oops, compressed class ptrs, g1 gc, windows-amd64)
# No core dump will be written. Minidumps are not enabled by default on client versions of Windows
#

---------------  S U M M A R Y ------------

Command Line: -XX:+ShowCodeDetailsInExceptionMessages zgoo.cpos.CposApplication

Host: 12th Gen Intel(R) Core(TM) i7-1260P, 16 cores, 15G,  Windows 11 , 64 bit Build 22621 (10.0.22621.3958)
Time: Fri Nov  8 15:57:23 2024  Windows 11 , 64 bit Build 22621 (10.0.22621.3958) elapsed time: 0.016275 seconds (0d 0h 0m 0s)

---------------  T H R E A D  ---------------

Current thread (0x000001a966aac020):  JavaThread "Unknown thread" [_thread_in_vm, id=820, stack(0x0000006106400000,0x0000006106500000)]

Stack: [0x0000006106400000,0x0000006106500000]
Native frames: (J=compiled Java code, j=interpreted, Vv=VM code, C=native code)
V  [jvm.dll+0x679cca]
V  [jvm.dll+0x7da13d]
V  [jvm.dll+0x7dba83]
V  [jvm.dll+0x7dc0f3]
V  [jvm.dll+0x2449af]
V  [jvm.dll+0x676ce9]
V  [jvm.dll+0x66b852]
V  [jvm.dll+0x3018d6]
V  [jvm.dll+0x308e76]
V  [jvm.dll+0x3596ee]
V  [jvm.dll+0x35991f]
V  [jvm.dll+0x2d89a8]
V  [jvm.dll+0x2d9914]
V  [jvm.dll+0x7ac6b1]
V  [jvm.dll+0x366f61]
V  [jvm.dll+0x78b609]
V  [jvm.dll+0x3ec22f]
V  [jvm.dll+0x3ede61]
C  [jli.dll+0x5297]
C  [ucrtbase.dll+0x29333]
C  [KERNEL32.DLL+0x1257d]
C  [ntdll.dll+0x5af08]


---------------  P R O C E S S  ---------------

Threads class SMR info:
_java_thread_list=0x00007ffb2c297a18, length=0, elements={
}

Java Threads: ( => current thread )

Other Threads:
  0x000001a966b206c0 GCTaskThread "GC Thread#0" [stack: 0x0000006106500000,0x0000006106600000] [id=15840]
  0x000001a966b321b0 ConcurrentGCThread "G1 Main Marker" [stack: 0x0000006106600000,0x0000006106700000] [id=15528]
  0x000001a966b34370 ConcurrentGCThread "G1 Conc#0" [stack: 0x0000006106700000,0x0000006106800000] [id=6380]

[error occurred during error reporting (printing all threads), id 0xc0000005, EXCEPTION_ACCESS_VIOLATION (0xc0000005) at pc=0x00007ffb2bac9497]

VM state: not at safepoint (not fully initialized)

VM Mutex/Monitor currently owned by a thread:  ([mutex/lock_event])
[0x000001a966aa8250] Heap_lock - owner thread: 0x000001a966aac020

Heap address: 0x0000000704600000, size: 4026 MB, Compressed Oops mode: Zero based, Oop shift amount: 3

CDS archive(s) mapped at: [0x0000000000000000-0x0000000000000000-0x0000000000000000), size 0, SharedBaseAddress: 0x0000000800000000, ArchiveRelocationMode: 1.
Narrow klass base: 0x0000000000000000, Narrow klass shift: 0, Narrow klass range: 0x0

GC Precious Log:
<Empty>

Heap:
 garbage-first heap   total 0K, used 0K [0x0000000704600000, 0x0000000800000000)
  region size 2048K, 0 young (0K), 0 survivors (0K)

[error occurred during error reporting (printing heap information), id 0xc0000005, EXCEPTION_ACCESS_VIOLATION (0xc0000005) at pc=0x00007ffb2beb3559]

GC Heap History (0 events):
No events

Deoptimization events (0 events):
No events

Classes unloaded (0 events):
No events

Classes redefined (0 events):
No events

Internal exceptions (0 events):
No events

VM Operations (0 events):
No events

Events (1 events):
Event: 0.006 Loaded shared library C:\Program Files\Java\jdk-17.0.11\bin\java.dll


Dynamic libraries:
0x00007ff7f2970000 - 0x00007ff7f2980000 	C:\Program Files\Java\jdk-17.0.11\bin\java.exe
0x00007ffb818f0000 - 0x00007ffb81b07000 	C:\WINDOWS\SYSTEM32\ntdll.dll
0x00007ffb80800000 - 0x00007ffb808c4000 	C:\WINDOWS\System32\KERNEL32.DLL
0x00007ffb7f0d0000 - 0x00007ffb7f487000 	C:\WINDOWS\System32\KERNELBASE.dll
0x00007ffb7f490000 - 0x00007ffb7f5a1000 	C:\WINDOWS\System32\ucrtbase.dll
0x00007ffb6bf20000 - 0x00007ffb6bf3b000 	C:\Program Files\Java\jdk-17.0.11\bin\VCRUNTIME140.dll
0x00007ffb6be80000 - 0x00007ffb6be99000 	C:\Program Files\Java\jdk-17.0.11\bin\jli.dll
0x00007ffb7fff0000 - 0x00007ffb800a2000 	C:\WINDOWS\System32\ADVAPI32.dll
0x00007ffb7fce0000 - 0x00007ffb7fd87000 	C:\WINDOWS\System32\msvcrt.dll
0x00007ffb80650000 - 0x00007ffb806f8000 	C:\WINDOWS\System32\sechost.dll
0x00007ffb7eda0000 - 0x00007ffb7edc8000 	C:\WINDOWS\System32\bcrypt.dll
0x00007ffb80530000 - 0x00007ffb80644000 	C:\WINDOWS\System32\RPCRT4.dll
0x00007ffb80e90000 - 0x00007ffb8103f000 	C:\WINDOWS\System32\USER32.dll
0x00007ffb7ec00000 - 0x00007ffb7ec26000 	C:\WINDOWS\System32\win32u.dll
0x00007ffb7fd90000 - 0x00007ffb7fdb9000 	C:\WINDOWS\System32\GDI32.dll
0x00007ffb7ef30000 - 0x00007ffb7f048000 	C:\WINDOWS\System32\gdi32full.dll
0x00007ffb565e0000 - 0x00007ffb56873000 	C:\WINDOWS\WinSxS\amd64_microsoft.windows.common-controls_6595b64144ccf1df_6.0.22621.3672_none_2713b9d173822955\COMCTL32.dll
0x00007ffb7ee90000 - 0x00007ffb7ef2a000 	C:\WINDOWS\System32\msvcp_win.dll
0x00007ffb74cb0000 - 0x00007ffb74cba000 	C:\WINDOWS\SYSTEM32\VERSION.dll
0x00007ffb7f620000 - 0x00007ffb7f651000 	C:\WINDOWS\System32\IMM32.DLL
0x00007ffb6be70000 - 0x00007ffb6be7c000 	C:\Program Files\Java\jdk-17.0.11\bin\vcruntime140_1.dll
0x00007ffb37360000 - 0x00007ffb373ee000 	C:\Program Files\Java\jdk-17.0.11\bin\msvcp140.dll
0x00007ffb2b7e0000 - 0x00007ffb2c3c0000 	C:\Program Files\Java\jdk-17.0.11\bin\server\jvm.dll
0x00007ffb7f740000 - 0x00007ffb7f748000 	C:\WINDOWS\System32\PSAPI.DLL
0x00007ffb59b10000 - 0x00007ffb59b19000 	C:\WINDOWS\SYSTEM32\WSOCK32.dll
0x00007ffb72fe0000 - 0x00007ffb73014000 	C:\WINDOWS\SYSTEM32\WINMM.dll
0x00007ffb7f6c0000 - 0x00007ffb7f731000 	C:\WINDOWS\System32\WS2_32.dll
0x00007ffb7dd40000 - 0x00007ffb7dd58000 	C:\WINDOWS\SYSTEM32\kernel.appcore.dll
0x00007ffb6be60000 - 0x00007ffb6be6a000 	C:\Program Files\Java\jdk-17.0.11\bin\jimage.dll
0x00007ffb7c590000 - 0x00007ffb7c7c2000 	C:\WINDOWS\SYSTEM32\DBGHELP.DLL
0x00007ffb808d0000 - 0x00007ffb80c5e000 	C:\WINDOWS\System32\combase.dll
0x00007ffb80c60000 - 0x00007ffb80d37000 	C:\WINDOWS\System32\OLEAUT32.dll
0x00007ffb6f2b0000 - 0x00007ffb6f2e2000 	C:\WINDOWS\SYSTEM32\dbgcore.DLL
0x00007ffb7f050000 - 0x00007ffb7f0cb000 	C:\WINDOWS\System32\bcryptPrimitives.dll
0x00007ffb6be30000 - 0x00007ffb6be55000 	C:\Program Files\Java\jdk-17.0.11\bin\java.dll

dbghelp: loaded successfully - version: 4.0.5 - missing functions: none
symbol engine: initialized successfully - sym options: 0x614 - pdb path: .;C:\Program Files\Java\jdk-17.0.11\bin;C:\WINDOWS\SYSTEM32;C:\WINDOWS\WinSxS\amd64_microsoft.windows.common-controls_6595b64144ccf1df_6.0.22621.3672_none_2713b9d173822955;C:\Program Files\Java\jdk-17.0.11\bin\server

VM Arguments:
jvm_args: -XX:+ShowCodeDetailsInExceptionMessages 
java_command: zgoo.cpos.CposApplication
java_class_path (initial): D:\work\DA\server\project\zgooCpos\build\resources\main;D:\work\DA\server\project\zgooCpos\build\classes\java\main;C:\Users\N-424\.gradle\caches\modules-2\files-2.1\com.fasterxml.jackson.core\jackson-core\2.17.2\969a35cb35c86512acbadcdbbbfb044c877db814\jackson-core-2.17.2.jar;C:\Users\N-424\.gradle\caches\modules-2\files-2.1\org.springframework\spring-aop\6.1.13\ad2c631e1717fdc6d91d56c06d4fd61e0215c19a\spring-aop-6.1.13.jar;C:\Users\N-424\.gradle\caches\modules-2\files-2.1\jakarta.transaction\jakarta.transaction-api\2.0.1\51a520e3fae406abb84e2e1148e6746ce3f80a1a\jakarta.transaction-api-2.0.1.jar;C:\Users\N-424\.gradle\caches\modules-2\files-2.1\com.github.gavlyukovskiy\p6spy-spring-boot-starter\1.9.0\b51740224ed4f0cdca7ba93fe9167e7b97064f41\p6spy-spring-boot-starter-1.9.0.jar;C:\Users\N-424\.gradle\caches\modules-2\files-2.1\io.github.classgraph\classgraph\4.8.146\360448a09bfa5689d89cfa97fea53b3fdefa9c23\classgraph-4.8.146.jar;C:\Users\N-424\.gradle\caches\modules-2\files-2.1\org.javassist\javassist\3.29.0-GA\d3959fa7e00bf04dbe519228a23213d2afb625d8\javassist-3.29.0-GA.jar;C:\Users\N-424\.gradle\caches\modules-2\files-2.1\org.springframework\spring-core\6.1.13\ddbd765408d2665f47017c8f05a7682012f91da3\spring-core-6.1.13.jar;C:\Users\N-424\.gradle\caches\modules-2\files-2.1\ognl\ognl\3.3.4\1904789bdd96f226ad252a02f230be1015f4462b\ognl-3.3.4.jar;C:\Users\N-424\.gradle\caches\modules-2\files-2.1\org.springframework.data\spring-data-commons\3.3.4\f0f6bca5b0cd7d318666e2d3f02726c615334678\spring-data-commons-3.3.4.jar;C:\Users\N-424\.gradle\caches\modules-2\files-2.1\jakarta.validation\jakarta.validation-api\3.0.2\92b6631659ba35ca09e44874d3eb936edfeee532\jakarta.validation-api-3.0.2.jar;C:\Users\N-424\.gradle\caches\modules-2\files-2.1\org.slf4j\jul-to-slf4j\2.0.16\6d57da3e961daac65bcca0dd3def6cd11e48a24a\jul-to-slf4j-2.0.16.jar;C:\Users\N-424\.gradle\caches\modules-2\files-2.1\io.micrometer\micrometer-observation\1.13.4\2673c9b181ab2512002b23b
Launcher Type: SUN_STANDARD

[Global flags]
     intx CICompilerCount                          = 12                                        {product} {ergonomic}
     uint ConcGCThreads                            = 3                                         {product} {ergonomic}
     uint G1ConcRefinementThreads                  = 13                                        {product} {ergonomic}
   size_t G1HeapRegionSize                         = 2097152                                   {product} {ergonomic}
    uintx GCDrainStackTargetSize                   = 64                                        {product} {ergonomic}
   size_t InitialHeapSize                          = 264241152                                 {product} {ergonomic}
   size_t MarkStackSize                            = 4194304                                   {product} {ergonomic}
   size_t MaxHeapSize                              = 4221566976                                {product} {ergonomic}
   size_t MinHeapDeltaBytes                        = 2097152                                   {product} {ergonomic}
   size_t MinHeapSize                              = 8388608                                   {product} {ergonomic}
    uintx NonNMethodCodeHeapSize                   = 7602480                                {pd product} {ergonomic}
    uintx NonProfiledCodeHeapSize                  = 122027880                              {pd product} {ergonomic}
    uintx ProfiledCodeHeapSize                     = 122027880                              {pd product} {ergonomic}
    uintx ReservedCodeCacheSize                    = 251658240                              {pd product} {ergonomic}
     bool SegmentedCodeCache                       = true                                      {product} {ergonomic}
     bool ShowCodeDetailsInExceptionMessages       = true                                   {manageable} {command line}
   size_t SoftMaxHeapSize                          = 4221566976                             {manageable} {ergonomic}
     bool UseCompressedClassPointers               = true                           {product lp64_product} {ergonomic}
     bool UseCompressedOops                        = true                           {product lp64_product} {ergonomic}
     bool UseG1GC                                  = true                                      {product} {ergonomic}
     bool UseLargePagesIndividualAllocation        = false                                  {pd product} {ergonomic}

Logging:
Log output configuration:
 #0: stdout all=warning uptime,level,tags
 #1: stderr all=off uptime,level,tags

Environment Variables:
JAVA_HOME=C:\Users\N-424\.jdks\corretto-17.0.11
PATH=C:\Users\N-424\AppData\Roaming\Code\User\globalStorage\pleiades.java-extension-pack-jdk\gradle\latest\bin;C:\Users\N-424\AppData\Roaming\Code\User\globalStorage\pleiades.java-extension-pack-jdk\maven\latest\bin;C:\Users\N-424\.jdks\corretto-17.0.11\bin;C:\Program Files (x86)\VMware\VMware Player\bin\;C:\Program Files (x86)\Common Files\Oracle\Java\java8path;C:\Program Files (x86)\Common Files\Oracle\Java\javapath;C:\Windows\system32;C:\Windows;C:\Windows\System32\Wbem;C:\Windows\System32\WindowsPowerShell\v1.0\;C:\Windows\System32\OpenSSH\;C:\Program Files (x86)\NVIDIA Corporation\PhysX\Common;C:\Program Files\Bandizip\;C:\Program Files\Java\jdk-1.8\bin;C:\Program Files (x86)\Windows Kits\10\Windows Performance Toolkit\;C:\flutter\bin;C:\WINDOWS\system32;C:\WINDOWS;C:\WINDOWS\System32\Wbem;C:\WINDOWS\System32\WindowsPowerShell\v1.0\;C:\WINDOWS\System32\OpenSSH\;C:\ProgramData\chocolatey\bin;C:\ProgramData\chocolatey\lib\maven\apache-maven-3.9.7\bin;C:\Program Files\Java\scripts;C:\Program Files\Git\cmd;C:\Program Files\PuTTY\;C:\Users\N-424\AppData\Local\Programs\Python\Python312\Scripts\;C:\Users\N-424\AppData\Local\Programs\Python\Python312\;C:\Users\N-424\AppData\Local\Microsoft\WindowsApps;D:\Microsoft VS Code\Microsoft VS Code\bin;;C:\Program Files\JetBrains\IntelliJ IDEA Community Edition 2024.1.3\bin;
USERNAME=N-424
LANG=en_US.UTF-8
OS=Windows_NT
PROCESSOR_IDENTIFIER=Intel64 Family 6 Model 154 Stepping 3, GenuineIntel



---------------  S Y S T E M  ---------------

OS:
 Windows 11 , 64 bit Build 22621 (10.0.22621.3958)
OS uptime: 9 days 2:32 hours

CPU: total 16 (initial active 16) (8 cores per cpu, 2 threads per core) family 6 model 154 stepping 3 microcode 0x421, cx8, cmov, fxsr, ht, mmx, 3dnowpref, sse, sse2, sse3, ssse3, sse4.1, sse4.2, popcnt, lzcnt, tsc, tscinvbit, avx, avx2, aes, erms, clmul, bmi1, bmi2, adx, sha, fma, vzeroupper, clflush, clflushopt, clwb

Memory: 4k page, system-wide physical 16098M (4123M free)
TotalPageFile size 18146M (AvailPageFile size 239M)
current process WorkingSet (physical memory assigned to process): 11M, peak: 11M
current process commit charge ("private bytes"): 71M, peak: 322M

vm_info: Java HotSpot(TM) 64-Bit Server VM (17.0.11+7-LTS-207) for windows-amd64 JRE (17.0.11+7-LTS-207), built on Mar 11 2024 19:01:50 by "mach5one" with MS VC++ 17.6 (VS2022)

END.
