#
# There is insufficient memory for the Java Runtime Environment to continue.
# Native memory allocation (malloc) failed to allocate 1138336 bytes for Chunk::new
# Possible reasons:
#   The system is out of physical RAM or swap space
#   The process is running with CompressedOops enabled, and the Java Heap may be blocking the growth of the native heap
# Possible solutions:
#   Reduce memory load on the system
#   Increase physical memory or swap space
#   Check if swap backing store is full
#   Decrease Java heap size (-Xmx/-Xms)
#   Decrease number of Java threads
#   Decrease Java thread stack sizes (-Xss)
#   Set larger code cache with -XX:ReservedCodeCacheSize=
#   JVM is running with Zero Based Compressed Oops mode in which the Java heap is
#     placed in the first 32GB address space. The Java Heap base address is the
#     maximum limit for the native heap growth. Please use -XX:HeapBaseMinAddress
#     to set the Java Heap base and to place the Java Heap above 32GB virtual address.
# This output file may be truncated or incomplete.
#
#  Out of Memory Error (arena.cpp:189), pid=1596, tid=6584
#
# JRE version: Java(TM) SE Runtime Environment (17.0.11+7) (build 17.0.11+7-LTS-207)
# Java VM: Java HotSpot(TM) 64-Bit Server VM (17.0.11+7-LTS-207, mixed mode, sharing, tiered, compressed oops, compressed class ptrs, g1 gc, windows-amd64)
# No core dump will be written. Minidumps are not enabled by default on client versions of Windows
#

---------------  S U M M A R Y ------------

Command Line: -XX:+ShowCodeDetailsInExceptionMessages zgoo.cpos.CposApplication

Host: 12th Gen Intel(R) Core(TM) i7-1260P, 16 cores, 15G,  Windows 11 , 64 bit Build 26100 (10.0.26100.3323)
Time: Wed Mar 26 16:36:32 2025  Windows 11 , 64 bit Build 26100 (10.0.26100.3323) elapsed time: 14.608402 seconds (0d 0h 0m 14s)

---------------  T H R E A D  ---------------

Current thread (0x00000224fcc79bf0):  JavaThread "C2 CompilerThread5" daemon [_thread_in_native, id=6584, stack(0x000000d1a2500000,0x000000d1a2600000)]


Current CompileTask:
C2:  14608 13162   !   4       org.antlr.v4.runtime.atn.ATNSimulator::getCachedContext (43 bytes)

Stack: [0x000000d1a2500000,0x000000d1a2600000]
Native frames: (J=compiled Java code, j=interpreted, Vv=VM code, C=native code)
V  [jvm.dll+0x679cca]
V  [jvm.dll+0x7da13d]
V  [jvm.dll+0x7dba83]
V  [jvm.dll+0x7dc0f3]
V  [jvm.dll+0x2449af]
V  [jvm.dll+0xab83b]
V  [jvm.dll+0xabe1c]
V  [jvm.dll+0x2a9e6f]
V  [jvm.dll+0x5818d9]
V  [jvm.dll+0x21ed62]
V  [jvm.dll+0x21f13f]
V  [jvm.dll+0x218331]
V  [jvm.dll+0x215505]
V  [jvm.dll+0x1a2040]
V  [jvm.dll+0x225a2b]
V  [jvm.dll+0x223bcb]
V  [jvm.dll+0x7903ec]
V  [jvm.dll+0x78a85a]
V  [jvm.dll+0x678bb5]
C  [ucrtbase.dll+0x37b0]
C  [KERNEL32.DLL+0x2e8d7]
C  [ntdll.dll+0xbbf6c]


---------------  P R O C E S S  ---------------

Threads class SMR info:
_java_thread_list=0x00000224fc297d50, length=39, elements={
0x00000224f70041d0, 0x00000224f70069b0, 0x00000224f70116f0, 0x00000224f7011bd0,
0x00000224f70120b0, 0x00000224f7016690, 0x00000224f7017040, 0x00000224f7017ea0,
0x00000224f70184b0, 0x00000224f70dd880, 0x00000224f70dfdb0, 0x00000224f71b6520,
0x00000224f71bcba0, 0x00000224f8bca8a0, 0x00000224f8bcb7d0, 0x00000224ff1dfb40,
0x00000224ff1dec10, 0x00000224ff1e1490, 0x00000224ff1de1f0, 0x00000224ff1e0560,
0x00000224ff1e0a70, 0x00000224ff1e0f80, 0x00000224ff1ddce0, 0x00000224ff1de700,
0x00000224ff1e4220, 0x00000224ff1e3800, 0x00000224ff1e32f0, 0x00000224ff1e23c0,
0x00000224ff1e28d0, 0x00000224ff1e4730, 0x00000224ff1e19a0, 0x00000224ff1e2de0,
0x00000224ff1e3d10, 0x00000224fa0d46a0, 0x00000224fa0d5690, 0x00000224fa0d2c10,
0x00000224fa0d36b0, 0x00000224fcc79bf0, 0x00000224fcc77170
}

Java Threads: ( => current thread )
  0x00000224f70041d0 JavaThread "Reference Handler" daemon [_thread_blocked, id=2756, stack(0x000000d1a0e00000,0x000000d1a0f00000)]
  0x00000224f70069b0 JavaThread "Finalizer" daemon [_thread_blocked, id=16300, stack(0x000000d1a0f00000,0x000000d1a1000000)]
  0x00000224f70116f0 JavaThread "Signal Dispatcher" daemon [_thread_blocked, id=15912, stack(0x000000d1a1000000,0x000000d1a1100000)]
  0x00000224f7011bd0 JavaThread "Attach Listener" daemon [_thread_blocked, id=7468, stack(0x000000d1a1100000,0x000000d1a1200000)]
  0x00000224f70120b0 JavaThread "Service Thread" daemon [_thread_blocked, id=16260, stack(0x000000d1a1200000,0x000000d1a1300000)]
  0x00000224f7016690 JavaThread "Monitor Deflation Thread" daemon [_thread_blocked, id=15684, stack(0x000000d1a1300000,0x000000d1a1400000)]
  0x00000224f7017040 JavaThread "C2 CompilerThread0" daemon [_thread_in_native, id=13752, stack(0x000000d1a1400000,0x000000d1a1500000)]
  0x00000224f7017ea0 JavaThread "C1 CompilerThread0" daemon [_thread_in_native, id=5332, stack(0x000000d1a1500000,0x000000d1a1600000)]
  0x00000224f70184b0 JavaThread "Sweeper thread" daemon [_thread_blocked, id=5544, stack(0x000000d1a1600000,0x000000d1a1700000)]
  0x00000224f70dd880 JavaThread "C1 CompilerThread1" daemon [_thread_in_native, id=5092, stack(0x000000d1a1700000,0x000000d1a1800000)]
  0x00000224f70dfdb0 JavaThread "C1 CompilerThread2" daemon [_thread_in_native, id=13624, stack(0x000000d1a1800000,0x000000d1a1900000)]
  0x00000224f71b6520 JavaThread "Notification Thread" daemon [_thread_blocked, id=20752, stack(0x000000d1a1900000,0x000000d1a1a00000)]
  0x00000224f71bcba0 JavaThread "Common-Cleaner" daemon [_thread_blocked, id=7272, stack(0x000000d1a1b00000,0x000000d1a1c00000)]
  0x00000224f8bca8a0 JavaThread "mysql-cj-abandoned-connection-cleanup" daemon [_thread_blocked, id=508, stack(0x000000d1a3400000,0x000000d1a3500000)]
  0x00000224f8bcb7d0 JavaThread "HikariPool-1 housekeeper" daemon [_thread_blocked, id=21572, stack(0x000000d1a3100000,0x000000d1a3200000)]
  0x00000224ff1dfb40 JavaThread "Catalina-utility-1" [_thread_blocked, id=10828, stack(0x000000d1a3700000,0x000000d1a3800000)]
  0x00000224ff1dec10 JavaThread "Catalina-utility-2" [_thread_blocked, id=18200, stack(0x000000d1a3800000,0x000000d1a3900000)]
  0x00000224ff1e1490 JavaThread "container-0" [_thread_blocked, id=10724, stack(0x000000d1a3900000,0x000000d1a3a00000)]
  0x00000224ff1de1f0 JavaThread "File Watcher" daemon [_thread_in_native, id=22316, stack(0x000000d1a3600000,0x000000d1a3700000)]
  0x00000224ff1e0560 JavaThread "Live Reload Server" daemon [_thread_in_native, id=5740, stack(0x000000d1a3b00000,0x000000d1a3c00000)]
  0x00000224ff1e0a70 JavaThread "http-nio-8080-exec-1" daemon [_thread_blocked, id=4244, stack(0x000000d1a3a00000,0x000000d1a3b00000)]
  0x00000224ff1e0f80 JavaThread "http-nio-8080-exec-2" daemon [_thread_blocked, id=2120, stack(0x000000d1a3c00000,0x000000d1a3d00000)]
  0x00000224ff1ddce0 JavaThread "http-nio-8080-exec-3" daemon [_thread_blocked, id=19072, stack(0x000000d1a3d00000,0x000000d1a3e00000)]
  0x00000224ff1de700 JavaThread "http-nio-8080-exec-4" daemon [_thread_blocked, id=6372, stack(0x000000d1a3e00000,0x000000d1a3f00000)]
  0x00000224ff1e4220 JavaThread "http-nio-8080-exec-5" daemon [_thread_blocked, id=20912, stack(0x000000d1a3f00000,0x000000d1a4000000)]
  0x00000224ff1e3800 JavaThread "http-nio-8080-exec-6" daemon [_thread_in_Java, id=17648, stack(0x000000d1a4000000,0x000000d1a4100000)]
  0x00000224ff1e32f0 JavaThread "http-nio-8080-exec-7" daemon [_thread_blocked, id=4364, stack(0x000000d1a4100000,0x000000d1a4200000)]
  0x00000224ff1e23c0 JavaThread "http-nio-8080-exec-8" daemon [_thread_blocked, id=7596, stack(0x000000d1a4200000,0x000000d1a4300000)]
  0x00000224ff1e28d0 JavaThread "http-nio-8080-exec-9" daemon [_thread_blocked, id=15876, stack(0x000000d1a4300000,0x000000d1a4400000)]
  0x00000224ff1e4730 JavaThread "http-nio-8080-exec-10" daemon [_thread_blocked, id=17896, stack(0x000000d1a4400000,0x000000d1a4500000)]
  0x00000224ff1e19a0 JavaThread "http-nio-8080-Poller" daemon [_thread_in_native, id=11340, stack(0x000000d1a4500000,0x000000d1a4600000)]
  0x00000224ff1e2de0 JavaThread "http-nio-8080-Acceptor" daemon [_thread_in_native, id=3768, stack(0x000000d1a4600000,0x000000d1a4700000)]
  0x00000224ff1e3d10 JavaThread "DestroyJavaVM" [_thread_blocked, id=17176, stack(0x000000d1a0700000,0x000000d1a0800000)]
  0x00000224fa0d46a0 JavaThread "C2 CompilerThread1" daemon [_thread_blocked, id=12768, stack(0x000000d1a1c00000,0x000000d1a1d00000)]
  0x00000224fa0d5690 JavaThread "C2 CompilerThread2" daemon [_thread_in_native, id=14748, stack(0x000000d1a1d00000,0x000000d1a1e00000)]
  0x00000224fa0d2c10 JavaThread "C2 CompilerThread3" daemon [_thread_in_native, id=8124, stack(0x000000d1a2300000,0x000000d1a2400000)]
  0x00000224fa0d36b0 JavaThread "C2 CompilerThread4" daemon [_thread_blocked, id=17664, stack(0x000000d1a2400000,0x000000d1a2500000)]
=>0x00000224fcc79bf0 JavaThread "C2 CompilerThread5" daemon [_thread_in_native, id=6584, stack(0x000000d1a2500000,0x000000d1a2600000)]
  0x00000224fcc77170 JavaThread "C1 CompilerThread3" daemon [_thread_in_native, id=13092, stack(0x000000d1a3000000,0x000000d1a3100000)]

Other Threads:
  0x00000224f2855eb0 VMThread "VM Thread" [stack: 0x000000d1a0d00000,0x000000d1a0e00000] [id=21956]
  0x00000224f71bb340 WatcherThread [stack: 0x000000d1a1a00000,0x000000d1a1b00000] [id=20764]
  0x00000224cef7eaa0 GCTaskThread "GC Thread#0" [stack: 0x000000d1a0800000,0x000000d1a0900000] [id=9812]
  0x00000224f82e6470 GCTaskThread "GC Thread#1" [stack: 0x000000d1a1e00000,0x000000d1a1f00000] [id=8332]
  0x00000224f82e6730 GCTaskThread "GC Thread#2" [stack: 0x000000d1a1f00000,0x000000d1a2000000] [id=5840]
  0x00000224f82e69f0 GCTaskThread "GC Thread#3" [stack: 0x000000d1a2000000,0x000000d1a2100000] [id=12172]
  0x00000224f82e6cb0 GCTaskThread "GC Thread#4" [stack: 0x000000d1a2100000,0x000000d1a2200000] [id=17684]
  0x00000224f7c46d70 GCTaskThread "GC Thread#5" [stack: 0x000000d1a2200000,0x000000d1a2300000] [id=18144]
  0x00000224f92af540 GCTaskThread "GC Thread#6" [stack: 0x000000d1a2700000,0x000000d1a2800000] [id=10552]
  0x00000224f938c0f0 GCTaskThread "GC Thread#7" [stack: 0x000000d1a2800000,0x000000d1a2900000] [id=4496]
  0x00000224f92c9ca0 GCTaskThread "GC Thread#8" [stack: 0x000000d1a2900000,0x000000d1a2a00000] [id=2380]
  0x00000224f85094e0 GCTaskThread "GC Thread#9" [stack: 0x000000d1a2a00000,0x000000d1a2b00000] [id=18444]
  0x00000224f86d4050 GCTaskThread "GC Thread#10" [stack: 0x000000d1a2b00000,0x000000d1a2c00000] [id=6028]
  0x00000224f97b2820 GCTaskThread "GC Thread#11" [stack: 0x000000d1a2c00000,0x000000d1a2d00000] [id=12556]
  0x00000224f84ea870 GCTaskThread "GC Thread#12" [stack: 0x000000d1a2d00000,0x000000d1a2e00000] [id=10708]
  0x00000224cef8f6e0 ConcurrentGCThread "G1 Main Marker" [stack: 0x000000d1a0900000,0x000000d1a0a00000] [id=16832]
  0x00000224cef92b20 ConcurrentGCThread "G1 Conc#0" [stack: 0x000000d1a0a00000,0x000000d1a0b00000] [id=21840]
  0x00000224f9060fe0 ConcurrentGCThread "G1 Conc#1" [stack: 0x000000d1a2e00000,0x000000d1a2f00000] [id=17420]
  0x00000224f8708310 ConcurrentGCThread "G1 Conc#2" [stack: 0x000000d1a2f00000,0x000000d1a3000000] [id=4876]
  0x00000224f270cf10 ConcurrentGCThread "G1 Refine#0" [stack: 0x000000d1a0b00000,0x000000d1a0c00000] [id=17320]
  0x00000224f270e400 ConcurrentGCThread "G1 Service" [stack: 0x000000d1a0c00000,0x000000d1a0d00000] [id=6056]

Threads with active compile tasks:
C2 CompilerThread0    14626 13357       4       org.jboss.logging.Slf4jLocationAwareLogger::isEnabled (114 bytes)
C1 CompilerThread0    14626 13379       1       com.mysql.cj.QueryInfo::getQueryReturnType (5 bytes)
C1 CompilerThread1    14626 13381       1       com.mysql.cj.NativeQueryBindings::getNumberOfExecutions (5 bytes)
C1 CompilerThread2    14626 13403       1       org.hibernate.boot.internal.SessionFactoryOptionsBuilder::getStatelessInterceptorImplementorSupplier (5 bytes)
C2 CompilerThread2    14626 13161       4       org.antlr.v4.runtime.atn.ParserATNSimulator::closure_ (343 bytes)
C2 CompilerThread3    14627 13163       4       org.antlr.v4.runtime.atn.PredictionContext::getCachedContext (261 bytes)
C2 CompilerThread5    14627 13162   !   4       org.antlr.v4.runtime.atn.ATNSimulator::getCachedContext (43 bytes)
C1 CompilerThread3    14627 13405       1       org.hibernate.internal.SessionFactoryImpl$SessionBuilderImpl::getCustomSessionEventListener (5 bytes)

VM state: not at safepoint (normal execution)

VM Mutex/Monitor currently owned by a thread: None

Heap address: 0x0000000704600000, size: 4026 MB, Compressed Oops mode: Zero based, Oop shift amount: 3

CDS archive(s) mapped at: [0x0000022480000000-0x0000022480bd0000-0x0000022480bd0000), size 12386304, SharedBaseAddress: 0x0000022480000000, ArchiveRelocationMode: 1.
Compressed class space mapped at: 0x0000022481000000-0x00000224c1000000, reserved size: 1073741824
Narrow klass base: 0x0000022480000000, Narrow klass shift: 0, Narrow klass range: 0x100000000

GC Precious Log:
 CPUs: 16 total, 16 available
 Memory: 16098M
 Large Page Support: Disabled
 NUMA Support: Disabled
 Compressed Oops: Enabled (Zero based)
 Heap Region Size: 2M
 Heap Min Capacity: 8M
 Heap Initial Capacity: 252M
 Heap Max Capacity: 4026M
 Pre-touch: Disabled
 Parallel Workers: 13
 Concurrent Workers: 3
 Concurrent Refinement Workers: 13
 Periodic GC: Disabled

Heap:
 garbage-first heap   total 161792K, used 123247K [0x0000000704600000, 0x0000000800000000)
  region size 2048K, 35 young (71680K), 4 survivors (8192K)
 Metaspace       used 98941K, committed 99968K, reserved 1179648K
  class space    used 13144K, committed 13632K, reserved 1048576K

Heap Regions: E=young(eden), S=young(survivor), O=old, HS=humongous(starts), HC=humongous(continues), CS=collection set, F=free, OA=open archive, CA=closed archive, TAMS=top-at-mark-start (previous, next)
|   0|0x0000000704600000, 0x0000000704800000, 0x0000000704800000|100%| O|  |TAMS 0x0000000704800000, 0x0000000704600000| Untracked 
|   1|0x0000000704800000, 0x0000000704a00000, 0x0000000704a00000|100%| O|  |TAMS 0x0000000704a00000, 0x0000000704800000| Untracked 
|   2|0x0000000704a00000, 0x0000000704c00000, 0x0000000704c00000|100%| O|  |TAMS 0x0000000704c00000, 0x0000000704a00000| Untracked 
|   3|0x0000000704c00000, 0x0000000704e00000, 0x0000000704e00000|100%| O|  |TAMS 0x0000000704c00000, 0x0000000704c00000| Untracked 
|   4|0x0000000704e00000, 0x0000000704ff7200, 0x0000000705000000| 98%| O|  |TAMS 0x0000000704ff7200, 0x0000000704e00000| Untracked 
|   5|0x0000000705000000, 0x0000000705200000, 0x0000000705200000|100%| O|  |TAMS 0x0000000705200000, 0x0000000705000000| Untracked 
|   6|0x0000000705200000, 0x0000000705400000, 0x0000000705400000|100%| O|  |TAMS 0x0000000705400000, 0x0000000705200000| Untracked 
|   7|0x0000000705400000, 0x0000000705600000, 0x0000000705600000|100%| O|  |TAMS 0x0000000705600000, 0x0000000705400000| Untracked 
|   8|0x0000000705600000, 0x0000000705800000, 0x0000000705800000|100%| O|  |TAMS 0x0000000705800000, 0x0000000705600000| Untracked 
|   9|0x0000000705800000, 0x0000000705a00000, 0x0000000705a00000|100%| O|  |TAMS 0x0000000705a00000, 0x0000000705800000| Untracked 
|  10|0x0000000705a00000, 0x0000000705c00000, 0x0000000705c00000|100%| O|  |TAMS 0x0000000705c00000, 0x0000000705a00000| Untracked 
|  11|0x0000000705c00000, 0x0000000705e00000, 0x0000000705e00000|100%| O|  |TAMS 0x0000000705e00000, 0x0000000705c00000| Untracked 
|  12|0x0000000705e00000, 0x0000000706000000, 0x0000000706000000|100%| O|  |TAMS 0x0000000706000000, 0x0000000705e00000| Untracked 
|  13|0x0000000706000000, 0x0000000706200000, 0x0000000706200000|100%| O|  |TAMS 0x0000000706200000, 0x0000000706000000| Untracked 
|  14|0x0000000706200000, 0x0000000706400000, 0x0000000706400000|100%| O|  |TAMS 0x0000000706400000, 0x0000000706200000| Untracked 
|  15|0x0000000706400000, 0x0000000706600000, 0x0000000706600000|100%| O|  |TAMS 0x0000000706600000, 0x0000000706400000| Untracked 
|  16|0x0000000706600000, 0x0000000706800000, 0x0000000706800000|100%| O|  |TAMS 0x0000000706800000, 0x0000000706600000| Untracked 
|  17|0x0000000706800000, 0x0000000706a00000, 0x0000000706a00000|100%| O|  |TAMS 0x0000000706a00000, 0x0000000706800000| Untracked 
|  18|0x0000000706a00000, 0x0000000706c00000, 0x0000000706c00000|100%| O|  |TAMS 0x0000000706b19000, 0x0000000706a00000| Untracked 
|  19|0x0000000706c00000, 0x0000000706e00000, 0x0000000706e00000|100%| O|  |TAMS 0x0000000706c00000, 0x0000000706c00000| Untracked 
|  20|0x0000000706e00000, 0x0000000707000000, 0x0000000707000000|100%| O|  |TAMS 0x0000000706e00000, 0x0000000706e00000| Untracked 
|  21|0x0000000707000000, 0x0000000707200000, 0x0000000707200000|100%| O|  |TAMS 0x0000000707000000, 0x0000000707000000| Untracked 
|  22|0x0000000707200000, 0x0000000707400000, 0x0000000707400000|100%| O|  |TAMS 0x0000000707200000, 0x0000000707200000| Untracked 
|  23|0x0000000707400000, 0x0000000707600000, 0x0000000707600000|100%| O|  |TAMS 0x0000000707400000, 0x0000000707400000| Untracked 
|  24|0x0000000707600000, 0x0000000707800000, 0x0000000707800000|100%| O|  |TAMS 0x0000000707600000, 0x0000000707600000| Untracked 
|  25|0x0000000707800000, 0x0000000707a00000, 0x0000000707a00000|100%| O|  |TAMS 0x0000000707800000, 0x0000000707800000| Untracked 
|  26|0x0000000707a00000, 0x0000000707ae5400, 0x0000000707c00000| 44%| O|  |TAMS 0x0000000707a00000, 0x0000000707a00000| Untracked 
|  27|0x0000000707c00000, 0x0000000707e00000, 0x0000000707e00000|100%|HS|  |TAMS 0x0000000707c00000, 0x0000000707c00000| Complete 
|  28|0x0000000707e00000, 0x0000000707e00000, 0x0000000708000000|  0%| F|  |TAMS 0x0000000707e00000, 0x0000000707e00000| Untracked 
|  29|0x0000000708000000, 0x0000000708000000, 0x0000000708200000|  0%| F|  |TAMS 0x0000000708000000, 0x0000000708000000| Untracked 
|  30|0x0000000708200000, 0x0000000708200000, 0x0000000708400000|  0%| F|  |TAMS 0x0000000708200000, 0x0000000708200000| Untracked 
|  31|0x0000000708400000, 0x0000000708400000, 0x0000000708600000|  0%| F|  |TAMS 0x0000000708400000, 0x0000000708400000| Untracked 
|  32|0x0000000708600000, 0x0000000708600000, 0x0000000708800000|  0%| F|  |TAMS 0x0000000708600000, 0x0000000708600000| Untracked 
|  33|0x0000000708800000, 0x0000000708800000, 0x0000000708a00000|  0%| F|  |TAMS 0x0000000708800000, 0x0000000708800000| Untracked 
|  34|0x0000000708a00000, 0x0000000708a00000, 0x0000000708c00000|  0%| F|  |TAMS 0x0000000708a00000, 0x0000000708a00000| Untracked 
|  35|0x0000000708c00000, 0x0000000708c00000, 0x0000000708e00000|  0%| F|  |TAMS 0x0000000708c00000, 0x0000000708c00000| Untracked 
|  36|0x0000000708e00000, 0x0000000708f7f980, 0x0000000709000000| 74%| S|CS|TAMS 0x0000000708e00000, 0x0000000708e00000| Complete 
|  37|0x0000000709000000, 0x0000000709200000, 0x0000000709200000|100%| S|CS|TAMS 0x0000000709000000, 0x0000000709000000| Complete 
|  38|0x0000000709200000, 0x0000000709200000, 0x0000000709400000|  0%| F|  |TAMS 0x0000000709200000, 0x0000000709200000| Untracked 
|  39|0x0000000709400000, 0x0000000709400000, 0x0000000709600000|  0%| F|  |TAMS 0x0000000709400000, 0x0000000709400000| Untracked 
|  40|0x0000000709600000, 0x0000000709600000, 0x0000000709800000|  0%| F|  |TAMS 0x0000000709600000, 0x0000000709600000| Untracked 
|  41|0x0000000709800000, 0x0000000709800000, 0x0000000709a00000|  0%| F|  |TAMS 0x0000000709800000, 0x0000000709800000| Untracked 
|  42|0x0000000709a00000, 0x0000000709c00000, 0x0000000709c00000|100%| S|CS|TAMS 0x0000000709a00000, 0x0000000709a00000| Complete 
|  43|0x0000000709c00000, 0x0000000709e00000, 0x0000000709e00000|100%| S|CS|TAMS 0x0000000709c00000, 0x0000000709c00000| Complete 
|  44|0x0000000709e00000, 0x0000000709e00000, 0x000000070a000000|  0%| F|  |TAMS 0x0000000709e00000, 0x0000000709e00000| Untracked 
|  45|0x000000070a000000, 0x000000070a000000, 0x000000070a200000|  0%| F|  |TAMS 0x000000070a000000, 0x000000070a000000| Untracked 
|  46|0x000000070a200000, 0x000000070a200000, 0x000000070a400000|  0%| F|  |TAMS 0x000000070a200000, 0x000000070a200000| Untracked 
|  47|0x000000070a400000, 0x000000070a400000, 0x000000070a600000|  0%| F|  |TAMS 0x000000070a400000, 0x000000070a400000| Untracked 
|  48|0x000000070a600000, 0x000000070a7ac9c8, 0x000000070a800000| 83%| E|  |TAMS 0x000000070a600000, 0x000000070a600000| Complete 
|  49|0x000000070a800000, 0x000000070aa00000, 0x000000070aa00000|100%| E|CS|TAMS 0x000000070a800000, 0x000000070a800000| Complete 
|  50|0x000000070aa00000, 0x000000070ac00000, 0x000000070ac00000|100%| E|CS|TAMS 0x000000070aa00000, 0x000000070aa00000| Complete 
|  51|0x000000070ac00000, 0x000000070ae00000, 0x000000070ae00000|100%| E|CS|TAMS 0x000000070ac00000, 0x000000070ac00000| Complete 
|  52|0x000000070ae00000, 0x000000070b000000, 0x000000070b000000|100%| E|CS|TAMS 0x000000070ae00000, 0x000000070ae00000| Complete 
|  53|0x000000070b000000, 0x000000070b200000, 0x000000070b200000|100%| E|CS|TAMS 0x000000070b000000, 0x000000070b000000| Complete 
|  54|0x000000070b200000, 0x000000070b400000, 0x000000070b400000|100%| E|CS|TAMS 0x000000070b200000, 0x000000070b200000| Complete 
|  55|0x000000070b400000, 0x000000070b600000, 0x000000070b600000|100%| E|CS|TAMS 0x000000070b400000, 0x000000070b400000| Complete 
|  56|0x000000070b600000, 0x000000070b800000, 0x000000070b800000|100%| E|CS|TAMS 0x000000070b600000, 0x000000070b600000| Complete 
|  57|0x000000070b800000, 0x000000070ba00000, 0x000000070ba00000|100%| E|CS|TAMS 0x000000070b800000, 0x000000070b800000| Complete 
|  58|0x000000070ba00000, 0x000000070bc00000, 0x000000070bc00000|100%| E|CS|TAMS 0x000000070ba00000, 0x000000070ba00000| Complete 
|  59|0x000000070bc00000, 0x000000070be00000, 0x000000070be00000|100%| E|CS|TAMS 0x000000070bc00000, 0x000000070bc00000| Complete 
|  60|0x000000070be00000, 0x000000070c000000, 0x000000070c000000|100%| E|CS|TAMS 0x000000070be00000, 0x000000070be00000| Complete 
|  61|0x000000070c000000, 0x000000070c200000, 0x000000070c200000|100%| E|CS|TAMS 0x000000070c000000, 0x000000070c000000| Complete 
|  62|0x000000070c200000, 0x000000070c400000, 0x000000070c400000|100%| E|CS|TAMS 0x000000070c200000, 0x000000070c200000| Complete 
|  63|0x000000070c400000, 0x000000070c600000, 0x000000070c600000|100%| E|CS|TAMS 0x000000070c400000, 0x000000070c400000| Complete 
|  64|0x000000070c600000, 0x000000070c800000, 0x000000070c800000|100%| E|CS|TAMS 0x000000070c600000, 0x000000070c600000| Complete 
|  65|0x000000070c800000, 0x000000070ca00000, 0x000000070ca00000|100%| E|CS|TAMS 0x000000070c800000, 0x000000070c800000| Complete 
|  66|0x000000070ca00000, 0x000000070cc00000, 0x000000070cc00000|100%| E|CS|TAMS 0x000000070ca00000, 0x000000070ca00000| Complete 
|  67|0x000000070cc00000, 0x000000070ce00000, 0x000000070ce00000|100%| E|CS|TAMS 0x000000070cc00000, 0x000000070cc00000| Complete 
|  68|0x000000070ce00000, 0x000000070d000000, 0x000000070d000000|100%| E|CS|TAMS 0x000000070ce00000, 0x000000070ce00000| Complete 
|  69|0x000000070d000000, 0x000000070d200000, 0x000000070d200000|100%| E|CS|TAMS 0x000000070d000000, 0x000000070d000000| Complete 
|  70|0x000000070d200000, 0x000000070d400000, 0x000000070d400000|100%| E|CS|TAMS 0x000000070d200000, 0x000000070d200000| Complete 
|  71|0x000000070d400000, 0x000000070d600000, 0x000000070d600000|100%| E|CS|TAMS 0x000000070d400000, 0x000000070d400000| Complete 
|  72|0x000000070d600000, 0x000000070d800000, 0x000000070d800000|100%| E|  |TAMS 0x000000070d600000, 0x000000070d600000| Complete 
|  73|0x000000070d800000, 0x000000070da00000, 0x000000070da00000|100%| E|CS|TAMS 0x000000070d800000, 0x000000070d800000| Complete 
| 121|0x0000000713800000, 0x0000000713a00000, 0x0000000713a00000|100%| E|CS|TAMS 0x0000000713800000, 0x0000000713800000| Complete 
| 122|0x0000000713a00000, 0x0000000713c00000, 0x0000000713c00000|100%| E|CS|TAMS 0x0000000713a00000, 0x0000000713a00000| Complete 
| 123|0x0000000713c00000, 0x0000000713e00000, 0x0000000713e00000|100%| E|CS|TAMS 0x0000000713c00000, 0x0000000713c00000| Complete 
| 124|0x0000000713e00000, 0x0000000714000000, 0x0000000714000000|100%| E|CS|TAMS 0x0000000713e00000, 0x0000000713e00000| Complete 
| 125|0x0000000714000000, 0x0000000714200000, 0x0000000714200000|100%| E|CS|TAMS 0x0000000714000000, 0x0000000714000000| Complete 

Card table byte_map: [0x00000224e7030000,0x00000224e7810000] _byte_map_base: 0x00000224e380d000

Marking Bits (Prev, Next): (CMBitMap*) 0x00000224cef7f0c0, (CMBitMap*) 0x00000224cef7f100
 Prev Bits: [0x00000224e7ff0000, 0x00000224ebed8000)
 Next Bits: [0x00000224ebee0000, 0x00000224efdc8000)

Polling page: 0x00000224cd660000

Metaspace:

Usage:
  Non-class:     83.81 MB used.
      Class:     12.84 MB used.
       Both:     96.64 MB used.

Virtual space:
  Non-class space:      128.00 MB reserved,      84.38 MB ( 66%) committed,  2 nodes.
      Class space:        1.00 GB reserved,      13.31 MB (  1%) committed,  1 nodes.
             Both:        1.12 GB reserved,      97.69 MB (  8%) committed. 

Chunk freelists:
   Non-Class:  11.55 MB
       Class:  2.70 MB
        Both:  14.24 MB

MaxMetaspaceSize: unlimited
CompressedClassSpaceSize: 1.00 GB
Initial GC threshold: 21.00 MB
Current GC threshold: 108.69 MB
CDS: on
MetaspaceReclaimPolicy: balanced
 - commit_granule_bytes: 65536.
 - commit_granule_words: 8192.
 - virtual_space_node_default_size: 8388608.
 - enlarge_chunks_in_place: 1.
 - new_chunks_are_fully_committed: 0.
 - uncommit_free_chunks: 1.
 - use_allocation_guard: 0.
 - handle_deallocations: 1.


Internal statistics:

num_allocs_failed_limit: 16.
num_arena_births: 1814.
num_arena_deaths: 0.
num_vsnodes_births: 3.
num_vsnodes_deaths: 0.
num_space_committed: 1563.
num_space_uncommitted: 0.
num_chunks_returned_to_freelist: 16.
num_chunks_taken_from_freelist: 5813.
num_chunk_merges: 16.
num_chunk_splits: 4017.
num_chunks_enlarged: 2782.
num_inconsistent_stats: 0.

CodeHeap 'non-profiled nmethods': size=119168Kb used=8358Kb max_used=8814Kb free=110809Kb
 bounds [0x00000224de430000, 0x00000224decd0000, 0x00000224e5890000]
CodeHeap 'profiled nmethods': size=119104Kb used=23033Kb max_used=23415Kb free=96071Kb
 bounds [0x00000224d6890000, 0x00000224d7f90000, 0x00000224ddce0000]
CodeHeap 'non-nmethods': size=7488Kb used=4136Kb max_used=4182Kb free=3351Kb
 bounds [0x00000224ddce0000, 0x00000224de110000, 0x00000224de430000]
 total_blobs=12286 nmethods=11298 adapters=896
 compilation: enabled
              stopped_count=0, restarted_count=0
 full_count=0

Compilation events (20 events):
Event: 13.598 Thread 0x00000224fcc77170 nmethod 13324 0x00000224d6eab910 code [0x00000224d6eabb40, 0x00000224d6eac2d8]
Event: 13.598 Thread 0x00000224f70dfdb0 nmethod 13327 0x00000224dea03b10 code [0x00000224dea03ca0, 0x00000224dea03d78]
Event: 13.598 Thread 0x00000224f7017ea0 nmethod 13328 0x00000224dea22610 code [0x00000224dea227a0, 0x00000224dea22878]
Event: 13.598 Thread 0x00000224f7017ea0 13329       3       org.hibernate.query.internal.QueryParameterBindingsImpl::getBinding (39 bytes)
Event: 13.598 Thread 0x00000224f70dd880 13330       1       org.hibernate.query.internal.QueryParameterBindingImpl::getType (5 bytes)
Event: 13.598 Thread 0x00000224f70dd880 nmethod 13330 0x00000224dea22310 code [0x00000224dea224a0, 0x00000224dea22578]
Event: 13.598 Thread 0x00000224f7017ea0 nmethod 13329 0x00000224d6ea8190 code [0x00000224d6ea8360, 0x00000224d6ea8788]
Event: 13.600 Thread 0x00000224f7017ea0 13331       3       com.querydsl.core.types.Templates::getPrecedence (17 bytes)
Event: 13.601 Thread 0x00000224f7017ea0 nmethod 13331 0x00000224d6a19790 code [0x00000224d6a19940, 0x00000224d6a19c28]
Event: 13.601 Thread 0x00000224f7017ea0 13332       1       org.hibernate.sql.ast.tree.predicate.ComparisonPredicate::getOperator (5 bytes)
Event: 13.601 Thread 0x00000224f70dfdb0 13333       1       org.hibernate.query.sqm.ComparisonOperator$1::sqlText (3 bytes)
Event: 13.601 Thread 0x00000224f7017ea0 nmethod 13332 0x00000224dea22010 code [0x00000224dea221a0, 0x00000224dea22278]
Event: 13.601 Thread 0x00000224f70dfdb0 nmethod 13333 0x00000224dea21d10 code [0x00000224dea21ea0, 0x00000224dea21f78]
Event: 13.602 Thread 0x00000224f7017ea0 13334       3       org.hibernate.internal.JdbcSessionContextImpl::settings (10 bytes)
Event: 13.604 Thread 0x00000224fcc77170 13335       1       org.hibernate.persister.entity.AbstractEntityPersister::getSoftDeleteMapping (5 bytes)
Event: 13.604 Thread 0x00000224f70dfdb0 13336       1       org.hibernate.LockOptions::getScope (5 bytes)
Event: 13.604 Thread 0x00000224f70dd880 13337       1       org.hibernate.dialect.MySQLSqlAstTranslator::supportsWithClause (2 bytes)
Event: 13.612 Thread 0x00000224fa0d36b0 13352       4       java.util.LinkedHashSet::<init> (10 bytes)
Event: 13.617 Thread 0x00000224fa0d46a0 13355       4       java.util.Collections::unmodifiableSet (20 bytes)
Event: 13.618 Thread 0x00000224f7017040 13357       4       org.jboss.logging.Slf4jLocationAwareLogger::isEnabled (114 bytes)

GC Heap History (20 events):
Event: 5.347 GC heap before
{Heap before GC invocations=14 (full 0):
 garbage-first heap   total 94208K, used 71986K [0x0000000704600000, 0x0000000800000000)
  region size 2048K, 21 young (43008K), 1 survivors (2048K)
 Metaspace       used 49794K, committed 50240K, reserved 1114112K
  class space    used 6466K, committed 6656K, reserved 1048576K
}
Event: 5.349 GC heap after
{Heap after GC invocations=15 (full 0):
 garbage-first heap   total 94208K, used 32331K [0x0000000704600000, 0x0000000800000000)
  region size 2048K, 2 young (4096K), 2 survivors (4096K)
 Metaspace       used 49794K, committed 50240K, reserved 1114112K
  class space    used 6466K, committed 6656K, reserved 1048576K
}
Event: 5.870 GC heap before
{Heap before GC invocations=15 (full 0):
 garbage-first heap   total 94208K, used 71243K [0x0000000704600000, 0x0000000800000000)
  region size 2048K, 21 young (43008K), 2 survivors (4096K)
 Metaspace       used 56817K, committed 57280K, reserved 1114112K
  class space    used 7350K, committed 7552K, reserved 1048576K
}
Event: 5.873 GC heap after
{Heap after GC invocations=16 (full 0):
 garbage-first heap   total 94208K, used 35869K [0x0000000704600000, 0x0000000800000000)
  region size 2048K, 3 young (6144K), 3 survivors (6144K)
 Metaspace       used 56817K, committed 57280K, reserved 1114112K
  class space    used 7350K, committed 7552K, reserved 1048576K
}
Event: 6.033 GC heap before
{Heap before GC invocations=16 (full 0):
 garbage-first heap   total 94208K, used 52253K [0x0000000704600000, 0x0000000800000000)
  region size 2048K, 12 young (24576K), 3 survivors (6144K)
 Metaspace       used 59670K, committed 60096K, reserved 1114112K
  class space    used 7647K, committed 7872K, reserved 1048576K
}
Event: 6.036 GC heap after
{Heap after GC invocations=17 (full 0):
 garbage-first heap   total 94208K, used 36728K [0x0000000704600000, 0x0000000800000000)
  region size 2048K, 1 young (2048K), 1 survivors (2048K)
 Metaspace       used 59670K, committed 60096K, reserved 1114112K
  class space    used 7647K, committed 7872K, reserved 1048576K
}
Event: 6.412 GC heap before
{Heap before GC invocations=18 (full 0):
 garbage-first heap   total 94208K, used 73592K [0x0000000704600000, 0x0000000800000000)
  region size 2048K, 19 young (38912K), 1 survivors (2048K)
 Metaspace       used 64289K, committed 64832K, reserved 1114112K
  class space    used 8513K, committed 8768K, reserved 1048576K
}
Event: 6.414 GC heap after
{Heap after GC invocations=19 (full 0):
 garbage-first heap   total 94208K, used 37132K [0x0000000704600000, 0x0000000800000000)
  region size 2048K, 1 young (2048K), 1 survivors (2048K)
 Metaspace       used 64289K, committed 64832K, reserved 1114112K
  class space    used 8513K, committed 8768K, reserved 1048576K
}
Event: 6.428 GC heap before
{Heap before GC invocations=19 (full 0):
 garbage-first heap   total 94208K, used 39180K [0x0000000704600000, 0x0000000800000000)
  region size 2048K, 2 young (4096K), 1 survivors (2048K)
 Metaspace       used 64324K, committed 64832K, reserved 1114112K
  class space    used 8514K, committed 8768K, reserved 1048576K
}
Event: 6.431 GC heap after
{Heap after GC invocations=20 (full 0):
 garbage-first heap   total 94208K, used 36842K [0x0000000704600000, 0x0000000800000000)
  region size 2048K, 1 young (2048K), 1 survivors (2048K)
 Metaspace       used 64324K, committed 64832K, reserved 1114112K
  class space    used 8514K, committed 8768K, reserved 1048576K
}
Event: 6.652 GC heap before
{Heap before GC invocations=20 (full 0):
 garbage-first heap   total 94208K, used 73706K [0x0000000704600000, 0x0000000800000000)
  region size 2048K, 19 young (38912K), 1 survivors (2048K)
 Metaspace       used 66072K, committed 66560K, reserved 1114112K
  class space    used 8735K, committed 8960K, reserved 1048576K
}
Event: 6.653 GC heap after
{Heap after GC invocations=21 (full 0):
 garbage-first heap   total 94208K, used 37494K [0x0000000704600000, 0x0000000800000000)
  region size 2048K, 1 young (2048K), 1 survivors (2048K)
 Metaspace       used 66072K, committed 66560K, reserved 1114112K
  class space    used 8735K, committed 8960K, reserved 1048576K
}
Event: 7.538 GC heap before
{Heap before GC invocations=22 (full 0):
 garbage-first heap   total 94208K, used 76406K [0x0000000704600000, 0x0000000800000000)
  region size 2048K, 20 young (40960K), 1 survivors (2048K)
 Metaspace       used 72016K, committed 72576K, reserved 1114112K
  class space    used 9533K, committed 9792K, reserved 1048576K
}
Event: 7.541 GC heap after
{Heap after GC invocations=23 (full 0):
 garbage-first heap   total 161792K, used 40272K [0x0000000704600000, 0x0000000800000000)
  region size 2048K, 3 young (6144K), 3 survivors (6144K)
 Metaspace       used 72016K, committed 72576K, reserved 1114112K
  class space    used 9533K, committed 9792K, reserved 1048576K
}
Event: 8.715 GC heap before
{Heap before GC invocations=23 (full 0):
 garbage-first heap   total 161792K, used 126288K [0x0000000704600000, 0x0000000800000000)
  region size 2048K, 45 young (92160K), 3 survivors (6144K)
 Metaspace       used 78494K, committed 79168K, reserved 1179648K
  class space    used 10302K, committed 10624K, reserved 1048576K
}
Event: 8.719 GC heap after
{Heap after GC invocations=24 (full 0):
 garbage-first heap   total 161792K, used 48067K [0x0000000704600000, 0x0000000800000000)
  region size 2048K, 6 young (12288K), 6 survivors (12288K)
 Metaspace       used 78494K, committed 79168K, reserved 1179648K
  class space    used 10302K, committed 10624K, reserved 1048576K
}
Event: 10.016 GC heap before
{Heap before GC invocations=24 (full 0):
 garbage-first heap   total 161792K, used 123843K [0x0000000704600000, 0x0000000800000000)
  region size 2048K, 43 young (88064K), 6 survivors (12288K)
 Metaspace       used 86006K, committed 86656K, reserved 1179648K
  class space    used 11530K, committed 11840K, reserved 1048576K
}
Event: 10.022 GC heap after
{Heap after GC invocations=25 (full 0):
 garbage-first heap   total 161792K, used 54396K [0x0000000704600000, 0x0000000800000000)
  region size 2048K, 4 young (8192K), 4 survivors (8192K)
 Metaspace       used 86006K, committed 86656K, reserved 1179648K
  class space    used 11530K, committed 11840K, reserved 1048576K
}
Event: 12.877 GC heap before
{Heap before GC invocations=25 (full 0):
 garbage-first heap   total 161792K, used 126076K [0x0000000704600000, 0x0000000800000000)
  region size 2048K, 39 young (79872K), 4 survivors (8192K)
 Metaspace       used 94457K, committed 95360K, reserved 1179648K
  class space    used 12650K, committed 13056K, reserved 1048576K
}
Event: 12.882 GC heap after
{Heap after GC invocations=26 (full 0):
 garbage-first heap   total 161792K, used 61807K [0x0000000704600000, 0x0000000800000000)
  region size 2048K, 4 young (8192K), 4 survivors (8192K)
 Metaspace       used 94457K, committed 95360K, reserved 1179648K
  class space    used 12650K, committed 13056K, reserved 1048576K
}

Deoptimization events (20 events):
Event: 13.476 Thread 0x00000224ff1e3800 Uncommon trap: trap_request=0xffffffbe fr.pc=0x00000224dec350bc relative=0x00000000000060dc
Event: 13.476 Thread 0x00000224ff1e3800 Uncommon trap: reason=profile_predicate action=maybe_recompile pc=0x00000224dec350bc method=org.antlr.v4.runtime.atn.PredictionContext.getCachedContext(Lorg/antlr/v4/runtime/atn/PredictionContext;Lorg/antlr/v4/runtime/atn/PredictionContextCache;Ljava/util
Event: 13.476 Thread 0x00000224ff1e3800 DEOPT PACKING pc=0x00000224dec350bc sp=0x000000d1a40f7120
Event: 13.476 Thread 0x00000224ff1e3800 DEOPT UNPACKING pc=0x00000224ddd323a3 sp=0x000000d1a40f70b0 mode 2
Event: 13.476 Thread 0x00000224ff1e3800 Uncommon trap: trap_request=0xffffffbe fr.pc=0x00000224dec350bc relative=0x00000000000060dc
Event: 13.476 Thread 0x00000224ff1e3800 Uncommon trap: reason=profile_predicate action=maybe_recompile pc=0x00000224dec350bc method=org.antlr.v4.runtime.atn.PredictionContext.getCachedContext(Lorg/antlr/v4/runtime/atn/PredictionContext;Lorg/antlr/v4/runtime/atn/PredictionContextCache;Ljava/util
Event: 13.476 Thread 0x00000224ff1e3800 DEOPT PACKING pc=0x00000224dec350bc sp=0x000000d1a40f7120
Event: 13.476 Thread 0x00000224ff1e3800 DEOPT UNPACKING pc=0x00000224ddd323a3 sp=0x000000d1a40f70b0 mode 2
Event: 13.476 Thread 0x00000224ff1e3800 Uncommon trap: trap_request=0xffffffbe fr.pc=0x00000224dec1fb48 relative=0x0000000000005c68
Event: 13.476 Thread 0x00000224ff1e3800 Uncommon trap: reason=profile_predicate action=maybe_recompile pc=0x00000224dec1fb48 method=org.antlr.v4.runtime.atn.PredictionContext.getCachedContext(Lorg/antlr/v4/runtime/atn/PredictionContext;Lorg/antlr/v4/runtime/atn/PredictionContextCache;Ljava/util
Event: 13.476 Thread 0x00000224ff1e3800 DEOPT PACKING pc=0x00000224dec1fb48 sp=0x000000d1a40f6e90
Event: 13.476 Thread 0x00000224ff1e3800 DEOPT UNPACKING pc=0x00000224ddd323a3 sp=0x000000d1a40f6ea0 mode 2
Event: 13.476 Thread 0x00000224ff1e3800 Uncommon trap: trap_request=0xffffffbe fr.pc=0x00000224dec2000c relative=0x000000000000612c
Event: 13.476 Thread 0x00000224ff1e3800 Uncommon trap: reason=profile_predicate action=maybe_recompile pc=0x00000224dec2000c method=org.antlr.v4.runtime.atn.PredictionContext.getCachedContext(Lorg/antlr/v4/runtime/atn/PredictionContext;Lorg/antlr/v4/runtime/atn/PredictionContextCache;Ljava/util
Event: 13.476 Thread 0x00000224ff1e3800 DEOPT PACKING pc=0x00000224dec2000c sp=0x000000d1a40f6f80
Event: 13.476 Thread 0x00000224ff1e3800 DEOPT UNPACKING pc=0x00000224ddd323a3 sp=0x000000d1a40f6ef0 mode 2
Event: 13.476 Thread 0x00000224ff1e3800 Uncommon trap: trap_request=0xffffffbe fr.pc=0x00000224dec2000c relative=0x000000000000612c
Event: 13.476 Thread 0x00000224ff1e3800 Uncommon trap: reason=profile_predicate action=maybe_recompile pc=0x00000224dec2000c method=org.antlr.v4.runtime.atn.PredictionContext.getCachedContext(Lorg/antlr/v4/runtime/atn/PredictionContext;Lorg/antlr/v4/runtime/atn/PredictionContextCache;Ljava/util
Event: 13.476 Thread 0x00000224ff1e3800 DEOPT PACKING pc=0x00000224dec2000c sp=0x000000d1a40f7070
Event: 13.476 Thread 0x00000224ff1e3800 DEOPT UNPACKING pc=0x00000224ddd323a3 sp=0x000000d1a40f6ff8 mode 2

Classes unloaded (0 events):
No events

Classes redefined (0 events):
No events

Internal exceptions (20 events):
Event: 13.402 Thread 0x00000224ff1e23c0 Exception <a 'java/lang/ClassNotFoundException'{0x000000070b4da528}: groovy/lang/GStringBeanInfo> (0x000000070b4da528) 
thrown [s\open\src\hotspot\share\classfile\systemDictionary.cpp, line 256]
Event: 13.403 Thread 0x00000224ff1e23c0 Exception <a 'java/lang/ClassNotFoundException'{0x000000070b4f2000}: groovy/lang/GStringCustomizer> (0x000000070b4f2000) 
thrown [s\open\src\hotspot\share\classfile\systemDictionary.cpp, line 256]
Event: 13.404 Thread 0x00000224ff1e23c0 Exception <a 'java/lang/ClassNotFoundException'{0x000000070b514328}: groovy/lang/GString$1Customizer> (0x000000070b514328) 
thrown [s\open\src\hotspot\share\classfile\systemDictionary.cpp, line 256]
Event: 13.408 Thread 0x00000224ff1e23c0 Exception <a 'java/lang/ClassNotFoundException'{0x000000070b2b9cb8}: org/codehaus/groovy/runtime/GStringImplBeanInfo> (0x000000070b2b9cb8) 
thrown [s\open\src\hotspot\share\classfile\systemDictionary.cpp, line 256]
Event: 13.409 Thread 0x00000224ff1e23c0 Exception <a 'java/lang/ClassNotFoundException'{0x000000070b021350}: org/codehaus/groovy/runtime/GStringImplCustomizer> (0x000000070b021350) 
thrown [s\open\src\hotspot\share\classfile\systemDictionary.cpp, line 256]
Event: 13.413 Thread 0x00000224ff1e23c0 Exception <a 'java/lang/ClassNotFoundException'{0x000000070b062a68}: org/thymeleaf/standard/processor/StandardWithTagProcessorBeanInfo> (0x000000070b062a68) 
thrown [s\open\src\hotspot\share\classfile\systemDictionary.cpp, line 256]
Event: 13.413 Thread 0x00000224ff1e23c0 Exception <a 'java/lang/ClassNotFoundException'{0x000000070b06f7c0}: org/thymeleaf/standard/processor/StandardWithTagProcessorCustomizer> (0x000000070b06f7c0) 
thrown [s\open\src\hotspot\share\classfile\systemDictionary.cpp, line 256]
Event: 13.415 Thread 0x00000224ff1e23c0 Exception <a 'java/lang/ClassNotFoundException'{0x000000070b096030}: org/thymeleaf/engine/HTMLAttributeDefinitionBeanInfo> (0x000000070b096030) 
thrown [s\open\src\hotspot\share\classfile\systemDictionary.cpp, line 256]
Event: 13.416 Thread 0x00000224ff1e23c0 Exception <a 'java/lang/ClassNotFoundException'{0x000000070b0a22a8}: org/thymeleaf/engine/AttributeDefinitionBeanInfo> (0x000000070b0a22a8) 
thrown [s\open\src\hotspot\share\classfile\systemDictionary.cpp, line 256]
Event: 13.417 Thread 0x00000224ff1e23c0 Exception <a 'java/lang/ClassNotFoundException'{0x000000070b0ae828}: org/thymeleaf/engine/AttributeDefinitionCustomizer> (0x000000070b0ae828) 
thrown [s\open\src\hotspot\share\classfile\systemDictionary.cpp, line 256]
Event: 13.418 Thread 0x00000224ff1e23c0 Exception <a 'java/lang/ClassNotFoundException'{0x000000070b0c06b0}: org/thymeleaf/engine/HTMLAttributeDefinitionCustomizer> (0x000000070b0c06b0) 
thrown [s\open\src\hotspot\share\classfile\systemDictionary.cpp, line 256]
Event: 13.421 Thread 0x00000224ff1e23c0 Exception <a 'java/lang/NoSuchMethodError'{0x000000070b1326b8}: 'java.lang.Object java.lang.invoke.Invokers$Holder.linkToCallSite(java.lang.Object, java.lang.Object, int, java.lang.Object)'> (0x000000070b1326b8) 
thrown [s\open\src\hotspot\share\interpreter\linkResolver.cpp, line 759]
Event: 13.423 Thread 0x00000224ff1e23c0 Exception <a 'java/lang/ClassNotFoundException'{0x000000070b14da08}: org/thymeleaf/engine/ElementTagStructureHandlerBeanInfo> (0x000000070b14da08) 
thrown [s\open\src\hotspot\share\classfile\systemDictionary.cpp, line 256]
Event: 13.423 Thread 0x00000224ff1e23c0 Exception <a 'java/lang/ClassNotFoundException'{0x000000070b159690}: org/thymeleaf/engine/ElementTagStructureHandlerCustomizer> (0x000000070b159690) 
thrown [s\open\src\hotspot\share\classfile\systemDictionary.cpp, line 256]
Event: 13.424 Thread 0x00000224ff1e23c0 Exception <a 'java/lang/NoSuchMethodError'{0x000000070b16d1f8}: 'void java.lang.invoke.DirectMethodHandle$Holder.invokeInterface(java.lang.Object, java.lang.Object, java.lang.Object, int)'> (0x000000070b16d1f8) 
thrown [s\open\src\hotspot\share\interpreter\linkResolver.cpp, line 759]
Event: 13.424 Thread 0x00000224ff1e23c0 Exception <a 'java/lang/NoSuchMethodError'{0x000000070b1717e0}: 'void java.lang.invoke.DirectMethodHandle$Holder.invokeSpecial(java.lang.Object, java.lang.Object, java.lang.Object, java.lang.Object, int)'> (0x000000070b1717e0) 
thrown [s\open\src\hotspot\share\interpreter\linkResolver.cpp, line 759]
Event: 13.425 Thread 0x00000224ff1e23c0 Exception <a 'java/lang/NoSuchMethodError'{0x000000070b175730}: 'void java.lang.invoke.DelegatingMethodHandle$Holder.reinvoke_L(java.lang.Object, java.lang.Object, java.lang.Object, int)'> (0x000000070b175730) 
thrown [s\open\src\hotspot\share\interpreter\linkResolver.cpp, line 759]
Event: 13.425 Thread 0x00000224ff1e23c0 Exception <a 'java/lang/NoSuchMethodError'{0x000000070b17ffd0}: 'java.lang.Object java.lang.invoke.DelegatingMethodHandle$Holder.delegate(java.lang.Object, java.lang.Object, java.lang.Object, java.lang.Object, int)'> (0x000000070b17ffd0) 
thrown [s\open\src\hotspot\share\interpreter\linkResolver.cpp, line 759]
Event: 13.425 Thread 0x00000224ff1e23c0 Exception <a 'java/lang/NoSuchMethodError'{0x000000070b190038}: 'int java.lang.invoke.DirectMethodHandle$Holder.invokeSpecial(java.lang.Object, java.lang.Object, java.lang.Object, java.lang.Object, int)'> (0x000000070b190038) 
thrown [s\open\src\hotspot\share\interpreter\linkResolver.cpp, line 759]
Event: 13.471 Thread 0x00000224ff1e3800 Exception <a 'java/lang/IncompatibleClassChangeError'{0x000000070aefbfb0}: Found class java.lang.Object, but interface was expected> (0x000000070aefbfb0) 
thrown [s\open\src\hotspot\share\interpreter\linkResolver.cpp, line 826]

VM Operations (20 events):
Event: 13.090 Executing VM operation: HandshakeAllThreads done
Event: 13.095 Executing VM operation: HandshakeAllThreads
Event: 13.095 Executing VM operation: HandshakeAllThreads done
Event: 13.095 Executing VM operation: HandshakeAllThreads
Event: 13.095 Executing VM operation: HandshakeAllThreads done
Event: 13.108 Executing VM operation: HandshakeAllThreads
Event: 13.108 Executing VM operation: HandshakeAllThreads done
Event: 13.122 Executing VM operation: HandshakeAllThreads
Event: 13.122 Executing VM operation: HandshakeAllThreads done
Event: 13.196 Executing VM operation: ICBufferFull
Event: 13.196 Executing VM operation: ICBufferFull done
Event: 13.442 Executing VM operation: ICBufferFull
Event: 13.442 Executing VM operation: ICBufferFull done
Event: 13.462 Executing VM operation: HandshakeAllThreads
Event: 13.462 Executing VM operation: HandshakeAllThreads done
Event: 13.479 Executing VM operation: HandshakeAllThreads
Event: 13.479 Executing VM operation: HandshakeAllThreads done
Event: 13.555 Executing VM operation: ICBufferFull
Event: 13.555 Executing VM operation: ICBufferFull done
Event: 14.555 Executing VM operation: Cleanup

Events (20 events):
Event: 13.497 Thread 0x00000224f70184b0 flushing nmethod 0x00000224d7a7f690
Event: 13.497 Thread 0x00000224f70184b0 flushing nmethod 0x00000224d7b22d90
Event: 13.497 Thread 0x00000224f70184b0 flushing nmethod 0x00000224d7b8f990
Event: 13.497 Thread 0x00000224f70184b0 flushing nmethod 0x00000224d7b8fe10
Event: 13.497 Thread 0x00000224f70184b0 flushing nmethod 0x00000224d7b90290
Event: 13.497 Thread 0x00000224f70184b0 flushing nmethod 0x00000224d7b92a10
Event: 13.497 Thread 0x00000224f70184b0 flushing nmethod 0x00000224d7b93410
Event: 13.497 Thread 0x00000224f70184b0 flushing nmethod 0x00000224d7ba0e10
Event: 13.497 Thread 0x00000224f70184b0 flushing nmethod 0x00000224d7ba1210
Event: 13.497 Thread 0x00000224f70184b0 flushing nmethod 0x00000224d7ba1d10
Event: 13.497 Thread 0x00000224f70184b0 flushing nmethod 0x00000224d7babe10
Event: 13.497 Thread 0x00000224f70184b0 flushing nmethod 0x00000224d7bac490
Event: 13.497 Thread 0x00000224f70184b0 flushing nmethod 0x00000224d7bac890
Event: 13.497 Thread 0x00000224f70184b0 flushing nmethod 0x00000224d7bad710
Event: 13.497 Thread 0x00000224f70184b0 flushing nmethod 0x00000224d7badc90
Event: 13.497 Thread 0x00000224f70184b0 flushing nmethod 0x00000224d7bb0010
Event: 13.497 Thread 0x00000224f70184b0 flushing nmethod 0x00000224d7bb5810
Event: 13.497 Thread 0x00000224f70184b0 flushing nmethod 0x00000224d7bb5d90
Event: 13.497 Thread 0x00000224f70184b0 flushing nmethod 0x00000224d7bbdb10
Event: 13.497 Thread 0x00000224f70184b0 flushing nmethod 0x00000224d7bd5e10


Dynamic libraries:
0x00007ff7e4b20000 - 0x00007ff7e4b30000 	C:\Program Files\Java\jdk-17.0.11\bin\java.exe
0x00007ffe4a500000 - 0x00007ffe4a763000 	C:\WINDOWS\SYSTEM32\ntdll.dll
0x00007ffe48b90000 - 0x00007ffe48c57000 	C:\WINDOWS\System32\KERNEL32.DLL
0x00007ffe478b0000 - 0x00007ffe47c79000 	C:\WINDOWS\System32\KERNELBASE.dll
0x00007ffe48060000 - 0x00007ffe481ac000 	C:\WINDOWS\System32\ucrtbase.dll
0x00007ffe34080000 - 0x00007ffe34099000 	C:\Program Files\Java\jdk-17.0.11\bin\jli.dll
0x00007ffe34060000 - 0x00007ffe3407b000 	C:\Program Files\Java\jdk-17.0.11\bin\VCRUNTIME140.dll
0x00007ffe49580000 - 0x00007ffe49632000 	C:\WINDOWS\System32\ADVAPI32.dll
0x00007ffe48db0000 - 0x00007ffe48e59000 	C:\WINDOWS\System32\msvcrt.dll
0x00007ffe49990000 - 0x00007ffe49a36000 	C:\WINDOWS\System32\sechost.dll
0x00007ffe48c60000 - 0x00007ffe48d76000 	C:\WINDOWS\System32\RPCRT4.dll
0x00007ffe49640000 - 0x00007ffe4980a000 	C:\WINDOWS\System32\USER32.dll
0x00007ffe47880000 - 0x00007ffe478a7000 	C:\WINDOWS\System32\win32u.dll
0x00007ffe49960000 - 0x00007ffe4998a000 	C:\WINDOWS\System32\GDI32.dll
0x00007ffe21070000 - 0x00007ffe21300000 	C:\WINDOWS\WinSxS\amd64_microsoft.windows.common-controls_6595b64144ccf1df_6.0.26100.3323_none_3e088096e3344490\COMCTL32.dll
0x00007ffe47e80000 - 0x00007ffe47fb1000 	C:\WINDOWS\System32\gdi32full.dll
0x00007ffe47c80000 - 0x00007ffe47d23000 	C:\WINDOWS\System32\msvcp_win.dll
0x00007ffe35980000 - 0x00007ffe3598b000 	C:\WINDOWS\SYSTEM32\VERSION.dll
0x00007ffe486b0000 - 0x00007ffe486df000 	C:\WINDOWS\System32\IMM32.DLL
0x00007ffe315e0000 - 0x00007ffe315ec000 	C:\Program Files\Java\jdk-17.0.11\bin\vcruntime140_1.dll
0x00007ffe00570000 - 0x00007ffe005fe000 	C:\Program Files\Java\jdk-17.0.11\bin\msvcp140.dll
0x00007ffd950b0000 - 0x00007ffd95c90000 	C:\Program Files\Java\jdk-17.0.11\bin\server\jvm.dll
0x00007ffe4a4b0000 - 0x00007ffe4a4b8000 	C:\WINDOWS\System32\PSAPI.DLL
0x00007ffe2aad0000 - 0x00007ffe2aada000 	C:\WINDOWS\SYSTEM32\WSOCK32.dll
0x00007ffe4a2d0000 - 0x00007ffe4a344000 	C:\WINDOWS\System32\WS2_32.dll
0x00007ffe3c0e0000 - 0x00007ffe3c116000 	C:\WINDOWS\SYSTEM32\WINMM.dll
0x00007ffe46630000 - 0x00007ffe4664a000 	C:\WINDOWS\SYSTEM32\kernel.appcore.dll
0x00007ffe30020000 - 0x00007ffe3002a000 	C:\Program Files\Java\jdk-17.0.11\bin\jimage.dll
0x00007ffe44f30000 - 0x00007ffe45171000 	C:\WINDOWS\SYSTEM32\DBGHELP.DLL
0x00007ffe48320000 - 0x00007ffe486a2000 	C:\WINDOWS\System32\combase.dll
0x00007ffe48ab0000 - 0x00007ffe48b86000 	C:\WINDOWS\System32\OLEAUT32.dll
0x00007ffe233a0000 - 0x00007ffe233d9000 	C:\WINDOWS\SYSTEM32\dbgcore.DLL
0x00007ffe47fc0000 - 0x00007ffe48059000 	C:\WINDOWS\System32\bcryptPrimitives.dll
0x00007ffe2c030000 - 0x00007ffe2c055000 	C:\Program Files\Java\jdk-17.0.11\bin\java.dll
0x00007ffe00040000 - 0x00007ffe00117000 	C:\Program Files\Java\jdk-17.0.11\bin\jsvml.dll
0x00007ffe48e60000 - 0x00007ffe49575000 	C:\WINDOWS\System32\SHELL32.dll
0x00007ffe481b0000 - 0x00007ffe48318000 	C:\WINDOWS\System32\wintypes.dll
0x00007ffe45420000 - 0x00007ffe45c65000 	C:\WINDOWS\SYSTEM32\windows.storage.dll
0x00007ffe4a350000 - 0x00007ffe4a43b000 	C:\WINDOWS\System32\SHCORE.dll
0x00007ffe48a50000 - 0x00007ffe48aad000 	C:\WINDOWS\System32\shlwapi.dll
0x00007ffe47610000 - 0x00007ffe4763f000 	C:\WINDOWS\SYSTEM32\profapi.dll
0x00007ffe2c010000 - 0x00007ffe2c029000 	C:\Program Files\Java\jdk-17.0.11\bin\net.dll
0x00007ffe3b800000 - 0x00007ffe3b91e000 	C:\WINDOWS\SYSTEM32\WINHTTP.dll
0x00007ffe46b50000 - 0x00007ffe46bba000 	C:\WINDOWS\system32\mswsock.dll
0x00007ffe20b00000 - 0x00007ffe20b16000 	C:\Program Files\Java\jdk-17.0.11\bin\nio.dll
0x00007ffe1ccd0000 - 0x00007ffe1cce8000 	C:\Program Files\Java\jdk-17.0.11\bin\zip.dll
0x00007ffe2f550000 - 0x00007ffe2f55a000 	C:\Program Files\Java\jdk-17.0.11\bin\management.dll
0x00007ffe2cea0000 - 0x00007ffe2ceab000 	C:\Program Files\Java\jdk-17.0.11\bin\management_ext.dll
0x00007ffe2ffe0000 - 0x00007ffe2fff0000 	C:\Program Files\Java\jdk-17.0.11\bin\verify.dll
0x00007ffe20af0000 - 0x00007ffe20afe000 	C:\Program Files\Java\jdk-17.0.11\bin\sunmscapi.dll
0x00007ffe47700000 - 0x00007ffe47877000 	C:\WINDOWS\System32\CRYPT32.dll
0x00007ffe46ff0000 - 0x00007ffe47020000 	C:\WINDOWS\SYSTEM32\ncrypt.dll
0x00007ffe46fa0000 - 0x00007ffe46fdf000 	C:\WINDOWS\SYSTEM32\NTASN1.dll
0x00007ffe46df0000 - 0x00007ffe46e0c000 	C:\WINDOWS\SYSTEM32\CRYPTSP.dll
0x00007ffe46590000 - 0x00007ffe465ca000 	C:\WINDOWS\system32\rsaenh.dll
0x00007ffe46bf0000 - 0x00007ffe46c1b000 	C:\WINDOWS\SYSTEM32\USERENV.dll
0x00007ffe47030000 - 0x00007ffe47056000 	C:\WINDOWS\SYSTEM32\bcrypt.dll
0x00007ffe46e10000 - 0x00007ffe46e1c000 	C:\WINDOWS\SYSTEM32\CRYPTBASE.dll
0x00007ffe460a0000 - 0x00007ffe460d3000 	C:\WINDOWS\SYSTEM32\IPHLPAPI.DLL
0x00007ffe4a4a0000 - 0x00007ffe4a4aa000 	C:\WINDOWS\System32\NSI.dll
0x00007ffe3bc30000 - 0x00007ffe3bc4f000 	C:\WINDOWS\SYSTEM32\dhcpcsvc6.DLL
0x00007ffe3bb40000 - 0x00007ffe3bb65000 	C:\WINDOWS\SYSTEM32\dhcpcsvc.DLL
0x00007ffe460e0000 - 0x00007ffe46205000 	C:\WINDOWS\SYSTEM32\DNSAPI.dll
0x00007ffe22920000 - 0x00007ffe22928000 	C:\WINDOWS\system32\wshunix.dll

dbghelp: loaded successfully - version: 4.0.5 - missing functions: none
symbol engine: initialized successfully - sym options: 0x614 - pdb path: .;C:\Program Files\Java\jdk-17.0.11\bin;C:\WINDOWS\SYSTEM32;C:\WINDOWS\WinSxS\amd64_microsoft.windows.common-controls_6595b64144ccf1df_6.0.26100.3323_none_3e088096e3344490;C:\Program Files\Java\jdk-17.0.11\bin\server

VM Arguments:
jvm_args: -XX:+ShowCodeDetailsInExceptionMessages 
java_command: zgoo.cpos.CposApplication
java_class_path (initial): D:\work\DA\server\project\zgooCpos\bin\main;D:\work\DA\server\project\zgooCpos\bin\test;D:\work\DA\server\project\zgooCpos\bin\default;C:\Users\N-424\.gradle\caches\modules-2\files-2.1\com.querydsl\querydsl-apt\5.0.0\d48657412f2b96d787bbe5ae393e33815c94b4d0\querydsl-apt-5.0.0-jakarta.jar;C:\Users\N-424\.gradle\caches\modules-2\files-2.1\org.springframework.boot\spring-boot-starter-data-jpa\3.3.4\60df2a5bea8752fb215f3c8e1dffeb3554773a49\spring-boot-starter-data-jpa-3.3.4.jar;C:\Users\N-424\.gradle\caches\modules-2\files-2.1\org.hibernate.orm\hibernate-core\6.5.3.Final\1e23c320a5d10f5eaecbd23095fca5c5c83c1fb5\hibernate-core-6.5.3.Final.jar;C:\Users\N-424\.gradle\caches\modules-2\files-2.1\jakarta.persistence\jakarta.persistence-api\3.1.0\66901fa1c373c6aff65c13791cc11da72060a8d6\jakarta.persistence-api-3.1.0.jar;C:\Users\N-424\.gradle\caches\modules-2\files-2.1\org.springframework.data\spring-data-jpa\3.3.4\f92296e4b6d18f5f79c5e6074da96bf0de2006d3\spring-data-jpa-3.3.4.jar;C:\Users\N-424\.gradle\caches\modules-2\files-2.1\org.springframework.boot\spring-boot-starter-thymeleaf\3.3.4\29c4b1acf955b350bf7d8fd201798d30647fb89e\spring-boot-starter-thymeleaf-3.3.4.jar;C:\Users\N-424\.gradle\caches\modules-2\files-2.1\org.springframework.boot\spring-boot-starter-validation\3.3.4\cd5e06f484dc2825a8d9704a2093a72587af2b58\spring-boot-starter-validation-3.3.4.jar;C:\Users\N-424\.gradle\caches\modules-2\files-2.1\org.springframework.boot\spring-boot-starter-web\3.3.4\b43a9fd107611337777b47dc7518e2aca59e58eb\spring-boot-starter-web-3.3.4.jar;C:\Users\N-424\.gradle\caches\modules-2\files-2.1\org.springframework.boot\spring-boot-starter-security\3.3.4\58e8b8decf2116c2e3422368d8f1ebd5bdff117\spring-boot-starter-security-3.3.4.jar;C:\Users\N-424\.gradle\caches\modules-2\files-2.1\org.springframework.boot\spring-boot-starter-aop\3.3.4\4e0fef42facab9dbdbc7784dc4fb7698bf1c6b49\spring-boot-starter-aop-3.3.4.jar;C:\Users\N-424\.gradle\caches\modules-2\files-2.1\o
Launcher Type: SUN_STANDARD

[Global flags]
     intx CICompilerCount                          = 12                                        {product} {ergonomic}
     uint ConcGCThreads                            = 3                                         {product} {ergonomic}
     uint G1ConcRefinementThreads                  = 13                                        {product} {ergonomic}
   size_t G1HeapRegionSize                         = 2097152                                   {product} {ergonomic}
    uintx GCDrainStackTargetSize                   = 64                                        {product} {ergonomic}
   size_t InitialHeapSize                          = 264241152                                 {product} {ergonomic}
   size_t MarkStackSize                            = 4194304                                   {product} {ergonomic}
   size_t MaxHeapSize                              = 4221566976                                {product} {ergonomic}
   size_t MaxNewSize                               = 2531262464                                {product} {ergonomic}
   size_t MinHeapDeltaBytes                        = 2097152                                   {product} {ergonomic}
   size_t MinHeapSize                              = 8388608                                   {product} {ergonomic}
    uintx NonNMethodCodeHeapSize                   = 7602480                                {pd product} {ergonomic}
    uintx NonProfiledCodeHeapSize                  = 122027880                              {pd product} {ergonomic}
    uintx ProfiledCodeHeapSize                     = 122027880                              {pd product} {ergonomic}
    uintx ReservedCodeCacheSize                    = 251658240                              {pd product} {ergonomic}
     bool SegmentedCodeCache                       = true                                      {product} {ergonomic}
     bool ShowCodeDetailsInExceptionMessages       = true                                   {manageable} {command line}
   size_t SoftMaxHeapSize                          = 4221566976                             {manageable} {ergonomic}
     bool UseCompressedClassPointers               = true                           {product lp64_product} {ergonomic}
     bool UseCompressedOops                        = true                           {product lp64_product} {ergonomic}
     bool UseG1GC                                  = true                                      {product} {ergonomic}
     bool UseLargePagesIndividualAllocation        = false                                  {pd product} {ergonomic}

Logging:
Log output configuration:
 #0: stdout all=warning uptime,level,tags
 #1: stderr all=off uptime,level,tags

Environment Variables:
JAVA_HOME=C:\Users\N-424\.jdks\corretto-17.0.11
PATH=C:\Users\N-424\AppData\Roaming\Code\User\globalStorage\pleiades.java-extension-pack-jdk\gradle\latest\bin;C:\Users\N-424\AppData\Roaming\Code\User\globalStorage\pleiades.java-extension-pack-jdk\maven\latest\bin;C:\Users\N-424\.jdks\corretto-17.0.11\bin;C:\Program Files (x86)\VMware\VMware Player\bin\;C:\Program Files (x86)\Common Files\Oracle\Java\java8path;C:\Program Files (x86)\Common Files\Oracle\Java\javapath;C:\Windows\system32;C:\Windows;C:\Windows\System32\Wbem;C:\Windows\System32\WindowsPowerShell\v1.0\;C:\Windows\System32\OpenSSH\;C:\Program Files (x86)\NVIDIA Corporation\PhysX\Common;C:\Program Files\Bandizip\;C:\Program Files\Java\jdk-1.8\bin;C:\Program Files (x86)\Windows Kits\10\Windows Performance Toolkit\;C:\flutter\bin;C:\WINDOWS\system32;C:\WINDOWS;C:\WINDOWS\System32\Wbem;C:\WINDOWS\System32\WindowsPowerShell\v1.0\;C:\WINDOWS\System32\OpenSSH\;C:\ProgramData\chocolatey\bin;C:\ProgramData\chocolatey\lib\maven\apache-maven-3.9.7\bin;C:\Program Files\Java\scripts;C:\Program Files\Git\cmd;C:\Program Files\PuTTY\;c:\Users\N-424\AppData\Local\Programs\cursor\resources\app\bin;C:\Users\N-424\AppData\Local\Programs\Python\Python312\Scripts\;C:\Users\N-424\AppData\Local\Programs\Python\Python312\;C:\Users\N-424\AppData\Local\Microsoft\WindowsApps;D:\Microsoft VS Code\Microsoft VS Code\bin;;C:\Program Files\JetBrains\IntelliJ IDEA Community Edition 2024.1.3\bin;;C:\Users\N-424\AppData\Local\Programs\cursor\resources\app\bin
USERNAME=N-424
LANG=en_US.UTF-8
OS=Windows_NT
PROCESSOR_IDENTIFIER=Intel64 Family 6 Model 154 Stepping 3, GenuineIntel



---------------  S Y S T E M  ---------------

OS:
 Windows 11 , 64 bit Build 26100 (10.0.26100.3323)
OS uptime: 2 days 2:14 hours

CPU: total 16 (initial active 16) (8 cores per cpu, 2 threads per core) family 6 model 154 stepping 3 microcode 0x421, cx8, cmov, fxsr, ht, mmx, 3dnowpref, sse, sse2, sse3, ssse3, sse4.1, sse4.2, popcnt, lzcnt, tsc, tscinvbit, avx, avx2, aes, erms, clmul, bmi1, bmi2, adx, sha, fma, vzeroupper, clflush, clflushopt, clwb

Memory: 4k page, system-wide physical 16098M (4006M free)
TotalPageFile size 18146M (AvailPageFile size 6M)
current process WorkingSet (physical memory assigned to process): 449M, peak: 503M
current process commit charge ("private bytes"): 499M, peak: 553M

vm_info: Java HotSpot(TM) 64-Bit Server VM (17.0.11+7-LTS-207) for windows-amd64 JRE (17.0.11+7-LTS-207), built on Mar 11 2024 19:01:50 by "mach5one" with MS VC++ 17.6 (VS2022)

END.
