#
# There is insufficient memory for the Java Runtime Environment to continue.
# Native memory allocation (mmap) failed to map 264241152 bytes for G1 virtual space
# Possible reasons:
#   The system is out of physical RAM or swap space
#   The process is running with CompressedOops enabled, and the Java Heap may be blocking the growth of the native heap
# Possible solutions:
#   Reduce memory load on the system
#   Increase physical memory or swap space
#   Check if swap backing store is full
#   Decrease Java heap size (-Xmx/-Xms)
#   Decrease number of Java threads
#   Decrease Java thread stack sizes (-Xss)
#   Set larger code cache with -XX:ReservedCodeCacheSize=
#   JVM is running with Zero Based Compressed Oops mode in which the Java heap is
#     placed in the first 32GB address space. The Java Heap base address is the
#     maximum limit for the native heap growth. Please use -XX:HeapBaseMinAddress
#     to set the Java Heap base and to place the Java Heap above 32GB virtual address.
# This output file may be truncated or incomplete.
#
#  Out of Memory Error (os_windows.cpp:3548), pid=17928, tid=2736
#
# JRE version:  (17.0.11+7) (build )
# Java VM: Java HotSpot(TM) 64-Bit Server VM (17.0.11+7-LTS-207, mixed mode, sharing, tiered, compressed oops, compressed class ptrs, g1 gc, windows-amd64)
# No core dump will be written. Minidumps are not enabled by default on client versions of Windows
#

---------------  S U M M A R Y ------------

Command Line: -XX:+ShowCodeDetailsInExceptionMessages zgoo.cpos.CposApplication

Host: 12th Gen Intel(R) Core(TM) i7-1260P, 16 cores, 15G,  Windows 11 , 64 bit Build 22621 (10.0.22621.4391)
Time: Mon Jan 13 13:21:22 2025  Windows 11 , 64 bit Build 22621 (10.0.22621.4391) elapsed time: 0.015879 seconds (0d 0h 0m 0s)

---------------  T H R E A D  ---------------

Current thread (0x0000013d46d0dd80):  JavaThread "Unknown thread" [_thread_in_vm, id=2736, stack(0x0000001cd4b00000,0x0000001cd4c00000)]

Stack: [0x0000001cd4b00000,0x0000001cd4c00000]
Native frames: (J=compiled Java code, j=interpreted, Vv=VM code, C=native code)
V  [jvm.dll+0x679cca]
V  [jvm.dll+0x7da13d]
V  [jvm.dll+0x7dba83]
V  [jvm.dll+0x7dc0f3]
V  [jvm.dll+0x2449af]
V  [jvm.dll+0x676ce9]
V  [jvm.dll+0x66b852]
V  [jvm.dll+0x3018d6]
V  [jvm.dll+0x308e76]
V  [jvm.dll+0x3596ee]
V  [jvm.dll+0x35991f]
V  [jvm.dll+0x2d89a8]
V  [jvm.dll+0x2d9914]
V  [jvm.dll+0x7ac6b1]
V  [jvm.dll+0x366f61]
V  [jvm.dll+0x78b609]
V  [jvm.dll+0x3ec22f]
V  [jvm.dll+0x3ede61]
C  [jli.dll+0x5297]
C  [ucrtbase.dll+0x29333]
C  [KERNEL32.DLL+0x1259d]
C  [ntdll.dll+0x5af38]


---------------  P R O C E S S  ---------------

Threads class SMR info:
_java_thread_list=0x00007ffe603b7a18, length=0, elements={
}

Java Threads: ( => current thread )

Other Threads:
  0x0000013d46d826d0 GCTaskThread "GC Thread#0" [stack: 0x0000001cd4c00000,0x0000001cd4d00000] [id=4736]
  0x0000013d46d944d0 ConcurrentGCThread "G1 Main Marker" [stack: 0x0000001cd4d00000,0x0000001cd4e00000] [id=19500]
  0x0000013d46d94df0 ConcurrentGCThread "G1 Conc#0" [stack: 0x0000001cd4e00000,0x0000001cd4f00000] [id=3424]

[error occurred during error reporting (printing all threads), id 0xc0000005, EXCEPTION_ACCESS_VIOLATION (0xc0000005) at pc=0x00007ffe5fbe9497]

VM state: not at safepoint (not fully initialized)

VM Mutex/Monitor currently owned by a thread:  ([mutex/lock_event])
[0x0000013d46d0b010] Heap_lock - owner thread: 0x0000013d46d0dd80

Heap address: 0x0000000704600000, size: 4026 MB, Compressed Oops mode: Zero based, Oop shift amount: 3

CDS archive(s) mapped at: [0x0000000000000000-0x0000000000000000-0x0000000000000000), size 0, SharedBaseAddress: 0x0000000800000000, ArchiveRelocationMode: 1.
Narrow klass base: 0x0000000000000000, Narrow klass shift: 0, Narrow klass range: 0x0

GC Precious Log:
<Empty>

Heap:
 garbage-first heap   total 0K, used 0K [0x0000000704600000, 0x0000000800000000)
  region size 2048K, 0 young (0K), 0 survivors (0K)

[error occurred during error reporting (printing heap information), id 0xc0000005, EXCEPTION_ACCESS_VIOLATION (0xc0000005) at pc=0x00007ffe5ffd3559]

GC Heap History (0 events):
No events

Deoptimization events (0 events):
No events

Classes unloaded (0 events):
No events

Classes redefined (0 events):
No events

Internal exceptions (0 events):
No events

VM Operations (0 events):
No events

Events (1 events):
Event: 0.008 Loaded shared library C:\Program Files\Java\jdk-17.0.11\bin\java.dll


Dynamic libraries:
0x00007ff65bba0000 - 0x00007ff65bbb0000 	C:\Program Files\Java\jdk-17.0.11\bin\java.exe
0x00007ffeac650000 - 0x00007ffeac867000 	C:\WINDOWS\SYSTEM32\ntdll.dll
0x00007ffeabee0000 - 0x00007ffeabfa4000 	C:\WINDOWS\System32\KERNEL32.DLL
0x00007ffea9e50000 - 0x00007ffeaa20a000 	C:\WINDOWS\System32\KERNELBASE.dll
0x00007ffea9d30000 - 0x00007ffea9e41000 	C:\WINDOWS\System32\ucrtbase.dll
0x00007ffe9c590000 - 0x00007ffe9c5a9000 	C:\Program Files\Java\jdk-17.0.11\bin\jli.dll
0x00007ffe99690000 - 0x00007ffe996ab000 	C:\Program Files\Java\jdk-17.0.11\bin\VCRUNTIME140.dll
0x00007ffeabe20000 - 0x00007ffeabed2000 	C:\WINDOWS\System32\ADVAPI32.dll
0x00007ffeac0b0000 - 0x00007ffeac157000 	C:\WINDOWS\System32\msvcrt.dll
0x00007ffeac390000 - 0x00007ffeac437000 	C:\WINDOWS\System32\sechost.dll
0x00007ffea9950000 - 0x00007ffea9978000 	C:\WINDOWS\System32\bcrypt.dll
0x00007ffeab250000 - 0x00007ffeab364000 	C:\WINDOWS\System32\RPCRT4.dll
0x00007ffeac1e0000 - 0x00007ffeac38e000 	C:\WINDOWS\System32\USER32.dll
0x00007ffea9920000 - 0x00007ffea9946000 	C:\WINDOWS\System32\win32u.dll
0x00007ffeab220000 - 0x00007ffeab249000 	C:\WINDOWS\System32\GDI32.dll
0x00007ffe8d950000 - 0x00007ffe8dbe2000 	C:\WINDOWS\WinSxS\amd64_microsoft.windows.common-controls_6595b64144ccf1df_6.0.22621.4541_none_2710d1c57384c085\COMCTL32.dll
0x00007ffea9a00000 - 0x00007ffea9b1b000 	C:\WINDOWS\System32\gdi32full.dll
0x00007ffea9c90000 - 0x00007ffea9d2a000 	C:\WINDOWS\System32\msvcp_win.dll
0x00007ffe9ee40000 - 0x00007ffe9ee4a000 	C:\WINDOWS\SYSTEM32\VERSION.dll
0x00007ffeab560000 - 0x00007ffeab591000 	C:\WINDOWS\System32\IMM32.DLL
0x00007ffe99660000 - 0x00007ffe9966c000 	C:\Program Files\Java\jdk-17.0.11\bin\vcruntime140_1.dll
0x00007ffe72b20000 - 0x00007ffe72bae000 	C:\Program Files\Java\jdk-17.0.11\bin\msvcp140.dll
0x00007ffe5f900000 - 0x00007ffe604e0000 	C:\Program Files\Java\jdk-17.0.11\bin\server\jvm.dll
0x00007ffeaa740000 - 0x00007ffeaa748000 	C:\WINDOWS\System32\PSAPI.DLL
0x00007ffe9f230000 - 0x00007ffe9f264000 	C:\WINDOWS\SYSTEM32\WINMM.dll
0x00007ffea20e0000 - 0x00007ffea20e9000 	C:\WINDOWS\SYSTEM32\WSOCK32.dll
0x00007ffeaa870000 - 0x00007ffeaa8e1000 	C:\WINDOWS\System32\WS2_32.dll
0x00007ffea8a50000 - 0x00007ffea8a68000 	C:\WINDOWS\SYSTEM32\kernel.appcore.dll
0x00007ffe938d0000 - 0x00007ffe938da000 	C:\Program Files\Java\jdk-17.0.11\bin\jimage.dll
0x00007ffea7230000 - 0x00007ffea7462000 	C:\WINDOWS\SYSTEM32\DBGHELP.DLL
0x00007ffeab5a0000 - 0x00007ffeab92f000 	C:\WINDOWS\System32\combase.dll
0x00007ffeaa660000 - 0x00007ffeaa737000 	C:\WINDOWS\System32\OLEAUT32.dll
0x00007ffe9e840000 - 0x00007ffe9e872000 	C:\WINDOWS\SYSTEM32\dbgcore.DLL
0x00007ffeaa210000 - 0x00007ffeaa28b000 	C:\WINDOWS\System32\bcryptPrimitives.dll
0x00007ffe86dc0000 - 0x00007ffe86de5000 	C:\Program Files\Java\jdk-17.0.11\bin\java.dll

dbghelp: loaded successfully - version: 4.0.5 - missing functions: none
symbol engine: initialized successfully - sym options: 0x614 - pdb path: .;C:\Program Files\Java\jdk-17.0.11\bin;C:\WINDOWS\SYSTEM32;C:\WINDOWS\WinSxS\amd64_microsoft.windows.common-controls_6595b64144ccf1df_6.0.22621.4541_none_2710d1c57384c085;C:\Program Files\Java\jdk-17.0.11\bin\server

VM Arguments:
jvm_args: -XX:+ShowCodeDetailsInExceptionMessages 
java_command: zgoo.cpos.CposApplication
java_class_path (initial): D:\work\DA\server\project\zgooCpos\build\resources\main;D:\work\DA\server\project\zgooCpos\build\classes\java\main;C:\Users\N-424\.gradle\caches\modules-2\files-2.1\com.fasterxml.jackson.core\jackson-core\2.17.2\969a35cb35c86512acbadcdbbbfb044c877db814\jackson-core-2.17.2.jar;C:\Users\N-424\.gradle\caches\modules-2\files-2.1\jakarta.transaction\jakarta.transaction-api\2.0.1\51a520e3fae406abb84e2e1148e6746ce3f80a1a\jakarta.transaction-api-2.0.1.jar;C:\Users\N-424\.gradle\caches\modules-2\files-2.1\com.github.gavlyukovskiy\p6spy-spring-boot-starter\1.9.0\b51740224ed4f0cdca7ba93fe9167e7b97064f41\p6spy-spring-boot-starter-1.9.0.jar;C:\Users\N-424\.gradle\caches\modules-2\files-2.1\io.github.classgraph\classgraph\4.8.146\360448a09bfa5689d89cfa97fea53b3fdefa9c23\classgraph-4.8.146.jar;C:\Users\N-424\.gradle\caches\modules-2\files-2.1\org.thymeleaf.extras\thymeleaf-extras-springsecurity6\3.1.2.RELEASE\574c188eb147191e2f162419e9fc780fcf3256d7\thymeleaf-extras-springsecurity6-3.1.2.RELEASE.jar;C:\Users\N-424\.gradle\caches\modules-2\files-2.1\org.springframework.security\spring-security-core\6.3.3\2bf159e3db212d61408a2f728d6d7252dfaf4710\spring-security-core-6.3.3.jar;C:\Users\N-424\.gradle\caches\modules-2\files-2.1\org.springframework.data\spring-data-commons\3.3.4\f0f6bca5b0cd7d318666e2d3f02726c615334678\spring-data-commons-3.3.4.jar;C:\Users\N-424\.gradle\caches\modules-2\files-2.1\jakarta.validation\jakarta.validation-api\3.0.2\92b6631659ba35ca09e44874d3eb936edfeee532\jakarta.validation-api-3.0.2.jar;C:\Users\N-424\.gradle\caches\modules-2\files-2.1\org.slf4j\jul-to-slf4j\2.0.16\6d57da3e961daac65bcca0dd3def6cd11e48a24a\jul-to-slf4j-2.0.16.jar;C:\Users\N-424\.gradle\caches\modules-2\files-2.1\io.micrometer\micrometer-observation\1.13.4\2673c9b181ab2512002b23b7ad0f1dd02212696c\micrometer-observation-1.13.4.jar;C:\Users\N-424\.gradle\caches\modules-2\files-2.1\nz.net.ultraq.groovy\groovy-extensions\2.1.0\c869dc033867e8861957ff3ff4e1ce0a00260e3a
Launcher Type: SUN_STANDARD

[Global flags]
     intx CICompilerCount                          = 12                                        {product} {ergonomic}
     uint ConcGCThreads                            = 3                                         {product} {ergonomic}
     uint G1ConcRefinementThreads                  = 13                                        {product} {ergonomic}
   size_t G1HeapRegionSize                         = 2097152                                   {product} {ergonomic}
    uintx GCDrainStackTargetSize                   = 64                                        {product} {ergonomic}
   size_t InitialHeapSize                          = 264241152                                 {product} {ergonomic}
   size_t MarkStackSize                            = 4194304                                   {product} {ergonomic}
   size_t MaxHeapSize                              = 4221566976                                {product} {ergonomic}
   size_t MinHeapDeltaBytes                        = 2097152                                   {product} {ergonomic}
   size_t MinHeapSize                              = 8388608                                   {product} {ergonomic}
    uintx NonNMethodCodeHeapSize                   = 7602480                                {pd product} {ergonomic}
    uintx NonProfiledCodeHeapSize                  = 122027880                              {pd product} {ergonomic}
    uintx ProfiledCodeHeapSize                     = 122027880                              {pd product} {ergonomic}
    uintx ReservedCodeCacheSize                    = 251658240                              {pd product} {ergonomic}
     bool SegmentedCodeCache                       = true                                      {product} {ergonomic}
     bool ShowCodeDetailsInExceptionMessages       = true                                   {manageable} {command line}
   size_t SoftMaxHeapSize                          = 4221566976                             {manageable} {ergonomic}
     bool UseCompressedClassPointers               = true                           {product lp64_product} {ergonomic}
     bool UseCompressedOops                        = true                           {product lp64_product} {ergonomic}
     bool UseG1GC                                  = true                                      {product} {ergonomic}
     bool UseLargePagesIndividualAllocation        = false                                  {pd product} {ergonomic}

Logging:
Log output configuration:
 #0: stdout all=warning uptime,level,tags
 #1: stderr all=off uptime,level,tags

Environment Variables:
JAVA_HOME=C:\Users\N-424\.jdks\corretto-17.0.11
PATH=C:\Users\N-424\AppData\Roaming\Code\User\globalStorage\pleiades.java-extension-pack-jdk\gradle\latest\bin;C:\Users\N-424\AppData\Roaming\Code\User\globalStorage\pleiades.java-extension-pack-jdk\maven\latest\bin;C:\Users\N-424\.jdks\corretto-17.0.11\bin;C:\Program Files (x86)\VMware\VMware Player\bin\;C:\Program Files (x86)\Common Files\Oracle\Java\java8path;C:\Program Files (x86)\Common Files\Oracle\Java\javapath;C:\Windows\system32;C:\Windows;C:\Windows\System32\Wbem;C:\Windows\System32\WindowsPowerShell\v1.0\;C:\Windows\System32\OpenSSH\;C:\Program Files (x86)\NVIDIA Corporation\PhysX\Common;C:\Program Files\Bandizip\;C:\Program Files\Java\jdk-1.8\bin;C:\Program Files (x86)\Windows Kits\10\Windows Performance Toolkit\;C:\flutter\bin;C:\WINDOWS\system32;C:\WINDOWS;C:\WINDOWS\System32\Wbem;C:\WINDOWS\System32\WindowsPowerShell\v1.0\;C:\WINDOWS\System32\OpenSSH\;C:\ProgramData\chocolatey\bin;C:\ProgramData\chocolatey\lib\maven\apache-maven-3.9.7\bin;C:\Program Files\Java\scripts;C:\Program Files\Git\cmd;C:\Program Files\PuTTY\;C:\Users\N-424\AppData\Local\Programs\Python\Python312\Scripts\;C:\Users\N-424\AppData\Local\Programs\Python\Python312\;C:\Users\N-424\AppData\Local\Microsoft\WindowsApps;D:\Microsoft VS Code\Microsoft VS Code\bin;;C:\Program Files\JetBrains\IntelliJ IDEA Community Edition 2024.1.3\bin;
USERNAME=N-424
LANG=en_US.UTF-8
OS=Windows_NT
PROCESSOR_IDENTIFIER=Intel64 Family 6 Model 154 Stepping 3, GenuineIntel



---------------  S Y S T E M  ---------------

OS:
 Windows 11 , 64 bit Build 22621 (10.0.22621.4391)
OS uptime: 5 days 4:23 hours

CPU: total 16 (initial active 16) (8 cores per cpu, 2 threads per core) family 6 model 154 stepping 3 microcode 0x421, cx8, cmov, fxsr, ht, mmx, 3dnowpref, sse, sse2, sse3, ssse3, sse4.1, sse4.2, popcnt, lzcnt, tsc, tscinvbit, avx, avx2, aes, erms, clmul, bmi1, bmi2, adx, sha, fma, vzeroupper, clflush, clflushopt, clwb

Memory: 4k page, system-wide physical 16098M (2484M free)
TotalPageFile size 18146M (AvailPageFile size 5M)
current process WorkingSet (physical memory assigned to process): 11M, peak: 11M
current process commit charge ("private bytes"): 71M, peak: 322M

vm_info: Java HotSpot(TM) 64-Bit Server VM (17.0.11+7-LTS-207) for windows-amd64 JRE (17.0.11+7-LTS-207), built on Mar 11 2024 19:01:50 by "mach5one" with MS VC++ 17.6 (VS2022)

END.
