#
# There is insufficient memory for the Java Runtime Environment to continue.
# Native memory allocation (malloc) failed to allocate 976736 bytes for Chunk::new
# Possible reasons:
#   The system is out of physical RAM or swap space
#   The process is running with CompressedOops enabled, and the Java Heap may be blocking the growth of the native heap
# Possible solutions:
#   Reduce memory load on the system
#   Increase physical memory or swap space
#   Check if swap backing store is full
#   Decrease Java heap size (-Xmx/-Xms)
#   Decrease number of Java threads
#   Decrease Java thread stack sizes (-Xss)
#   Set larger code cache with -XX:ReservedCodeCacheSize=
#   JVM is running with Zero Based Compressed Oops mode in which the Java heap is
#     placed in the first 32GB address space. The Java Heap base address is the
#     maximum limit for the native heap growth. Please use -XX:HeapBaseMinAddress
#     to set the Java Heap base and to place the Java Heap above 32GB virtual address.
# This output file may be truncated or incomplete.
#
#  Out of Memory Error (arena.cpp:189), pid=22336, tid=18740
#
# JRE version: Java(TM) SE Runtime Environment (17.0.11+7) (build 17.0.11+7-LTS-207)
# Java VM: Java HotSpot(TM) 64-Bit Server VM (17.0.11+7-LTS-207, mixed mode, sharing, tiered, compressed oops, compressed class ptrs, g1 gc, windows-amd64)
# No core dump will be written. Minidumps are not enabled by default on client versions of Windows
#

---------------  S U M M A R Y ------------

Command Line: -XX:+ShowCodeDetailsInExceptionMessages zgoo.cpos.CposApplication

Host: 12th Gen Intel(R) Core(TM) i7-1260P, 16 cores, 15G,  Windows 11 , 64 bit Build 22621 (10.0.22621.4391)
Time: Mon Jan 13 13:43:52 2025  Windows 11 , 64 bit Build 22621 (10.0.22621.4391) elapsed time: 2.601993 seconds (0d 0h 0m 2s)

---------------  T H R E A D  ---------------

Current thread (0x000001a5124d2090):  JavaThread "C2 CompilerThread4" daemon [_thread_in_native, id=18740, stack(0x0000009883800000,0x0000009883900000)]


Current CompileTask:
C2:   2602 4717       4       org.springframework.core.annotation.TypeMappedAnnotations$MergedAnnotationFinder::doWithAnnotations (10 bytes)

Stack: [0x0000009883800000,0x0000009883900000]
Native frames: (J=compiled Java code, j=interpreted, Vv=VM code, C=native code)
V  [jvm.dll+0x679cca]
V  [jvm.dll+0x7da13d]
V  [jvm.dll+0x7dba83]
V  [jvm.dll+0x7dc0f3]
V  [jvm.dll+0x2449af]
V  [jvm.dll+0xab83b]
V  [jvm.dll+0xabe1c]
V  [jvm.dll+0x2a9e6f]
V  [jvm.dll+0x5818d9]
V  [jvm.dll+0x21ed62]
V  [jvm.dll+0x217bd7]
V  [jvm.dll+0x215505]
V  [jvm.dll+0x1a2040]
V  [jvm.dll+0x225a2b]
V  [jvm.dll+0x223bcb]
V  [jvm.dll+0x7903ec]
V  [jvm.dll+0x78a85a]
V  [jvm.dll+0x678bb5]
C  [ucrtbase.dll+0x29333]
C  [KERNEL32.DLL+0x1259d]
C  [ntdll.dll+0x5af38]


---------------  P R O C E S S  ---------------

Threads class SMR info:
_java_thread_list=0x000001a51491efa0, length=22, elements={
0x000001a4a675f960, 0x000001a4cb996b90, 0x000001a4cb998a20, 0x000001a51101ba00,
0x000001a51101d3e0, 0x000001a51101deb0, 0x000001a5110210a0, 0x000001a511032e00,
0x000001a5110337c0, 0x000001a5110468a0, 0x000001a5111e4a70, 0x000001a5111f8af0,
0x000001a511209300, 0x000001a51120aaa0, 0x000001a511210620, 0x000001a5112bacb0,
0x000001a51126d0a0, 0x000001a511dbd910, 0x000001a512321a70, 0x000001a512d518a0,
0x000001a5124d2090, 0x000001a514bd55b0
}

Java Threads: ( => current thread )
  0x000001a4a675f960 JavaThread "main" [_thread_blocked, id=11448, stack(0x0000009881600000,0x0000009881700000)]
  0x000001a4cb996b90 JavaThread "Reference Handler" daemon [_thread_blocked, id=18040, stack(0x0000009881d00000,0x0000009881e00000)]
  0x000001a4cb998a20 JavaThread "Finalizer" daemon [_thread_blocked, id=21588, stack(0x0000009881e00000,0x0000009881f00000)]
  0x000001a51101ba00 JavaThread "Signal Dispatcher" daemon [_thread_blocked, id=12892, stack(0x0000009881f00000,0x0000009882000000)]
  0x000001a51101d3e0 JavaThread "Attach Listener" daemon [_thread_blocked, id=7424, stack(0x0000009882000000,0x0000009882100000)]
  0x000001a51101deb0 JavaThread "Service Thread" daemon [_thread_blocked, id=4220, stack(0x0000009882100000,0x0000009882200000)]
  0x000001a5110210a0 JavaThread "Monitor Deflation Thread" daemon [_thread_blocked, id=14176, stack(0x0000009882200000,0x0000009882300000)]
  0x000001a511032e00 JavaThread "C2 CompilerThread0" daemon [_thread_in_native, id=916, stack(0x0000009882300000,0x0000009882400000)]
  0x000001a5110337c0 JavaThread "C1 CompilerThread0" daemon [_thread_in_native, id=15404, stack(0x0000009882400000,0x0000009882500000)]
  0x000001a5110468a0 JavaThread "Sweeper thread" daemon [_thread_blocked, id=6976, stack(0x0000009882500000,0x0000009882600000)]
  0x000001a5111e4a70 JavaThread "C1 CompilerThread1" daemon [_thread_blocked, id=13748, stack(0x0000009882600000,0x0000009882700000)]
  0x000001a5111f8af0 JavaThread "C1 CompilerThread2" daemon [_thread_blocked, id=18600, stack(0x0000009882700000,0x0000009882800000)]
  0x000001a511209300 JavaThread "C1 CompilerThread3" daemon [_thread_blocked, id=10008, stack(0x0000009882800000,0x0000009882900000)]
  0x000001a51120aaa0 JavaThread "Notification Thread" daemon [_thread_blocked, id=20944, stack(0x0000009882900000,0x0000009882a00000)]
  0x000001a511210620 JavaThread "Common-Cleaner" daemon [_thread_blocked, id=18668, stack(0x0000009882b00000,0x0000009882c00000)]
  0x000001a5112bacb0 JavaThread "C2 CompilerThread1" daemon [_thread_in_native, id=12128, stack(0x0000009882c00000,0x0000009882d00000)]
  0x000001a51126d0a0 JavaThread "C2 CompilerThread2" daemon [_thread_in_native, id=22724, stack(0x0000009882d00000,0x0000009882e00000)]
  0x000001a511dbd910 JavaThread "Thread-0" [_thread_blocked, id=22804, stack(0x0000009883300000,0x0000009883400000)]
  0x000001a512321a70 JavaThread "restartedMain" [_thread_in_native, id=23940, stack(0x0000009883400000,0x0000009883500000)]
  0x000001a512d518a0 JavaThread "C2 CompilerThread3" daemon [_thread_in_native, id=16776, stack(0x0000009883700000,0x0000009883800000)]
=>0x000001a5124d2090 JavaThread "C2 CompilerThread4" daemon [_thread_in_native, id=18740, stack(0x0000009883800000,0x0000009883900000)]
  0x000001a514bd55b0 JavaThread "C2 CompilerThread5" daemon [_thread_in_native, id=4472, stack(0x0000009883600000,0x0000009883700000)]

Other Threads:
  0x000001a4cb9912e0 VMThread "VM Thread" [stack: 0x0000009881c00000,0x0000009881d00000] [id=13656]
  0x000001a5110000d0 WatcherThread [stack: 0x0000009882a00000,0x0000009882b00000] [id=12344]
  0x000001a4a67d6090 GCTaskThread "GC Thread#0" [stack: 0x0000009881700000,0x0000009881800000] [id=15016]
  0x000001a511af2030 GCTaskThread "GC Thread#1" [stack: 0x0000009882e00000,0x0000009882f00000] [id=21488]
  0x000001a511757860 GCTaskThread "GC Thread#2" [stack: 0x0000009882f00000,0x0000009883000000] [id=8324]
  0x000001a511757b20 GCTaskThread "GC Thread#3" [stack: 0x0000009883000000,0x0000009883100000] [id=4312]
  0x000001a511b34820 GCTaskThread "GC Thread#4" [stack: 0x0000009883100000,0x0000009883200000] [id=6480]
  0x000001a511b6a640 GCTaskThread "GC Thread#5" [stack: 0x0000009883200000,0x0000009883300000] [id=3232]
  0x000001a5124f2bb0 GCTaskThread "GC Thread#6" [stack: 0x0000009883500000,0x0000009883600000] [id=588]
  0x000001a512db5230 GCTaskThread "GC Thread#7" [stack: 0x0000009883900000,0x0000009883a00000] [id=8008]
  0x000001a513946110 GCTaskThread "GC Thread#8" [stack: 0x0000009883a00000,0x0000009883b00000] [id=472]
  0x000001a51317ad60 GCTaskThread "GC Thread#9" [stack: 0x0000009883b00000,0x0000009883c00000] [id=5232]
  0x000001a513073ae0 GCTaskThread "GC Thread#10" [stack: 0x0000009883c00000,0x0000009883d00000] [id=13028]
  0x000001a5132cf2a0 GCTaskThread "GC Thread#11" [stack: 0x0000009883d00000,0x0000009883e00000] [id=18228]
  0x000001a5127ab550 GCTaskThread "GC Thread#12" [stack: 0x0000009883e00000,0x0000009883f00000] [id=15232]
  0x000001a4a67e7b80 ConcurrentGCThread "G1 Main Marker" [stack: 0x0000009881800000,0x0000009881900000] [id=9628]
  0x000001a4a67e8590 ConcurrentGCThread "G1 Conc#0" [stack: 0x0000009881900000,0x0000009881a00000] [id=12452]
  0x000001a514173d10 ConcurrentGCThread "G1 Conc#1" [stack: 0x0000009883f00000,0x0000009884000000] [id=2480]
  0x000001a5128d90a0 ConcurrentGCThread "G1 Conc#2" [stack: 0x0000009884000000,0x0000009884100000] [id=7804]
  0x000001a4cb849640 ConcurrentGCThread "G1 Refine#0" [stack: 0x0000009881a00000,0x0000009881b00000] [id=23512]
  0x000001a4cb84a070 ConcurrentGCThread "G1 Service" [stack: 0x0000009881b00000,0x0000009881c00000] [id=1204]

Threads with active compile tasks:
C2 CompilerThread0     2614 4681       4       org.springframework.beans.factory.support.AbstractBeanFactory::isTypeMatch (745 bytes)
C1 CompilerThread0     2614 4754       3       sun.security.provider.ByteArrayAccess::b2iBig64 (231 bytes)
C2 CompilerThread1     2615 4576       4       org.springframework.core.annotation.AnnotationsScanner::getDeclaredAnnotations (166 bytes)
C2 CompilerThread2     2615 4700       4       org.springframework.core.annotation.TypeMappedAnnotations::get (52 bytes)
C2 CompilerThread3     2615 4589       4       org.springframework.beans.factory.support.AbstractAutowireCapableBeanFactory::predictBeanType (128 bytes)
C2 CompilerThread4     2615 4717       4       org.springframework.core.annotation.TypeMappedAnnotations$MergedAnnotationFinder::doWithAnnotations (10 bytes)
C2 CompilerThread5     2615 4736   !   4       org.springframework.core.annotation.AnnotationsScanner::processClassHierarchy (234 bytes)

VM state: not at safepoint (normal execution)

VM Mutex/Monitor currently owned by a thread: None

Heap address: 0x0000000704600000, size: 4026 MB, Compressed Oops mode: Zero based, Oop shift amount: 3

CDS archive(s) mapped at: [0x000001a4cc000000-0x000001a4ccbd0000-0x000001a4ccbd0000), size 12386304, SharedBaseAddress: 0x000001a4cc000000, ArchiveRelocationMode: 1.
Compressed class space mapped at: 0x000001a4cd000000-0x000001a50d000000, reserved size: 1073741824
Narrow klass base: 0x000001a4cc000000, Narrow klass shift: 0, Narrow klass range: 0x100000000

GC Precious Log:
 CPUs: 16 total, 16 available
 Memory: 16098M
 Large Page Support: Disabled
 NUMA Support: Disabled
 Compressed Oops: Enabled (Zero based)
 Heap Region Size: 2M
 Heap Min Capacity: 8M
 Heap Initial Capacity: 252M
 Heap Max Capacity: 4026M
 Pre-touch: Disabled
 Parallel Workers: 13
 Concurrent Workers: 3
 Concurrent Refinement Workers: 13
 Periodic GC: Disabled

Heap:
 garbage-first heap   total 159744K, used 63653K [0x0000000704600000, 0x0000000800000000)
  region size 2048K, 24 young (49152K), 1 survivors (2048K)
 Metaspace       used 33242K, committed 33664K, reserved 1114112K
  class space    used 4289K, committed 4480K, reserved 1048576K

Heap Regions: E=young(eden), S=young(survivor), O=old, HS=humongous(starts), HC=humongous(continues), CS=collection set, F=free, OA=open archive, CA=closed archive, TAMS=top-at-mark-start (previous, next)
|   0|0x0000000704600000, 0x0000000704800000, 0x0000000704800000|100%| O|  |TAMS 0x0000000704800000, 0x0000000704600000| Untracked 
|   1|0x0000000704800000, 0x0000000704a00000, 0x0000000704a00000|100%| O|  |TAMS 0x0000000704a00000, 0x0000000704800000| Untracked 
|   2|0x0000000704a00000, 0x0000000704c00000, 0x0000000704c00000|100%| O|  |TAMS 0x0000000704c00000, 0x0000000704a00000| Untracked 
|   3|0x0000000704c00000, 0x0000000704c00000, 0x0000000704e00000|  0%| F|  |TAMS 0x0000000704c00000, 0x0000000704c00000| Untracked 
|   4|0x0000000704e00000, 0x0000000705000000, 0x0000000705000000|100%| O|  |TAMS 0x0000000704e00000, 0x0000000704e00000| Untracked 
|   5|0x0000000705000000, 0x0000000705200000, 0x0000000705200000|100%| O|  |TAMS 0x0000000705000000, 0x0000000705000000| Untracked 
|   6|0x0000000705200000, 0x0000000705400000, 0x0000000705400000|100%| O|  |TAMS 0x0000000705200000, 0x0000000705200000| Untracked 
|   7|0x0000000705400000, 0x0000000705600000, 0x0000000705600000|100%| O|  |TAMS 0x0000000705400000, 0x0000000705400000| Untracked 
|   8|0x0000000705600000, 0x0000000705600000, 0x0000000705800000|  0%| F|  |TAMS 0x0000000705600000, 0x0000000705600000| Untracked 
|   9|0x0000000705800000, 0x0000000705800000, 0x0000000705a00000|  0%| F|  |TAMS 0x0000000705800000, 0x0000000705800000| Untracked 
|  10|0x0000000705a00000, 0x0000000705a00000, 0x0000000705c00000|  0%| F|  |TAMS 0x0000000705a00000, 0x0000000705a00000| Untracked 
|  11|0x0000000705c00000, 0x0000000705e00000, 0x0000000705e00000|100%| O|  |TAMS 0x0000000705c00000, 0x0000000705c00000| Untracked 
|  12|0x0000000705e00000, 0x0000000705e9c600, 0x0000000706000000| 30%| O|  |TAMS 0x0000000705e00000, 0x0000000705e00000| Untracked 
|  13|0x0000000706000000, 0x0000000706000000, 0x0000000706200000|  0%| F|  |TAMS 0x0000000706000000, 0x0000000706000000| Untracked 
|  14|0x0000000706200000, 0x0000000706200000, 0x0000000706400000|  0%| F|  |TAMS 0x0000000706200000, 0x0000000706200000| Untracked 
|  15|0x0000000706400000, 0x0000000706400000, 0x0000000706600000|  0%| F|  |TAMS 0x0000000706400000, 0x0000000706400000| Untracked 
|  16|0x0000000706600000, 0x0000000706600000, 0x0000000706800000|  0%| F|  |TAMS 0x0000000706600000, 0x0000000706600000| Untracked 
|  17|0x0000000706800000, 0x000000070698d1d0, 0x0000000706a00000| 77%| S|CS|TAMS 0x0000000706800000, 0x0000000706800000| Complete 
|  18|0x0000000706a00000, 0x0000000706a00000, 0x0000000706c00000|  0%| F|  |TAMS 0x0000000706a00000, 0x0000000706a00000| Untracked 
|  19|0x0000000706c00000, 0x0000000706c00000, 0x0000000706e00000|  0%| F|  |TAMS 0x0000000706c00000, 0x0000000706c00000| Untracked 
|  20|0x0000000706e00000, 0x0000000706e00000, 0x0000000707000000|  0%| F|  |TAMS 0x0000000706e00000, 0x0000000706e00000| Untracked 
|  21|0x0000000707000000, 0x0000000707000000, 0x0000000707200000|  0%| F|  |TAMS 0x0000000707000000, 0x0000000707000000| Untracked 
|  22|0x0000000707200000, 0x0000000707200000, 0x0000000707400000|  0%| F|  |TAMS 0x0000000707200000, 0x0000000707200000| Untracked 
|  23|0x0000000707400000, 0x0000000707400000, 0x0000000707600000|  0%| F|  |TAMS 0x0000000707400000, 0x0000000707400000| Untracked 
|  24|0x0000000707600000, 0x0000000707600000, 0x0000000707800000|  0%| F|  |TAMS 0x0000000707600000, 0x0000000707600000| Untracked 
|  25|0x0000000707800000, 0x0000000707800000, 0x0000000707a00000|  0%| F|  |TAMS 0x0000000707800000, 0x0000000707800000| Untracked 
|  26|0x0000000707a00000, 0x0000000707a00000, 0x0000000707c00000|  0%| F|  |TAMS 0x0000000707a00000, 0x0000000707a00000| Untracked 
|  27|0x0000000707c00000, 0x0000000707c00000, 0x0000000707e00000|  0%| F|  |TAMS 0x0000000707c00000, 0x0000000707c00000| Untracked 
|  28|0x0000000707e00000, 0x0000000707e00000, 0x0000000708000000|  0%| F|  |TAMS 0x0000000707e00000, 0x0000000707e00000| Untracked 
|  29|0x0000000708000000, 0x0000000708000000, 0x0000000708200000|  0%| F|  |TAMS 0x0000000708000000, 0x0000000708000000| Untracked 
|  30|0x0000000708200000, 0x0000000708200000, 0x0000000708400000|  0%| F|  |TAMS 0x0000000708200000, 0x0000000708200000| Untracked 
|  31|0x0000000708400000, 0x0000000708400000, 0x0000000708600000|  0%| F|  |TAMS 0x0000000708400000, 0x0000000708400000| Untracked 
|  32|0x0000000708600000, 0x0000000708600000, 0x0000000708800000|  0%| F|  |TAMS 0x0000000708600000, 0x0000000708600000| Untracked 
|  33|0x0000000708800000, 0x0000000708800000, 0x0000000708a00000|  0%| F|  |TAMS 0x0000000708800000, 0x0000000708800000| Untracked 
|  34|0x0000000708a00000, 0x0000000708a00000, 0x0000000708c00000|  0%| F|  |TAMS 0x0000000708a00000, 0x0000000708a00000| Untracked 
|  35|0x0000000708c00000, 0x0000000708c00000, 0x0000000708e00000|  0%| F|  |TAMS 0x0000000708c00000, 0x0000000708c00000| Untracked 
|  36|0x0000000708e00000, 0x0000000708e00000, 0x0000000709000000|  0%| F|  |TAMS 0x0000000708e00000, 0x0000000708e00000| Untracked 
|  37|0x0000000709000000, 0x0000000709000000, 0x0000000709200000|  0%| F|  |TAMS 0x0000000709000000, 0x0000000709000000| Untracked 
|  38|0x0000000709200000, 0x0000000709200000, 0x0000000709400000|  0%| F|  |TAMS 0x0000000709200000, 0x0000000709200000| Untracked 
|  39|0x0000000709400000, 0x0000000709400000, 0x0000000709600000|  0%| F|  |TAMS 0x0000000709400000, 0x0000000709400000| Untracked 
|  40|0x0000000709600000, 0x0000000709600000, 0x0000000709800000|  0%| F|  |TAMS 0x0000000709600000, 0x0000000709600000| Untracked 
|  41|0x0000000709800000, 0x0000000709800000, 0x0000000709a00000|  0%| F|  |TAMS 0x0000000709800000, 0x0000000709800000| Untracked 
|  42|0x0000000709a00000, 0x0000000709a00000, 0x0000000709c00000|  0%| F|  |TAMS 0x0000000709a00000, 0x0000000709a00000| Untracked 
|  43|0x0000000709c00000, 0x0000000709c00000, 0x0000000709e00000|  0%| F|  |TAMS 0x0000000709c00000, 0x0000000709c00000| Untracked 
|  44|0x0000000709e00000, 0x0000000709e00000, 0x000000070a000000|  0%| F|  |TAMS 0x0000000709e00000, 0x0000000709e00000| Untracked 
|  45|0x000000070a000000, 0x000000070a000000, 0x000000070a200000|  0%| F|  |TAMS 0x000000070a000000, 0x000000070a000000| Untracked 
|  46|0x000000070a200000, 0x000000070a200000, 0x000000070a400000|  0%| F|  |TAMS 0x000000070a200000, 0x000000070a200000| Untracked 
|  47|0x000000070a400000, 0x000000070a400000, 0x000000070a600000|  0%| F|  |TAMS 0x000000070a400000, 0x000000070a400000| Untracked 
|  48|0x000000070a600000, 0x000000070a600000, 0x000000070a800000|  0%| F|  |TAMS 0x000000070a600000, 0x000000070a600000| Untracked 
|  49|0x000000070a800000, 0x000000070a800000, 0x000000070aa00000|  0%| F|  |TAMS 0x000000070a800000, 0x000000070a800000| Untracked 
|  50|0x000000070aa00000, 0x000000070aa00000, 0x000000070ac00000|  0%| F|  |TAMS 0x000000070aa00000, 0x000000070aa00000| Untracked 
|  51|0x000000070ac00000, 0x000000070ac00000, 0x000000070ae00000|  0%| F|  |TAMS 0x000000070ac00000, 0x000000070ac00000| Untracked 
|  52|0x000000070ae00000, 0x000000070ae00000, 0x000000070b000000|  0%| F|  |TAMS 0x000000070ae00000, 0x000000070ae00000| Untracked 
|  53|0x000000070b000000, 0x000000070b000000, 0x000000070b200000|  0%| F|  |TAMS 0x000000070b000000, 0x000000070b000000| Untracked 
|  54|0x000000070b200000, 0x000000070b200000, 0x000000070b400000|  0%| F|  |TAMS 0x000000070b200000, 0x000000070b200000| Untracked 
|  55|0x000000070b400000, 0x000000070b500800, 0x000000070b600000| 50%| E|  |TAMS 0x000000070b400000, 0x000000070b400000| Complete 
|  56|0x000000070b600000, 0x000000070b800000, 0x000000070b800000|100%| E|CS|TAMS 0x000000070b600000, 0x000000070b600000| Complete 
|  57|0x000000070b800000, 0x000000070ba00000, 0x000000070ba00000|100%| E|CS|TAMS 0x000000070b800000, 0x000000070b800000| Complete 
|  58|0x000000070ba00000, 0x000000070bc00000, 0x000000070bc00000|100%| E|CS|TAMS 0x000000070ba00000, 0x000000070ba00000| Complete 
|  59|0x000000070bc00000, 0x000000070be00000, 0x000000070be00000|100%| E|CS|TAMS 0x000000070bc00000, 0x000000070bc00000| Complete 
|  60|0x000000070be00000, 0x000000070c000000, 0x000000070c000000|100%| E|CS|TAMS 0x000000070be00000, 0x000000070be00000| Complete 
|  61|0x000000070c000000, 0x000000070c200000, 0x000000070c200000|100%| E|CS|TAMS 0x000000070c000000, 0x000000070c000000| Complete 
|  62|0x000000070c200000, 0x000000070c400000, 0x000000070c400000|100%| E|CS|TAMS 0x000000070c200000, 0x000000070c200000| Complete 
|  63|0x000000070c400000, 0x000000070c600000, 0x000000070c600000|100%| E|CS|TAMS 0x000000070c400000, 0x000000070c400000| Complete 
|  64|0x000000070c600000, 0x000000070c800000, 0x000000070c800000|100%| E|CS|TAMS 0x000000070c600000, 0x000000070c600000| Complete 
|  65|0x000000070c800000, 0x000000070ca00000, 0x000000070ca00000|100%| E|CS|TAMS 0x000000070c800000, 0x000000070c800000| Complete 
|  66|0x000000070ca00000, 0x000000070cc00000, 0x000000070cc00000|100%| E|CS|TAMS 0x000000070ca00000, 0x000000070ca00000| Complete 
|  67|0x000000070cc00000, 0x000000070ce00000, 0x000000070ce00000|100%| E|CS|TAMS 0x000000070cc00000, 0x000000070cc00000| Complete 
|  68|0x000000070ce00000, 0x000000070d000000, 0x000000070d000000|100%| E|CS|TAMS 0x000000070ce00000, 0x000000070ce00000| Complete 
|  69|0x000000070d000000, 0x000000070d200000, 0x000000070d200000|100%| E|CS|TAMS 0x000000070d000000, 0x000000070d000000| Complete 
|  70|0x000000070d200000, 0x000000070d400000, 0x000000070d400000|100%| E|CS|TAMS 0x000000070d200000, 0x000000070d200000| Complete 
|  71|0x000000070d400000, 0x000000070d600000, 0x000000070d600000|100%| E|CS|TAMS 0x000000070d400000, 0x000000070d400000| Complete 
|  72|0x000000070d600000, 0x000000070d800000, 0x000000070d800000|100%| E|CS|TAMS 0x000000070d600000, 0x000000070d600000| Complete 
| 119|0x0000000713400000, 0x0000000713600000, 0x0000000713600000|100%| E|CS|TAMS 0x0000000713400000, 0x0000000713400000| Complete 
| 120|0x0000000713600000, 0x0000000713800000, 0x0000000713800000|100%| E|CS|TAMS 0x0000000713600000, 0x0000000713600000| Complete 
| 121|0x0000000713800000, 0x0000000713a00000, 0x0000000713a00000|100%| E|CS|TAMS 0x0000000713800000, 0x0000000713800000| Complete 
| 124|0x0000000713e00000, 0x0000000714000000, 0x0000000714000000|100%| E|CS|TAMS 0x0000000713e00000, 0x0000000713e00000| Complete 
| 125|0x0000000714000000, 0x0000000714200000, 0x0000000714200000|100%| E|CS|TAMS 0x0000000714000000, 0x0000000714000000| Complete 

Card table byte_map: [0x000001a4bffa0000,0x000001a4c0780000] _byte_map_base: 0x000001a4bc77d000

Marking Bits (Prev, Next): (CMBitMap*) 0x000001a4a67d7700, (CMBitMap*) 0x000001a4a67d76c0
 Prev Bits: [0x000001a4c4e50000, 0x000001a4c8d38000)
 Next Bits: [0x000001a4c0f60000, 0x000001a4c4e48000)

Polling page: 0x000001a4a64b0000

Metaspace:

Usage:
  Non-class:     28.27 MB used.
      Class:      4.19 MB used.
       Both:     32.46 MB used.

Virtual space:
  Non-class space:       64.00 MB reserved,      28.50 MB ( 45%) committed,  1 nodes.
      Class space:        1.00 GB reserved,       4.38 MB ( <1%) committed,  1 nodes.
             Both:        1.06 GB reserved,      32.88 MB (  3%) committed. 

Chunk freelists:
   Non-Class:  3.03 MB
       Class:  11.61 MB
        Both:  14.63 MB

MaxMetaspaceSize: unlimited
CompressedClassSpaceSize: 1.00 GB
Initial GC threshold: 21.00 MB
Current GC threshold: 35.25 MB
CDS: on
MetaspaceReclaimPolicy: balanced
 - commit_granule_bytes: 65536.
 - commit_granule_words: 8192.
 - virtual_space_node_default_size: 8388608.
 - enlarge_chunks_in_place: 1.
 - new_chunks_are_fully_committed: 0.
 - uncommit_free_chunks: 1.
 - use_allocation_guard: 0.
 - handle_deallocations: 1.


Internal statistics:

num_allocs_failed_limit: 3.
num_arena_births: 460.
num_arena_deaths: 0.
num_vsnodes_births: 2.
num_vsnodes_deaths: 0.
num_space_committed: 526.
num_space_uncommitted: 0.
num_chunks_returned_to_freelist: 3.
num_chunks_taken_from_freelist: 1645.
num_chunk_merges: 0.
num_chunk_splits: 1141.
num_chunks_enlarged: 858.
num_inconsistent_stats: 0.

CodeHeap 'non-profiled nmethods': size=119168Kb used=2692Kb max_used=2692Kb free=116475Kb
 bounds [0x000001a4b73a0000, 0x000001a4b7650000, 0x000001a4be800000]
CodeHeap 'profiled nmethods': size=119104Kb used=10297Kb max_used=10297Kb free=108806Kb
 bounds [0x000001a4af800000, 0x000001a4b0210000, 0x000001a4b6c50000]
CodeHeap 'non-nmethods': size=7488Kb used=3254Kb max_used=3337Kb free=4233Kb
 bounds [0x000001a4b6c50000, 0x000001a4b6fa0000, 0x000001a4b73a0000]
 total_blobs=5363 nmethods=4744 adapters=528
 compilation: enabled
              stopped_count=0, restarted_count=0
 full_count=0

Compilation events (20 events):
Event: 2.584 Thread 0x000001a511209300 nmethod 4756 0x000001a4b020a590 code [0x000001a4b020a760, 0x000001a4b020ab18]
Event: 2.584 Thread 0x000001a5111e4a70 nmethod 4755 0x000001a4b020ac90 code [0x000001a4b020ae80, 0x000001a4b020b2e8]
Event: 2.584 Thread 0x000001a511209300 4757       3       sun.nio.cs.MS949::newDecoder (21 bytes)
Event: 2.584 Thread 0x000001a5111f8af0 4758       3       sun.nio.cs.DoubleByte$Decoder::<init> (17 bytes)
Event: 2.584 Thread 0x000001a5111e4a70 4759       3       sun.nio.cs.DoubleByte$Decoder::<init> (38 bytes)
Event: 2.584 Thread 0x000001a511209300 nmethod 4757 0x000001a4b020b510 code [0x000001a4b020b6c0, 0x000001a4b020b8a8]
Event: 2.584 Thread 0x000001a5111f8af0 nmethod 4758 0x000001a4b020b990 code [0x000001a4b020bb60, 0x000001a4b020bca8]
Event: 2.584 Thread 0x000001a511209300 4760       3       java.nio.charset.CharsetDecoder::onMalformedInput (26 bytes)
Event: 2.584 Thread 0x000001a5111f8af0 4761       3       java.nio.charset.CharsetDecoder::implOnMalformedInput (1 bytes)
Event: 2.584 Thread 0x000001a5111e4a70 nmethod 4759 0x000001a4b020bd90 code [0x000001a4b020bf40, 0x000001a4b020c188]
Event: 2.584 Thread 0x000001a5111e4a70 4762       3       java.nio.charset.CharsetDecoder::onUnmappableCharacter (26 bytes)
Event: 2.584 Thread 0x000001a5111f8af0 nmethod 4761 0x000001a4b020c290 code [0x000001a4b020c420, 0x000001a4b020c538]
Event: 2.584 Thread 0x000001a5111f8af0 4763       3       java.nio.charset.CharsetDecoder::implOnUnmappableCharacter (1 bytes)
Event: 2.584 Thread 0x000001a511209300 nmethod 4760 0x000001a4b020c610 code [0x000001a4b020c7c0, 0x000001a4b020cb28]
Event: 2.584 Thread 0x000001a511209300 4764       3       java.nio.charset.CharsetDecoder::<init> (100 bytes)
Event: 2.585 Thread 0x000001a5111f8af0 nmethod 4763 0x000001a4b020cc10 code [0x000001a4b020cda0, 0x000001a4b020ceb8]
Event: 2.585 Thread 0x000001a5111f8af0 4765       3       java.nio.CharBuffer::allocate (20 bytes)
Event: 2.585 Thread 0x000001a5111e4a70 nmethod 4762 0x000001a4b020cf90 code [0x000001a4b020d140, 0x000001a4b020d4a8]
Event: 2.585 Thread 0x000001a5111f8af0 nmethod 4765 0x000001a4b020d590 code [0x000001a4b020d740, 0x000001a4b020d958]
Event: 2.585 Thread 0x000001a511209300 nmethod 4764 0x000001a4b020da90 code [0x000001a4b020dca0, 0x000001a4b020e378]

GC Heap History (14 events):
Event: 0.405 GC heap before
{Heap before GC invocations=0 (full 0):
 garbage-first heap   total 258048K, used 20480K [0x0000000704600000, 0x0000000800000000)
  region size 2048K, 11 young (22528K), 0 survivors (0K)
 Metaspace       used 4469K, committed 4672K, reserved 1114112K
  class space    used 501K, committed 576K, reserved 1048576K
}
Event: 0.408 GC heap after
{Heap after GC invocations=1 (full 0):
 garbage-first heap   total 258048K, used 7568K [0x0000000704600000, 0x0000000800000000)
  region size 2048K, 2 young (4096K), 2 survivors (4096K)
 Metaspace       used 4469K, committed 4672K, reserved 1114112K
  class space    used 501K, committed 576K, reserved 1048576K
}
Event: 0.668 GC heap before
{Heap before GC invocations=1 (full 0):
 garbage-first heap   total 258048K, used 26000K [0x0000000704600000, 0x0000000800000000)
  region size 2048K, 12 young (24576K), 2 survivors (4096K)
 Metaspace       used 8680K, committed 8960K, reserved 1114112K
  class space    used 1065K, committed 1216K, reserved 1048576K
}
Event: 0.671 GC heap after
{Heap after GC invocations=2 (full 0):
 garbage-first heap   total 258048K, used 9194K [0x0000000704600000, 0x0000000800000000)
  region size 2048K, 1 young (2048K), 1 survivors (2048K)
 Metaspace       used 8680K, committed 8960K, reserved 1114112K
  class space    used 1065K, committed 1216K, reserved 1048576K
}
Event: 1.058 GC heap before
{Heap before GC invocations=2 (full 0):
 garbage-first heap   total 258048K, used 56298K [0x0000000704600000, 0x0000000800000000)
  region size 2048K, 25 young (51200K), 1 survivors (2048K)
 Metaspace       used 19951K, committed 20160K, reserved 1114112K
  class space    used 2482K, committed 2560K, reserved 1048576K
}
Event: 1.062 GC heap after
{Heap after GC invocations=3 (full 0):
 garbage-first heap   total 258048K, used 13208K [0x0000000704600000, 0x0000000800000000)
  region size 2048K, 3 young (6144K), 3 survivors (6144K)
 Metaspace       used 19951K, committed 20160K, reserved 1114112K
  class space    used 2482K, committed 2560K, reserved 1048576K
}
Event: 1.102 GC heap before
{Heap before GC invocations=3 (full 0):
 garbage-first heap   total 258048K, used 19352K [0x0000000704600000, 0x0000000800000000)
  region size 2048K, 7 young (14336K), 3 survivors (6144K)
 Metaspace       used 21322K, committed 21504K, reserved 1114112K
  class space    used 2674K, committed 2752K, reserved 1048576K
}
Event: 1.105 GC heap after
{Heap after GC invocations=4 (full 0):
 garbage-first heap   total 258048K, used 13717K [0x0000000704600000, 0x0000000800000000)
  region size 2048K, 3 young (6144K), 3 survivors (6144K)
 Metaspace       used 21322K, committed 21504K, reserved 1114112K
  class space    used 2674K, committed 2752K, reserved 1048576K
}
Event: 1.439 GC heap before
{Heap before GC invocations=5 (full 0):
 garbage-first heap   total 61440K, used 44437K [0x0000000704600000, 0x0000000800000000)
  region size 2048K, 19 young (38912K), 3 survivors (6144K)
 Metaspace       used 24971K, committed 25280K, reserved 1114112K
  class space    used 3109K, committed 3264K, reserved 1048576K
}
Event: 1.443 GC heap after
{Heap after GC invocations=6 (full 0):
 garbage-first heap   total 61440K, used 17361K [0x0000000704600000, 0x0000000800000000)
  region size 2048K, 3 young (6144K), 3 survivors (6144K)
 Metaspace       used 24971K, committed 25280K, reserved 1114112K
  class space    used 3109K, committed 3264K, reserved 1048576K
}
Event: 1.459 GC heap before
{Heap before GC invocations=6 (full 0):
 garbage-first heap   total 61440K, used 19409K [0x0000000704600000, 0x0000000800000000)
  region size 2048K, 4 young (8192K), 3 survivors (6144K)
 Metaspace       used 25091K, committed 25408K, reserved 1114112K
  class space    used 3117K, committed 3264K, reserved 1048576K
}
Event: 1.462 GC heap after
{Heap after GC invocations=7 (full 0):
 garbage-first heap   total 61440K, used 17823K [0x0000000704600000, 0x0000000800000000)
  region size 2048K, 1 young (2048K), 1 survivors (2048K)
 Metaspace       used 25091K, committed 25408K, reserved 1114112K
  class space    used 3117K, committed 3264K, reserved 1048576K
}
Event: 1.686 GC heap before
{Heap before GC invocations=7 (full 0):
 garbage-first heap   total 61440K, used 40351K [0x0000000704600000, 0x0000000800000000)
  region size 2048K, 12 young (24576K), 1 survivors (2048K)
 Metaspace       used 27298K, committed 27648K, reserved 1114112K
  class space    used 3414K, committed 3584K, reserved 1048576K
}
Event: 1.688 GC heap after
{Heap after GC invocations=8 (full 0):
 garbage-first heap   total 159744K, used 18597K [0x0000000704600000, 0x0000000800000000)
  region size 2048K, 1 young (2048K), 1 survivors (2048K)
 Metaspace       used 27298K, committed 27648K, reserved 1114112K
  class space    used 3414K, committed 3584K, reserved 1048576K
}

Deoptimization events (20 events):
Event: 2.447 Thread 0x000001a512321a70 Uncommon trap: trap_request=0xffffff45 fr.pc=0x000001a4b74a90a4 relative=0x0000000000000284
Event: 2.447 Thread 0x000001a512321a70 Uncommon trap: reason=unstable_if action=reinterpret pc=0x000001a4b74a90a4 method=java.util.concurrent.ConcurrentHashMap.get(Ljava/lang/Object;)Ljava/lang/Object; @ 152 c2
Event: 2.448 Thread 0x000001a512321a70 DEOPT PACKING pc=0x000001a4b74a90a4 sp=0x00000098834fd290
Event: 2.448 Thread 0x000001a512321a70 DEOPT UNPACKING pc=0x000001a4b6ca23a3 sp=0x00000098834fd1f8 mode 2
Event: 2.500 Thread 0x000001a512321a70 Uncommon trap: trap_request=0xffffffde fr.pc=0x000001a4b7633810 relative=0x00000000000087d0
Event: 2.501 Thread 0x000001a512321a70 Uncommon trap: reason=class_check action=maybe_recompile pc=0x000001a4b7633810 method=org.springframework.beans.factory.support.AbstractBeanFactory.isTypeMatch(Ljava/lang/String;Lorg/springframework/core/ResolvableType;Z)Z @ 48 c2
Event: 2.501 Thread 0x000001a512321a70 DEOPT PACKING pc=0x000001a4b7633810 sp=0x00000098834fb7f0
Event: 2.501 Thread 0x000001a512321a70 DEOPT UNPACKING pc=0x000001a4b6ca23a3 sp=0x00000098834fb7f8 mode 2
Event: 2.501 Thread 0x000001a512321a70 Uncommon trap: trap_request=0xffffffde fr.pc=0x000001a4b7633810 relative=0x00000000000087d0
Event: 2.501 Thread 0x000001a512321a70 Uncommon trap: reason=class_check action=maybe_recompile pc=0x000001a4b7633810 method=org.springframework.beans.factory.support.AbstractBeanFactory.isTypeMatch(Ljava/lang/String;Lorg/springframework/core/ResolvableType;Z)Z @ 48 c2
Event: 2.501 Thread 0x000001a512321a70 DEOPT PACKING pc=0x000001a4b7633810 sp=0x00000098834fb7f0
Event: 2.501 Thread 0x000001a512321a70 DEOPT UNPACKING pc=0x000001a4b6ca23a3 sp=0x00000098834fb7f8 mode 2
Event: 2.503 Thread 0x000001a512321a70 Uncommon trap: trap_request=0xffffffde fr.pc=0x000001a4b7633810 relative=0x00000000000087d0
Event: 2.503 Thread 0x000001a512321a70 Uncommon trap: reason=class_check action=maybe_recompile pc=0x000001a4b7633810 method=org.springframework.beans.factory.support.AbstractBeanFactory.isTypeMatch(Ljava/lang/String;Lorg/springframework/core/ResolvableType;Z)Z @ 48 c2
Event: 2.503 Thread 0x000001a512321a70 DEOPT PACKING pc=0x000001a4b7633810 sp=0x00000098834fad30
Event: 2.503 Thread 0x000001a512321a70 DEOPT UNPACKING pc=0x000001a4b6ca23a3 sp=0x00000098834fad38 mode 2
Event: 2.503 Thread 0x000001a512321a70 Uncommon trap: trap_request=0xffffffde fr.pc=0x000001a4b7633810 relative=0x00000000000087d0
Event: 2.503 Thread 0x000001a512321a70 Uncommon trap: reason=class_check action=maybe_recompile pc=0x000001a4b7633810 method=org.springframework.beans.factory.support.AbstractBeanFactory.isTypeMatch(Ljava/lang/String;Lorg/springframework/core/ResolvableType;Z)Z @ 48 c2
Event: 2.503 Thread 0x000001a512321a70 DEOPT PACKING pc=0x000001a4b7633810 sp=0x00000098834fad30
Event: 2.503 Thread 0x000001a512321a70 DEOPT UNPACKING pc=0x000001a4b6ca23a3 sp=0x00000098834fad38 mode 2

Classes unloaded (0 events):
No events

Classes redefined (0 events):
No events

Internal exceptions (20 events):
Event: 2.065 Thread 0x000001a512321a70 Exception <a 'java/lang/NoSuchMethodError'{0x000000070ca8c728}: 'java.lang.Object java.lang.invoke.DirectMethodHandle$Holder.invokeSpecial(java.lang.Object, java.lang.Object, int, java.lang.Object, java.lang.Object)'> (0x000000070ca8c728) 
thrown [s\open\src\hotspot\share\interpreter\linkResolver.cpp, line 759]
Event: 2.065 Thread 0x000001a512321a70 Exception <a 'java/lang/NoSuchMethodError'{0x000000070ca903d0}: 'java.lang.Object java.lang.invoke.DelegatingMethodHandle$Holder.delegate(java.lang.Object, int, java.lang.Object, java.lang.Object)'> (0x000000070ca903d0) 
thrown [s\open\src\hotspot\share\interpreter\linkResolver.cpp, line 759]
Event: 2.066 Thread 0x000001a512321a70 Exception <a 'java/lang/NoSuchMethodError'{0x000000070caa1258}: 'int java.lang.invoke.Invokers$Holder.linkToTargetMethod(java.lang.Object, java.lang.Object, java.lang.Object)'> (0x000000070caa1258) 
thrown [s\open\src\hotspot\share\interpreter\linkResolver.cpp, line 759]
Event: 2.106 Thread 0x000001a512321a70 Exception <a 'java/lang/NoClassDefFoundError'{0x000000070c8f7810}: org/flywaydb/core/Flyway> (0x000000070c8f7810) 
thrown [s\open\src\hotspot\share\classfile\systemDictionary.cpp, line 245]
Event: 2.106 Thread 0x000001a512321a70 Exception <a 'java/lang/NoClassDefFoundError'{0x000000070c8f9568}: liquibase/integration/spring/SpringLiquibase> (0x000000070c8f9568) 
thrown [s\open\src\hotspot\share\classfile\systemDictionary.cpp, line 245]
Event: 2.137 Thread 0x000001a512321a70 Exception <a 'java/lang/NoClassDefFoundError'{0x000000070c79e4a8}: org/jooq/DSLContext> (0x000000070c79e4a8) 
thrown [s\open\src\hotspot\share\classfile\systemDictionary.cpp, line 245]
Event: 2.138 Thread 0x000001a512321a70 Exception <a 'java/lang/NoClassDefFoundError'{0x000000070c7b3b10}: org/springframework/batch/core/repository/JobRepository> (0x000000070c7b3b10) 
thrown [s\open\src\hotspot\share\classfile\systemDictionary.cpp, line 245]
Event: 2.138 Thread 0x000001a512321a70 Exception <a 'java/lang/NoClassDefFoundError'{0x000000070c7b5530}: org/quartz/Scheduler> (0x000000070c7b5530) 
thrown [s\open\src\hotspot\share\classfile\systemDictionary.cpp, line 245]
Event: 2.139 Thread 0x000001a512321a70 Exception <a 'java/lang/NoClassDefFoundError'{0x000000070c7b7450}: org/springframework/session/jdbc/JdbcIndexedSessionRepository> (0x000000070c7b7450) 
thrown [s\open\src\hotspot\share\classfile\systemDictionary.cpp, line 245]
Event: 2.434 Thread 0x000001a512321a70 Exception <a 'java/lang/NoSuchMethodError'{0x000000070bacc508}: 'void java.lang.invoke.DirectMethodHandle$Holder.invokeSpecial(java.lang.Object, java.lang.Object, java.lang.Object, java.lang.Object, java.lang.Object, java.lang.Object, java.lang.Object)'> (0x000000070bacc508) 
thrown [s\open\src\hotspot\share\interpreter\linkResolver.cpp, line 759]
Event: 2.457 Thread 0x000001a512321a70 Exception <a 'java/lang/NoSuchMethodError'{0x000000070bb7eaf8}: 'void java.lang.invoke.DirectMethodHandle$Holder.invokeInterface(java.lang.Object, java.lang.Object, int)'> (0x000000070bb7eaf8) 
thrown [s\open\src\hotspot\share\interpreter\linkResolver.cpp, line 759]
Event: 2.463 Thread 0x000001a512321a70 Exception <a 'java/lang/IncompatibleClassChangeError'{0x000000070bbce898}: Found class java.lang.Object, but interface was expected> (0x000000070bbce898) 
thrown [s\open\src\hotspot\share\interpreter\linkResolver.cpp, line 826]
Event: 2.464 Thread 0x000001a512321a70 Exception <a 'java/lang/NoSuchMethodError'{0x000000070bbdf3d0}: 'int java.lang.invoke.DirectMethodHandle$Holder.invokeSpecialIFC(java.lang.Object, java.lang.Object, java.lang.Object)'> (0x000000070bbdf3d0) 
thrown [s\open\src\hotspot\share\interpreter\linkResolver.cpp, line 759]
Event: 2.467 Thread 0x000001a512321a70 Exception <a 'java/lang/NoSuchMethodError'{0x000000070bbf7bf8}: 'void java.lang.invoke.DirectMethodHandle$Holder.invokeStatic(java.lang.Object, int, java.lang.Object)'> (0x000000070bbf7bf8) 
thrown [s\open\src\hotspot\share\interpreter\linkResolver.cpp, line 759]
Event: 2.474 Thread 0x000001a512321a70 Exception <a 'java/lang/NoSuchMethodError'{0x000000070b8342f0}: 'void java.lang.invoke.DirectMethodHandle$Holder.invokeVirtual(java.lang.Object, java.lang.Object, int)'> (0x000000070b8342f0) 
thrown [s\open\src\hotspot\share\interpreter\linkResolver.cpp, line 759]
Event: 2.475 Thread 0x000001a512321a70 Exception <a 'java/lang/NoSuchMethodError'{0x000000070b83a538}: 'void java.lang.invoke.DirectMethodHandle$Holder.invokeStatic(java.lang.Object, java.lang.Object, java.lang.Object, int, java.lang.Object)'> (0x000000070b83a538) 
thrown [s\open\src\hotspot\share\interpreter\linkResolver.cpp, line 759]
Event: 2.475 Thread 0x000001a512321a70 Exception <a 'java/lang/NoSuchMethodError'{0x000000070b8419b8}: 'java.lang.Object java.lang.invoke.DirectMethodHandle$Holder.newInvokeSpecial(java.lang.Object, java.lang.Object, java.lang.Object, int)'> (0x000000070b8419b8) 
thrown [s\open\src\hotspot\share\interpreter\linkResolver.cpp, line 759]
Event: 2.476 Thread 0x000001a512321a70 Exception <a 'java/lang/NoSuchMethodError'{0x000000070b845ca0}: 'java.lang.Object java.lang.invoke.DirectMethodHandle$Holder.invokeSpecial(java.lang.Object, java.lang.Object, java.lang.Object, java.lang.Object, int)'> (0x000000070b845ca0) 
thrown [s\open\src\hotspot\share\interpreter\linkResolver.cpp, line 759]
Event: 2.476 Thread 0x000001a512321a70 Exception <a 'java/lang/NoSuchMethodError'{0x000000070b849868}: 'java.lang.Object java.lang.invoke.Invokers$Holder.linkToTargetMethod(java.lang.Object, java.lang.Object, int, java.lang.Object)'> (0x000000070b849868) 
thrown [s\open\src\hotspot\share\interpreter\linkResolver.cpp, line 759]
Event: 2.570 Thread 0x000001a512321a70 Exception <a 'java/lang/NoSuchMethodError'{0x000000070b478d18}: 'java.lang.Object java.lang.invoke.DirectMethodHandle$Holder.invokeStaticInit(java.lang.Object, int, int, int, int)'> (0x000000070b478d18) 
thrown [s\open\src\hotspot\share\interpreter\linkResolver.cpp, line 759]

VM Operations (20 events):
Event: 1.704 Executing VM operation: HandshakeAllThreads
Event: 1.704 Executing VM operation: HandshakeAllThreads done
Event: 1.704 Executing VM operation: HandshakeAllThreads
Event: 1.704 Executing VM operation: HandshakeAllThreads done
Event: 1.795 Executing VM operation: HandshakeAllThreads
Event: 1.795 Executing VM operation: HandshakeAllThreads done
Event: 1.979 Executing VM operation: ICBufferFull
Event: 1.979 Executing VM operation: ICBufferFull done
Event: 2.054 Executing VM operation: HandshakeAllThreads
Event: 2.054 Executing VM operation: HandshakeAllThreads done
Event: 2.057 Executing VM operation: HandshakeAllThreads
Event: 2.057 Executing VM operation: HandshakeAllThreads done
Event: 2.186 Executing VM operation: HandshakeAllThreads
Event: 2.186 Executing VM operation: HandshakeAllThreads done
Event: 2.241 Executing VM operation: HandshakeAllThreads
Event: 2.241 Executing VM operation: HandshakeAllThreads done
Event: 2.244 Executing VM operation: ICBufferFull
Event: 2.244 Executing VM operation: ICBufferFull done
Event: 2.565 Executing VM operation: HandshakeAllThreads
Event: 2.565 Executing VM operation: HandshakeAllThreads done

Events (20 events):
Event: 2.579 loading class java/lang/constant/MethodTypeDesc done
Event: 2.579 loading class java/lang/constant/MethodTypeDescImpl
Event: 2.580 loading class java/lang/constant/MethodTypeDescImpl done
Event: 2.580 loading class java/lang/constant/MethodHandleDesc
Event: 2.580 loading class java/lang/constant/MethodHandleDesc done
Event: 2.580 loading class java/lang/constant/MethodHandleDesc$1
Event: 2.580 loading class java/lang/constant/MethodHandleDesc$1 done
Event: 2.580 loading class java/lang/constant/DirectMethodHandleDescImpl
Event: 2.580 loading class java/lang/constant/DirectMethodHandleDesc
Event: 2.580 loading class java/lang/constant/DirectMethodHandleDesc done
Event: 2.580 loading class java/lang/constant/DirectMethodHandleDescImpl done
Event: 2.580 loading class java/lang/constant/DirectMethodHandleDescImpl$1
Event: 2.580 loading class java/lang/constant/DirectMethodHandleDescImpl$1 done
Event: 2.580 loading class java/lang/constant/DirectMethodHandleDesc$1
Event: 2.580 loading class java/lang/constant/DirectMethodHandleDesc$1 done
Event: 2.580 loading class java/lang/constant/PrimitiveClassDescImpl
Event: 2.581 loading class java/lang/constant/PrimitiveClassDescImpl done
Event: 2.581 loading class java/lang/constant/DynamicConstantDesc$AnonymousDynamicConstantDesc
Event: 2.581 loading class java/lang/constant/DynamicConstantDesc$AnonymousDynamicConstantDesc done
Event: 2.582 Thread 0x000001a514bd55b0 Thread added: 0x000001a514bd55b0


Dynamic libraries:
0x00007ff65bba0000 - 0x00007ff65bbb0000 	C:\Program Files\Java\jdk-17.0.11\bin\java.exe
0x00007ffeac650000 - 0x00007ffeac867000 	C:\WINDOWS\SYSTEM32\ntdll.dll
0x00007ffeabee0000 - 0x00007ffeabfa4000 	C:\WINDOWS\System32\KERNEL32.DLL
0x00007ffea9e50000 - 0x00007ffeaa20a000 	C:\WINDOWS\System32\KERNELBASE.dll
0x00007ffea9d30000 - 0x00007ffea9e41000 	C:\WINDOWS\System32\ucrtbase.dll
0x00007ffe9c590000 - 0x00007ffe9c5a9000 	C:\Program Files\Java\jdk-17.0.11\bin\jli.dll
0x00007ffeabe20000 - 0x00007ffeabed2000 	C:\WINDOWS\System32\ADVAPI32.dll
0x00007ffeac0b0000 - 0x00007ffeac157000 	C:\WINDOWS\System32\msvcrt.dll
0x00007ffe99690000 - 0x00007ffe996ab000 	C:\Program Files\Java\jdk-17.0.11\bin\VCRUNTIME140.dll
0x00007ffeac390000 - 0x00007ffeac437000 	C:\WINDOWS\System32\sechost.dll
0x00007ffea9950000 - 0x00007ffea9978000 	C:\WINDOWS\System32\bcrypt.dll
0x00007ffeab250000 - 0x00007ffeab364000 	C:\WINDOWS\System32\RPCRT4.dll
0x00007ffeac1e0000 - 0x00007ffeac38e000 	C:\WINDOWS\System32\USER32.dll
0x00007ffea9920000 - 0x00007ffea9946000 	C:\WINDOWS\System32\win32u.dll
0x00007ffeab220000 - 0x00007ffeab249000 	C:\WINDOWS\System32\GDI32.dll
0x00007ffea9a00000 - 0x00007ffea9b1b000 	C:\WINDOWS\System32\gdi32full.dll
0x00007ffe8d950000 - 0x00007ffe8dbe2000 	C:\WINDOWS\WinSxS\amd64_microsoft.windows.common-controls_6595b64144ccf1df_6.0.22621.4541_none_2710d1c57384c085\COMCTL32.dll
0x00007ffea9c90000 - 0x00007ffea9d2a000 	C:\WINDOWS\System32\msvcp_win.dll
0x00007ffe9ee40000 - 0x00007ffe9ee4a000 	C:\WINDOWS\SYSTEM32\VERSION.dll
0x00007ffeab560000 - 0x00007ffeab591000 	C:\WINDOWS\System32\IMM32.DLL
0x00007ffe99660000 - 0x00007ffe9966c000 	C:\Program Files\Java\jdk-17.0.11\bin\vcruntime140_1.dll
0x00007ffe86dc0000 - 0x00007ffe86e4e000 	C:\Program Files\Java\jdk-17.0.11\bin\msvcp140.dll
0x00007ffe5f900000 - 0x00007ffe604e0000 	C:\Program Files\Java\jdk-17.0.11\bin\server\jvm.dll
0x00007ffeaa740000 - 0x00007ffeaa748000 	C:\WINDOWS\System32\PSAPI.DLL
0x00007ffe9f230000 - 0x00007ffe9f264000 	C:\WINDOWS\SYSTEM32\WINMM.dll
0x00007ffea20e0000 - 0x00007ffea20e9000 	C:\WINDOWS\SYSTEM32\WSOCK32.dll
0x00007ffeaa870000 - 0x00007ffeaa8e1000 	C:\WINDOWS\System32\WS2_32.dll
0x00007ffea8a50000 - 0x00007ffea8a68000 	C:\WINDOWS\SYSTEM32\kernel.appcore.dll
0x00007ffe938d0000 - 0x00007ffe938da000 	C:\Program Files\Java\jdk-17.0.11\bin\jimage.dll
0x00007ffea7230000 - 0x00007ffea7462000 	C:\WINDOWS\SYSTEM32\DBGHELP.DLL
0x00007ffeab5a0000 - 0x00007ffeab92f000 	C:\WINDOWS\System32\combase.dll
0x00007ffeaa660000 - 0x00007ffeaa737000 	C:\WINDOWS\System32\OLEAUT32.dll
0x00007ffe9e840000 - 0x00007ffe9e872000 	C:\WINDOWS\SYSTEM32\dbgcore.DLL
0x00007ffeaa210000 - 0x00007ffeaa28b000 	C:\WINDOWS\System32\bcryptPrimitives.dll
0x00007ffe87b10000 - 0x00007ffe87b35000 	C:\Program Files\Java\jdk-17.0.11\bin\java.dll
0x00007ffe756d0000 - 0x00007ffe757a7000 	C:\Program Files\Java\jdk-17.0.11\bin\jsvml.dll
0x00007ffeaa940000 - 0x00007ffeab1b8000 	C:\WINDOWS\System32\SHELL32.dll
0x00007ffea7870000 - 0x00007ffea8178000 	C:\WINDOWS\SYSTEM32\windows.storage.dll
0x00007ffea7730000 - 0x00007ffea786f000 	C:\WINDOWS\SYSTEM32\wintypes.dll
0x00007ffeabfb0000 - 0x00007ffeac0aa000 	C:\WINDOWS\System32\SHCORE.dll
0x00007ffeab1c0000 - 0x00007ffeab21e000 	C:\WINDOWS\System32\shlwapi.dll
0x00007ffea9850000 - 0x00007ffea987b000 	C:\WINDOWS\SYSTEM32\profapi.dll
0x00007ffe88760000 - 0x00007ffe88779000 	C:\Program Files\Java\jdk-17.0.11\bin\net.dll
0x00007ffea1010000 - 0x00007ffea1146000 	C:\WINDOWS\SYSTEM32\WINHTTP.dll
0x00007ffea8ed0000 - 0x00007ffea8f39000 	C:\WINDOWS\system32\mswsock.dll
0x00007ffe886d0000 - 0x00007ffe886e6000 	C:\Program Files\Java\jdk-17.0.11\bin\nio.dll
0x00007ffe837d0000 - 0x00007ffe837e8000 	C:\Program Files\Java\jdk-17.0.11\bin\zip.dll
0x00007ffe8d040000 - 0x00007ffe8d04a000 	C:\Program Files\Java\jdk-17.0.11\bin\management.dll
0x00007ffe8cce0000 - 0x00007ffe8cceb000 	C:\Program Files\Java\jdk-17.0.11\bin\management_ext.dll
0x00007ffe8cac0000 - 0x00007ffe8cad0000 	C:\Program Files\Java\jdk-17.0.11\bin\verify.dll
0x00007ffe8c4f0000 - 0x00007ffe8c4fe000 	C:\Program Files\Java\jdk-17.0.11\bin\sunmscapi.dll
0x00007ffea9b20000 - 0x00007ffea9c86000 	C:\WINDOWS\System32\CRYPT32.dll
0x00007ffea92e0000 - 0x00007ffea930d000 	C:\WINDOWS\SYSTEM32\ncrypt.dll
0x00007ffea92a0000 - 0x00007ffea92d7000 	C:\WINDOWS\SYSTEM32\NTASN1.dll
0x00007ffea9120000 - 0x00007ffea913b000 	C:\WINDOWS\SYSTEM32\CRYPTSP.dll
0x00007ffea89b0000 - 0x00007ffea89e5000 	C:\WINDOWS\system32\rsaenh.dll
0x00007ffea8fc0000 - 0x00007ffea8fe8000 	C:\WINDOWS\SYSTEM32\USERENV.dll
0x00007ffea9140000 - 0x00007ffea914c000 	C:\WINDOWS\SYSTEM32\CRYPTBASE.dll
0x00007ffea8450000 - 0x00007ffea847d000 	C:\WINDOWS\SYSTEM32\IPHLPAPI.DLL
0x00007ffeabe10000 - 0x00007ffeabe19000 	C:\WINDOWS\System32\NSI.dll
0x00007ffea0a80000 - 0x00007ffea0a99000 	C:\WINDOWS\SYSTEM32\dhcpcsvc6.DLL
0x00007ffea0a40000 - 0x00007ffea0a5f000 	C:\WINDOWS\SYSTEM32\dhcpcsvc.DLL
0x00007ffea84c0000 - 0x00007ffea85c2000 	C:\WINDOWS\SYSTEM32\DNSAPI.dll

dbghelp: loaded successfully - version: 4.0.5 - missing functions: none
symbol engine: initialized successfully - sym options: 0x614 - pdb path: .;C:\Program Files\Java\jdk-17.0.11\bin;C:\WINDOWS\SYSTEM32;C:\WINDOWS\WinSxS\amd64_microsoft.windows.common-controls_6595b64144ccf1df_6.0.22621.4541_none_2710d1c57384c085;C:\Program Files\Java\jdk-17.0.11\bin\server

VM Arguments:
jvm_args: -XX:+ShowCodeDetailsInExceptionMessages 
java_command: zgoo.cpos.CposApplication
java_class_path (initial): D:\work\DA\server\project\zgooCpos\build\resources\main;D:\work\DA\server\project\zgooCpos\build\classes\java\main;C:\Users\N-424\.gradle\caches\modules-2\files-2.1\com.fasterxml.jackson.core\jackson-core\2.17.2\969a35cb35c86512acbadcdbbbfb044c877db814\jackson-core-2.17.2.jar;C:\Users\N-424\.gradle\caches\modules-2\files-2.1\jakarta.transaction\jakarta.transaction-api\2.0.1\51a520e3fae406abb84e2e1148e6746ce3f80a1a\jakarta.transaction-api-2.0.1.jar;C:\Users\N-424\.gradle\caches\modules-2\files-2.1\com.github.gavlyukovskiy\p6spy-spring-boot-starter\1.9.0\b51740224ed4f0cdca7ba93fe9167e7b97064f41\p6spy-spring-boot-starter-1.9.0.jar;C:\Users\N-424\.gradle\caches\modules-2\files-2.1\io.github.classgraph\classgraph\4.8.146\360448a09bfa5689d89cfa97fea53b3fdefa9c23\classgraph-4.8.146.jar;C:\Users\N-424\.gradle\caches\modules-2\files-2.1\org.thymeleaf.extras\thymeleaf-extras-springsecurity6\3.1.2.RELEASE\574c188eb147191e2f162419e9fc780fcf3256d7\thymeleaf-extras-springsecurity6-3.1.2.RELEASE.jar;C:\Users\N-424\.gradle\caches\modules-2\files-2.1\org.springframework.security\spring-security-core\6.3.3\2bf159e3db212d61408a2f728d6d7252dfaf4710\spring-security-core-6.3.3.jar;C:\Users\N-424\.gradle\caches\modules-2\files-2.1\org.springframework.data\spring-data-commons\3.3.4\f0f6bca5b0cd7d318666e2d3f02726c615334678\spring-data-commons-3.3.4.jar;C:\Users\N-424\.gradle\caches\modules-2\files-2.1\jakarta.validation\jakarta.validation-api\3.0.2\92b6631659ba35ca09e44874d3eb936edfeee532\jakarta.validation-api-3.0.2.jar;C:\Users\N-424\.gradle\caches\modules-2\files-2.1\org.slf4j\jul-to-slf4j\2.0.16\6d57da3e961daac65bcca0dd3def6cd11e48a24a\jul-to-slf4j-2.0.16.jar;C:\Users\N-424\.gradle\caches\modules-2\files-2.1\io.micrometer\micrometer-observation\1.13.4\2673c9b181ab2512002b23b7ad0f1dd02212696c\micrometer-observation-1.13.4.jar;C:\Users\N-424\.gradle\caches\modules-2\files-2.1\nz.net.ultraq.groovy\groovy-extensions\2.1.0\c869dc033867e8861957ff3ff4e1ce0a00260e3a
Launcher Type: SUN_STANDARD

[Global flags]
     intx CICompilerCount                          = 12                                        {product} {ergonomic}
     uint ConcGCThreads                            = 3                                         {product} {ergonomic}
     uint G1ConcRefinementThreads                  = 13                                        {product} {ergonomic}
   size_t G1HeapRegionSize                         = 2097152                                   {product} {ergonomic}
    uintx GCDrainStackTargetSize                   = 64                                        {product} {ergonomic}
   size_t InitialHeapSize                          = 264241152                                 {product} {ergonomic}
   size_t MarkStackSize                            = 4194304                                   {product} {ergonomic}
   size_t MaxHeapSize                              = 4221566976                                {product} {ergonomic}
   size_t MaxNewSize                               = 2531262464                                {product} {ergonomic}
   size_t MinHeapDeltaBytes                        = 2097152                                   {product} {ergonomic}
   size_t MinHeapSize                              = 8388608                                   {product} {ergonomic}
    uintx NonNMethodCodeHeapSize                   = 7602480                                {pd product} {ergonomic}
    uintx NonProfiledCodeHeapSize                  = 122027880                              {pd product} {ergonomic}
    uintx ProfiledCodeHeapSize                     = 122027880                              {pd product} {ergonomic}
    uintx ReservedCodeCacheSize                    = 251658240                              {pd product} {ergonomic}
     bool SegmentedCodeCache                       = true                                      {product} {ergonomic}
     bool ShowCodeDetailsInExceptionMessages       = true                                   {manageable} {command line}
   size_t SoftMaxHeapSize                          = 4221566976                             {manageable} {ergonomic}
     bool UseCompressedClassPointers               = true                           {product lp64_product} {ergonomic}
     bool UseCompressedOops                        = true                           {product lp64_product} {ergonomic}
     bool UseG1GC                                  = true                                      {product} {ergonomic}
     bool UseLargePagesIndividualAllocation        = false                                  {pd product} {ergonomic}

Logging:
Log output configuration:
 #0: stdout all=warning uptime,level,tags
 #1: stderr all=off uptime,level,tags

Environment Variables:
JAVA_HOME=C:\Users\N-424\.jdks\corretto-17.0.11
PATH=C:\Users\N-424\AppData\Roaming\Code\User\globalStorage\pleiades.java-extension-pack-jdk\gradle\latest\bin;C:\Users\N-424\AppData\Roaming\Code\User\globalStorage\pleiades.java-extension-pack-jdk\maven\latest\bin;C:\Users\N-424\.jdks\corretto-17.0.11\bin;C:\Program Files (x86)\VMware\VMware Player\bin\;C:\Program Files (x86)\Common Files\Oracle\Java\java8path;C:\Program Files (x86)\Common Files\Oracle\Java\javapath;C:\Windows\system32;C:\Windows;C:\Windows\System32\Wbem;C:\Windows\System32\WindowsPowerShell\v1.0\;C:\Windows\System32\OpenSSH\;C:\Program Files (x86)\NVIDIA Corporation\PhysX\Common;C:\Program Files\Bandizip\;C:\Program Files\Java\jdk-1.8\bin;C:\Program Files (x86)\Windows Kits\10\Windows Performance Toolkit\;C:\flutter\bin;C:\WINDOWS\system32;C:\WINDOWS;C:\WINDOWS\System32\Wbem;C:\WINDOWS\System32\WindowsPowerShell\v1.0\;C:\WINDOWS\System32\OpenSSH\;C:\ProgramData\chocolatey\bin;C:\ProgramData\chocolatey\lib\maven\apache-maven-3.9.7\bin;C:\Program Files\Java\scripts;C:\Program Files\Git\cmd;C:\Program Files\PuTTY\;C:\Users\N-424\AppData\Local\Programs\Python\Python312\Scripts\;C:\Users\N-424\AppData\Local\Programs\Python\Python312\;C:\Users\N-424\AppData\Local\Microsoft\WindowsApps;D:\Microsoft VS Code\Microsoft VS Code\bin;;C:\Program Files\JetBrains\IntelliJ IDEA Community Edition 2024.1.3\bin;
USERNAME=N-424
LANG=en_US.UTF-8
OS=Windows_NT
PROCESSOR_IDENTIFIER=Intel64 Family 6 Model 154 Stepping 3, GenuineIntel



---------------  S Y S T E M  ---------------

OS:
 Windows 11 , 64 bit Build 22621 (10.0.22621.4391)
OS uptime: 5 days 4:45 hours

CPU: total 16 (initial active 16) (8 cores per cpu, 2 threads per core) family 6 model 154 stepping 3 microcode 0x421, cx8, cmov, fxsr, ht, mmx, 3dnowpref, sse, sse2, sse3, ssse3, sse4.1, sse4.2, popcnt, lzcnt, tsc, tscinvbit, avx, avx2, aes, erms, clmul, bmi1, bmi2, adx, sha, fma, vzeroupper, clflush, clflushopt, clwb

Memory: 4k page, system-wide physical 16098M (3189M free)
TotalPageFile size 18146M (AvailPageFile size 0M)
current process WorkingSet (physical memory assigned to process): 305M, peak: 305M
current process commit charge ("private bytes"): 423M, peak: 424M

vm_info: Java HotSpot(TM) 64-Bit Server VM (17.0.11+7-LTS-207) for windows-amd64 JRE (17.0.11+7-LTS-207), built on Mar 11 2024 19:01:50 by "mach5one" with MS VC++ 17.6 (VS2022)

END.
